#
# A fatal error has been detected by the Java Runtime Environment:
#
#  SIGSEGV (0xb) at pc=0x000000001001c2bd, pid=40493, tid=0x0000000000013107
#
# JRE version: Java(TM) SE Runtime Environment (8.0_152-b16) (build 1.8.0_152-b16)
# Java VM: Java HotSpot(TM) 64-Bit Server VM (25.152-b16 mixed mode bsd-amd64 compressed oops)
# Problematic frame:
# C  0x000000001001c2bd
#
# Failed to write core dump. Core dumps have been disabled. To enable core dumping, try "ulimit -c unlimited" before starting Java again
#
# If you would like to submit a bug report, please visit:
#   http://bugreport.java.com/bugreport/crash.jsp
#

---------------  T H R E A D  ---------------

Current thread (0x00007f946b989000):  JavaThread "Thread-11" daemon [_thread_in_Java, id=78087, stack(0x00007000099a2000,0x0000700009aa2000)]

siginfo: si_signo: 11 (SIGSEGV), si_code: 1 (SEGV_MAPERR), si_addr: 0x000000001001c2bd

Registers:
RAX=0x0000700009aa13d0, RBX=0x0000700009aa1401, RCX=0x0000000000000001, RDX=0x0000000000000000
RSP=0x0000700009aa1401, RBP=0x0000700009aa14e0, RSI=0x0000700009aa1440, RDI=0x00000007432c3b00
R8 =0x0000000000000000, R9 =0x00000007432c3b38, R10=0x00000001025071d0, R11=0x0000000110679040
R12=0x0000000000000000, R13=0x000000001001c2bd, R14=0x0000700009aa1498, R15=0x00007f946b989000
RIP=0x000000001001c2bd, EFLAGS=0x0000000000010246, ERR=0x0000000000000014
  TRAPNO=0x000000000000000e

Top of Stack: (sp=0x0000700009aa1401)
0x0000700009aa1401:   f000000000000000 000000000108077a
0x0000700009aa1411:   3800000000000000 800000700009aa14
0x0000700009aa1421:   bd0000700009aa14 00000000011001c2
0x0000700009aa1431:   0800000000000000 4000000007432c39
0x0000700009aa1441:   860000700009aa14 980000000108076b
0x0000700009aa1451:   180000700009aa14 0000000001080786
0x0000700009aa1461:   9800000000000000 000000000108076b
0x0000700009aa1471:   0100000000000000 e00000700009aa14
0x0000700009aa1481:   bd0000700009aa14 f0000000001001c2
0x0000700009aa1491:   08000000079c32ce a000000007432c39
0x0000700009aa14a1:   ff0000700009aa14 30000000010803cc
0x0000700009aa14b1:   280000700009aa15 00000000010803ff
0x0000700009aa14c1:   5800000000000000 90000000010803cd
0x0000700009aa14d1:   280000700009aa14 780000700009aa15
0x0000700009aa14e1:   bd0000700009aa15 08000000011001c2
0x0000700009aa14f1:   0000000007432c39 0100000000000000
0x0000700009aa1501:   3800000000000000 38000000079c32cf
0x0000700009aa1511:   60000000079c32cf 0000000007432c38
0x0000700009aa1521:   f000000000000000 d0000000079c32ce
0x0000700009aa1531:   3800000007432a2c 0e0000700009aa15
0x0000700009aa1541:   a8000000010803ce 280000700009aa15
0x0000700009aa1551:   00000000010803ff 2000000000000000
0x0000700009aa1561:   28000000010803ce a00000700009aa15
0x0000700009aa1571:   f00000700009aa15 bd0000700009aa15
0x0000700009aa1581:   00000000011001c2 0000000000000000
0x0000700009aa1591:   e000000000000000 f000000007432d3e
0x0000700009aa15a1:   d0000000079c32ce b000000007432a2c
0x0000700009aa15b1:   bd0000700009aa15 18000000010803ce
0x0000700009aa15c1:   280000700009aa16 00000000010803ff
0x0000700009aa15d1:   d000000000000000 a0000000010803ce
0x0000700009aa15e1:   080000700009aa15 600000700009aa16
0x0000700009aa15f1:   bd0000700009aa16 f0000000011001c2 

Instructions: (pc=0x000000001001c2bd)
0x000000001001c29d:   
[error occurred during error reporting (printing registers, top of stack, instructions near pc), id 0xb]

Register to memory mapping:

RAX=0x0000700009aa13d0 is pointing into the stack for thread: 0x00007f946b989000
RBX=0x0000700009aa1401 is pointing into the stack for thread: 0x00007f946b989000
RCX=0x0000000000000001 is an unknown value
RDX=0x0000000000000000 is an unknown value
RSP=0x0000700009aa1401 is pointing into the stack for thread: 0x00007f946b989000
RBP=0x0000700009aa14e0 is pointing into the stack for thread: 0x00007f946b989000
RSI=0x0000700009aa1440 is pointing into the stack for thread: 0x00007f946b989000
RDI=0x00000007432c3b00 is an oop
java.io.BufferedOutputStream 
 - klass: 'java/io/BufferedOutputStream'
R8 =0x0000000000000000 is an unknown value
R9 =0x00000007432c3b38 is an oop
java.io.FileDescriptor 
 - klass: 'java/io/FileDescriptor'
R10=0x00000001025071d0: _ZN19TemplateInterpreter13_active_tableE+0x4800 in /Library/Java/JavaVirtualMachines/jdk1.8.0_152.jdk/Contents/Home/jre/lib/server/libjvm.dylib at 0x0000000101c00000
R11=0x0000000110679040 is at entry_point+32 in (nmethod*)0x0000000110678e90
R12=0x0000000000000000 is an unknown value
R13=0x000000001001c2bd is an unknown value
R14=0x0000700009aa1498 is pointing into the stack for thread: 0x00007f946b989000
R15=0x00007f946b989000 is a thread


Stack: [0x00007000099a2000,0x0000700009aa2000],  sp=0x0000700009aa1401,  free space=1021k
Native frames: (J=compiled Java code, j=interpreted, Vv=VM code, C=native code)
C  0x000000001001c2bd
j  java.util.logging.Logger.doLog(Ljava/util/logging/LogRecord;)V+46
j  java.util.logging.Logger.log(Ljava/util/logging/Level;Ljava/lang/String;)V+21
j  java.util.logging.Logger.info(Ljava/lang/String;)V+5
j  controller.util.liveviewparser.LiveDataParser$2.call()Ljava/lang/Integer;+72
j  controller.util.liveviewparser.LiveDataParser$2.call()Ljava/lang/Object;+1
j  javafx.concurrent.Task$TaskCallable.call()Ljava/lang/Object;+26
j  java.util.concurrent.FutureTask.run()V+42
j  java.util.concurrent.ThreadPoolExecutor.runWorker(Ljava/util/concurrent/ThreadPoolExecutor$Worker;)V+95
j  java.util.concurrent.ThreadPoolExecutor$Worker.run()V+5
j  java.lang.Thread.run()V+11
v  ~StubRoutines::call_stub
V  [libjvm.dylib+0x2ef7b2]
V  [libjvm.dylib+0x2eff56]
V  [libjvm.dylib+0x2f0102]
V  [libjvm.dylib+0x34a8c5]
V  [libjvm.dylib+0x56e327]
V  [libjvm.dylib+0x56fa14]
V  [libjvm.dylib+0x48d542]
C  [libsystem_pthread.dylib+0x393b]  _pthread_body+0xb4
C  [libsystem_pthread.dylib+0x3887]  _pthread_body+0x0
C  [libsystem_pthread.dylib+0x308d]  thread_start+0xd
C  0x0000000000000000


---------------  P R O C E S S  ---------------

Java Threads: ( => current thread )
  0x00007f946c874800 JavaThread "Thread-12" daemon [_thread_in_native, id=65059, stack(0x0000700009aa5000,0x0000700009ba5000)]
=>0x00007f946b989000 JavaThread "Thread-11" daemon [_thread_in_Java, id=78087, stack(0x00007000099a2000,0x0000700009aa2000)]
  0x00007f9465eb7800 JavaThread "BluecoveAsynchronousShutdownThread" daemon [_thread_blocked, id=67831, stack(0x000070000989f000,0x000070000999f000)]
  0x00007f9465afa000 JavaThread "Prism Font Disposer" daemon [_thread_blocked, id=55875, stack(0x0000700009593000,0x0000700009693000)]
  0x00007f946592f000 JavaThread "JavaFX-Launcher" [_thread_blocked, id=54019, stack(0x0000700009490000,0x0000700009590000)]
  0x00007f94658ff800 JavaThread "Thread-3" daemon [_thread_in_native, id=37379, stack(0x0000700009307000,0x0000700009387000)]
  0x00007f94658fc000 JavaThread "JavaFX Application Thread" [_thread_blocked, id=775, stack(0x00007fff5e126000,0x00007fff5e926000)]
  0x00007f94658f0800 JavaThread "Thread-1" daemon [_thread_blocked, id=25607, stack(0x0000700009204000,0x0000700009304000)]
  0x00007f94658ce000 JavaThread "QuantumRenderer-0" daemon [_thread_in_native, id=19971, stack(0x0000700009101000,0x0000700009201000)]
  0x00007f9465888000 JavaThread "Service Thread" daemon [_thread_blocked, id=18947, stack(0x0000700008efb000,0x0000700008ffb000)]
  0x00007f9467064800 JavaThread "C1 CompilerThread2" daemon [_thread_blocked, id=18435, stack(0x0000700008df8000,0x0000700008ef8000)]
  0x00007f9467091000 JavaThread "C2 CompilerThread1" daemon [_thread_blocked, id=17923, stack(0x0000700008cf5000,0x0000700008df5000)]
  0x00007f94668c1000 JavaThread "C2 CompilerThread0" daemon [_thread_blocked, id=17411, stack(0x0000700008bf2000,0x0000700008cf2000)]
  0x00007f94668bf800 JavaThread "Monitor Ctrl-Break" daemon [_thread_in_native, id=16899, stack(0x0000700008aef000,0x0000700008bef000)]
  0x00007f9466823000 JavaThread "Signal Dispatcher" daemon [_thread_blocked, id=16387, stack(0x00007000089ec000,0x0000700008aec000)]
  0x00007f946600c000 JavaThread "Finalizer" daemon [_thread_blocked, id=12547, stack(0x00007000088e9000,0x00007000089e9000)]
  0x00007f946580a000 JavaThread "Reference Handler" daemon [_thread_blocked, id=12035, stack(0x00007000087e6000,0x00007000088e6000)]
  0x00007f9466001800 JavaThread "main" [_thread_blocked, id=7171, stack(0x00007000081d4000,0x00007000082d4000)]

Other Threads:
  0x00007f9465807800 VMThread [stack: 0x00007000086e3000,0x00007000087e3000] [id=11523]
  0x00007f946580d800 WatcherThread [stack: 0x0000700008ffe000,0x00007000090fe000] [id=19459]

VM state:not at safepoint (normal execution)

VM Mutex/Monitor currently owned by a thread: None

Heap:
 PSYoungGen      total 268800K, used 135408K [0x0000000795580000, 0x00000007a8280000, 0x00000007c0000000)
  eden space 229376K, 53% used [0x0000000795580000,0x000000079ccddd00,0x00000007a3580000)
  from space 39424K, 33% used [0x00000007a5c00000,0x00000007a68de4e8,0x00000007a8280000)
  to   space 39424K, 0% used [0x00000007a3580000,0x00000007a3580000,0x00000007a5c00000)
 ParOldGen       total 225280K, used 103046K [0x0000000740000000, 0x000000074dc00000, 0x0000000795580000)
  object space 225280K, 45% used [0x0000000740000000,0x00000007464a1ac8,0x000000074dc00000)
 Metaspace       used 23318K, capacity 24896K, committed 25088K, reserved 1071104K
  class space    used 3293K, capacity 3571K, committed 3584K, reserved 1048576K

Card table byte_map: [0x0000000102f75000,0x0000000103376000] byte_map_base: 0x00000000ff575000

Marking Bits: (ParMarkBitMap*) 0x00000001024f66c0
 Begin Bits: [0x0000000103621000, 0x0000000105621000)
 End Bits:   [0x0000000105621000, 0x0000000107621000)

Polling page: 0x000000010139b000

CodeCache: size=245760Kb used=12997Kb max_used=13015Kb free=232762Kb
 bounds [0x0000000110014000, 0x0000000110cf4000, 0x000000011f014000]
 total_blobs=4695 nmethods=3994 adapters=613
 compilation: enabled

Compilation events (10 events):
Event: 46.731 Thread 0x00007f9467064800 4492       3       com.sun.javafx.collections.SourceAdapterChange::reset (8 bytes)
Event: 46.731 Thread 0x00007f9467064800 nmethod 4492 0x0000000110a4ef10 code [0x0000000110a4f080, 0x0000000110a4f2a8]
Event: 46.732 Thread 0x00007f9467064800 4494       1       java.util.Formatter$FixedString::index (3 bytes)
Event: 46.732 Thread 0x00007f9467064800 nmethod 4494 0x0000000110789010 code [0x0000000110789160, 0x0000000110789270]
Event: 46.733 Thread 0x00007f9467064800 4495       1       com.sun.javafx.scene.control.skin.ScrollPaneSkin::access$100 (5 bytes)
Event: 46.733 Thread 0x00007f9467064800 nmethod 4495 0x0000000110807790 code [0x00000001108078e0, 0x00000001108079d0]
Event: 46.736 Thread 0x00007f9467091000 nmethod 4490 0x0000000110795b10 code [0x0000000110795ca0, 0x0000000110796108]
Event: 46.736 Thread 0x00007f9467064800 4496       3       javafx.scene.Node$MiscProperties$1::computeBounds (60 bytes)
Event: 46.737 Thread 0x00007f9467064800 nmethod 4496 0x000000011093e350 code [0x000000011093e560, 0x000000011093efc8]
Event: 46.742 Thread 0x00007f9467064800 4497       3       java.util.regex.Pattern$LastNode::match (45 bytes)

GC Heap History (10 events):
Event: 44.083 GC heap before
{Heap before GC invocations=12 (full 2):
 PSYoungGen      total 177664K, used 137229K [0x0000000795580000, 0x00000007a4b00000, 0x00000007c0000000)
  eden space 128000K, 100% used [0x0000000795580000,0x000000079d280000,0x000000079d280000)
  from space 49664K, 18% used [0x000000079d280000,0x000000079db83628,0x00000007a0300000)
  to   space 48128K, 0% used [0x00000007a1c00000,0x00000007a1c00000,0x00000007a4b00000)
 ParOldGen       total 225280K, used 103030K [0x0000000740000000, 0x000000074dc00000, 0x0000000795580000)
  object space 225280K, 45% used [0x0000000740000000,0x000000074649dac8,0x000000074dc00000)
 Metaspace       used 23309K, capacity 24896K, committed 25088K, reserved 1071104K
  class space    used 3293K, capacity 3571K, committed 3584K, reserved 1048576K
Event: 44.100 GC heap after
Heap after GC invocations=12 (full 2):
 PSYoungGen      total 202240K, used 9310K [0x0000000795580000, 0x00000007a4900000, 0x00000007c0000000)
  eden space 156160K, 0% used [0x0000000795580000,0x0000000795580000,0x000000079ee00000)
  from space 46080K, 20% used [0x00000007a1c00000,0x00000007a2517ba8,0x00000007a4900000)
  to   space 46592K, 0% used [0x000000079ee00000,0x000000079ee00000,0x00000007a1b80000)
 ParOldGen       total 225280K, used 103038K [0x0000000740000000, 0x000000074dc00000, 0x0000000795580000)
  object space 225280K, 45% used [0x0000000740000000,0x000000074649fac8,0x000000074dc00000)
 Metaspace       used 23309K, capacity 24896K, committed 25088K, reserved 1071104K
  class space    used 3293K, capacity 3571K, committed 3584K, reserved 1048576K
}
Event: 44.690 GC heap before
{Heap before GC invocations=13 (full 2):
 PSYoungGen      total 202240K, used 165470K [0x0000000795580000, 0x00000007a4900000, 0x00000007c0000000)
  eden space 156160K, 100% used [0x0000000795580000,0x000000079ee00000,0x000000079ee00000)
  from space 46080K, 20% used [0x00000007a1c00000,0x00000007a2517ba8,0x00000007a4900000)
  to   space 46592K, 0% used [0x000000079ee00000,0x000000079ee00000,0x00000007a1b80000)
 ParOldGen       total 225280K, used 103038K [0x0000000740000000, 0x000000074dc00000, 0x0000000795580000)
  object space 225280K, 45% used [0x0000000740000000,0x000000074649fac8,0x000000074dc00000)
 Metaspace       used 23309K, capacity 24896K, committed 25088K, reserved 1071104K
  class space    used 3293K, capacity 3571K, committed 3584K, reserved 1048576K
Event: 44.700 GC heap after
Heap after GC invocations=13 (full 2):
 PSYoungGen      total 202752K, used 9469K [0x0000000795580000, 0x00000007a6680000, 0x00000007c0000000)
  eden space 156160K, 0% used [0x0000000795580000,0x0000000795580000,0x000000079ee00000)
  from space 46592K, 20% used [0x000000079ee00000,0x000000079f73f680,0x00000007a1b80000)
  to   space 45568K, 0% used [0x00000007a3a00000,0x00000007a3a00000,0x00000007a6680000)
 ParOldGen       total 225280K, used 103046K [0x0000000740000000, 0x000000074dc00000, 0x0000000795580000)
  object space 225280K, 45% used [0x0000000740000000,0x00000007464a1ac8,0x000000074dc00000)
 Metaspace       used 23309K, capacity 24896K, committed 25088K, reserved 1071104K
  class space    used 3293K, capacity 3571K, committed 3584K, reserved 1048576K
}
Event: 45.191 GC heap before
{Heap before GC invocations=14 (full 2):
 PSYoungGen      total 202752K, used 165629K [0x0000000795580000, 0x00000007a6680000, 0x00000007c0000000)
  eden space 156160K, 100% used [0x0000000795580000,0x000000079ee00000,0x000000079ee00000)
  from space 46592K, 20% used [0x000000079ee00000,0x000000079f73f680,0x00000007a1b80000)
  to   space 45568K, 0% used [0x00000007a3a00000,0x00000007a3a00000,0x00000007a6680000)
 ParOldGen       total 225280K, used 103046K [0x0000000740000000, 0x000000074dc00000, 0x0000000795580000)
  object space 225280K, 45% used [0x0000000740000000,0x00000007464a1ac8,0x000000074dc00000)
 Metaspace       used 23309K, capacity 24896K, committed 25088K, reserved 1071104K
  class space    used 3293K, capacity 3571K, committed 3584K, reserved 1048576K
Event: 45.205 GC heap after
Heap after GC invocations=14 (full 2):
 PSYoungGen      total 230912K, used 13023K [0x0000000795580000, 0x00000007a6280000, 0x00000007c0000000)
  eden space 189440K, 0% used [0x0000000795580000,0x0000000795580000,0x00000007a0e80000)
  from space 41472K, 31% used [0x00000007a3a00000,0x00000007a46b7ea0,0x00000007a6280000)
  to   space 43008K, 0% used [0x00000007a0e80000,0x00000007a0e80000,0x00000007a3880000)
 ParOldGen       total 225280K, used 103046K [0x0000000740000000, 0x000000074dc00000, 0x0000000795580000)
  object space 225280K, 45% used [0x0000000740000000,0x00000007464a1ac8,0x000000074dc00000)
 Metaspace       used 23309K, capacity 24896K, committed 25088K, reserved 1071104K
  class space    used 3293K, capacity 3571K, committed 3584K, reserved 1048576K
}
Event: 45.772 GC heap before
{Heap before GC invocations=15 (full 2):
 PSYoungGen      total 230912K, used 202463K [0x0000000795580000, 0x00000007a6280000, 0x00000007c0000000)
  eden space 189440K, 100% used [0x0000000795580000,0x00000007a0e80000,0x00000007a0e80000)
  from space 41472K, 31% used [0x00000007a3a00000,0x00000007a46b7ea0,0x00000007a6280000)
  to   space 43008K, 0% used [0x00000007a0e80000,0x00000007a0e80000,0x00000007a3880000)
 ParOldGen       total 225280K, used 103046K [0x0000000740000000, 0x000000074dc00000, 0x0000000795580000)
  object space 225280K, 45% used [0x0000000740000000,0x00000007464a1ac8,0x000000074dc00000)
 Metaspace       used 23310K, capacity 24896K, committed 25088K, reserved 1071104K
  class space    used 3293K, capacity 3571K, committed 3584K, reserved 1048576K
Event: 45.782 GC heap after
Heap after GC invocations=15 (full 2):
 PSYoungGen      total 232448K, used 13113K [0x0000000795580000, 0x00000007a8400000, 0x00000007c0000000)
  eden space 189440K, 0% used [0x0000000795580000,0x0000000795580000,0x00000007a0e80000)
  from space 43008K, 30% used [0x00000007a0e80000,0x00000007a1b4e758,0x00000007a3880000)
  to   space 40960K, 0% used [0x00000007a5c00000,0x00000007a5c00000,0x00000007a8400000)
 ParOldGen       total 225280K, used 103046K [0x0000000740000000, 0x000000074dc00000, 0x0000000795580000)
  object space 225280K, 45% used [0x0000000740000000,0x00000007464a1ac8,0x000000074dc00000)
 Metaspace       used 23310K, capacity 24896K, committed 25088K, reserved 1071104K
  class space    used 3293K, capacity 3571K, committed 3584K, reserved 1048576K
}
Event: 46.286 GC heap before
{Heap before GC invocations=16 (full 2):
 PSYoungGen      total 232448K, used 202553K [0x0000000795580000, 0x00000007a8400000, 0x00000007c0000000)
  eden space 189440K, 100% used [0x0000000795580000,0x00000007a0e80000,0x00000007a0e80000)
  from space 43008K, 30% used [0x00000007a0e80000,0x00000007a1b4e758,0x00000007a3880000)
  to   space 40960K, 0% used [0x00000007a5c00000,0x00000007a5c00000,0x00000007a8400000)
 ParOldGen       total 225280K, used 103046K [0x0000000740000000, 0x000000074dc00000, 0x0000000795580000)
  object space 225280K, 45% used [0x0000000740000000,0x00000007464a1ac8,0x000000074dc00000)
 Metaspace       used 23310K, capacity 24896K, committed 25088K, reserved 1071104K
  class space    used 3293K, capacity 3571K, committed 3584K, reserved 1048576K
Event: 46.300 GC heap after
Heap after GC invocations=16 (full 2):
 PSYoungGen      total 268800K, used 13177K [0x0000000795580000, 0x00000007a8280000, 0x00000007c0000000)
  eden space 229376K, 0% used [0x0000000795580000,0x0000000795580000,0x00000007a3580000)
  from space 39424K, 33% used [0x00000007a5c00000,0x00000007a68de4e8,0x00000007a8280000)
  to   space 39424K, 0% used [0x00000007a3580000,0x00000007a3580000,0x00000007a5c00000)
 ParOldGen       total 225280K, used 103046K [0x0000000740000000, 0x000000074dc00000, 0x0000000795580000)
  object space 225280K, 45% used [0x0000000740000000,0x00000007464a1ac8,0x000000074dc00000)
 Metaspace       used 23310K, capacity 24896K, committed 25088K, reserved 1071104K
  class space    used 3293K, capacity 3571K, committed 3584K, reserved 1048576K
}

Deoptimization events (10 events):
Event: 25.749 Thread 0x00007f94658fc000 Uncommon trap: reason=class_check action=maybe_recompile pc=0x0000000110253f9c method=javafx.scene.layout.Region.computeChildPrefAreaWidth(Ljavafx/scene/Node;DLjavafx/geometry/Insets;DZ)D @ 63
Event: 25.808 Thread 0x00007f94658fc000 Uncommon trap: reason=class_check action=maybe_recompile pc=0x0000000110c70f94 method=javafx.scene.layout.HBox.getContentBias()Ljavafx/geometry/Orientation; @ 39
Event: 25.808 Thread 0x00007f94658fc000 Uncommon trap: reason=class_check action=maybe_recompile pc=0x0000000110c70f94 method=javafx.scene.layout.HBox.getContentBias()Ljavafx/geometry/Orientation; @ 39
Event: 25.808 Thread 0x00007f94658fc000 Uncommon trap: reason=bimorphic action=maybe_recompile pc=0x000000011014d16c method=javafx.scene.layout.VBox.getContentBias()Ljavafx/geometry/Orientation; @ 44
Event: 25.809 Thread 0x00007f94658fc000 Uncommon trap: reason=null_check action=make_not_entrant pc=0x0000000110861bb0 method=javafx.scene.Node$MiscProperties.getClip()Ljavafx/scene/Node; @ 20
Event: 40.791 Thread 0x00007f94658ce000 Uncommon trap: reason=unstable_if action=reinterpret pc=0x0000000110b3d5a0 method=com.sun.prism.impl.VertexBuffer.ensureCapacityForQuad()V @ 10
Event: 41.137 Thread 0x00007f94658ce000 Uncommon trap: reason=unstable_if action=reinterpret pc=0x0000000110b096ec method=com.sun.prism.impl.VertexBuffer.ensureCapacityForQuad()V @ 10
Event: 46.724 Thread 0x00007f946c874800 Uncommon trap: reason=unstable_if action=reinterpret pc=0x0000000110902838 method=controller.util.liveviewparser.CommandInitialize.receive(C)V @ 21
Event: 46.728 Thread 0x00007f94658fc000 Uncommon trap: reason=bimorphic action=maybe_recompile pc=0x000000011014d16c method=javafx.scene.layout.VBox.getContentBias()Ljavafx/geometry/Orientation; @ 44
Event: 46.737 Thread 0x00007f94658ce000 Uncommon trap: reason=unstable_if action=reinterpret pc=0x00000001101b6474 method=com.sun.scenario.effect.impl.ImagePool.checkOut(Lcom/sun/scenario/effect/impl/Renderer;II)Lcom/sun/scenario/effect/impl/PoolFilterable; @ 201

Classes redefined (0 events):
No events

Internal exceptions (10 events):
Event: 2.623 Thread 0x00007f94658fc000 Exception <a 'java/io/FileNotFoundException'> (0x0000000798f19780) thrown at [/Users/java_re/workspace/8-2-build-macosx-x86_64/jdk8u152/9742/hotspot/src/share/vm/prims/jni.cpp, line 709]
Event: 3.180 Thread 0x00007f94658fc000 Exception <a 'java/io/FileNotFoundException'> (0x0000000795676340) thrown at [/Users/java_re/workspace/8-2-build-macosx-x86_64/jdk8u152/9742/hotspot/src/share/vm/prims/jni.cpp, line 709]
Event: 3.182 Thread 0x00007f94658fc000 Exception <a 'java/io/FileNotFoundException'> (0x0000000795686ec8) thrown at [/Users/java_re/workspace/8-2-build-macosx-x86_64/jdk8u152/9742/hotspot/src/share/vm/prims/jni.cpp, line 709]
Event: 3.184 Thread 0x00007f94658fc000 Exception <a 'java/io/FileNotFoundException'> (0x0000000795698258) thrown at [/Users/java_re/workspace/8-2-build-macosx-x86_64/jdk8u152/9742/hotspot/src/share/vm/prims/jni.cpp, line 709]
Event: 3.185 Thread 0x00007f94658fc000 Exception <a 'java/io/FileNotFoundException'> (0x00000007956a9168) thrown at [/Users/java_re/workspace/8-2-build-macosx-x86_64/jdk8u152/9742/hotspot/src/share/vm/prims/jni.cpp, line 709]
Event: 3.323 Thread 0x00007f94658fc000 Implicit null exception at 0x0000000110670c11 to 0x00000001106711bd
Event: 5.222 Thread 0x00007f94673e8000 Exception <a 'java/lang/NoClassDefFoundError': org/apache/log4j/Category> (0x0000000796a3bc80) thrown at [/Users/java_re/workspace/8-2-build-macosx-x86_64/jdk8u152/9742/hotspot/src/share/vm/classfile/systemDictionary.cpp, line 199]
Event: 5.237 Thread 0x00007f94673e8000 Exception <a 'java/lang/UnsatisfiedLinkError': com.intel.bluetooth.BluetoothStackOSX.isNativeCodeLoaded()Z> (0x0000000796bf57b0) thrown at [/Users/java_re/workspace/8-2-build-macosx-x86_64/jdk8u152/9742/hotspot/src/share/vm/prims/nativeLookup.cpp, line 37
Event: 23.610 Thread 0x00007f94658fc000 Implicit null exception at 0x0000000110bcc9ca to 0x0000000110bcd259
Event: 25.809 Thread 0x00007f94658fc000 Implicit null exception at 0x0000000110861b4e to 0x0000000110861ba5

Events (10 events):
Event: 46.301 Executing VM operation: ParallelGCFailedAllocation done
Event: 46.724 Thread 0x00007f946c874800 Uncommon trap: trap_request=0xffffff65 fr.pc=0x0000000110902838
Event: 46.724 Thread 0x00007f946c874800 DEOPT PACKING pc=0x0000000110902838 sp=0x0000700009ba4820
Event: 46.724 Thread 0x00007f946c874800 DEOPT UNPACKING pc=0x0000000110019229 sp=0x0000700009ba4828 mode 2
Event: 46.728 Thread 0x00007f94658fc000 Uncommon trap: trap_request=0xffffffc6 fr.pc=0x000000011014d16c
Event: 46.728 Thread 0x00007f94658fc000 DEOPT PACKING pc=0x000000011014d16c sp=0x00007fff5e91f880
Event: 46.728 Thread 0x00007f94658fc000 DEOPT UNPACKING pc=0x0000000110019229 sp=0x00007fff5e91f840 mode 2
Event: 46.737 Thread 0x00007f94658ce000 Uncommon trap: trap_request=0xffffff65 fr.pc=0x00000001101b6474
Event: 46.737 Thread 0x00007f94658ce000 DEOPT PACKING pc=0x00000001101b6474 sp=0x00007000091feb70
Event: 46.737 Thread 0x00007f94658ce000 DEOPT UNPACKING pc=0x0000000110019229 sp=0x00007000091feb18 mode 2


Dynamic libraries:
0x0000000043ba8000 	/System/Library/Frameworks/Cocoa.framework/Versions/A/Cocoa
0x0000000043ba8000 	/System/Library/Frameworks/Security.framework/Versions/A/Security
0x0000000043ba8000 	/System/Library/Frameworks/ApplicationServices.framework/Versions/A/ApplicationServices
0x0000000043ba8000 	/usr/lib/libz.1.dylib
0x0000000043ba8000 	/usr/lib/libSystem.B.dylib
0x0000000043ba8000 	/usr/lib/libobjc.A.dylib
0x0000000043ba8000 	/System/Library/Frameworks/CoreFoundation.framework/Versions/A/CoreFoundation
0x0000000043ba8000 	/System/Library/Frameworks/Foundation.framework/Versions/C/Foundation
0x0000000043ba8000 	/System/Library/Frameworks/AppKit.framework/Versions/C/AppKit
0x0000000043ba8000 	/System/Library/Frameworks/CoreData.framework/Versions/A/CoreData
0x0000000043ba8000 	/System/Library/PrivateFrameworks/RemoteViewServices.framework/Versions/A/RemoteViewServices
0x0000000043ba8000 	/System/Library/PrivateFrameworks/UIFoundation.framework/Versions/A/UIFoundation
0x0000000043ba8000 	/System/Library/PrivateFrameworks/DFRFoundation.framework/Versions/A/DFRFoundation
0x0000000043ba8000 	/usr/lib/libenergytrace.dylib
0x0000000043ba8000 	/System/Library/PrivateFrameworks/SkyLight.framework/Versions/A/SkyLight
0x0000000043ba8000 	/System/Library/Frameworks/CoreGraphics.framework/Versions/A/CoreGraphics
0x0000000043ba8000 	/usr/lib/libScreenReader.dylib
0x0000000043ba8000 	/System/Library/Frameworks/Accelerate.framework/Versions/A/Accelerate
0x0000000043ba8000 	/System/Library/Frameworks/IOSurface.framework/Versions/A/IOSurface
0x0000000043ba8000 	/System/Library/Frameworks/AudioToolbox.framework/Versions/A/AudioToolbox
0x0000000043ba8000 	/System/Library/Frameworks/AudioUnit.framework/Versions/A/AudioUnit
0x0000000043ba8000 	/System/Library/PrivateFrameworks/DataDetectorsCore.framework/Versions/A/DataDetectorsCore
0x0000000043ba8000 	/System/Library/PrivateFrameworks/DesktopServicesPriv.framework/Versions/A/DesktopServicesPriv
0x0000000043ba8000 	/System/Library/Frameworks/Carbon.framework/Versions/A/Frameworks/HIToolbox.framework/Versions/A/HIToolbox
0x0000000043ba8000 	/usr/lib/libicucore.A.dylib
0x0000000043ba8000 	/System/Library/Frameworks/QuartzCore.framework/Versions/A/QuartzCore
0x0000000043ba8000 	/System/Library/Frameworks/Carbon.framework/Versions/A/Frameworks/SpeechRecognition.framework/Versions/A/SpeechRecognition
0x0000000043ba8000 	/usr/lib/libauto.dylib
0x0000000043ba8000 	/usr/lib/libxml2.2.dylib
0x0000000043ba8000 	/System/Library/PrivateFrameworks/CoreUI.framework/Versions/A/CoreUI
0x0000000043ba8000 	/System/Library/Frameworks/CoreAudio.framework/Versions/A/CoreAudio
0x0000000043ba8000 	/System/Library/Frameworks/DiskArbitration.framework/Versions/A/DiskArbitration
0x0000000043ba8000 	/usr/lib/liblangid.dylib
0x0000000043ba8000 	/System/Library/PrivateFrameworks/MultitouchSupport.framework/Versions/A/MultitouchSupport
0x0000000043ba8000 	/System/Library/Frameworks/IOKit.framework/Versions/A/IOKit
0x0000000043ba8000 	/usr/lib/libDiagnosticMessagesClient.dylib
0x0000000043ba8000 	/System/Library/Frameworks/CoreServices.framework/Versions/A/CoreServices
0x0000000043ba8000 	/System/Library/PrivateFrameworks/PerformanceAnalysis.framework/Versions/A/PerformanceAnalysis
0x0000000043ba8000 	/System/Library/PrivateFrameworks/GenerationalStorage.framework/Versions/A/GenerationalStorage
0x0000000043ba8000 	/System/Library/Frameworks/OpenGL.framework/Versions/A/OpenGL
0x0000000043ba8000 	/System/Library/Frameworks/CoreImage.framework/Versions/A/CoreImage
0x0000000043ba8000 	/System/Library/Frameworks/CoreText.framework/Versions/A/CoreText
0x0000000043ba8000 	/System/Library/Frameworks/ImageIO.framework/Versions/A/ImageIO
0x0000000043ba8000 	/System/Library/PrivateFrameworks/Backup.framework/Versions/A/Backup
0x0000000043ba8000 	/usr/lib/libarchive.2.dylib
0x0000000043ba8000 	/System/Library/Frameworks/CFNetwork.framework/Versions/A/CFNetwork
0x0000000043ba8000 	/System/Library/Frameworks/SystemConfiguration.framework/Versions/A/SystemConfiguration
0x0000000043ba8000 	/usr/lib/libCRFSuite.dylib
0x0000000043ba8000 	/usr/lib/libc++.1.dylib
0x0000000043ba8000 	/usr/lib/libc++abi.dylib
0x0000000043ba8000 	/usr/lib/system/libcache.dylib
0x0000000043ba8000 	/usr/lib/system/libcommonCrypto.dylib
0x0000000043ba8000 	/usr/lib/system/libcompiler_rt.dylib
0x0000000043ba8000 	/usr/lib/system/libcopyfile.dylib
0x0000000043ba8000 	/usr/lib/system/libcorecrypto.dylib
0x0000000043ba8000 	/usr/lib/system/libdispatch.dylib
0x0000000043ba8000 	/usr/lib/system/libdyld.dylib
0x0000000043ba8000 	/usr/lib/system/libkeymgr.dylib
0x0000000043ba8000 	/usr/lib/system/liblaunch.dylib
0x0000000043ba8000 	/usr/lib/system/libmacho.dylib
0x0000000043ba8000 	/usr/lib/system/libquarantine.dylib
0x0000000043ba8000 	/usr/lib/system/libremovefile.dylib
0x0000000043ba8000 	/usr/lib/system/libsystem_asl.dylib
0x0000000043ba8000 	/usr/lib/system/libsystem_blocks.dylib
0x0000000043ba8000 	/usr/lib/system/libsystem_c.dylib
0x0000000043ba8000 	/usr/lib/system/libsystem_configuration.dylib
0x0000000043ba8000 	/usr/lib/system/libsystem_coreservices.dylib
0x0000000043ba8000 	/usr/lib/system/libsystem_coretls.dylib
0x0000000043ba8000 	/usr/lib/system/libsystem_dnssd.dylib
0x0000000043ba8000 	/usr/lib/system/libsystem_info.dylib
0x0000000043ba8000 	/usr/lib/system/libsystem_kernel.dylib
0x0000000043ba8000 	/usr/lib/system/libsystem_m.dylib
0x0000000043ba8000 	/usr/lib/system/libsystem_malloc.dylib
0x0000000043ba8000 	/usr/lib/system/libsystem_network.dylib
0x0000000043ba8000 	/usr/lib/system/libsystem_networkextension.dylib
0x0000000043ba8000 	/usr/lib/system/libsystem_notify.dylib
0x0000000043ba8000 	/usr/lib/system/libsystem_platform.dylib
0x0000000043ba8000 	/usr/lib/system/libsystem_pthread.dylib
0x0000000043ba8000 	/usr/lib/system/libsystem_sandbox.dylib
0x0000000043ba8000 	/usr/lib/system/libsystem_secinit.dylib
0x0000000043ba8000 	/usr/lib/system/libsystem_symptoms.dylib
0x0000000043ba8000 	/usr/lib/system/libsystem_trace.dylib
0x0000000043ba8000 	/usr/lib/system/libunwind.dylib
0x0000000043ba8000 	/usr/lib/system/libxpc.dylib
0x0000000043ba8000 	/usr/lib/libbsm.0.dylib
0x0000000043ba8000 	/usr/lib/system/libkxld.dylib
0x0000000043ba8000 	/usr/lib/libcoretls.dylib
0x0000000043ba8000 	/usr/lib/libcoretls_cfhelpers.dylib
0x0000000043ba8000 	/usr/lib/libOpenScriptingUtil.dylib
0x0000000043ba8000 	/usr/lib/libpam.2.dylib
0x0000000043ba8000 	/usr/lib/libsqlite3.dylib
0x0000000043ba8000 	/usr/lib/libxar.1.dylib
0x0000000043ba8000 	/usr/lib/libbz2.1.0.dylib
0x0000000043ba8000 	/usr/lib/liblzma.5.dylib
0x0000000043ba8000 	/usr/lib/libnetwork.dylib
0x0000000043ba8000 	/usr/lib/libpcap.A.dylib
0x0000000043ba8000 	/System/Library/Frameworks/CoreServices.framework/Versions/A/Frameworks/FSEvents.framework/Versions/A/FSEvents
0x0000000043ba8000 	/System/Library/Frameworks/CoreServices.framework/Versions/A/Frameworks/CarbonCore.framework/Versions/A/CarbonCore
0x0000000043ba8000 	/System/Library/Frameworks/CoreServices.framework/Versions/A/Frameworks/Metadata.framework/Versions/A/Metadata
0x0000000043ba8000 	/System/Library/Frameworks/CoreServices.framework/Versions/A/Frameworks/OSServices.framework/Versions/A/OSServices
0x0000000043ba8000 	/System/Library/Frameworks/CoreServices.framework/Versions/A/Frameworks/SearchKit.framework/Versions/A/SearchKit
0x0000000043ba8000 	/System/Library/Frameworks/CoreServices.framework/Versions/A/Frameworks/AE.framework/Versions/A/AE
0x0000000043ba8000 	/System/Library/Frameworks/CoreServices.framework/Versions/A/Frameworks/LaunchServices.framework/Versions/A/LaunchServices
0x0000000043ba8000 	/System/Library/Frameworks/CoreServices.framework/Versions/A/Frameworks/DictionaryServices.framework/Versions/A/DictionaryServices
0x0000000043ba8000 	/System/Library/Frameworks/CoreServices.framework/Versions/A/Frameworks/SharedFileList.framework/Versions/A/SharedFileList
0x0000000043ba8000 	/System/Library/Frameworks/NetFS.framework/Versions/A/NetFS
0x0000000043ba8000 	/System/Library/PrivateFrameworks/NetAuth.framework/Versions/A/NetAuth
0x0000000043ba8000 	/System/Library/PrivateFrameworks/login.framework/Versions/A/Frameworks/loginsupport.framework/Versions/A/loginsupport
0x0000000043ba8000 	/System/Library/PrivateFrameworks/TCC.framework/Versions/A/TCC
0x0000000043ba8000 	/usr/lib/libmecabra.dylib
0x0000000043ba8000 	/System/Library/Frameworks/ApplicationServices.framework/Versions/A/Frameworks/ATS.framework/Versions/A/ATS
0x0000000043ba8000 	/System/Library/Frameworks/ApplicationServices.framework/Versions/A/Frameworks/ColorSync.framework/Versions/A/ColorSync
0x0000000043ba8000 	/System/Library/Frameworks/ApplicationServices.framework/Versions/A/Frameworks/HIServices.framework/Versions/A/HIServices
0x0000000043ba8000 	/System/Library/Frameworks/ApplicationServices.framework/Versions/A/Frameworks/LangAnalysis.framework/Versions/A/LangAnalysis
0x0000000043ba8000 	/System/Library/Frameworks/ApplicationServices.framework/Versions/A/Frameworks/PrintCore.framework/Versions/A/PrintCore
0x0000000043ba8000 	/System/Library/Frameworks/ApplicationServices.framework/Versions/A/Frameworks/QD.framework/Versions/A/QD
0x0000000043ba8000 	/System/Library/Frameworks/ApplicationServices.framework/Versions/A/Frameworks/SpeechSynthesis.framework/Versions/A/SpeechSynthesis
0x0000000043ba8000 	/System/Library/Frameworks/Accelerate.framework/Versions/A/Frameworks/vImage.framework/Versions/A/vImage
0x0000000043ba8000 	/System/Library/Frameworks/Accelerate.framework/Versions/A/Frameworks/vecLib.framework/Versions/A/vecLib
0x0000000043ba8000 	/System/Library/Frameworks/Accelerate.framework/Versions/A/Frameworks/vecLib.framework/Versions/A/libvDSP.dylib
0x0000000043ba8000 	/System/Library/Frameworks/Accelerate.framework/Versions/A/Frameworks/vecLib.framework/Versions/A/libBNNS.dylib
0x0000000043ba8000 	/System/Library/Frameworks/Accelerate.framework/Versions/A/Frameworks/vecLib.framework/Versions/A/libQuadrature.dylib
0x0000000043ba8000 	/System/Library/Frameworks/Accelerate.framework/Versions/A/Frameworks/vecLib.framework/Versions/A/libvMisc.dylib
0x0000000043ba8000 	/System/Library/Frameworks/Accelerate.framework/Versions/A/Frameworks/vecLib.framework/Versions/A/libLAPACK.dylib
0x0000000043ba8000 	/System/Library/Frameworks/Accelerate.framework/Versions/A/Frameworks/vecLib.framework/Versions/A/libBLAS.dylib
0x0000000043ba8000 	/System/Library/Frameworks/Accelerate.framework/Versions/A/Frameworks/vecLib.framework/Versions/A/libLinearAlgebra.dylib
0x0000000043ba8000 	/System/Library/Frameworks/Accelerate.framework/Versions/A/Frameworks/vecLib.framework/Versions/A/libSparseBLAS.dylib
0x0000000043ba8000 	/System/Library/Frameworks/ApplicationServices.framework/Versions/A/Frameworks/ATS.framework/Versions/A/Resources/libFontParser.dylib
0x0000000043ba8000 	/System/Library/Frameworks/ApplicationServices.framework/Versions/A/Frameworks/ATS.framework/Versions/A/Resources/libFontRegistry.dylib
0x0000000043ba8000 	/System/Library/Frameworks/ImageIO.framework/Versions/A/Resources/libJPEG.dylib
0x0000000043ba8000 	/System/Library/Frameworks/ImageIO.framework/Versions/A/Resources/libTIFF.dylib
0x0000000043ba8000 	/System/Library/Frameworks/ImageIO.framework/Versions/A/Resources/libPng.dylib
0x0000000043ba8000 	/System/Library/Frameworks/ImageIO.framework/Versions/A/Resources/libGIF.dylib
0x0000000043ba8000 	/System/Library/Frameworks/ImageIO.framework/Versions/A/Resources/libJP2.dylib
0x0000000043ba8000 	/System/Library/Frameworks/ImageIO.framework/Versions/A/Resources/libRadiance.dylib
0x0000000043ba8000 	/usr/lib/libcompression.dylib
0x0000000043ba8000 	/System/Library/PrivateFrameworks/AppleJPEG.framework/Versions/A/AppleJPEG
0x0000000043ba8000 	/usr/lib/libcups.2.dylib
0x0000000043ba8000 	/System/Library/Frameworks/Kerberos.framework/Versions/A/Kerberos
0x0000000043ba8000 	/System/Library/Frameworks/GSS.framework/Versions/A/GSS
0x0000000043ba8000 	/usr/lib/libresolv.9.dylib
0x0000000043ba8000 	/usr/lib/libiconv.2.dylib
0x0000000043ba8000 	/System/Library/PrivateFrameworks/Heimdal.framework/Versions/A/Heimdal
0x0000000043ba8000 	/usr/lib/libheimdal-asn1.dylib
0x0000000043ba8000 	/System/Library/Frameworks/OpenDirectory.framework/Versions/A/OpenDirectory
0x0000000043ba8000 	/System/Library/PrivateFrameworks/CommonAuth.framework/Versions/A/CommonAuth
0x0000000043ba8000 	/System/Library/Frameworks/OpenDirectory.framework/Versions/A/Frameworks/CFOpenDirectory.framework/Versions/A/CFOpenDirectory
0x0000000043ba8000 	/System/Library/Frameworks/SecurityFoundation.framework/Versions/A/SecurityFoundation
0x0000000043ba8000 	/System/Library/PrivateFrameworks/LanguageModeling.framework/Versions/A/LanguageModeling
0x0000000043ba8000 	/usr/lib/libmarisa.dylib
0x0000000043ba8000 	/usr/lib/libChineseTokenizer.dylib
0x0000000043ba8000 	/usr/lib/libcmph.dylib
0x0000000043ba8000 	/System/Library/PrivateFrameworks/CoreEmoji.framework/Versions/A/CoreEmoji
0x0000000043ba8000 	/System/Library/Frameworks/ServiceManagement.framework/Versions/A/ServiceManagement
0x0000000043ba8000 	/usr/lib/libxslt.1.dylib
0x0000000043ba8000 	/System/Library/Frameworks/Carbon.framework/Versions/A/Frameworks/Ink.framework/Versions/A/Ink
0x0000000043ba8000 	/System/Library/PrivateFrameworks/TextureIO.framework/Versions/A/TextureIO
0x0000000043ba8000 	/System/Library/Frameworks/Metal.framework/Versions/A/Metal
0x0000000043ba8000 	/usr/lib/libate.dylib
0x0000000043ba8000 	/System/Library/PrivateFrameworks/GPUCompiler.framework/libmetal_timestamp.dylib
0x0000000043ba8000 	/System/Library/Frameworks/OpenGL.framework/Versions/A/Libraries/libCoreFSCache.dylib
0x0000000043ba8000 	/System/Library/PrivateFrameworks/IOAccelerator.framework/Versions/A/IOAccelerator
0x0000000043ba8000 	/System/Library/Frameworks/CoreVideo.framework/Versions/A/CoreVideo
0x0000000043ba8000 	/usr/lib/libFosl_dynamic.dylib
0x0000000043ba8000 	/System/Library/PrivateFrameworks/MetalPerformanceShaders.framework/Versions/A/MetalPerformanceShaders
0x0000000043ba8000 	/System/Library/PrivateFrameworks/FaceCore.framework/Versions/A/FaceCore
0x0000000043ba8000 	/System/Library/Frameworks/OpenCL.framework/Versions/A/OpenCL
0x0000000043ba8000 	/System/Library/Frameworks/OpenGL.framework/Versions/A/Libraries/libGLU.dylib
0x0000000043ba8000 	/System/Library/Frameworks/OpenGL.framework/Versions/A/Libraries/libGFXShared.dylib
0x0000000043ba8000 	/System/Library/Frameworks/OpenGL.framework/Versions/A/Libraries/libGL.dylib
0x0000000043ba8000 	/System/Library/Frameworks/OpenGL.framework/Versions/A/Libraries/libGLImage.dylib
0x0000000043ba8000 	/System/Library/Frameworks/OpenGL.framework/Versions/A/Libraries/libCVMSPluginSupport.dylib
0x0000000043ba8000 	/System/Library/Frameworks/OpenGL.framework/Versions/A/Libraries/libCoreVMClient.dylib
0x0000000043ba8000 	/System/Library/PrivateFrameworks/CrashReporterSupport.framework/Versions/A/CrashReporterSupport
0x0000000043ba8000 	/System/Library/PrivateFrameworks/Sharing.framework/Versions/A/Sharing
0x0000000043ba8000 	/System/Library/PrivateFrameworks/IconServices.framework/Versions/A/IconServices
0x0000000043ba8000 	/System/Library/PrivateFrameworks/ProtocolBuffer.framework/Versions/A/ProtocolBuffer
0x0000000043ba8000 	/System/Library/PrivateFrameworks/Apple80211.framework/Versions/A/Apple80211
0x0000000043ba8000 	/System/Library/Frameworks/CoreWLAN.framework/Versions/A/CoreWLAN
0x0000000043ba8000 	/System/Library/PrivateFrameworks/CoreUtils.framework/Versions/A/CoreUtils
0x0000000043ba8000 	/System/Library/Frameworks/IOBluetooth.framework/Versions/A/IOBluetooth
0x0000000043ba8000 	/System/Library/PrivateFrameworks/CoreWiFi.framework/Versions/A/CoreWiFi
0x0000000043ba8000 	/System/Library/Frameworks/CoreBluetooth.framework/Versions/A/CoreBluetooth
0x0000000043ba8000 	/System/Library/Frameworks/CoreDisplay.framework/Versions/A/CoreDisplay
0x0000000043ba8000 	/System/Library/PrivateFrameworks/IOPresentment.framework/Versions/A/IOPresentment
0x0000000043ba8000 	/System/Library/PrivateFrameworks/DSExternalDisplay.framework/Versions/A/DSExternalDisplay
0x0000000043ba8000 	/System/Library/PrivateFrameworks/DebugSymbols.framework/Versions/A/DebugSymbols
0x0000000043ba8000 	/System/Library/PrivateFrameworks/CoreSymbolication.framework/Versions/A/CoreSymbolication
0x0000000043ba8000 	/System/Library/PrivateFrameworks/Symbolication.framework/Versions/A/Symbolication
0x0000000043ba8000 	/System/Library/PrivateFrameworks/AppleFSCompression.framework/Versions/A/AppleFSCompression
0x0000000043ba8000 	/System/Library/PrivateFrameworks/SpeechRecognitionCore.framework/Versions/A/SpeechRecognitionCore
0x0000000043ba8000 	/System/Library/PrivateFrameworks/ChunkingLibrary.framework/Versions/A/ChunkingLibrary
0x0000000101c00000 	/Library/Java/JavaVirtualMachines/jdk1.8.0_152.jdk/Contents/Home/jre/lib/server/libjvm.dylib
0x0000000043ba8000 	/usr/lib/libstdc++.6.dylib
0x0000000101357000 	/Library/Java/JavaVirtualMachines/jdk1.8.0_152.jdk/Contents/Home/jre/lib/libverify.dylib
0x0000000101365000 	/Library/Java/JavaVirtualMachines/jdk1.8.0_152.jdk/Contents/Home/jre/lib/libjava.dylib
0x000000010139c000 	/Library/Java/JavaVirtualMachines/jdk1.8.0_152.jdk/Contents/Home/jre/lib/libinstrument.dylib
0x0000000102bac000 	/Library/Java/JavaVirtualMachines/jdk1.8.0_152.jdk/Contents/Home/jre/lib/libzip.dylib
0x000000010aff7000 	/Library/Java/JavaVirtualMachines/jdk1.8.0_152.jdk/Contents/Home/jre/lib/libnet.dylib
0x000000010b056000 	/Library/Java/JavaVirtualMachines/jdk1.8.0_152.jdk/Contents/Home/jre/lib/libprism_es2.dylib
0x000000010b0bc000 	/System/Library/Frameworks/OpenGL.framework/Resources/GLEngine.bundle/GLEngine
0x0000000043ba8000 	/System/Library/Frameworks/OpenGL.framework/Versions/A/Libraries/libGLProgrammability.dylib
0x000000010b2a1000 	/System/Library/Extensions/AppleIntelSKLGraphicsGLDriver.bundle/Contents/MacOS/AppleIntelSKLGraphicsGLDriver
0x0000000043ba8000 	/System/Library/PrivateFrameworks/GPUSupport.framework/Versions/A/Libraries/libGPUSupportMercury.dylib
0x000000010c029000 	/System/Library/Frameworks/OpenGL.framework/Resources//GLRendererFloat.bundle/GLRendererFloat
0x0000000043ba8000 	/System/Library/Frameworks/OpenCL.framework/Versions/A/Libraries/libcldcpuengine.dylib
0x0000000043ba8000 	/usr/lib/libcrypto.0.9.8.dylib
0x0000000043ba8000 	/System/Library/PrivateFrameworks/TrustEvaluationAgent.framework/Versions/A/TrustEvaluationAgent
0x000000010c44c000 	/Library/Java/JavaVirtualMachines/jdk1.8.0_152.jdk/Contents/Home/jre/lib/libglass.dylib
0x0000000043ba8000 	/System/Library/PrivateFrameworks/CoreServicesInternal.framework/Versions/A/CoreServicesInternal
0x0000000043ba8000 	/System/Library/CoreServices/RawCamera.bundle/Contents/MacOS/RawCamera
0x0000000043ba8000 	/System/Library/Frameworks/Accelerate.framework/Versions/A/Frameworks/vImage.framework/Versions/A/Libraries/libCGInterfaces.dylib
0x0000000043ba8000 	/System/Library/PrivateFrameworks/FamilyControls.framework/Versions/A/FamilyControls
0x0000000043ba8000 	/System/Library/PrivateFrameworks/CommerceKit.framework/Versions/A/Frameworks/CommerceCore.framework/Versions/A/CommerceCore
0x0000000043ba8000 	/System/Library/PrivateFrameworks/SystemAdministration.framework/Versions/A/SystemAdministration
0x0000000043ba8000 	/System/Library/PrivateFrameworks/AppContainer.framework/Versions/A/AppContainer
0x0000000043ba8000 	/System/Library/PrivateFrameworks/SecCodeWrapper.framework/Versions/A/SecCodeWrapper
0x0000000043ba8000 	/System/Library/Frameworks/DirectoryService.framework/Versions/A/DirectoryService
0x0000000043ba8000 	/System/Library/PrivateFrameworks/DiskImages.framework/Versions/A/DiskImages
0x0000000043ba8000 	/System/Library/PrivateFrameworks/LoginUIKit.framework/Versions/A/Frameworks/LoginUICore.framework/Versions/A/LoginUICore
0x0000000043ba8000 	/usr/lib/libCoreStorage.dylib
0x0000000043ba8000 	/usr/lib/libcsfde.dylib
0x0000000043ba8000 	/usr/lib/libodfde.dylib
0x0000000043ba8000 	/System/Library/Frameworks/DiscRecording.framework/Versions/A/DiscRecording
0x0000000043ba8000 	/usr/lib/libcurl.4.dylib
0x0000000043ba8000 	/System/Library/PrivateFrameworks/MediaKit.framework/Versions/A/MediaKit
0x0000000043ba8000 	/System/Library/PrivateFrameworks/ProtectedCloudStorage.framework/Versions/A/ProtectedCloudStorage
0x0000000043ba8000 	/System/Library/PrivateFrameworks/EFILogin.framework/Versions/A/EFILogin
0x0000000043ba8000 	/usr/lib/libutil.dylib
0x0000000043ba8000 	/System/Library/Frameworks/LDAP.framework/Versions/A/LDAP
0x0000000043ba8000 	/usr/lib/libsasl2.2.dylib
0x0000000043ba8000 	/System/Library/PrivateFrameworks/CoreDaemon.framework/Versions/B/CoreDaemon
0x0000000043ba8000 	/System/Library/PrivateFrameworks/AppleSRP.framework/Versions/A/AppleSRP
0x0000000043ba8000 	/System/Library/PrivateFrameworks/APFS.framework/Versions/A/APFS
0x000000010fcd7000 	/Library/Java/JavaVirtualMachines/jdk1.8.0_152.jdk/Contents/Home/jre/lib/libjavafx_font.dylib
0x0000000043ba8000 	/System/Library/Frameworks/ApplicationServices.framework/Versions/A/Frameworks/ATS.framework/Versions/A/Resources/libTrueTypeScaler.dylib
0x0000000122ca9000 	/System/Library/Extensions/AppleIntelSKLGraphicsMTLDriver.bundle/Contents/MacOS/AppleIntelSKLGraphicsMTLDriver
0x0000000043ba8000 	/System/Library/PrivateFrameworks/ViewBridge.framework/Versions/A/ViewBridge
0x0000000043ba8000 	/System/Library/PrivateFrameworks/XPCService.framework/Versions/A/XPCService
0x0000000043ba8000 	/System/Library/PrivateFrameworks/AppSandbox.framework/Versions/A/AppSandbox
0x0000000043ba8000 	/usr/lib/libsandbox.1.dylib
0x0000000043ba8000 	/usr/lib/libMatch.1.dylib
0x0000000124ecd000 	/Library/Java/JavaVirtualMachines/jdk1.8.0_152.jdk/Contents/Home/jre/lib/libprism_common.dylib
0x000000012a47f000 	/private/var/folders/mc/drkjmxf92tn7vspsjqxjqyzh0000gq/T/bluecove_patrick.wigger_0/libbluecove.jnilib
0x000000012a4a9000 	/System/Library/Frameworks/JavaVM.framework/Versions/A/JavaVM
0x000000012a4b6000 	/System/Library/PrivateFrameworks/JavaLaunching.framework/Versions/A/JavaLaunching

VM Arguments:
jvm_args: -javaagent:/Applications/IntelliJ IDEA.app/Contents/lib/idea_rt.jar=49190:/Applications/IntelliJ IDEA.app/Contents/bin -Dfile.encoding=UTF-8 
java_command: FrvaApp
java_class_path (initial): /Library/Java/JavaVirtualMachines/jdk1.8.0_152.jdk/Contents/Home/jre/lib/charsets.jar:/Library/Java/JavaVirtualMachines/jdk1.8.0_152.jdk/Contents/Home/jre/lib/deploy.jar:/Library/Java/JavaVirtualMachines/jdk1.8.0_152.jdk/Contents/Home/jre/lib/ext/cldrdata.jar:/Library/Java/JavaVirtualMachines/jdk1.8.0_152.jdk/Contents/Home/jre/lib/ext/dnsns.jar:/Library/Java/JavaVirtualMachines/jdk1.8.0_152.jdk/Contents/Home/jre/lib/ext/jaccess.jar:/Library/Java/JavaVirtualMachines/jdk1.8.0_152.jdk/Contents/Home/jre/lib/ext/jfxrt.jar:/Library/Java/JavaVirtualMachines/jdk1.8.0_152.jdk/Contents/Home/jre/lib/ext/localedata.jar:/Library/Java/JavaVirtualMachines/jdk1.8.0_152.jdk/Contents/Home/jre/lib/ext/nashorn.jar:/Library/Java/JavaVirtualMachines/jdk1.8.0_152.jdk/Contents/Home/jre/lib/ext/sunec.jar:/Library/Java/JavaVirtualMachines/jdk1.8.0_152.jdk/Contents/Home/jre/lib/ext/sunjce_provider.jar:/Library/Java/JavaVirtualMachines/jdk1.8.0_152.jdk/Contents/Home/jre/lib/ext/sunpkcs11.jar:/Library/Java/JavaVirtualMachines/jdk1.8.0_152.jdk/Contents/Home/jre/lib/ext/zipfs.jar:/Library/Java/JavaVirtualMachines/jdk1.8.0_152.jdk/Contents/Home/jre/lib/javaws.jar:/Library/Java/JavaVirtualMachines/jdk1.8.0_152.jdk/Contents/Home/jre/lib/jce.jar:/Library/Java/JavaVirtualMachines/jdk1.8.0_152.jdk/Contents/Home/jre/lib/jfr.jar:/Library/Java/JavaVirtualMachines/jdk1.8.0_152.jdk/Contents/Home/jre/lib/jfxswt.jar:/Library/Java/JavaVirtualMachines/jdk1.8.0_152.jdk/Contents/Home/jre/lib/jsse.jar:/Library/Java/JavaVirtualMachines/jdk1.8.0_152.jdk/Contents/Home/jre/lib/management-agent.jar:/Library/Java/JavaVirtualMachines/jdk1.8.0_152.jdk/Contents/Home/jre/lib/plugin.jar:/Library/Java/JavaVirtualMachines/jdk1.8.0_152.jdk/Contents/Home/jre/lib/resources.jar:/Library/Java/JavaVirtualMachines/jdk1.8.0_152.jdk/Contents/Home/jre/lib/rt.jar:/Library/Java/JavaVirtualMachines/jdk1.8.0_152.jdk/Contents/Home/lib/ant-javafx.jar:/Library/Java/JavaVirtualMachines/jdk1.8.0_152.jdk/Contents/Home
Launcher Type: SUN_STANDARD

Environment Variables:
PATH=/usr/local/bin:/usr/bin:/bin:/usr/sbin:/sbin:/opt/X11/bin:/usr/local/munki:/Applications/Wireshark.app/Contents/MacOS
SHELL=/bin/bash
DISPLAY=/private/tmp/com.apple.launchd.X52u9ARQ53/org.macosforge.xquartz:0

Signal Handlers:
SIGSEGV: [libjvm.dylib+0x5b494d], sa_mask[0]=11111111011111110111111111111111, sa_flags=SA_ONSTACK|SA_RESTART|SA_SIGINFO
SIGBUS: [libjvm.dylib+0x5b494d], sa_mask[0]=11111111011111110111111111111111, sa_flags=SA_RESTART|SA_SIGINFO
SIGFPE: [libjvm.dylib+0x48ab54], sa_mask[0]=11111111011111110111111111111111, sa_flags=SA_RESTART|SA_SIGINFO
SIGPIPE: [libjvm.dylib+0x48ab54], sa_mask[0]=11111111011111110111111111111111, sa_flags=SA_RESTART|SA_SIGINFO
SIGXFSZ: [libjvm.dylib+0x48ab54], sa_mask[0]=11111111011111110111111111111111, sa_flags=SA_RESTART|SA_SIGINFO
SIGILL: [libjvm.dylib+0x48ab54], sa_mask[0]=11111111011111110111111111111111, sa_flags=SA_RESTART|SA_SIGINFO
SIGUSR1: SIG_DFL, sa_mask[0]=00000000000000000000000000000000, sa_flags=none
SIGUSR2: [libjvm.dylib+0x48a672], sa_mask[0]=00100000000000000000000000000000, sa_flags=SA_RESTART|SA_SIGINFO
SIGHUP: [libjvm.dylib+0x488c49], sa_mask[0]=11111111011111110111111111111111, sa_flags=SA_RESTART|SA_SIGINFO
SIGINT: [libjvm.dylib+0x488c49], sa_mask[0]=11111111011111110111111111111111, sa_flags=SA_RESTART|SA_SIGINFO
SIGTERM: [libjvm.dylib+0x488c49], sa_mask[0]=11111111011111110111111111111111, sa_flags=SA_RESTART|SA_SIGINFO
SIGQUIT: [libjvm.dylib+0x488c49], sa_mask[0]=11111111011111110111111111111111, sa_flags=SA_RESTART|SA_SIGINFO


---------------  S Y S T E M  ---------------

OS:Bsduname:Darwin 16.6.0 Darwin Kernel Version 16.6.0: Fri Apr 14 16:21:16 PDT 2017; root:xnu-3789.60.24~6/RELEASE_X86_64 x86_64
rlimit: STACK 8192k, CORE 0k, NPROC 709, NOFILE 10240, AS infinity
load average:2.73 3.23 3.27

CPU:total 4 (initial active 4) (2 cores per cpu, 2 threads per core) family 6 model 78 stepping 3, cmov, cx8, fxsr, mmx, sse, sse2, sse3, ssse3, sse4.1, sse4.2, popcnt, avx, avx2, aes, clmul, erms, 3dnowpref, lzcnt, ht, tsc, tscinvbit, bmi1, bmi2, adx

Memory: 4k page, physical 8388608k(18820k free)

/proc/meminfo:


vm_info: Java HotSpot(TM) 64-Bit Server VM (25.152-b16) for bsd-amd64 JRE (1.8.0_152-b16), built on Sep 14 2017 02:31:13 by "java_re" with gcc 4.2.1 (Based on Apple Inc. build 5658) (LLVM build 2336.11.00)

time: Tue Jan  2 16:08:44 2018
elapsed time: 46 seconds (0d 0h 0m 46s)

