#
# A fatal error has been detected by the Java Runtime Environment:
#
#  SIGILL (0x4) at pc=0x00007fffb3b29694, pid=2395, tid=0x0000000000000307
#
# JRE version: Java(TM) SE Runtime Environment (8.0_144-b01) (build 1.8.0_144-b01)
# Java VM: Java HotSpot(TM) 64-Bit Server VM (25.144-b01 mixed mode bsd-amd64 compressed oops)
# Problematic frame:
# C  [libdispatch.dylib+0xc694]  _dispatch_barrier_sync_f_slow+0x2a3
#
# Failed to write core dump. Core dumps have been disabled. To enable core dumping, try "ulimit -c unlimited" before starting Java again
#
# If you would like to submit a bug report, please visit:
#   http://bugreport.java.com/bugreport/crash.jsp
# The crash happened outside the Java Virtual Machine in native code.
# See problematic frame for where to report the bug.
#

---------------  T H R E A D  ---------------

Current thread (0x00007fb713943000):  JavaThread "JavaFX Application Thread" [_thread_in_native, id=775, stack(0x00007fff5a7af000,0x00007fff5afaf000)]

siginfo: si_signo: 4 (SIGILL), si_code: 1 (ILL_ILLOPC), si_addr: 0x00007fffb3b29694

Registers:
RAX=0x00007fffbca3da80, RBX=0x00007fffbca3da80, RCX=0x00007fffb3b471df, RDX=0x0000000000000307
RSP=0x00007fff5afa7360, RBP=0x00007fff5afa7430, RSI=0x0000000000000307, RDI=0x00007fffbca3da80
R8 =0x0000000000000001, R9 =0x00007fb714ff9590, R10=0x00000000c0000000, R11=0x00007fb71917e220
R12=0x00000000100020ff, R13=0x00007fffbca3f8d1, R14=0x000000012ddaddeb, R15=0x00007fff5afa7448
RIP=0x00007fffb3b29694, EFLAGS=0x0000000000010246, ERR=0x0000000000000000
  TRAPNO=0x0000000000000006

Top of Stack: (sp=0x00007fff5afa7360)
0x00007fff5afa7360:   0000000000000003 00000000100020ff
0x00007fff5afa7370:   0000000000000000 ffffffffffffffff
0x00007fff5afa7380:   00007fffb3b2aed4 00007fff5afa73a0
0x00007fff5afa7390:   0000000000000307 00007fff5afa7400
0x00007fff5afa73a0:   0000000000000000 0000000000000000
0x00007fff5afa73b0:   0000000000000000 0000000000000000
0x00007fff5afa73c0:   000000012ddaddeb 00007fff5afa7448
0x00007fff5afa73d0:   00007fffbca3da80 00007fff5afa7400
0x00007fff5afa73e0:   00007fffbca3da80 0000000000000000
0x00007fff5afa73f0:   0000000000000000 00007fffb3b1e76b
0x00007fff5afa7400:   c5e21dcb00000000 00007fff5afa8020
0x00007fff5afa7410:   00007fff5afa8c90 000000000001d4c0
0x00007fff5afa7420:   000000012ddba4be 00007fb714ff9590
0x00007fff5afa7430:   00007fff5afa7490 000000012ddaddb1
0x00007fff5afa7440:   0000000000000016 00007fffbca4d060
0x00007fff5afa7450:   00000000c2000000 000000012ddaddeb
0x00007fff5afa7460:   000000012ddc2360 00007fb714ff9590
0x00007fff5afa7470:   00007fff5afa8020 00007fb718e85e00
0x00007fff5afa7480:   00007fb7139431f8 000000000001d4c0
0x00007fff5afa7490:   00007fff5afa8bb0 000000012ddb3163
0x00007fff5afa74a0:   000000011b21b750 00000017e92659a9
0x00007fff5afa74b0:   0000000000000001 00007fff5afa8dc0
0x00007fff5afa74c0:   0000000000000000 00007fff5afa8e00
0x00007fff5afa74d0:   00007fff5afa7728 000000010b427900
0x00007fff5afa74e0:   000000010b427900 000000010b427900
0x00007fff5afa74f0:   00007fb713943000 0000000744c20108
0x00007fff5afa7500:   00007fff5afa76b0 00007fff5afa74b8
0x00007fff5afa7510:   00007fff5afa74f9 000000010b427900
0x00007fff5afa7520:   00007fb713943000 000000010b427900
0x00007fff5afa7530:   00007fb712553618 000000010b427900
0x00007fff5afa7540:   00007fb713943000 000000010b427900
0x00007fff5afa7550:   00007fb713943000 000000010b427900 

Instructions: (pc=0x00007fffb3b29694)
0x00007fffb3b29674:   d4 00 00 e9 2a ff ff ff 48 8d 0d 5c db 01 00 48
0x00007fffb3b29684:   89 d8 48 89 0d b3 61 f1 08 48 89 05 dc 61 f1 08
0x00007fffb3b29694:   0f 0b 48 8d 0d b6 d9 01 00 48 89 0d 9c 61 f1 08
0x00007fffb3b296a4:   0f 0b 48 8d 0d cf da 01 00 48 89 0d 8c 61 f1 08 

Register to memory mapping:

RAX=0x00007fffbca3da80: _dispatch_main_q+0 in /usr/lib/system/libdispatch.dylib at 0x00007fffb3b1d000
RBX=0x00007fffbca3da80: _dispatch_main_q+0 in /usr/lib/system/libdispatch.dylib at 0x00007fffb3b1d000
RCX=0x00007fffb3b471df: _voucher_activity_id_allocate_slow+0x2077 in /usr/lib/system/libdispatch.dylib at 0x00007fffb3b1d000
RDX=0x0000000000000307 is an unknown value
RSP=0x00007fff5afa7360 is pointing into the stack for thread: 0x00007fb713943000
RBP=0x00007fff5afa7430 is pointing into the stack for thread: 0x00007fb713943000
RSI=0x0000000000000307 is an unknown value
RDI=0x00007fffbca3da80: _dispatch_main_q+0 in /usr/lib/system/libdispatch.dylib at 0x00007fffb3b1d000
R8 =0x0000000000000001 is an unknown value
R9 =0x00007fb714ff9590 is an unknown value
R10=0x00000000c0000000 is an unknown value
R11=0x00007fb71917e220 is an unknown value
R12=0x00000000100020ff is an unknown value
R13=0x00007fffbca3f8d1: _dispatch_xbs_has_ulock+0 in /usr/lib/system/libdispatch.dylib at 0x00007fffb3b1d000
R14=0x000000012ddaddeb: ___Z22synchronousBTOperationP8Runnable_block_invoke+0 in /private/var/folders/mc/drkjmxf92tn7vspsjqxjqyzh0000gq/T/bluecove_patrick.wigger_0/libbluecove.jnilib at 0x000000012ddaa000
R15=0x00007fff5afa7448 is pointing into the stack for thread: 0x00007fb713943000


Stack: [0x00007fff5a7af000,0x00007fff5afaf000],  sp=0x00007fff5afa7360,  free space=8160k
Native frames: (J=compiled Java code, j=interpreted, Vv=VM code, C=native code)
C  [libdispatch.dylib+0xc694]  _dispatch_barrier_sync_f_slow+0x2a3
C  [libbluecove.jnilib+0x3db1]  _Z22synchronousBTOperationP8Runnable+0x8b
C  [libbluecove.jnilib+0x9163]  Java_com_intel_bluetooth_BluetoothStackOSX_connectionRfOpenClientConnectionImpl+0xcf
j  com.intel.bluetooth.BluetoothStackOSX.connectionRfOpenClientConnectionImpl(JIZZI)J+0
j  com.intel.bluetooth.BluetoothStackOSX.connectionRfOpenClientConnection(Lcom/intel/bluetooth/BluetoothConnectionParams;)J+54
j  com.intel.bluetooth.BluetoothRFCommClientConnection.<init>(Lcom/intel/bluetooth/BluetoothStack;Lcom/intel/bluetooth/BluetoothConnectionParams;)V+4
j  com.intel.bluetooth.MicroeditionConnector.openImpl(Ljava/lang/String;IZZ)Ljavax/microedition/io/Connection;+1457
j  com.intel.bluetooth.MicroeditionConnector.open(Ljava/lang/String;I)Ljavax/microedition/io/Connection;+4
j  javax.microedition.io.Connector.open(Ljava/lang/String;I)Ljavax/microedition/io/Connection;+2
j  controller.util.bluetooth.BluetoothConnection$2.run()V+18
j  com.sun.javafx.application.PlatformImpl.lambda$null$173(Ljava/lang/Runnable;)Ljava/lang/Void;+1
j  com.sun.javafx.application.PlatformImpl$$Lambda$49.run()Ljava/lang/Object;+4
v  ~StubRoutines::call_stub
V  [libjvm.dylib+0x2ee70a]
V  [libjvm.dylib+0x34ee68]
J 2418  java.security.AccessController.doPrivileged(Ljava/security/PrivilegedAction;Ljava/security/AccessControlContext;)Ljava/lang/Object; (0 bytes) @ 0x00000001111a4115 [0x00000001111a4040+0xd5]
j  com.sun.javafx.application.PlatformImpl.lambda$runLater$174(Ljava/lang/Runnable;Ljava/security/AccessControlContext;)V+7
j  com.sun.javafx.application.PlatformImpl$$Lambda$48.run()V+8
J 4118 C1 com.sun.glass.ui.InvokeLaterDispatcher$Future.run()V (91 bytes) @ 0x0000000111745f94 [0x0000000111745e80+0x114]
v  ~StubRoutines::call_stub
V  [libjvm.dylib+0x2ee70a]
V  [libjvm.dylib+0x3258b9]
V  [libjvm.dylib+0x318087]
C  [libglass.dylib+0x456b]  -[GlassRunnable run]+0x6b
C  [Foundation+0x717ba]  __NSThreadPerformPerform+0x146
C  [CoreFoundation+0xa7321]  __CFRUNLOOP_IS_CALLING_OUT_TO_A_SOURCE0_PERFORM_FUNCTION__+0x11
C  [CoreFoundation+0x88197]  __CFRunLoopDoSources0+0x1a7
C  [CoreFoundation+0x87716]  __CFRunLoopRun+0x3a6
C  [CoreFoundation+0x87114]  CFRunLoopRunSpecific+0x1a4
C  [HIToolbox+0x30ebc]  RunCurrentEventLoopInMode+0xf0
C  [HIToolbox+0x30bf9]  ReceiveNextEventCommon+0xb8
C  [HIToolbox+0x30b26]  _BlockUntilNextEventMatchingListInModeWithFilter+0x47
C  [AppKit+0x46a54]  _DPSNextEvent+0x460
C  [AppKit+0x7c27ee]  -[NSApplication(NSEvent) _nextEventMatchingEventMask:untilDate:inMode:dequeue:]+0xaec
C  [AppKit+0x3b3db]  -[NSApplication run]+0x39e
C  [libglass.dylib+0x651c]  -[GlassApplication runLoop:]+0x72c
C  [Foundation+0x717ba]  __NSThreadPerformPerform+0x146
C  [CoreFoundation+0xa7321]  __CFRUNLOOP_IS_CALLING_OUT_TO_A_SOURCE0_PERFORM_FUNCTION__+0x11
C  [CoreFoundation+0x8821d]  __CFRunLoopDoSources0+0x22d
C  [CoreFoundation+0x87716]  __CFRunLoopRun+0x3a6
C  [CoreFoundation+0x87114]  CFRunLoopRunSpecific+0x1a4
C  [java+0x6465]  CreateExecutionEnvironment+0x367
C  [java+0x218c]  JLI_Launch+0x7a0
C  [java+0x84c2]  main+0x65
C  [java+0x19e4]  start+0x34
C  0x0000000000000006

Java frames: (J=compiled Java code, j=interpreted, Vv=VM code)
j  com.intel.bluetooth.BluetoothStackOSX.connectionRfOpenClientConnectionImpl(JIZZI)J+0
j  com.intel.bluetooth.BluetoothStackOSX.connectionRfOpenClientConnection(Lcom/intel/bluetooth/BluetoothConnectionParams;)J+54
j  com.intel.bluetooth.BluetoothRFCommClientConnection.<init>(Lcom/intel/bluetooth/BluetoothStack;Lcom/intel/bluetooth/BluetoothConnectionParams;)V+4
j  com.intel.bluetooth.MicroeditionConnector.openImpl(Ljava/lang/String;IZZ)Ljavax/microedition/io/Connection;+1457
j  com.intel.bluetooth.MicroeditionConnector.open(Ljava/lang/String;I)Ljavax/microedition/io/Connection;+4
j  javax.microedition.io.Connector.open(Ljava/lang/String;I)Ljavax/microedition/io/Connection;+2
j  controller.util.bluetooth.BluetoothConnection$2.run()V+18
j  com.sun.javafx.application.PlatformImpl.lambda$null$173(Ljava/lang/Runnable;)Ljava/lang/Void;+1
j  com.sun.javafx.application.PlatformImpl$$Lambda$49.run()Ljava/lang/Object;+4
v  ~StubRoutines::call_stub
J 2418  java.security.AccessController.doPrivileged(Ljava/security/PrivilegedAction;Ljava/security/AccessControlContext;)Ljava/lang/Object; (0 bytes) @ 0x00000001111a40a3 [0x00000001111a4040+0x63]
j  com.sun.javafx.application.PlatformImpl.lambda$runLater$174(Ljava/lang/Runnable;Ljava/security/AccessControlContext;)V+7
j  com.sun.javafx.application.PlatformImpl$$Lambda$48.run()V+8
J 4118 C1 com.sun.glass.ui.InvokeLaterDispatcher$Future.run()V (91 bytes) @ 0x0000000111745f94 [0x0000000111745e80+0x114]
v  ~StubRoutines::call_stub

---------------  P R O C E S S  ---------------

Java Threads: ( => current thread )
  0x00007fb718b32800 JavaThread "DeviceInquiryThread-3" daemon [_thread_in_native, id=4339, stack(0x000070000719f000,0x000070000729f000)]
  0x00007fb71a872000 JavaThread "Thread-9" daemon [_thread_blocked, id=74979, stack(0x0000700006f99000,0x0000700007099000)]
  0x00007fb713e99000 JavaThread "BluecoveAsynchronousShutdownThread" daemon [_thread_blocked, id=67219, stack(0x000070000709c000,0x000070000719c000)]
  0x00007fb714355000 JavaThread "Prism Font Disposer" daemon [_thread_blocked, id=55875, stack(0x0000700006e13000,0x0000700006f13000)]
  0x00007fb713982800 JavaThread "JavaFX-Launcher" [_thread_blocked, id=54019, stack(0x0000700006d10000,0x0000700006e10000)]
  0x00007fb71293e800 JavaThread "Thread-3" daemon [_thread_in_native, id=37379, stack(0x0000700006b87000,0x0000700006c07000)]
=>0x00007fb713943000 JavaThread "JavaFX Application Thread" [_thread_in_native, id=775, stack(0x00007fff5a7af000,0x00007fff5afaf000)]
  0x00007fb71421b000 JavaThread "Thread-1" daemon [_thread_blocked, id=25607, stack(0x0000700006a84000,0x0000700006b84000)]
  0x00007fb713915800 JavaThread "QuantumRenderer-0" daemon [_thread_blocked, id=20227, stack(0x0000700006981000,0x0000700006a81000)]
  0x00007fb7138bd800 JavaThread "Service Thread" daemon [_thread_blocked, id=19203, stack(0x000070000677b000,0x000070000687b000)]
  0x00007fb7128a0800 JavaThread "C1 CompilerThread2" daemon [_thread_blocked, id=18691, stack(0x0000700006678000,0x0000700006778000)]
  0x00007fb713000800 JavaThread "C2 CompilerThread1" daemon [_thread_in_native, id=18179, stack(0x0000700006575000,0x0000700006675000)]
  0x00007fb71408b000 JavaThread "C2 CompilerThread0" daemon [_thread_in_native, id=17667, stack(0x0000700006472000,0x0000700006572000)]
  0x00007fb714099000 JavaThread "Monitor Ctrl-Break" daemon [_thread_in_native, id=17155, stack(0x000070000636f000,0x000070000646f000)]
  0x00007fb713037000 JavaThread "Signal Dispatcher" daemon [_thread_blocked, id=16643, stack(0x000070000626c000,0x000070000636c000)]
  0x00007fb712815800 JavaThread "Finalizer" daemon [_thread_blocked, id=12547, stack(0x0000700006169000,0x0000700006269000)]
  0x00007fb713032800 JavaThread "Reference Handler" daemon [_thread_blocked, id=12035, stack(0x0000700006066000,0x0000700006166000)]
  0x00007fb71380a000 JavaThread "main" [_thread_blocked, id=7171, stack(0x0000700005a54000,0x0000700005b54000)]

Other Threads:
  0x00007fb71400e000 VMThread [stack: 0x0000700005f63000,0x0000700006063000] [id=11523]
  0x00007fb7128cc000 WatcherThread [stack: 0x000070000687e000,0x000070000697e000] [id=19715]

VM state:not at safepoint (normal execution)

VM Mutex/Monitor currently owned by a thread: None

Heap:
 PSYoungGen      total 71680K, used 33907K [0x0000000795580000, 0x00000007a2280000, 0x00000007c0000000)
  eden space 66560K, 43% used [0x0000000795580000,0x00000007971a4cc0,0x0000000799680000)
  from space 5120K, 99% used [0x0000000799680000,0x0000000799b78010,0x0000000799b80000)
  to   space 47616K, 0% used [0x000000079f400000,0x000000079f400000,0x00000007a2280000)
 ParOldGen       total 164864K, used 105605K [0x0000000740000000, 0x000000074a100000, 0x0000000795580000)
  object space 164864K, 64% used [0x0000000740000000,0x00000007467215c8,0x000000074a100000)
 Metaspace       used 22946K, capacity 24484K, committed 24832K, reserved 1071104K
  class space    used 3221K, capacity 3479K, committed 3584K, reserved 1048576K

Card table byte_map: [0x0000000106967000,0x0000000106d68000] byte_map_base: 0x0000000102f67000

Marking Bits: (ParMarkBitMap*) 0x0000000105ef35d0
 Begin Bits: [0x0000000107013000, 0x0000000109013000)
 End Bits:   [0x0000000109013000, 0x000000010b013000)

Polling page: 0x0000000104d11000

CodeCache: size=245760Kb used=13348Kb max_used=13881Kb free=232411Kb
 bounds [0x00000001109be000, 0x000000011175e000, 0x000000011f9be000]
 total_blobs=4663 nmethods=3974 adapters=601
 compilation: enabled

Compilation events (10 events):
Event: 121.018 Thread 0x00007fb7128a0800 nmethod 4476 0x000000011117ea90 code [0x000000011117ec20, 0x000000011117ef28]
Event: 121.018 Thread 0x00007fb7128a0800 4477       3       java.util.Formatter$Flags::parse (67 bytes)
Event: 121.018 Thread 0x00007fb71408b000 4480       4       java.lang.String::lastIndexOf (151 bytes)
Event: 121.019 Thread 0x00007fb7128a0800 nmethod 4477 0x0000000110e13810 code [0x0000000110e13a00, 0x0000000110e141d8]
Event: 121.019 Thread 0x00007fb7128a0800 4478   !   3       java.util.Formatter$FormatSpecifier::width (59 bytes)
Event: 121.019 Thread 0x00007fb7128a0800 nmethod 4478 0x00000001111e2610 code [0x00000001111e27a0, 0x00000001111e2ad8]
Event: 121.019 Thread 0x00007fb7128a0800 4483       3       java.io.File::exists (43 bytes)
Event: 121.020 Thread 0x00007fb7128a0800 nmethod 4483 0x0000000111240a90 code [0x0000000111240c40, 0x00000001112410a8]
Event: 121.022 Thread 0x00007fb71408b000 nmethod 4480 0x0000000111371210 code [0x0000000111371380, 0x00000001113715f8]
Event: 121.022 Thread 0x00007fb71408b000 4484   !   4       sun.misc.URLClassPath$JarLoader::getResource (85 bytes)

GC Heap History (10 events):
Event: 1.561 GC heap before
{Heap before GC invocations=2 (full 0):
 PSYoungGen      total 38400K, used 37105K [0x0000000795580000, 0x0000000798000000, 0x00000007c0000000)
  eden space 33280K, 98% used [0x0000000795580000,0x0000000797578768,0x0000000797600000)
  from space 5120K, 85% used [0x0000000797600000,0x0000000797a44050,0x0000000797b00000)
  to   space 5120K, 0% used [0x0000000797b00000,0x0000000797b00000,0x0000000798000000)
 ParOldGen       total 87552K, used 80K [0x0000000740000000, 0x0000000745580000, 0x0000000795580000)
  object space 87552K, 0% used [0x0000000740000000,0x0000000740014010,0x0000000745580000)
 Metaspace       used 15095K, capacity 15818K, committed 16000K, reserved 1062912K
  class space    used 2144K, capacity 2306K, committed 2432K, reserved 1048576K
Event: 1.577 GC heap after
Heap after GC invocations=2 (full 0):
 PSYoungGen      total 38400K, used 5099K [0x0000000795580000, 0x000000079a080000, 0x00000007c0000000)
  eden space 33280K, 0% used [0x0000000795580000,0x0000000795580000,0x0000000797600000)
  from space 5120K, 99% used [0x0000000797b00000,0x0000000797ffad88,0x0000000798000000)
  to   space 5120K, 0% used [0x0000000797600000,0x0000000797600000,0x0000000797b00000)
 ParOldGen       total 87552K, used 16523K [0x0000000740000000, 0x0000000745580000, 0x0000000795580000)
  object space 87552K, 18% used [0x0000000740000000,0x0000000741022f00,0x0000000745580000)
 Metaspace       used 15095K, capacity 15818K, committed 16000K, reserved 1062912K
  class space    used 2144K, capacity 2306K, committed 2432K, reserved 1048576K
}
Event: 1.683 GC heap before
{Heap before GC invocations=3 (full 0):
 PSYoungGen      total 38400K, used 37994K [0x0000000795580000, 0x000000079a080000, 0x00000007c0000000)
  eden space 33280K, 98% used [0x0000000795580000,0x000000079759fb98,0x0000000797600000)
  from space 5120K, 99% used [0x0000000797b00000,0x0000000797ffad88,0x0000000798000000)
  to   space 5120K, 0% used [0x0000000797600000,0x0000000797600000,0x0000000797b00000)
 ParOldGen       total 87552K, used 16523K [0x0000000740000000, 0x0000000745580000, 0x0000000795580000)
  object space 87552K, 18% used [0x0000000740000000,0x0000000741022f00,0x0000000745580000)
 Metaspace       used 15096K, capacity 15818K, committed 16000K, reserved 1062912K
  class space    used 2144K, capacity 2306K, committed 2432K, reserved 1048576K
Event: 1.709 GC heap after
Heap after GC invocations=3 (full 0):
 PSYoungGen      total 38400K, used 5105K [0x0000000795580000, 0x000000079a080000, 0x00000007c0000000)
  eden space 33280K, 0% used [0x0000000795580000,0x0000000795580000,0x0000000797600000)
  from space 5120K, 99% used [0x0000000797600000,0x0000000797afc468,0x0000000797b00000)
  to   space 5120K, 0% used [0x0000000799b80000,0x0000000799b80000,0x000000079a080000)
 ParOldGen       total 87552K, used 46240K [0x0000000740000000, 0x0000000745580000, 0x0000000795580000)
  object space 87552K, 52% used [0x0000000740000000,0x0000000742d28140,0x0000000745580000)
 Metaspace       used 15096K, capacity 15818K, committed 16000K, reserved 1062912K
  class space    used 2144K, capacity 2306K, committed 2432K, reserved 1048576K
}
Event: 1.848 GC heap before
{Heap before GC invocations=4 (full 0):
 PSYoungGen      total 38400K, used 37452K [0x0000000795580000, 0x000000079a080000, 0x00000007c0000000)
  eden space 33280K, 97% used [0x0000000795580000,0x0000000797516ea0,0x0000000797600000)
  from space 5120K, 99% used [0x0000000797600000,0x0000000797afc468,0x0000000797b00000)
  to   space 5120K, 0% used [0x0000000799b80000,0x0000000799b80000,0x000000079a080000)
 ParOldGen       total 87552K, used 46240K [0x0000000740000000, 0x0000000745580000, 0x0000000795580000)
  object space 87552K, 52% used [0x0000000740000000,0x0000000742d28140,0x0000000745580000)
 Metaspace       used 15097K, capacity 15818K, committed 16000K, reserved 1062912K
  class space    used 2144K, capacity 2306K, committed 2432K, reserved 1048576K
Event: 1.866 GC heap after
Heap after GC invocations=4 (full 0):
 PSYoungGen      total 71680K, used 4128K [0x0000000795580000, 0x000000079a080000, 0x00000007c0000000)
  eden space 66560K, 0% used [0x0000000795580000,0x0000000795580000,0x0000000799680000)
  from space 5120K, 80% used [0x0000000799b80000,0x0000000799f88260,0x000000079a080000)
  to   space 5120K, 0% used [0x0000000799680000,0x0000000799680000,0x0000000799b80000)
 ParOldGen       total 87552K, used 75936K [0x0000000740000000, 0x0000000745580000, 0x0000000795580000)
  object space 87552K, 86% used [0x0000000740000000,0x0000000744a28310,0x0000000745580000)
 Metaspace       used 15097K, capacity 15818K, committed 16000K, reserved 1062912K
  class space    used 2144K, capacity 2306K, committed 2432K, reserved 1048576K
}
Event: 1.866 GC heap before
{Heap before GC invocations=5 (full 1):
 PSYoungGen      total 71680K, used 4128K [0x0000000795580000, 0x000000079a080000, 0x00000007c0000000)
  eden space 66560K, 0% used [0x0000000795580000,0x0000000795580000,0x0000000799680000)
  from space 5120K, 80% used [0x0000000799b80000,0x0000000799f88260,0x000000079a080000)
  to   space 5120K, 0% used [0x0000000799680000,0x0000000799680000,0x0000000799b80000)
 ParOldGen       total 87552K, used 75936K [0x0000000740000000, 0x0000000745580000, 0x0000000795580000)
  object space 87552K, 86% used [0x0000000740000000,0x0000000744a28310,0x0000000745580000)
 Metaspace       used 15097K, capacity 15818K, committed 16000K, reserved 1062912K
  class space    used 2144K, capacity 2306K, committed 2432K, reserved 1048576K
Event: 1.914 GC heap after
Heap after GC invocations=5 (full 1):
 PSYoungGen      total 71680K, used 0K [0x0000000795580000, 0x000000079a080000, 0x00000007c0000000)
  eden space 66560K, 0% used [0x0000000795580000,0x0000000795580000,0x0000000799680000)
  from space 5120K, 0% used [0x0000000799b80000,0x0000000799b80000,0x000000079a080000)
  to   space 5120K, 0% used [0x0000000799680000,0x0000000799680000,0x0000000799b80000)
 ParOldGen       total 164864K, used 79878K [0x0000000740000000, 0x000000074a100000, 0x0000000795580000)
  object space 164864K, 48% used [0x0000000740000000,0x0000000744e01ba0,0x000000074a100000)
 Metaspace       used 15097K, capacity 15818K, committed 16000K, reserved 1062912K
  class space    used 2144K, capacity 2306K, committed 2432K, reserved 1048576K
}
Event: 9.317 GC heap before
{Heap before GC invocations=6 (full 1):
 PSYoungGen      total 71680K, used 65585K [0x0000000795580000, 0x000000079a080000, 0x00000007c0000000)
  eden space 66560K, 98% used [0x0000000795580000,0x000000079958c780,0x0000000799680000)
  from space 5120K, 0% used [0x0000000799b80000,0x0000000799b80000,0x000000079a080000)
  to   space 5120K, 0% used [0x0000000799680000,0x0000000799680000,0x0000000799b80000)
 ParOldGen       total 164864K, used 79878K [0x0000000740000000, 0x000000074a100000, 0x0000000795580000)
  object space 164864K, 48% used [0x0000000740000000,0x0000000744e01ba0,0x000000074a100000)
 Metaspace       used 21803K, capacity 23280K, committed 23552K, reserved 1069056K
  class space    used 3193K, capacity 3469K, committed 3584K, reserved 1048576K
Event: 9.350 GC heap after
Heap after GC invocations=6 (full 1):
 PSYoungGen      total 71680K, used 5088K [0x0000000795580000, 0x00000007a2280000, 0x00000007c0000000)
  eden space 66560K, 0% used [0x0000000795580000,0x0000000795580000,0x0000000799680000)
  from space 5120K, 99% used [0x0000000799680000,0x0000000799b78010,0x0000000799b80000)
  to   space 47616K, 0% used [0x000000079f400000,0x000000079f400000,0x00000007a2280000)
 ParOldGen       total 164864K, used 105605K [0x0000000740000000, 0x000000074a100000, 0x0000000795580000)
  object space 164864K, 64% used [0x0000000740000000,0x00000007467215c8,0x000000074a100000)
 Metaspace       used 21803K, capacity 23280K, committed 23552K, reserved 1069056K
  class space    used 3193K, capacity 3469K, committed 3584K, reserved 1048576K
}

Deoptimization events (10 events):
Event: 98.956 Thread 0x00007fb713943000 Uncommon trap: reason=unstable_if action=reinterpret pc=0x000000011171f45c method=javafx.scene.layout.Region.widthChanged(D)V @ 6
Event: 98.957 Thread 0x00007fb713943000 Uncommon trap: reason=unstable_if action=reinterpret pc=0x00000001117418ec method=javafx.scene.layout.Region.widthChanged(D)V @ 6
Event: 98.957 Thread 0x00007fb713943000 Uncommon trap: reason=unstable_if action=reinterpret pc=0x000000011173fa6c method=javafx.scene.layout.Region.heightChanged(D)V @ 6
Event: 98.957 Thread 0x00007fb713943000 Uncommon trap: reason=class_check action=maybe_recompile pc=0x00000001116e2bb0 method=javafx.scene.Parent.prefWidth(D)D @ 24
Event: 98.957 Thread 0x00007fb713943000 Uncommon trap: reason=class_check action=maybe_recompile pc=0x00000001116e2bb0 method=javafx.scene.Parent.prefWidth(D)D @ 24
Event: 98.957 Thread 0x00007fb713943000 Uncommon trap: reason=bimorphic action=maybe_recompile pc=0x00000001116e6f48 method=javafx.scene.Node.updateBounds()V @ 77
Event: 98.957 Thread 0x00007fb713943000 Uncommon trap: reason=unstable_if action=reinterpret pc=0x0000000110f611e4 method=javafx.scene.Scene$ScenePulseListener.synchronizeSceneNodes()V @ 90
Event: 98.958 Thread 0x00007fb713943000 Uncommon trap: reason=unstable_if action=reinterpret pc=0x0000000110c2b0e4 method=com.sun.javafx.geom.RectBounds.equals(Ljava/lang/Object;)Z @ 61
Event: 118.577 Thread 0x00007fb713915800 Uncommon trap: reason=class_check action=maybe_recompile pc=0x0000000110ef2924 method=com.sun.javafx.sg.prism.NGNode.accumulateGroupDirtyRegion(Lcom/sun/javafx/geom/RectBounds;Lcom/sun/javafx/geom/RectBounds;Lcom/sun/javafx/geom/DirtyRegionPool;Lcom/sun/j
Event: 118.994 Thread 0x00007fb713915800 Uncommon trap: reason=class_check action=maybe_recompile pc=0x0000000110ef2924 method=com.sun.javafx.sg.prism.NGNode.accumulateGroupDirtyRegion(Lcom/sun/javafx/geom/RectBounds;Lcom/sun/javafx/geom/RectBounds;Lcom/sun/javafx/geom/DirtyRegionPool;Lcom/sun/j

Internal exceptions (10 events):
Event: 2.463 Thread 0x00007fb713943000 Exception <a 'java/io/FileNotFoundException'> (0x000000079723ac68) thrown at [/Users/java_re/workspace/8-2-build-macosx-x86_64/jdk8u144/9417/hotspot/src/share/vm/prims/jni.cpp, line 709]
Event: 2.465 Thread 0x00007fb713943000 Exception <a 'java/io/FileNotFoundException'> (0x00000007972508c8) thrown at [/Users/java_re/workspace/8-2-build-macosx-x86_64/jdk8u144/9417/hotspot/src/share/vm/prims/jni.cpp, line 709]
Event: 2.469 Thread 0x00007fb713943000 Implicit null exception at 0x0000000110c84e2f to 0x0000000110c84e99
Event: 2.859 Thread 0x00007fb713943000 Exception <a 'java/io/FileNotFoundException'> (0x0000000797ab7b28) thrown at [/Users/java_re/workspace/8-2-build-macosx-x86_64/jdk8u144/9417/hotspot/src/share/vm/prims/jni.cpp, line 709]
Event: 2.861 Thread 0x00007fb713943000 Exception <a 'java/io/FileNotFoundException'> (0x0000000797ac86b0) thrown at [/Users/java_re/workspace/8-2-build-macosx-x86_64/jdk8u144/9417/hotspot/src/share/vm/prims/jni.cpp, line 709]
Event: 2.863 Thread 0x00007fb713943000 Exception <a 'java/io/FileNotFoundException'> (0x0000000797ad9a40) thrown at [/Users/java_re/workspace/8-2-build-macosx-x86_64/jdk8u144/9417/hotspot/src/share/vm/prims/jni.cpp, line 709]
Event: 2.865 Thread 0x00007fb713943000 Exception <a 'java/io/FileNotFoundException'> (0x0000000797aeaa08) thrown at [/Users/java_re/workspace/8-2-build-macosx-x86_64/jdk8u144/9417/hotspot/src/share/vm/prims/jni.cpp, line 709]
Event: 3.002 Thread 0x00007fb713943000 Implicit null exception at 0x00000001110abbd1 to 0x00000001110ac17d
Event: 9.175 Thread 0x00007fb714367000 Exception <a 'java/lang/NoClassDefFoundError': org/apache/log4j/Category> (0x0000000798effd50) thrown at [/Users/java_re/workspace/8-2-build-macosx-x86_64/jdk8u144/9417/hotspot/src/share/vm/classfile/systemDictionary.cpp, line 199]
Event: 9.187 Thread 0x00007fb714367000 Exception <a 'java/lang/UnsatisfiedLinkError': com.intel.bluetooth.BluetoothStackOSX.isNativeCodeLoaded()Z> (0x00000007990b52c0) thrown at [/Users/java_re/workspace/8-2-build-macosx-x86_64/jdk8u144/9417/hotspot/src/share/vm/prims/nativeLookup.cpp, line 37

Events (10 events):
Event: 121.019 loading class com/intel/bluetooth/BluetoothRFCommClientConnection
Event: 121.019 loading class com/intel/bluetooth/BluetoothRFCommClientConnection done
Event: 121.020 loading class com/intel/bluetooth/BluetoothRFCommConnection
Event: 121.020 loading class com/intel/bluetooth/BluetoothRFCommConnection done
Event: 121.020 loading class com/intel/bluetooth/BluetoothConnectionAccess
Event: 121.020 loading class com/intel/bluetooth/BluetoothConnectionAccess done
Event: 121.021 loading class com/intel/bluetooth/BluetoothRFCommOutputStream
Event: 121.021 loading class com/intel/bluetooth/BluetoothRFCommOutputStream done
Event: 121.022 loading class com/intel/bluetooth/BluetoothRFCommInputStream
Event: 121.022 loading class com/intel/bluetooth/BluetoothRFCommInputStream done


Dynamic libraries:
0x0000000028fdd000 	/System/Library/Frameworks/Cocoa.framework/Versions/A/Cocoa
0x0000000028fdd000 	/System/Library/Frameworks/Security.framework/Versions/A/Security
0x0000000028fdd000 	/System/Library/Frameworks/ApplicationServices.framework/Versions/A/ApplicationServices
0x0000000028fdd000 	/usr/lib/libz.1.dylib
0x0000000028fdd000 	/usr/lib/libSystem.B.dylib
0x0000000028fdd000 	/usr/lib/libobjc.A.dylib
0x0000000028fdd000 	/System/Library/Frameworks/CoreFoundation.framework/Versions/A/CoreFoundation
0x0000000028fdd000 	/System/Library/Frameworks/Foundation.framework/Versions/C/Foundation
0x0000000028fdd000 	/System/Library/Frameworks/AppKit.framework/Versions/C/AppKit
0x0000000028fdd000 	/System/Library/Frameworks/CoreData.framework/Versions/A/CoreData
0x0000000028fdd000 	/System/Library/PrivateFrameworks/RemoteViewServices.framework/Versions/A/RemoteViewServices
0x0000000028fdd000 	/System/Library/PrivateFrameworks/UIFoundation.framework/Versions/A/UIFoundation
0x0000000028fdd000 	/System/Library/PrivateFrameworks/DFRFoundation.framework/Versions/A/DFRFoundation
0x0000000028fdd000 	/usr/lib/libenergytrace.dylib
0x0000000028fdd000 	/System/Library/PrivateFrameworks/SkyLight.framework/Versions/A/SkyLight
0x0000000028fdd000 	/System/Library/Frameworks/CoreGraphics.framework/Versions/A/CoreGraphics
0x0000000028fdd000 	/usr/lib/libScreenReader.dylib
0x0000000028fdd000 	/System/Library/Frameworks/Accelerate.framework/Versions/A/Accelerate
0x0000000028fdd000 	/System/Library/Frameworks/IOSurface.framework/Versions/A/IOSurface
0x0000000028fdd000 	/System/Library/Frameworks/AudioToolbox.framework/Versions/A/AudioToolbox
0x0000000028fdd000 	/System/Library/Frameworks/AudioUnit.framework/Versions/A/AudioUnit
0x0000000028fdd000 	/System/Library/PrivateFrameworks/DataDetectorsCore.framework/Versions/A/DataDetectorsCore
0x0000000028fdd000 	/System/Library/PrivateFrameworks/DesktopServicesPriv.framework/Versions/A/DesktopServicesPriv
0x0000000028fdd000 	/System/Library/Frameworks/Carbon.framework/Versions/A/Frameworks/HIToolbox.framework/Versions/A/HIToolbox
0x0000000028fdd000 	/usr/lib/libicucore.A.dylib
0x0000000028fdd000 	/System/Library/Frameworks/QuartzCore.framework/Versions/A/QuartzCore
0x0000000028fdd000 	/System/Library/Frameworks/Carbon.framework/Versions/A/Frameworks/SpeechRecognition.framework/Versions/A/SpeechRecognition
0x0000000028fdd000 	/usr/lib/libauto.dylib
0x0000000028fdd000 	/usr/lib/libxml2.2.dylib
0x0000000028fdd000 	/System/Library/PrivateFrameworks/CoreUI.framework/Versions/A/CoreUI
0x0000000028fdd000 	/System/Library/Frameworks/CoreAudio.framework/Versions/A/CoreAudio
0x0000000028fdd000 	/System/Library/Frameworks/DiskArbitration.framework/Versions/A/DiskArbitration
0x0000000028fdd000 	/usr/lib/liblangid.dylib
0x0000000028fdd000 	/System/Library/PrivateFrameworks/MultitouchSupport.framework/Versions/A/MultitouchSupport
0x0000000028fdd000 	/System/Library/Frameworks/IOKit.framework/Versions/A/IOKit
0x0000000028fdd000 	/usr/lib/libDiagnosticMessagesClient.dylib
0x0000000028fdd000 	/System/Library/Frameworks/CoreServices.framework/Versions/A/CoreServices
0x0000000028fdd000 	/System/Library/PrivateFrameworks/PerformanceAnalysis.framework/Versions/A/PerformanceAnalysis
0x0000000028fdd000 	/System/Library/PrivateFrameworks/GenerationalStorage.framework/Versions/A/GenerationalStorage
0x0000000028fdd000 	/System/Library/Frameworks/OpenGL.framework/Versions/A/OpenGL
0x0000000028fdd000 	/System/Library/Frameworks/CoreImage.framework/Versions/A/CoreImage
0x0000000028fdd000 	/System/Library/Frameworks/CoreText.framework/Versions/A/CoreText
0x0000000028fdd000 	/System/Library/Frameworks/ImageIO.framework/Versions/A/ImageIO
0x0000000028fdd000 	/System/Library/PrivateFrameworks/Backup.framework/Versions/A/Backup
0x0000000028fdd000 	/usr/lib/libarchive.2.dylib
0x0000000028fdd000 	/System/Library/Frameworks/CFNetwork.framework/Versions/A/CFNetwork
0x0000000028fdd000 	/System/Library/Frameworks/SystemConfiguration.framework/Versions/A/SystemConfiguration
0x0000000028fdd000 	/usr/lib/libCRFSuite.dylib
0x0000000028fdd000 	/usr/lib/libc++.1.dylib
0x0000000028fdd000 	/usr/lib/libc++abi.dylib
0x0000000028fdd000 	/usr/lib/system/libcache.dylib
0x0000000028fdd000 	/usr/lib/system/libcommonCrypto.dylib
0x0000000028fdd000 	/usr/lib/system/libcompiler_rt.dylib
0x0000000028fdd000 	/usr/lib/system/libcopyfile.dylib
0x0000000028fdd000 	/usr/lib/system/libcorecrypto.dylib
0x0000000028fdd000 	/usr/lib/system/libdispatch.dylib
0x0000000028fdd000 	/usr/lib/system/libdyld.dylib
0x0000000028fdd000 	/usr/lib/system/libkeymgr.dylib
0x0000000028fdd000 	/usr/lib/system/liblaunch.dylib
0x0000000028fdd000 	/usr/lib/system/libmacho.dylib
0x0000000028fdd000 	/usr/lib/system/libquarantine.dylib
0x0000000028fdd000 	/usr/lib/system/libremovefile.dylib
0x0000000028fdd000 	/usr/lib/system/libsystem_asl.dylib
0x0000000028fdd000 	/usr/lib/system/libsystem_blocks.dylib
0x0000000028fdd000 	/usr/lib/system/libsystem_c.dylib
0x0000000028fdd000 	/usr/lib/system/libsystem_configuration.dylib
0x0000000028fdd000 	/usr/lib/system/libsystem_coreservices.dylib
0x0000000028fdd000 	/usr/lib/system/libsystem_coretls.dylib
0x0000000028fdd000 	/usr/lib/system/libsystem_dnssd.dylib
0x0000000028fdd000 	/usr/lib/system/libsystem_info.dylib
0x0000000028fdd000 	/usr/lib/system/libsystem_kernel.dylib
0x0000000028fdd000 	/usr/lib/system/libsystem_m.dylib
0x0000000028fdd000 	/usr/lib/system/libsystem_malloc.dylib
0x0000000028fdd000 	/usr/lib/system/libsystem_network.dylib
0x0000000028fdd000 	/usr/lib/system/libsystem_networkextension.dylib
0x0000000028fdd000 	/usr/lib/system/libsystem_notify.dylib
0x0000000028fdd000 	/usr/lib/system/libsystem_platform.dylib
0x0000000028fdd000 	/usr/lib/system/libsystem_pthread.dylib
0x0000000028fdd000 	/usr/lib/system/libsystem_sandbox.dylib
0x0000000028fdd000 	/usr/lib/system/libsystem_secinit.dylib
0x0000000028fdd000 	/usr/lib/system/libsystem_symptoms.dylib
0x0000000028fdd000 	/usr/lib/system/libsystem_trace.dylib
0x0000000028fdd000 	/usr/lib/system/libunwind.dylib
0x0000000028fdd000 	/usr/lib/system/libxpc.dylib
0x0000000028fdd000 	/usr/lib/libbsm.0.dylib
0x0000000028fdd000 	/usr/lib/system/libkxld.dylib
0x0000000028fdd000 	/usr/lib/libcoretls.dylib
0x0000000028fdd000 	/usr/lib/libcoretls_cfhelpers.dylib
0x0000000028fdd000 	/usr/lib/libOpenScriptingUtil.dylib
0x0000000028fdd000 	/usr/lib/libpam.2.dylib
0x0000000028fdd000 	/usr/lib/libsqlite3.dylib
0x0000000028fdd000 	/usr/lib/libxar.1.dylib
0x0000000028fdd000 	/usr/lib/libbz2.1.0.dylib
0x0000000028fdd000 	/usr/lib/liblzma.5.dylib
0x0000000028fdd000 	/usr/lib/libnetwork.dylib
0x0000000028fdd000 	/usr/lib/libpcap.A.dylib
0x0000000028fdd000 	/System/Library/Frameworks/CoreServices.framework/Versions/A/Frameworks/FSEvents.framework/Versions/A/FSEvents
0x0000000028fdd000 	/System/Library/Frameworks/CoreServices.framework/Versions/A/Frameworks/CarbonCore.framework/Versions/A/CarbonCore
0x0000000028fdd000 	/System/Library/Frameworks/CoreServices.framework/Versions/A/Frameworks/Metadata.framework/Versions/A/Metadata
0x0000000028fdd000 	/System/Library/Frameworks/CoreServices.framework/Versions/A/Frameworks/OSServices.framework/Versions/A/OSServices
0x0000000028fdd000 	/System/Library/Frameworks/CoreServices.framework/Versions/A/Frameworks/SearchKit.framework/Versions/A/SearchKit
0x0000000028fdd000 	/System/Library/Frameworks/CoreServices.framework/Versions/A/Frameworks/AE.framework/Versions/A/AE
0x0000000028fdd000 	/System/Library/Frameworks/CoreServices.framework/Versions/A/Frameworks/LaunchServices.framework/Versions/A/LaunchServices
0x0000000028fdd000 	/System/Library/Frameworks/CoreServices.framework/Versions/A/Frameworks/DictionaryServices.framework/Versions/A/DictionaryServices
0x0000000028fdd000 	/System/Library/Frameworks/CoreServices.framework/Versions/A/Frameworks/SharedFileList.framework/Versions/A/SharedFileList
0x0000000028fdd000 	/System/Library/Frameworks/NetFS.framework/Versions/A/NetFS
0x0000000028fdd000 	/System/Library/PrivateFrameworks/NetAuth.framework/Versions/A/NetAuth
0x0000000028fdd000 	/System/Library/PrivateFrameworks/login.framework/Versions/A/Frameworks/loginsupport.framework/Versions/A/loginsupport
0x0000000028fdd000 	/System/Library/PrivateFrameworks/TCC.framework/Versions/A/TCC
0x0000000028fdd000 	/usr/lib/libmecabra.dylib
0x0000000028fdd000 	/System/Library/Frameworks/ApplicationServices.framework/Versions/A/Frameworks/ATS.framework/Versions/A/ATS
0x0000000028fdd000 	/System/Library/Frameworks/ApplicationServices.framework/Versions/A/Frameworks/ColorSync.framework/Versions/A/ColorSync
0x0000000028fdd000 	/System/Library/Frameworks/ApplicationServices.framework/Versions/A/Frameworks/HIServices.framework/Versions/A/HIServices
0x0000000028fdd000 	/System/Library/Frameworks/ApplicationServices.framework/Versions/A/Frameworks/LangAnalysis.framework/Versions/A/LangAnalysis
0x0000000028fdd000 	/System/Library/Frameworks/ApplicationServices.framework/Versions/A/Frameworks/PrintCore.framework/Versions/A/PrintCore
0x0000000028fdd000 	/System/Library/Frameworks/ApplicationServices.framework/Versions/A/Frameworks/QD.framework/Versions/A/QD
0x0000000028fdd000 	/System/Library/Frameworks/ApplicationServices.framework/Versions/A/Frameworks/SpeechSynthesis.framework/Versions/A/SpeechSynthesis
0x0000000028fdd000 	/System/Library/Frameworks/Accelerate.framework/Versions/A/Frameworks/vImage.framework/Versions/A/vImage
0x0000000028fdd000 	/System/Library/Frameworks/Accelerate.framework/Versions/A/Frameworks/vecLib.framework/Versions/A/vecLib
0x0000000028fdd000 	/System/Library/Frameworks/Accelerate.framework/Versions/A/Frameworks/vecLib.framework/Versions/A/libvDSP.dylib
0x0000000028fdd000 	/System/Library/Frameworks/Accelerate.framework/Versions/A/Frameworks/vecLib.framework/Versions/A/libBNNS.dylib
0x0000000028fdd000 	/System/Library/Frameworks/Accelerate.framework/Versions/A/Frameworks/vecLib.framework/Versions/A/libQuadrature.dylib
0x0000000028fdd000 	/System/Library/Frameworks/Accelerate.framework/Versions/A/Frameworks/vecLib.framework/Versions/A/libvMisc.dylib
0x0000000028fdd000 	/System/Library/Frameworks/Accelerate.framework/Versions/A/Frameworks/vecLib.framework/Versions/A/libLAPACK.dylib
0x0000000028fdd000 	/System/Library/Frameworks/Accelerate.framework/Versions/A/Frameworks/vecLib.framework/Versions/A/libBLAS.dylib
0x0000000028fdd000 	/System/Library/Frameworks/Accelerate.framework/Versions/A/Frameworks/vecLib.framework/Versions/A/libLinearAlgebra.dylib
0x0000000028fdd000 	/System/Library/Frameworks/Accelerate.framework/Versions/A/Frameworks/vecLib.framework/Versions/A/libSparseBLAS.dylib
0x0000000028fdd000 	/System/Library/Frameworks/ApplicationServices.framework/Versions/A/Frameworks/ATS.framework/Versions/A/Resources/libFontParser.dylib
0x0000000028fdd000 	/System/Library/Frameworks/ApplicationServices.framework/Versions/A/Frameworks/ATS.framework/Versions/A/Resources/libFontRegistry.dylib
0x0000000028fdd000 	/System/Library/Frameworks/ImageIO.framework/Versions/A/Resources/libJPEG.dylib
0x0000000028fdd000 	/System/Library/Frameworks/ImageIO.framework/Versions/A/Resources/libTIFF.dylib
0x0000000028fdd000 	/System/Library/Frameworks/ImageIO.framework/Versions/A/Resources/libPng.dylib
0x0000000028fdd000 	/System/Library/Frameworks/ImageIO.framework/Versions/A/Resources/libGIF.dylib
0x0000000028fdd000 	/System/Library/Frameworks/ImageIO.framework/Versions/A/Resources/libJP2.dylib
0x0000000028fdd000 	/System/Library/Frameworks/ImageIO.framework/Versions/A/Resources/libRadiance.dylib
0x0000000028fdd000 	/usr/lib/libcompression.dylib
0x0000000028fdd000 	/System/Library/PrivateFrameworks/AppleJPEG.framework/Versions/A/AppleJPEG
0x0000000028fdd000 	/usr/lib/libcups.2.dylib
0x0000000028fdd000 	/System/Library/Frameworks/Kerberos.framework/Versions/A/Kerberos
0x0000000028fdd000 	/System/Library/Frameworks/GSS.framework/Versions/A/GSS
0x0000000028fdd000 	/usr/lib/libresolv.9.dylib
0x0000000028fdd000 	/usr/lib/libiconv.2.dylib
0x0000000028fdd000 	/System/Library/PrivateFrameworks/Heimdal.framework/Versions/A/Heimdal
0x0000000028fdd000 	/usr/lib/libheimdal-asn1.dylib
0x0000000028fdd000 	/System/Library/Frameworks/OpenDirectory.framework/Versions/A/OpenDirectory
0x0000000028fdd000 	/System/Library/PrivateFrameworks/CommonAuth.framework/Versions/A/CommonAuth
0x0000000028fdd000 	/System/Library/Frameworks/OpenDirectory.framework/Versions/A/Frameworks/CFOpenDirectory.framework/Versions/A/CFOpenDirectory
0x0000000028fdd000 	/System/Library/Frameworks/SecurityFoundation.framework/Versions/A/SecurityFoundation
0x0000000028fdd000 	/System/Library/PrivateFrameworks/LanguageModeling.framework/Versions/A/LanguageModeling
0x0000000028fdd000 	/usr/lib/libmarisa.dylib
0x0000000028fdd000 	/usr/lib/libChineseTokenizer.dylib
0x0000000028fdd000 	/usr/lib/libcmph.dylib
0x0000000028fdd000 	/System/Library/PrivateFrameworks/CoreEmoji.framework/Versions/A/CoreEmoji
0x0000000028fdd000 	/System/Library/Frameworks/ServiceManagement.framework/Versions/A/ServiceManagement
0x0000000028fdd000 	/usr/lib/libxslt.1.dylib
0x0000000028fdd000 	/System/Library/Frameworks/Carbon.framework/Versions/A/Frameworks/Ink.framework/Versions/A/Ink
0x0000000028fdd000 	/System/Library/PrivateFrameworks/TextureIO.framework/Versions/A/TextureIO
0x0000000028fdd000 	/System/Library/Frameworks/Metal.framework/Versions/A/Metal
0x0000000028fdd000 	/usr/lib/libate.dylib
0x0000000028fdd000 	/System/Library/PrivateFrameworks/GPUCompiler.framework/libmetal_timestamp.dylib
0x0000000028fdd000 	/System/Library/Frameworks/OpenGL.framework/Versions/A/Libraries/libCoreFSCache.dylib
0x0000000028fdd000 	/System/Library/PrivateFrameworks/IOAccelerator.framework/Versions/A/IOAccelerator
0x0000000028fdd000 	/System/Library/Frameworks/CoreVideo.framework/Versions/A/CoreVideo
0x0000000028fdd000 	/usr/lib/libFosl_dynamic.dylib
0x0000000028fdd000 	/System/Library/PrivateFrameworks/MetalPerformanceShaders.framework/Versions/A/MetalPerformanceShaders
0x0000000028fdd000 	/System/Library/PrivateFrameworks/FaceCore.framework/Versions/A/FaceCore
0x0000000028fdd000 	/System/Library/Frameworks/OpenCL.framework/Versions/A/OpenCL
0x0000000028fdd000 	/System/Library/Frameworks/OpenGL.framework/Versions/A/Libraries/libGLU.dylib
0x0000000028fdd000 	/System/Library/Frameworks/OpenGL.framework/Versions/A/Libraries/libGFXShared.dylib
0x0000000028fdd000 	/System/Library/Frameworks/OpenGL.framework/Versions/A/Libraries/libGL.dylib
0x0000000028fdd000 	/System/Library/Frameworks/OpenGL.framework/Versions/A/Libraries/libGLImage.dylib
0x0000000028fdd000 	/System/Library/Frameworks/OpenGL.framework/Versions/A/Libraries/libCVMSPluginSupport.dylib
0x0000000028fdd000 	/System/Library/Frameworks/OpenGL.framework/Versions/A/Libraries/libCoreVMClient.dylib
0x0000000028fdd000 	/System/Library/PrivateFrameworks/CrashReporterSupport.framework/Versions/A/CrashReporterSupport
0x0000000028fdd000 	/System/Library/PrivateFrameworks/Sharing.framework/Versions/A/Sharing
0x0000000028fdd000 	/System/Library/PrivateFrameworks/IconServices.framework/Versions/A/IconServices
0x0000000028fdd000 	/System/Library/PrivateFrameworks/ProtocolBuffer.framework/Versions/A/ProtocolBuffer
0x0000000028fdd000 	/System/Library/PrivateFrameworks/Apple80211.framework/Versions/A/Apple80211
0x0000000028fdd000 	/System/Library/Frameworks/CoreWLAN.framework/Versions/A/CoreWLAN
0x0000000028fdd000 	/System/Library/PrivateFrameworks/CoreUtils.framework/Versions/A/CoreUtils
0x0000000028fdd000 	/System/Library/Frameworks/IOBluetooth.framework/Versions/A/IOBluetooth
0x0000000028fdd000 	/System/Library/PrivateFrameworks/CoreWiFi.framework/Versions/A/CoreWiFi
0x0000000028fdd000 	/System/Library/Frameworks/CoreBluetooth.framework/Versions/A/CoreBluetooth
0x0000000028fdd000 	/System/Library/Frameworks/CoreDisplay.framework/Versions/A/CoreDisplay
0x0000000028fdd000 	/System/Library/PrivateFrameworks/IOPresentment.framework/Versions/A/IOPresentment
0x0000000028fdd000 	/System/Library/PrivateFrameworks/DSExternalDisplay.framework/Versions/A/DSExternalDisplay
0x0000000028fdd000 	/System/Library/PrivateFrameworks/DebugSymbols.framework/Versions/A/DebugSymbols
0x0000000028fdd000 	/System/Library/PrivateFrameworks/CoreSymbolication.framework/Versions/A/CoreSymbolication
0x0000000028fdd000 	/System/Library/PrivateFrameworks/Symbolication.framework/Versions/A/Symbolication
0x0000000028fdd000 	/System/Library/PrivateFrameworks/AppleFSCompression.framework/Versions/A/AppleFSCompression
0x0000000028fdd000 	/System/Library/PrivateFrameworks/SpeechRecognitionCore.framework/Versions/A/SpeechRecognitionCore
0x0000000028fdd000 	/System/Library/PrivateFrameworks/ChunkingLibrary.framework/Versions/A/ChunkingLibrary
0x0000000105600000 	/Library/Java/JavaVirtualMachines/jdk1.8.0_144.jdk/Contents/Home/jre/lib/server/libjvm.dylib
0x0000000028fdd000 	/usr/lib/libstdc++.6.dylib
0x0000000104cce000 	/Library/Java/JavaVirtualMachines/jdk1.8.0_144.jdk/Contents/Home/jre/lib/libverify.dylib
0x0000000104cdc000 	/Library/Java/JavaVirtualMachines/jdk1.8.0_144.jdk/Contents/Home/jre/lib/libjava.dylib
0x0000000104d12000 	/Library/Java/JavaVirtualMachines/jdk1.8.0_144.jdk/Contents/Home/jre/lib/libinstrument.dylib
0x0000000104d70000 	/Library/Java/JavaVirtualMachines/jdk1.8.0_144.jdk/Contents/Home/jre/lib/libzip.dylib
0x000000010ce60000 	/System/Library/Frameworks/JavaVM.framework/Frameworks/JavaRuntimeSupport.framework/JavaRuntimeSupport
0x000000010ce7a000 	/System/Library/Frameworks/JavaVM.framework/Versions/A/Frameworks/JavaNativeFoundation.framework/Versions/A/JavaNativeFoundation
0x000000010ce8f000 	/System/Library/Frameworks/JavaVM.framework/Versions/A/JavaVM
0x0000000028fdd000 	/System/Library/Frameworks/Carbon.framework/Versions/A/Carbon
0x000000010ce9c000 	/System/Library/PrivateFrameworks/JavaLaunching.framework/Versions/A/JavaLaunching
0x0000000028fdd000 	/System/Library/Frameworks/Carbon.framework/Versions/A/Frameworks/CommonPanels.framework/Versions/A/CommonPanels
0x0000000028fdd000 	/System/Library/Frameworks/Carbon.framework/Versions/A/Frameworks/Help.framework/Versions/A/Help
0x0000000028fdd000 	/System/Library/Frameworks/Carbon.framework/Versions/A/Frameworks/ImageCapture.framework/Versions/A/ImageCapture
0x0000000028fdd000 	/System/Library/Frameworks/Carbon.framework/Versions/A/Frameworks/OpenScripting.framework/Versions/A/OpenScripting
0x0000000028fdd000 	/System/Library/Frameworks/Carbon.framework/Versions/A/Frameworks/Print.framework/Versions/A/Print
0x0000000028fdd000 	/System/Library/Frameworks/Carbon.framework/Versions/A/Frameworks/SecurityHI.framework/Versions/A/SecurityHI
0x000000010e91c000 	/Library/Java/JavaVirtualMachines/jdk1.8.0_144.jdk/Contents/Home/jre/lib/libnet.dylib
0x000000010ea11000 	/Library/Java/JavaVirtualMachines/jdk1.8.0_144.jdk/Contents/Home/jre/lib/libprism_es2.dylib
0x000000010ea77000 	/System/Library/Frameworks/OpenGL.framework/Resources/GLEngine.bundle/GLEngine
0x0000000028fdd000 	/System/Library/Frameworks/OpenGL.framework/Versions/A/Libraries/libGLProgrammability.dylib
0x000000010ec5c000 	/System/Library/Extensions/AppleIntelSKLGraphicsGLDriver.bundle/Contents/MacOS/AppleIntelSKLGraphicsGLDriver
0x0000000028fdd000 	/System/Library/PrivateFrameworks/GPUSupport.framework/Versions/A/Libraries/libGPUSupportMercury.dylib
0x000000010f9e4000 	/System/Library/Frameworks/OpenGL.framework/Resources//GLRendererFloat.bundle/GLRendererFloat
0x0000000028fdd000 	/System/Library/Frameworks/OpenCL.framework/Versions/A/Libraries/libcldcpuengine.dylib
0x0000000028fdd000 	/usr/lib/libcrypto.0.9.8.dylib
0x0000000028fdd000 	/System/Library/PrivateFrameworks/TrustEvaluationAgent.framework/Versions/A/TrustEvaluationAgent
0x000000010fe07000 	/Library/Java/JavaVirtualMachines/jdk1.8.0_144.jdk/Contents/Home/jre/lib/libglass.dylib
0x0000000028fdd000 	/System/Library/PrivateFrameworks/CoreServicesInternal.framework/Versions/A/CoreServicesInternal
0x0000000028fdd000 	/System/Library/CoreServices/RawCamera.bundle/Contents/MacOS/RawCamera
0x0000000028fdd000 	/System/Library/Frameworks/Accelerate.framework/Versions/A/Frameworks/vImage.framework/Versions/A/Libraries/libCGInterfaces.dylib
0x0000000028fdd000 	/System/Library/PrivateFrameworks/FamilyControls.framework/Versions/A/FamilyControls
0x0000000028fdd000 	/System/Library/PrivateFrameworks/CommerceKit.framework/Versions/A/Frameworks/CommerceCore.framework/Versions/A/CommerceCore
0x0000000028fdd000 	/System/Library/PrivateFrameworks/SystemAdministration.framework/Versions/A/SystemAdministration
0x0000000028fdd000 	/System/Library/PrivateFrameworks/AppContainer.framework/Versions/A/AppContainer
0x0000000028fdd000 	/System/Library/PrivateFrameworks/SecCodeWrapper.framework/Versions/A/SecCodeWrapper
0x0000000028fdd000 	/System/Library/Frameworks/DirectoryService.framework/Versions/A/DirectoryService
0x0000000028fdd000 	/System/Library/PrivateFrameworks/DiskImages.framework/Versions/A/DiskImages
0x0000000028fdd000 	/System/Library/PrivateFrameworks/LoginUIKit.framework/Versions/A/Frameworks/LoginUICore.framework/Versions/A/LoginUICore
0x0000000028fdd000 	/usr/lib/libCoreStorage.dylib
0x0000000028fdd000 	/usr/lib/libcsfde.dylib
0x0000000028fdd000 	/usr/lib/libodfde.dylib
0x0000000028fdd000 	/System/Library/Frameworks/DiscRecording.framework/Versions/A/DiscRecording
0x0000000028fdd000 	/usr/lib/libcurl.4.dylib
0x0000000028fdd000 	/System/Library/PrivateFrameworks/MediaKit.framework/Versions/A/MediaKit
0x0000000028fdd000 	/System/Library/PrivateFrameworks/ProtectedCloudStorage.framework/Versions/A/ProtectedCloudStorage
0x0000000028fdd000 	/System/Library/PrivateFrameworks/EFILogin.framework/Versions/A/EFILogin
0x0000000028fdd000 	/usr/lib/libutil.dylib
0x0000000028fdd000 	/System/Library/Frameworks/LDAP.framework/Versions/A/LDAP
0x0000000028fdd000 	/usr/lib/libsasl2.2.dylib
0x0000000028fdd000 	/System/Library/PrivateFrameworks/CoreDaemon.framework/Versions/B/CoreDaemon
0x0000000028fdd000 	/System/Library/PrivateFrameworks/AppleSRP.framework/Versions/A/AppleSRP
0x0000000028fdd000 	/System/Library/PrivateFrameworks/APFS.framework/Versions/A/APFS
0x00000001225ab000 	/Library/Java/JavaVirtualMachines/jdk1.8.0_144.jdk/Contents/Home/jre/lib/libjavafx_font.dylib
0x0000000028fdd000 	/System/Library/Frameworks/ApplicationServices.framework/Versions/A/Frameworks/ATS.framework/Versions/A/Resources/libTrueTypeScaler.dylib
0x00000001265fb000 	/System/Library/Extensions/AppleIntelSKLGraphicsMTLDriver.bundle/Contents/MacOS/AppleIntelSKLGraphicsMTLDriver
0x0000000028fdd000 	/System/Library/PrivateFrameworks/ViewBridge.framework/Versions/A/ViewBridge
0x0000000028fdd000 	/System/Library/PrivateFrameworks/XPCService.framework/Versions/A/XPCService
0x0000000028fdd000 	/System/Library/PrivateFrameworks/AppSandbox.framework/Versions/A/AppSandbox
0x0000000028fdd000 	/usr/lib/libsandbox.1.dylib
0x0000000028fdd000 	/usr/lib/libMatch.1.dylib
0x00000001267ae000 	/Library/Java/JavaVirtualMachines/jdk1.8.0_144.jdk/Contents/Home/jre/lib/libprism_common.dylib
0x000000012ddaa000 	/private/var/folders/mc/drkjmxf92tn7vspsjqxjqyzh0000gq/T/bluecove_patrick.wigger_0/libbluecove.jnilib

VM Arguments:
jvm_args: -javaagent:/Applications/IntelliJ IDEA.app/Contents/lib/idea_rt.jar=52595:/Applications/IntelliJ IDEA.app/Contents/bin -Dfile.encoding=UTF-8 
java_command: FrvaApp
java_class_path (initial): /Library/Java/JavaVirtualMachines/jdk1.8.0_144.jdk/Contents/Home/jre/lib/charsets.jar:/Library/Java/JavaVirtualMachines/jdk1.8.0_144.jdk/Contents/Home/jre/lib/deploy.jar:/Library/Java/JavaVirtualMachines/jdk1.8.0_144.jdk/Contents/Home/jre/lib/ext/cldrdata.jar:/Library/Java/JavaVirtualMachines/jdk1.8.0_144.jdk/Contents/Home/jre/lib/ext/comm.jar:/Library/Java/JavaVirtualMachines/jdk1.8.0_144.jdk/Contents/Home/jre/lib/ext/dnsns.jar:/Library/Java/JavaVirtualMachines/jdk1.8.0_144.jdk/Contents/Home/jre/lib/ext/jaccess.jar:/Library/Java/JavaVirtualMachines/jdk1.8.0_144.jdk/Contents/Home/jre/lib/ext/jfxrt.jar:/Library/Java/JavaVirtualMachines/jdk1.8.0_144.jdk/Contents/Home/jre/lib/ext/localedata.jar:/Library/Java/JavaVirtualMachines/jdk1.8.0_144.jdk/Contents/Home/jre/lib/ext/nashorn.jar:/Library/Java/JavaVirtualMachines/jdk1.8.0_144.jdk/Contents/Home/jre/lib/ext/sunec.jar:/Library/Java/JavaVirtualMachines/jdk1.8.0_144.jdk/Contents/Home/jre/lib/ext/sunjce_provider.jar:/Library/Java/JavaVirtualMachines/jdk1.8.0_144.jdk/Contents/Home/jre/lib/ext/sunpkcs11.jar:/Library/Java/JavaVirtualMachines/jdk1.8.0_144.jdk/Contents/Home/jre/lib/ext/zipfs.jar:/Library/Java/JavaVirtualMachines/jdk1.8.0_144.jdk/Contents/Home/jre/lib/javaws.jar:/Library/Java/JavaVirtualMachines/jdk1.8.0_144.jdk/Contents/Home/jre/lib/jce.jar:/Library/Java/JavaVirtualMachines/jdk1.8.0_144.jdk/Contents/Home/jre/lib/jfr.jar:/Library/Java/JavaVirtualMachines/jdk1.8.0_144.jdk/Contents/Home/jre/lib/jfxswt.jar:/Library/Java/JavaVirtualMachines/jdk1.8.0_144.jdk/Contents/Home/jre/lib/jsse.jar:/Library/Java/JavaVirtualMachines/jdk1.8.0_144.jdk/Contents/Home/jre/lib/management-agent.jar:/Library/Java/JavaVirtualMachines/jdk1.8.0_144.jdk/Contents/Home/jre/lib/plugin.jar:/Library/Java/JavaVirtualMachines/jdk1.8.0_144.jdk/Contents/Home/jre/lib/resources.jar:/Library/Java/JavaVirtualMachines/jdk1.8.0_144.jdk/Contents/Home/jre/lib/rt.jar:/Library/Java/JavaVirtualMachines/jdk1.8.0_144.jdk/Contents/Ho
Launcher Type: SUN_STANDARD

Environment Variables:
PATH=/usr/local/bin:/usr/bin:/bin:/usr/sbin:/sbin:/opt/X11/bin:/usr/local/munki:/Applications/Wireshark.app/Contents/MacOS
SHELL=/bin/bash
DISPLAY=/private/tmp/com.apple.launchd.h7nLlcHQ3D/org.macosforge.xquartz:0

Signal Handlers:
SIGSEGV: [libjvm.dylib+0x5b26e5], sa_mask[0]=11111111011111110111111111111111, sa_flags=SA_ONSTACK|SA_RESTART|SA_SIGINFO
SIGBUS: [libjvm.dylib+0x5b26e5], sa_mask[0]=11111111011111110111111111111111, sa_flags=SA_RESTART|SA_SIGINFO
SIGFPE: [libjvm.dylib+0x489100], sa_mask[0]=11111111011111110111111111111111, sa_flags=SA_RESTART|SA_SIGINFO
SIGPIPE: [libjvm.dylib+0x489100], sa_mask[0]=11111111011111110111111111111111, sa_flags=SA_RESTART|SA_SIGINFO
SIGXFSZ: [libjvm.dylib+0x489100], sa_mask[0]=11111111011111110111111111111111, sa_flags=SA_RESTART|SA_SIGINFO
SIGILL: [libjvm.dylib+0x489100], sa_mask[0]=11111111011111110111111111111111, sa_flags=SA_RESTART|SA_SIGINFO
SIGUSR1: SIG_DFL, sa_mask[0]=00000000000000000000000000000000, sa_flags=none
SIGUSR2: [libjvm.dylib+0x488c1e], sa_mask[0]=00100000000000000000000000000000, sa_flags=SA_RESTART|SA_SIGINFO
SIGHUP: [libjvm.dylib+0x4871f5], sa_mask[0]=11111111011111110111111111111111, sa_flags=SA_RESTART|SA_SIGINFO
SIGINT: [libjvm.dylib+0x4871f5], sa_mask[0]=11111111011111110111111111111111, sa_flags=SA_RESTART|SA_SIGINFO
SIGTERM: [libjvm.dylib+0x4871f5], sa_mask[0]=11111111011111110111111111111111, sa_flags=SA_RESTART|SA_SIGINFO
SIGQUIT: [libjvm.dylib+0x4871f5], sa_mask[0]=11111111011111110111111111111111, sa_flags=SA_RESTART|SA_SIGINFO


---------------  S Y S T E M  ---------------

OS:Bsduname:Darwin 16.6.0 Darwin Kernel Version 16.6.0: Fri Apr 14 16:21:16 PDT 2017; root:xnu-3789.60.24~6/RELEASE_X86_64 x86_64
rlimit: STACK 8192k, CORE 0k, NPROC 709, NOFILE 10240, AS infinity
load average:2.69 3.09 2.97

CPU:total 4 (initial active 4) (2 cores per cpu, 2 threads per core) family 6 model 78 stepping 3, cmov, cx8, fxsr, mmx, sse, sse2, sse3, ssse3, sse4.1, sse4.2, popcnt, avx, avx2, aes, clmul, erms, 3dnowpref, lzcnt, ht, tsc, tscinvbit, bmi1, bmi2, adx

Memory: 4k page, physical 8388608k(119216k free)

/proc/meminfo:


vm_info: Java HotSpot(TM) 64-Bit Server VM (25.144-b01) for bsd-amd64 JRE (1.8.0_144-b01), built on Jul 21 2017 22:07:42 by "java_re" with gcc 4.2.1 (Based on Apple Inc. build 5658) (LLVM build 2336.11.00)

time: Tue Dec  5 20:05:22 2017
elapsed time: 121 seconds (0d 0h 2m 1s)

