#
# A fatal error has been detected by the Java Runtime Environment:
#
#  SIGILL (0x4) at pc=0x00007fffab021694, pid=18581, tid=0x0000000000000307
#
# JRE version: Java(TM) SE Runtime Environment (8.0_144-b01) (build 1.8.0_144-b01)
# Java VM: Java HotSpot(TM) 64-Bit Server VM (25.144-b01 mixed mode bsd-amd64 compressed oops)
# Problematic frame:
# C  [libdispatch.dylib+0xc694]  _dispatch_barrier_sync_f_slow+0x2a3
#
# Failed to write core dump. Core dumps have been disabled. To enable core dumping, try "ulimit -c unlimited" before starting Java again
#
# If you would like to submit a bug report, please visit:
#   http://bugreport.java.com/bugreport/crash.jsp
# The crash happened outside the Java Virtual Machine in native code.
# See problematic frame for where to report the bug.
#

---------------  T H R E A D  ---------------

Current thread (0x00007fc26d8c0000):  JavaThread "JavaFX Application Thread" [_thread_in_native, id=775, stack(0x00007fff54040000,0x00007fff54840000)]

siginfo: si_signo: 4 (SIGILL), si_code: 1 (ILL_ILLOPC), si_addr: 0x00007fffab021694

Registers:
RAX=0x00007fffb3f35a80, RBX=0x00007fffb3f35a80, RCX=0x00007fffab03f1df, RDX=0x0000000000000307
RSP=0x00007fff54837c50, RBP=0x00007fff54837d20, RSI=0x0000000000000307, RDI=0x00007fffb3f35a80
R8 =0x0000000000000001, R9 =0x00007fc27184f940, R10=0x000000000000002e, R11=0x00007fffab01f791
R12=0x00000000100020ff, R13=0x00007fffb3f378d1, R14=0x000000012677edeb, R15=0x00007fff54837d38
RIP=0x00007fffab021694, EFLAGS=0x0000000000010246, ERR=0x0000000000000000
  TRAPNO=0x0000000000000006

Top of Stack: (sp=0x00007fff54837c50)
0x00007fff54837c50:   0000000000000003 00000000100020ff
0x00007fff54837c60:   0000000000000000 ffffffffffffffff
0x00007fff54837c70:   00007fffab022ed4 00007fff54837c90
0x00007fff54837c80:   0000000000000307 00007fff54837cf0
0x00007fff54837c90:   0000000000000000 0000000000000000
0x00007fff54837ca0:   0000000000000000 0000000000000000
0x00007fff54837cb0:   000000012677edeb 00007fff54837d38
0x00007fff54837cc0:   00007fffb3f35a80 00007fff54837cf0
0x00007fff54837cd0:   00007fffb3f35a80 0000000000000000
0x00007fff54837ce0:   0000000000000000 00007fff54837d98
0x00007fff54837cf0:   0000000100000000 00007fff54837d98
0x00007fff54837d00:   0000000000000000 000000013019c9f8
0x00007fff54837d10:   000000012678b4be 00007fc27184f940
0x00007fff54837d20:   00007fff54837d80 000000012677edb1
0x00007fff54837d30:   00000000000004f9 00007fffb3f45060
0x00007fff54837d40:   00000000c2000000 000000012677edeb
0x00007fff54837d50:   0000000126793360 00007fc27184f940
0x00007fff54837d60:   00007fff54837d98 00007fc26d8c01f8
0x00007fff54837d70:   00007fff54837d98 00007fffb3f49070
0x00007fff54837d80:   00007fff54838900 00000001267803fb
0x00007fff54837d90:   00007fff54838520 0000000126793460
0x00007fff54837da0:   000000000bc1aa01 000000000bc2bb02
0x00007fff54837db0:   000000012678b700 00007f0000000000
0x00007fff54837dc0:   00007fc271841980 00007fff54838050
0x00007fff54837dd0:   00007fff54837f40 0000000000000001
0x00007fff54837de0:   0000003000000010 00007fff548385f0
0x00007fff54837df0:   00007fff54837d20 00007fff54838600
0x00007fff54837e00:   00007fff54838590 00007fc26d8c0000
0x00007fff54837e10:   0000000000000033 0000000000000001
0x00007fff54837e20:   0000003000000010 00007fff54838630
0x00007fff54837e30:   00007fff54837d60 00007fff54838640
0x00007fff54837e40:   00007fff54837d70 000000013019bdd0 

Instructions: (pc=0x00007fffab021694)
0x00007fffab021674:   d4 00 00 e9 2a ff ff ff 48 8d 0d 5c db 01 00 48
0x00007fffab021684:   89 d8 48 89 0d b3 61 f1 08 48 89 05 dc 61 f1 08
0x00007fffab021694:   0f 0b 48 8d 0d b6 d9 01 00 48 89 0d 9c 61 f1 08
0x00007fffab0216a4:   0f 0b 48 8d 0d cf da 01 00 48 89 0d 8c 61 f1 08 

Register to memory mapping:

RAX=0x00007fffb3f35a80: _dispatch_main_q+0 in /usr/lib/system/libdispatch.dylib at 0x00007fffab015000
RBX=0x00007fffb3f35a80: _dispatch_main_q+0 in /usr/lib/system/libdispatch.dylib at 0x00007fffab015000
RCX=0x00007fffab03f1df: _voucher_activity_id_allocate_slow+0x2077 in /usr/lib/system/libdispatch.dylib at 0x00007fffab015000
RDX=0x0000000000000307 is an unknown value
RSP=0x00007fff54837c50 is pointing into the stack for thread: 0x00007fc26d8c0000
RBP=0x00007fff54837d20 is pointing into the stack for thread: 0x00007fc26d8c0000
RSI=0x0000000000000307 is an unknown value
RDI=0x00007fffb3f35a80: _dispatch_main_q+0 in /usr/lib/system/libdispatch.dylib at 0x00007fffab015000
R8 =0x0000000000000001 is an unknown value
R9 =0x00007fc27184f940 is an unknown value
R10=0x000000000000002e is an unknown value
R11=0x00007fffab01f791: dispatch_sync+0 in /usr/lib/system/libdispatch.dylib at 0x00007fffab015000
R12=0x00000000100020ff is an unknown value
R13=0x00007fffb3f378d1: _dispatch_xbs_has_ulock+0 in /usr/lib/system/libdispatch.dylib at 0x00007fffab015000
R14=0x000000012677edeb: ___Z22synchronousBTOperationP8Runnable_block_invoke+0 in /private/var/folders/mc/drkjmxf92tn7vspsjqxjqyzh0000gq/T/bluecove_patrick.wigger_0/libbluecove.jnilib at 0x000000012677b000
R15=0x00007fff54837d38 is pointing into the stack for thread: 0x00007fc26d8c0000


Stack: [0x00007fff54040000,0x00007fff54840000],  sp=0x00007fff54837c50,  free space=8159k
Native frames: (J=compiled Java code, j=interpreted, Vv=VM code, C=native code)
C  [libdispatch.dylib+0xc694]  _dispatch_barrier_sync_f_slow+0x2a3
C  [libbluecove.jnilib+0x3db1]  _Z22synchronousBTOperationP8Runnable+0x8b
C  [libbluecove.jnilib+0x53fb]  Java_com_intel_bluetooth_BluetoothStackOSX_getLocalDeviceSupportedSoftwareVersion+0xdd
j  com.intel.bluetooth.BluetoothStackOSX.getLocalDeviceSupportedSoftwareVersion()I+0
j  com.intel.bluetooth.BluetoothStackOSX.initialize()V+101
j  com.intel.bluetooth.BlueCoveImpl.setBluetoothStack(Ljava/lang/String;Lcom/intel/bluetooth/BluetoothStack;)Lcom/intel/bluetooth/BluetoothStack;+290
j  com.intel.bluetooth.BlueCoveImpl.detectStack()Lcom/intel/bluetooth/BluetoothStack;+455
j  com.intel.bluetooth.BlueCoveImpl.access$500(Lcom/intel/bluetooth/BlueCoveImpl;)Lcom/intel/bluetooth/BluetoothStack;+1
j  com.intel.bluetooth.BlueCoveImpl$1.run()Ljava/lang/Object;+4
v  ~StubRoutines::call_stub
V  [libjvm.dylib+0x2ee70a]
V  [libjvm.dylib+0x34ee68]
J 346  java.security.AccessController.doPrivileged(Ljava/security/PrivilegedExceptionAction;Ljava/security/AccessControlContext;)Ljava/lang/Object; (0 bytes) @ 0x0000000115f1f455 [0x0000000115f1f380+0xd5]
j  com.intel.bluetooth.BlueCoveImpl.detectStackPrivileged()Lcom/intel/bluetooth/BluetoothStack;+15
j  com.intel.bluetooth.BlueCoveImpl.getBluetoothStack()Lcom/intel/bluetooth/BluetoothStack;+63
j  javax.bluetooth.LocalDevice.isPowerOn()Z+3
j  controller.util.bluetooth.BluetoothConnection.isBluetoothOn()Z+0
j  controller.util.bluetooth.ConnectionStateInit.handle()V+0
j  controller.LiveViewController.lambda$addListeners$0(Ljavafx/beans/value/ObservableValue;Ljavafx/scene/Node;Ljavafx/scene/Node;)V+41
j  controller.LiveViewController$$Lambda$143.changed(Ljavafx/beans/value/ObservableValue;Ljava/lang/Object;Ljava/lang/Object;)V+13
j  com.sun.javafx.binding.ExpressionHelper$SingleChange.fireValueChangedEvent()V+71
J 1568 C1 javafx.beans.property.ObjectPropertyBase.fireValueChangedEvent()V (8 bytes) @ 0x000000011630e88c [0x000000011630e700+0x18c]
J 1090 C1 javafx.beans.property.ObjectPropertyBase.set(Ljava/lang/Object;)V (110 bytes) @ 0x000000011614d6ec [0x000000011614cf20+0x7cc]
j  model.FrvaModel.setActiveView(Ljavafx/scene/Node;)V+5
j  controller.MainMenuController.lambda$addEventhandlers$0(Ljavafx/event/ActionEvent;)V+129
j  controller.MainMenuController$$Lambda$152.handle(Ljavafx/event/Event;)V+8
J 2945 C1 com.sun.javafx.event.CompositeEventHandler$NormalEventHandlerRecord.handleBubblingEvent(Ljavafx/event/Event;)V (11 bytes) @ 0x00000001166d054c [0x00000001166d0440+0x10c]
J 2696 C1 com.sun.javafx.event.CompositeEventHandler.dispatchBubblingEvent(Ljavafx/event/Event;)V (57 bytes) @ 0x00000001166053c4 [0x0000000116605180+0x244]
J 2629 C1 com.sun.javafx.event.EventHandlerManager.dispatchBubblingEvent(Ljavafx/event/Event;)Ljavafx/event/Event; (23 bytes) @ 0x00000001165e8764 [0x00000001165e80c0+0x6a4]
J 2651 C1 com.sun.javafx.event.CompositeEventDispatcher.dispatchBubblingEvent(Ljavafx/event/Event;)Ljavafx/event/Event; (35 bytes) @ 0x00000001165f2e9c [0x00000001165f2ce0+0x1bc]
J 2594 C1 com.sun.javafx.event.BasicEventDispatcher.dispatchEvent(Ljavafx/event/Event;Ljavafx/event/EventDispatchChain;)Ljavafx/event/Event; (44 bytes) @ 0x00000001165d50bc [0x00000001165d4d80+0x33c]
J 2560 C1 com.sun.javafx.event.EventDispatchChainImpl.dispatchEvent(Ljavafx/event/Event;)Ljavafx/event/Event; (101 bytes) @ 0x00000001165c4a94 [0x00000001165c48e0+0x1b4]
J 2594 C1 com.sun.javafx.event.BasicEventDispatcher.dispatchEvent(Ljavafx/event/Event;Ljavafx/event/EventDispatchChain;)Ljavafx/event/Event; (44 bytes) @ 0x00000001165d4fd4 [0x00000001165d4d80+0x254]
J 2560 C1 com.sun.javafx.event.EventDispatchChainImpl.dispatchEvent(Ljavafx/event/Event;)Ljavafx/event/Event; (101 bytes) @ 0x00000001165c4a94 [0x00000001165c48e0+0x1b4]
J 2594 C1 com.sun.javafx.event.BasicEventDispatcher.dispatchEvent(Ljavafx/event/Event;Ljavafx/event/EventDispatchChain;)Ljavafx/event/Event; (44 bytes) @ 0x00000001165d4fd4 [0x00000001165d4d80+0x254]
J 2560 C1 com.sun.javafx.event.EventDispatchChainImpl.dispatchEvent(Ljavafx/event/Event;)Ljavafx/event/Event; (101 bytes) @ 0x00000001165c4a94 [0x00000001165c48e0+0x1b4]
J 2979 C1 com.sun.javafx.event.EventUtil.fireEvent(Ljavafx/event/EventTarget;Ljavafx/event/Event;)Ljavafx/event/Event; (81 bytes) @ 0x00000001166e13ec [0x00000001166e0800+0xbec]
J 2978 C1 javafx.event.Event.fireEvent(Ljavafx/event/EventTarget;Ljavafx/event/Event;)V (35 bytes) @ 0x00000001166ddf2c [0x00000001166dde60+0xcc]
j  javafx.scene.Node.fireEvent(Ljavafx/event/Event;)V+86
j  javafx.scene.control.Button.fire()V+15
j  com.sun.javafx.scene.control.behavior.ButtonBehavior.mouseReleased(Ljavafx/scene/input/MouseEvent;)V+23
j  com.sun.javafx.scene.control.skin.BehaviorSkinBase$1.handle(Ljavafx/scene/input/MouseEvent;)V+83
j  com.sun.javafx.scene.control.skin.BehaviorSkinBase$1.handle(Ljavafx/event/Event;)V+5
J 2945 C1 com.sun.javafx.event.CompositeEventHandler$NormalEventHandlerRecord.handleBubblingEvent(Ljavafx/event/Event;)V (11 bytes) @ 0x00000001166d054c [0x00000001166d0440+0x10c]
J 2696 C1 com.sun.javafx.event.CompositeEventHandler.dispatchBubblingEvent(Ljavafx/event/Event;)V (57 bytes) @ 0x00000001166053c4 [0x0000000116605180+0x244]
J 2629 C1 com.sun.javafx.event.EventHandlerManager.dispatchBubblingEvent(Ljavafx/event/Event;)Ljavafx/event/Event; (23 bytes) @ 0x00000001165e8764 [0x00000001165e80c0+0x6a4]
J 2651 C1 com.sun.javafx.event.CompositeEventDispatcher.dispatchBubblingEvent(Ljavafx/event/Event;)Ljavafx/event/Event; (35 bytes) @ 0x00000001165f2e9c [0x00000001165f2ce0+0x1bc]
J 2594 C1 com.sun.javafx.event.BasicEventDispatcher.dispatchEvent(Ljavafx/event/Event;Ljavafx/event/EventDispatchChain;)Ljavafx/event/Event; (44 bytes) @ 0x00000001165d50bc [0x00000001165d4d80+0x33c]
J 2560 C1 com.sun.javafx.event.EventDispatchChainImpl.dispatchEvent(Ljavafx/event/Event;)Ljavafx/event/Event; (101 bytes) @ 0x00000001165c4a94 [0x00000001165c48e0+0x1b4]
J 2594 C1 com.sun.javafx.event.BasicEventDispatcher.dispatchEvent(Ljavafx/event/Event;Ljavafx/event/EventDispatchChain;)Ljavafx/event/Event; (44 bytes) @ 0x00000001165d4fd4 [0x00000001165d4d80+0x254]
J 2560 C1 com.sun.javafx.event.EventDispatchChainImpl.dispatchEvent(Ljavafx/event/Event;)Ljavafx/event/Event; (101 bytes) @ 0x00000001165c4a94 [0x00000001165c48e0+0x1b4]
J 2594 C1 com.sun.javafx.event.BasicEventDispatcher.dispatchEvent(Ljavafx/event/Event;Ljavafx/event/EventDispatchChain;)Ljavafx/event/Event; (44 bytes) @ 0x00000001165d4fd4 [0x00000001165d4d80+0x254]
J 2560 C1 com.sun.javafx.event.EventDispatchChainImpl.dispatchEvent(Ljavafx/event/Event;)Ljavafx/event/Event; (101 bytes) @ 0x00000001165c4a94 [0x00000001165c48e0+0x1b4]
J 2979 C1 com.sun.javafx.event.EventUtil.fireEvent(Ljavafx/event/EventTarget;Ljavafx/event/Event;)Ljavafx/event/Event; (81 bytes) @ 0x00000001166e0f3c [0x00000001166e0800+0x73c]
J 2978 C1 javafx.event.Event.fireEvent(Ljavafx/event/EventTarget;Ljavafx/event/Event;)V (35 bytes) @ 0x00000001166ddf2c [0x00000001166dde60+0xcc]
j  javafx.scene.Scene$MouseHandler.process(Ljavafx/scene/input/MouseEvent;Z)V+491
j  javafx.scene.Scene$MouseHandler.access$1500(Ljavafx/scene/Scene$MouseHandler;Ljavafx/scene/input/MouseEvent;Z)V+3
j  javafx.scene.Scene.impl_processMouseEvent(Ljavafx/scene/input/MouseEvent;)V+6
j  javafx.scene.Scene$ScenePeerListener.mouseEvent(Ljavafx/event/EventType;DDDDLjavafx/scene/input/MouseButton;ZZZZZZZZZ)V+46
j  com.sun.javafx.tk.quantum.GlassViewEventHandler$MouseEventNotification.run()Ljava/lang/Void;+514
j  com.sun.javafx.tk.quantum.GlassViewEventHandler$MouseEventNotification.run()Ljava/lang/Object;+1
v  ~StubRoutines::call_stub
V  [libjvm.dylib+0x2ee70a]
V  [libjvm.dylib+0x34ee68]
J 2614  java.security.AccessController.doPrivileged(Ljava/security/PrivilegedAction;Ljava/security/AccessControlContext;)Ljava/lang/Object; (0 bytes) @ 0x00000001165e01d5 [0x00000001165e0100+0xd5]
j  com.sun.javafx.tk.quantum.GlassViewEventHandler.lambda$handleMouseEvent$354()Ljava/lang/Void;+11
j  com.sun.javafx.tk.quantum.GlassViewEventHandler$$Lambda$309.get()Ljava/lang/Object;+4
J 2649 C1 com.sun.javafx.tk.quantum.QuantumToolkit.runWithoutRenderLock(Ljava/util/function/Supplier;)Ljava/lang/Object; (49 bytes) @ 0x00000001165f2274 [0x00000001165f1d40+0x534]
j  com.sun.javafx.tk.quantum.GlassViewEventHandler.handleMouseEvent(Lcom/sun/glass/ui/View;JIIIIIIIZZ)V+103
j  com.sun.glass.ui.View.handleMouseEvent(JIIIIIIIZZ)V+30
j  com.sun.glass.ui.View.notifyMouse(IIIIIIIZZ)V+181
v  ~StubRoutines::call_stub
V  [libjvm.dylib+0x2ee70a]
V  [libjvm.dylib+0x3258b9]
V  [libjvm.dylib+0x318087]
C  [libglass.dylib+0x2055c]  -[GlassViewDelegate sendJavaMouseEvent:]+0x86c
C  [AppKit+0x93c8de]  -[NSWindow(NSEventRouting) _reallySendEvent:isDelayedEvent:]+0x608
C  [AppKit+0x93bf0a]  -[NSWindow(NSEventRouting) sendEvent:]+0x21d
C  [libglass.dylib+0x25994]  -[GlassWindow_Normal sendEvent:]+0x74
C  [AppKit+0x7c0681]  -[NSApplication(NSEvent) sendEvent:]+0x479
C  [AppKit+0x3b427]  -[NSApplication run]+0x3ea
C  [libglass.dylib+0x651c]  -[GlassApplication runLoop:]+0x72c
C  [Foundation+0x717ba]  __NSThreadPerformPerform+0x146
C  [CoreFoundation+0xa7321]  __CFRUNLOOP_IS_CALLING_OUT_TO_A_SOURCE0_PERFORM_FUNCTION__+0x11
C  [CoreFoundation+0x8821d]  __CFRunLoopDoSources0+0x22d
C  [CoreFoundation+0x87716]  __CFRunLoopRun+0x3a6
C  [CoreFoundation+0x87114]  CFRunLoopRunSpecific+0x1a4
C  [java+0x6465]  CreateExecutionEnvironment+0x367
C  [java+0x218c]  JLI_Launch+0x7a0
C  [java+0x84c2]  main+0x65
C  [java+0x19e4]  start+0x34
C  0x0000000000000006

Java frames: (J=compiled Java code, j=interpreted, Vv=VM code)
j  com.intel.bluetooth.BluetoothStackOSX.getLocalDeviceSupportedSoftwareVersion()I+0
j  com.intel.bluetooth.BluetoothStackOSX.initialize()V+101
j  com.intel.bluetooth.BlueCoveImpl.setBluetoothStack(Ljava/lang/String;Lcom/intel/bluetooth/BluetoothStack;)Lcom/intel/bluetooth/BluetoothStack;+290
j  com.intel.bluetooth.BlueCoveImpl.detectStack()Lcom/intel/bluetooth/BluetoothStack;+455
j  com.intel.bluetooth.BlueCoveImpl.access$500(Lcom/intel/bluetooth/BlueCoveImpl;)Lcom/intel/bluetooth/BluetoothStack;+1
j  com.intel.bluetooth.BlueCoveImpl$1.run()Ljava/lang/Object;+4
v  ~StubRoutines::call_stub
J 346  java.security.AccessController.doPrivileged(Ljava/security/PrivilegedExceptionAction;Ljava/security/AccessControlContext;)Ljava/lang/Object; (0 bytes) @ 0x0000000115f1f3e3 [0x0000000115f1f380+0x63]
j  com.intel.bluetooth.BlueCoveImpl.detectStackPrivileged()Lcom/intel/bluetooth/BluetoothStack;+15
j  com.intel.bluetooth.BlueCoveImpl.getBluetoothStack()Lcom/intel/bluetooth/BluetoothStack;+63
j  javax.bluetooth.LocalDevice.isPowerOn()Z+3
j  controller.util.bluetooth.BluetoothConnection.isBluetoothOn()Z+0
j  controller.util.bluetooth.ConnectionStateInit.handle()V+0
j  controller.LiveViewController.lambda$addListeners$0(Ljavafx/beans/value/ObservableValue;Ljavafx/scene/Node;Ljavafx/scene/Node;)V+41
j  controller.LiveViewController$$Lambda$143.changed(Ljavafx/beans/value/ObservableValue;Ljava/lang/Object;Ljava/lang/Object;)V+13
j  com.sun.javafx.binding.ExpressionHelper$SingleChange.fireValueChangedEvent()V+71
J 1568 C1 javafx.beans.property.ObjectPropertyBase.fireValueChangedEvent()V (8 bytes) @ 0x000000011630e88c [0x000000011630e700+0x18c]
J 1090 C1 javafx.beans.property.ObjectPropertyBase.set(Ljava/lang/Object;)V (110 bytes) @ 0x000000011614d6ec [0x000000011614cf20+0x7cc]
j  model.FrvaModel.setActiveView(Ljavafx/scene/Node;)V+5
j  controller.MainMenuController.lambda$addEventhandlers$0(Ljavafx/event/ActionEvent;)V+129
j  controller.MainMenuController$$Lambda$152.handle(Ljavafx/event/Event;)V+8
J 2945 C1 com.sun.javafx.event.CompositeEventHandler$NormalEventHandlerRecord.handleBubblingEvent(Ljavafx/event/Event;)V (11 bytes) @ 0x00000001166d054c [0x00000001166d0440+0x10c]
J 2696 C1 com.sun.javafx.event.CompositeEventHandler.dispatchBubblingEvent(Ljavafx/event/Event;)V (57 bytes) @ 0x00000001166053c4 [0x0000000116605180+0x244]
J 2629 C1 com.sun.javafx.event.EventHandlerManager.dispatchBubblingEvent(Ljavafx/event/Event;)Ljavafx/event/Event; (23 bytes) @ 0x00000001165e8764 [0x00000001165e80c0+0x6a4]
J 2651 C1 com.sun.javafx.event.CompositeEventDispatcher.dispatchBubblingEvent(Ljavafx/event/Event;)Ljavafx/event/Event; (35 bytes) @ 0x00000001165f2e9c [0x00000001165f2ce0+0x1bc]
J 2594 C1 com.sun.javafx.event.BasicEventDispatcher.dispatchEvent(Ljavafx/event/Event;Ljavafx/event/EventDispatchChain;)Ljavafx/event/Event; (44 bytes) @ 0x00000001165d50bc [0x00000001165d4d80+0x33c]
J 2560 C1 com.sun.javafx.event.EventDispatchChainImpl.dispatchEvent(Ljavafx/event/Event;)Ljavafx/event/Event; (101 bytes) @ 0x00000001165c4a94 [0x00000001165c48e0+0x1b4]
J 2594 C1 com.sun.javafx.event.BasicEventDispatcher.dispatchEvent(Ljavafx/event/Event;Ljavafx/event/EventDispatchChain;)Ljavafx/event/Event; (44 bytes) @ 0x00000001165d4fd4 [0x00000001165d4d80+0x254]
J 2560 C1 com.sun.javafx.event.EventDispatchChainImpl.dispatchEvent(Ljavafx/event/Event;)Ljavafx/event/Event; (101 bytes) @ 0x00000001165c4a94 [0x00000001165c48e0+0x1b4]
J 2594 C1 com.sun.javafx.event.BasicEventDispatcher.dispatchEvent(Ljavafx/event/Event;Ljavafx/event/EventDispatchChain;)Ljavafx/event/Event; (44 bytes) @ 0x00000001165d4fd4 [0x00000001165d4d80+0x254]
J 2560 C1 com.sun.javafx.event.EventDispatchChainImpl.dispatchEvent(Ljavafx/event/Event;)Ljavafx/event/Event; (101 bytes) @ 0x00000001165c4a94 [0x00000001165c48e0+0x1b4]
J 2979 C1 com.sun.javafx.event.EventUtil.fireEvent(Ljavafx/event/EventTarget;Ljavafx/event/Event;)Ljavafx/event/Event; (81 bytes) @ 0x00000001166e13ec [0x00000001166e0800+0xbec]
J 2978 C1 javafx.event.Event.fireEvent(Ljavafx/event/EventTarget;Ljavafx/event/Event;)V (35 bytes) @ 0x00000001166ddf2c [0x00000001166dde60+0xcc]
j  javafx.scene.Node.fireEvent(Ljavafx/event/Event;)V+86
j  javafx.scene.control.Button.fire()V+15
j  com.sun.javafx.scene.control.behavior.ButtonBehavior.mouseReleased(Ljavafx/scene/input/MouseEvent;)V+23
j  com.sun.javafx.scene.control.skin.BehaviorSkinBase$1.handle(Ljavafx/scene/input/MouseEvent;)V+83
j  com.sun.javafx.scene.control.skin.BehaviorSkinBase$1.handle(Ljavafx/event/Event;)V+5
J 2945 C1 com.sun.javafx.event.CompositeEventHandler$NormalEventHandlerRecord.handleBubblingEvent(Ljavafx/event/Event;)V (11 bytes) @ 0x00000001166d054c [0x00000001166d0440+0x10c]
J 2696 C1 com.sun.javafx.event.CompositeEventHandler.dispatchBubblingEvent(Ljavafx/event/Event;)V (57 bytes) @ 0x00000001166053c4 [0x0000000116605180+0x244]
J 2629 C1 com.sun.javafx.event.EventHandlerManager.dispatchBubblingEvent(Ljavafx/event/Event;)Ljavafx/event/Event; (23 bytes) @ 0x00000001165e8764 [0x00000001165e80c0+0x6a4]
J 2651 C1 com.sun.javafx.event.CompositeEventDispatcher.dispatchBubblingEvent(Ljavafx/event/Event;)Ljavafx/event/Event; (35 bytes) @ 0x00000001165f2e9c [0x00000001165f2ce0+0x1bc]
J 2594 C1 com.sun.javafx.event.BasicEventDispatcher.dispatchEvent(Ljavafx/event/Event;Ljavafx/event/EventDispatchChain;)Ljavafx/event/Event; (44 bytes) @ 0x00000001165d50bc [0x00000001165d4d80+0x33c]
J 2560 C1 com.sun.javafx.event.EventDispatchChainImpl.dispatchEvent(Ljavafx/event/Event;)Ljavafx/event/Event; (101 bytes) @ 0x00000001165c4a94 [0x00000001165c48e0+0x1b4]
J 2594 C1 com.sun.javafx.event.BasicEventDispatcher.dispatchEvent(Ljavafx/event/Event;Ljavafx/event/EventDispatchChain;)Ljavafx/event/Event; (44 bytes) @ 0x00000001165d4fd4 [0x00000001165d4d80+0x254]
J 2560 C1 com.sun.javafx.event.EventDispatchChainImpl.dispatchEvent(Ljavafx/event/Event;)Ljavafx/event/Event; (101 bytes) @ 0x00000001165c4a94 [0x00000001165c48e0+0x1b4]
J 2594 C1 com.sun.javafx.event.BasicEventDispatcher.dispatchEvent(Ljavafx/event/Event;Ljavafx/event/EventDispatchChain;)Ljavafx/event/Event; (44 bytes) @ 0x00000001165d4fd4 [0x00000001165d4d80+0x254]
J 2560 C1 com.sun.javafx.event.EventDispatchChainImpl.dispatchEvent(Ljavafx/event/Event;)Ljavafx/event/Event; (101 bytes) @ 0x00000001165c4a94 [0x00000001165c48e0+0x1b4]
J 2979 C1 com.sun.javafx.event.EventUtil.fireEvent(Ljavafx/event/EventTarget;Ljavafx/event/Event;)Ljavafx/event/Event; (81 bytes) @ 0x00000001166e0f3c [0x00000001166e0800+0x73c]
J 2978 C1 javafx.event.Event.fireEvent(Ljavafx/event/EventTarget;Ljavafx/event/Event;)V (35 bytes) @ 0x00000001166ddf2c [0x00000001166dde60+0xcc]
j  javafx.scene.Scene$MouseHandler.process(Ljavafx/scene/input/MouseEvent;Z)V+491
j  javafx.scene.Scene$MouseHandler.access$1500(Ljavafx/scene/Scene$MouseHandler;Ljavafx/scene/input/MouseEvent;Z)V+3
j  javafx.scene.Scene.impl_processMouseEvent(Ljavafx/scene/input/MouseEvent;)V+6
j  javafx.scene.Scene$ScenePeerListener.mouseEvent(Ljavafx/event/EventType;DDDDLjavafx/scene/input/MouseButton;ZZZZZZZZZ)V+46
j  com.sun.javafx.tk.quantum.GlassViewEventHandler$MouseEventNotification.run()Ljava/lang/Void;+514
j  com.sun.javafx.tk.quantum.GlassViewEventHandler$MouseEventNotification.run()Ljava/lang/Object;+1
v  ~StubRoutines::call_stub
J 2614  java.security.AccessController.doPrivileged(Ljava/security/PrivilegedAction;Ljava/security/AccessControlContext;)Ljava/lang/Object; (0 bytes) @ 0x00000001165e0163 [0x00000001165e0100+0x63]
j  com.sun.javafx.tk.quantum.GlassViewEventHandler.lambda$handleMouseEvent$354()Ljava/lang/Void;+11
j  com.sun.javafx.tk.quantum.GlassViewEventHandler$$Lambda$309.get()Ljava/lang/Object;+4
J 2649 C1 com.sun.javafx.tk.quantum.QuantumToolkit.runWithoutRenderLock(Ljava/util/function/Supplier;)Ljava/lang/Object; (49 bytes) @ 0x00000001165f2274 [0x00000001165f1d40+0x534]
j  com.sun.javafx.tk.quantum.GlassViewEventHandler.handleMouseEvent(Lcom/sun/glass/ui/View;JIIIIIIIZZ)V+103
j  com.sun.glass.ui.View.handleMouseEvent(JIIIIIIIZZ)V+30
j  com.sun.glass.ui.View.notifyMouse(IIIIIIIZZ)V+181
v  ~StubRoutines::call_stub

---------------  P R O C E S S  ---------------

Java Threads: ( => current thread )
  0x00007fc26db9e800 JavaThread "Prism Font Disposer" daemon [_thread_blocked, id=55875, stack(0x000070000d9ce000,0x000070000dace000)]
  0x00007fc26d0e8800 JavaThread "JavaFX-Launcher" [_thread_blocked, id=54019, stack(0x000070000d8cb000,0x000070000d9cb000)]
  0x00007fc26d136000 JavaThread "Thread-3" daemon [_thread_in_native, id=37379, stack(0x000070000d742000,0x000070000d7c2000)]
=>0x00007fc26d8c0000 JavaThread "JavaFX Application Thread" [_thread_in_native, id=775, stack(0x00007fff54040000,0x00007fff54840000)]
  0x00007fc26e294000 JavaThread "Thread-1" daemon [_thread_blocked, id=25607, stack(0x000070000d63f000,0x000070000d73f000)]
  0x00007fc26c9a8000 JavaThread "QuantumRenderer-0" daemon [_thread_blocked, id=20227, stack(0x000070000d53c000,0x000070000d63c000)]
  0x00007fc26c871800 JavaThread "Service Thread" daemon [_thread_blocked, id=19203, stack(0x000070000d336000,0x000070000d436000)]
  0x00007fc26e092000 JavaThread "C1 CompilerThread2" daemon [_thread_blocked, id=18691, stack(0x000070000d233000,0x000070000d333000)]
  0x00007fc26e091000 JavaThread "C2 CompilerThread1" daemon [_thread_blocked, id=18179, stack(0x000070000d130000,0x000070000d230000)]
  0x00007fc26c82d000 JavaThread "C2 CompilerThread0" daemon [_thread_blocked, id=17667, stack(0x000070000d02d000,0x000070000d12d000)]
  0x00007fc26c87c800 JavaThread "Monitor Ctrl-Break" daemon [_thread_in_native, id=17155, stack(0x000070000cf2a000,0x000070000d02a000)]
  0x00007fc26d835000 JavaThread "Signal Dispatcher" daemon [_thread_blocked, id=16643, stack(0x000070000ce27000,0x000070000cf27000)]
  0x00007fc26c819800 JavaThread "Finalizer" daemon [_thread_blocked, id=12291, stack(0x000070000cca1000,0x000070000cda1000)]
  0x00007fc26c813000 JavaThread "Reference Handler" daemon [_thread_blocked, id=11779, stack(0x000070000cb9e000,0x000070000cc9e000)]
  0x00007fc26d802000 JavaThread "main" [_thread_blocked, id=3587, stack(0x000070000c486000,0x000070000c586000)]

Other Threads:
  0x00007fc26c812800 VMThread [stack: 0x000070000ca9b000,0x000070000cb9b000] [id=11267]
  0x00007fc26d013800 WatcherThread [stack: 0x000070000d439000,0x000070000d539000] [id=19715]

VM state:not at safepoint (normal execution)

VM Mutex/Monitor currently owned by a thread: None

Heap:
 PSYoungGen      total 71680K, used 65306K [0x0000000795580000, 0x000000079a080000, 0x00000007c0000000)
  eden space 66560K, 98% used [0x0000000795580000,0x0000000799546968,0x0000000799680000)
  from space 5120K, 0% used [0x0000000799b80000,0x0000000799b80000,0x000000079a080000)
  to   space 5120K, 0% used [0x0000000799680000,0x0000000799680000,0x0000000799b80000)
 ParOldGen       total 162304K, used 78286K [0x0000000740000000, 0x0000000749e80000, 0x0000000795580000)
  object space 162304K, 48% used [0x0000000740000000,0x0000000744c73928,0x0000000749e80000)
 Metaspace       used 21327K, capacity 22560K, committed 22912K, reserved 1069056K
  class space    used 3081K, capacity 3343K, committed 3456K, reserved 1048576K

Card table byte_map: [0x000000010d1c0000,0x000000010d5c1000] byte_map_base: 0x00000001097c0000

Marking Bits: (ParMarkBitMap*) 0x000000010bd305d0
 Begin Bits: [0x000000010d86c000, 0x000000010f86c000)
 End Bits:   [0x000000010f86c000, 0x000000011186c000)

Polling page: 0x000000010c427000

CodeCache: size=245760Kb used=10319Kb max_used=10319Kb free=235440Kb
 bounds [0x0000000115d63000, 0x0000000116783000, 0x0000000124d63000]
 total_blobs=3842 nmethods=3151 adapters=603
 compilation: enabled

Compilation events (10 events):
Event: 7.639 Thread 0x00007fc26e092000 3158       3       sun.misc.Launcher$AppClassLoader::loadClass (85 bytes)
Event: 7.640 Thread 0x00007fc26e092000 nmethod 3158 0x0000000116776e50 code [0x0000000116777080, 0x0000000116777da8]
Event: 7.640 Thread 0x00007fc26e092000 3159  s    3       sun.misc.URLClassPath::knownToNotExist (24 bytes)
Event: 7.640 Thread 0x00007fc26e092000 nmethod 3159 0x00000001167726d0 code [0x0000000116772840, 0x0000000116772c08]
Event: 7.646 Thread 0x00007fc26e092000 3160   !   3       java.util.zip.Inflater::inflate (113 bytes)
Event: 7.647 Thread 0x00007fc26e092000 nmethod 3160 0x0000000116778250 code [0x0000000116778420, 0x0000000116778ad8]
Event: 7.647 Thread 0x00007fc26e092000 3162       3       java.util.zip.InflaterInputStream::ensureOpen (18 bytes)
Event: 7.647 Thread 0x00007fc26e092000 nmethod 3162 0x0000000116778e50 code [0x0000000116778fc0, 0x0000000116779208]
Event: 7.647 Thread 0x00007fc26e092000 3163   !   3       java.util.zip.InflaterInputStream::read (138 bytes)
Event: 7.648 Thread 0x00007fc26e092000 nmethod 3163 0x00000001167792d0 code [0x0000000116779560, 0x000000011677a688]

GC Heap History (10 events):
Event: 1.206 GC heap before
{Heap before GC invocations=1 (full 0):
 PSYoungGen      total 38400K, used 33280K [0x0000000795580000, 0x0000000798000000, 0x00000007c0000000)
  eden space 33280K, 100% used [0x0000000795580000,0x0000000797600000,0x0000000797600000)
  from space 5120K, 0% used [0x0000000797b00000,0x0000000797b00000,0x0000000798000000)
  to   space 5120K, 0% used [0x0000000797600000,0x0000000797600000,0x0000000797b00000)
 ParOldGen       total 87552K, used 0K [0x0000000740000000, 0x0000000745580000, 0x0000000795580000)
  object space 87552K, 0% used [0x0000000740000000,0x0000000740000000,0x0000000745580000)
 Metaspace       used 11203K, capacity 11588K, committed 11776K, reserved 1058816K
  class space    used 1399K, capacity 1531K, committed 1536K, reserved 1048576K
Event: 1.212 GC heap after
Heap after GC invocations=1 (full 0):
 PSYoungGen      total 38400K, used 4416K [0x0000000795580000, 0x0000000798000000, 0x00000007c0000000)
  eden space 33280K, 0% used [0x0000000795580000,0x0000000795580000,0x0000000797600000)
  from space 5120K, 86% used [0x0000000797600000,0x0000000797a50020,0x0000000797b00000)
  to   space 5120K, 0% used [0x0000000797b00000,0x0000000797b00000,0x0000000798000000)
 ParOldGen       total 87552K, used 80K [0x0000000740000000, 0x0000000745580000, 0x0000000795580000)
  object space 87552K, 0% used [0x0000000740000000,0x0000000740014010,0x0000000745580000)
 Metaspace       used 11203K, capacity 11588K, committed 11776K, reserved 1058816K
  class space    used 1399K, capacity 1531K, committed 1536K, reserved 1048576K
}
Event: 1.811 GC heap before
{Heap before GC invocations=2 (full 0):
 PSYoungGen      total 38400K, used 37696K [0x0000000795580000, 0x0000000798000000, 0x00000007c0000000)
  eden space 33280K, 100% used [0x0000000795580000,0x0000000797600000,0x0000000797600000)
  from space 5120K, 86% used [0x0000000797600000,0x0000000797a50020,0x0000000797b00000)
  to   space 5120K, 0% used [0x0000000797b00000,0x0000000797b00000,0x0000000798000000)
 ParOldGen       total 87552K, used 80K [0x0000000740000000, 0x0000000745580000, 0x0000000795580000)
  object space 87552K, 0% used [0x0000000740000000,0x0000000740014010,0x0000000745580000)
 Metaspace       used 15110K, capacity 15818K, committed 16000K, reserved 1062912K
  class space    used 2144K, capacity 2306K, committed 2432K, reserved 1048576K
Event: 1.834 GC heap after
Heap after GC invocations=2 (full 0):
 PSYoungGen      total 38400K, used 5101K [0x0000000795580000, 0x000000079a080000, 0x00000007c0000000)
  eden space 33280K, 0% used [0x0000000795580000,0x0000000795580000,0x0000000797600000)
  from space 5120K, 99% used [0x0000000797b00000,0x0000000797ffb438,0x0000000798000000)
  to   space 5120K, 0% used [0x0000000797600000,0x0000000797600000,0x0000000797b00000)
 ParOldGen       total 87552K, used 13991K [0x0000000740000000, 0x0000000745580000, 0x0000000795580000)
  object space 87552K, 15% used [0x0000000740000000,0x0000000740da9f58,0x0000000745580000)
 Metaspace       used 15110K, capacity 15818K, committed 16000K, reserved 1062912K
  class space    used 2144K, capacity 2306K, committed 2432K, reserved 1048576K
}
Event: 1.919 GC heap before
{Heap before GC invocations=3 (full 0):
 PSYoungGen      total 38400K, used 38010K [0x0000000795580000, 0x000000079a080000, 0x00000007c0000000)
  eden space 33280K, 98% used [0x0000000795580000,0x00000007975a3400,0x0000000797600000)
  from space 5120K, 99% used [0x0000000797b00000,0x0000000797ffb438,0x0000000798000000)
  to   space 5120K, 0% used [0x0000000797600000,0x0000000797600000,0x0000000797b00000)
 ParOldGen       total 87552K, used 13991K [0x0000000740000000, 0x0000000745580000, 0x0000000795580000)
  object space 87552K, 15% used [0x0000000740000000,0x0000000740da9f58,0x0000000745580000)
 Metaspace       used 15111K, capacity 15818K, committed 16000K, reserved 1062912K
  class space    used 2144K, capacity 2306K, committed 2432K, reserved 1048576K
Event: 1.941 GC heap after
Heap after GC invocations=3 (full 0):
 PSYoungGen      total 38400K, used 5105K [0x0000000795580000, 0x000000079a080000, 0x00000007c0000000)
  eden space 33280K, 0% used [0x0000000795580000,0x0000000795580000,0x0000000797600000)
  from space 5120K, 99% used [0x0000000797600000,0x0000000797afc478,0x0000000797b00000)
  to   space 5120K, 0% used [0x0000000799b80000,0x0000000799b80000,0x000000079a080000)
 ParOldGen       total 87552K, used 43704K [0x0000000740000000, 0x0000000745580000, 0x0000000795580000)
  object space 87552K, 49% used [0x0000000740000000,0x0000000742aae128,0x0000000745580000)
 Metaspace       used 15111K, capacity 15818K, committed 16000K, reserved 1062912K
  class space    used 2144K, capacity 2306K, committed 2432K, reserved 1048576K
}
Event: 2.020 GC heap before
{Heap before GC invocations=4 (full 0):
 PSYoungGen      total 38400K, used 38371K [0x0000000795580000, 0x000000079a080000, 0x00000007c0000000)
  eden space 33280K, 99% used [0x0000000795580000,0x00000007975fc910,0x0000000797600000)
  from space 5120K, 99% used [0x0000000797600000,0x0000000797afc478,0x0000000797b00000)
  to   space 5120K, 0% used [0x0000000799b80000,0x0000000799b80000,0x000000079a080000)
 ParOldGen       total 87552K, used 43704K [0x0000000740000000, 0x0000000745580000, 0x0000000795580000)
  object space 87552K, 49% used [0x0000000740000000,0x0000000742aae128,0x0000000745580000)
 Metaspace       used 15111K, capacity 15818K, committed 16000K, reserved 1062912K
  class space    used 2144K, capacity 2306K, committed 2432K, reserved 1048576K
Event: 2.051 GC heap after
Heap after GC invocations=4 (full 0):
 PSYoungGen      total 71680K, used 5088K [0x0000000795580000, 0x000000079a080000, 0x00000007c0000000)
  eden space 66560K, 0% used [0x0000000795580000,0x0000000795580000,0x0000000799680000)
  from space 5120K, 99% used [0x0000000799b80000,0x000000079a078260,0x000000079a080000)
  to   space 5120K, 0% used [0x0000000799680000,0x0000000799680000,0x0000000799b80000)
 ParOldGen       total 87552K, used 73416K [0x0000000740000000, 0x0000000745580000, 0x0000000795580000)
  object space 87552K, 83% used [0x0000000740000000,0x00000007447b22f8,0x0000000745580000)
 Metaspace       used 15111K, capacity 15818K, committed 16000K, reserved 1062912K
  class space    used 2144K, capacity 2306K, committed 2432K, reserved 1048576K
}
Event: 2.051 GC heap before
{Heap before GC invocations=5 (full 1):
 PSYoungGen      total 71680K, used 5088K [0x0000000795580000, 0x000000079a080000, 0x00000007c0000000)
  eden space 66560K, 0% used [0x0000000795580000,0x0000000795580000,0x0000000799680000)
  from space 5120K, 99% used [0x0000000799b80000,0x000000079a078260,0x000000079a080000)
  to   space 5120K, 0% used [0x0000000799680000,0x0000000799680000,0x0000000799b80000)
 ParOldGen       total 87552K, used 73416K [0x0000000740000000, 0x0000000745580000, 0x0000000795580000)
  object space 87552K, 83% used [0x0000000740000000,0x00000007447b22f8,0x0000000745580000)
 Metaspace       used 15111K, capacity 15818K, committed 16000K, reserved 1062912K
  class space    used 2144K, capacity 2306K, committed 2432K, reserved 1048576K
Event: 2.124 GC heap after
Heap after GC invocations=5 (full 1):
 PSYoungGen      total 71680K, used 0K [0x0000000795580000, 0x000000079a080000, 0x00000007c0000000)
  eden space 66560K, 0% used [0x0000000795580000,0x0000000795580000,0x0000000799680000)
  from space 5120K, 0% used [0x0000000799b80000,0x0000000799b80000,0x000000079a080000)
  to   space 5120K, 0% used [0x0000000799680000,0x0000000799680000,0x0000000799b80000)
 ParOldGen       total 162304K, used 78286K [0x0000000740000000, 0x0000000749e80000, 0x0000000795580000)
  object space 162304K, 48% used [0x0000000740000000,0x0000000744c73928,0x0000000749e80000)
 Metaspace       used 15111K, capacity 15818K, committed 16000K, reserved 1062912K
  class space    used 2144K, capacity 2306K, committed 2432K, reserved 1048576K
}

Deoptimization events (10 events):
Event: 5.350 Thread 0x00007fc26d8c0000 Uncommon trap: reason=bimorphic action=maybe_recompile pc=0x00000001164ff0e0 method=javafx.scene.Node.impl_geomChanged()V @ 33
Event: 5.350 Thread 0x00007fc26d8c0000 Uncommon trap: reason=class_check action=maybe_recompile pc=0x0000000116505698 method=javafx.scene.Node.transformedBoundsChanged()V @ 28
Event: 5.381 Thread 0x00007fc26d8c0000 Uncommon trap: reason=class_check action=maybe_recompile pc=0x00000001165da034 method=javafx.scene.Node.updateLocalToParentTransform()V @ 11
Event: 5.406 Thread 0x00007fc26d8c0000 Uncommon trap: reason=class_check action=maybe_recompile pc=0x00000001165da034 method=javafx.scene.Node.updateLocalToParentTransform()V @ 11
Event: 5.406 Thread 0x00007fc26d8c0000 Uncommon trap: reason=class_check action=maybe_recompile pc=0x00000001165da034 method=javafx.scene.Node.updateLocalToParentTransform()V @ 11
Event: 5.406 Thread 0x00007fc26d8c0000 Uncommon trap: reason=class_check action=maybe_recompile pc=0x00000001165da034 method=javafx.scene.Node.updateLocalToParentTransform()V @ 11
Event: 5.426 Thread 0x00007fc26c9a8000 Uncommon trap: reason=unstable_if action=reinterpret pc=0x00000001165bd3e4 method=com.sun.javafx.geom.RectBounds.isEmpty()Z @ 21
Event: 6.563 Thread 0x00007fc26d8c0000 Uncommon trap: reason=unstable_if action=reinterpret pc=0x00000001166e9d6c method=javafx.scene.Node.impl_pickNode(Lcom/sun/javafx/geom/PickRay;Lcom/sun/javafx/scene/input/PickResultChooser;)V @ 18
Event: 7.628 Thread 0x00007fc26d8c0000 Uncommon trap: reason=unstable_if action=reinterpret pc=0x0000000116557a84 method=java.util.WeakHashMap.remove(Ljava/lang/Object;)Ljava/lang/Object; @ 55
Event: 7.642 Thread 0x00007fc26d8c0000 Uncommon trap: reason=null_assert action=make_not_entrant pc=0x00000001160f0588 method=java.util.zip.ZipEntry.<init>(Ljava/util/zip/ZipEntry;)V @ 70

Internal exceptions (10 events):
Event: 2.813 Thread 0x00007fc26d8c0000 Exception <a 'java/io/FileNotFoundException'> (0x00000007973d1b68) thrown at [/Users/java_re/workspace/8-2-build-macosx-x86_64/jdk8u144/9417/hotspot/src/share/vm/prims/jni.cpp, line 709]
Event: 2.840 Thread 0x00007fc26d8c0000 Exception <a 'java/io/FileNotFoundException'> (0x000000079746f380) thrown at [/Users/java_re/workspace/8-2-build-macosx-x86_64/jdk8u144/9417/hotspot/src/share/vm/prims/jni.cpp, line 709]
Event: 2.843 Thread 0x00007fc26d8c0000 Exception <a 'java/io/FileNotFoundException'> (0x0000000797484fe0) thrown at [/Users/java_re/workspace/8-2-build-macosx-x86_64/jdk8u144/9417/hotspot/src/share/vm/prims/jni.cpp, line 709]
Event: 3.294 Thread 0x00007fc26d8c0000 Exception <a 'java/io/FileNotFoundException'> (0x0000000797cf0608) thrown at [/Users/java_re/workspace/8-2-build-macosx-x86_64/jdk8u144/9417/hotspot/src/share/vm/prims/jni.cpp, line 709]
Event: 3.299 Thread 0x00007fc26d8c0000 Exception <a 'java/io/FileNotFoundException'> (0x0000000797d01190) thrown at [/Users/java_re/workspace/8-2-build-macosx-x86_64/jdk8u144/9417/hotspot/src/share/vm/prims/jni.cpp, line 709]
Event: 3.303 Thread 0x00007fc26d8c0000 Exception <a 'java/io/FileNotFoundException'> (0x0000000797d12520) thrown at [/Users/java_re/workspace/8-2-build-macosx-x86_64/jdk8u144/9417/hotspot/src/share/vm/prims/jni.cpp, line 709]
Event: 3.308 Thread 0x00007fc26d8c0000 Exception <a 'java/io/FileNotFoundException'> (0x0000000797d23430) thrown at [/Users/java_re/workspace/8-2-build-macosx-x86_64/jdk8u144/9417/hotspot/src/share/vm/prims/jni.cpp, line 709]
Event: 3.436 Thread 0x00007fc26d8c0000 Implicit null exception at 0x000000011646bb51 to 0x000000011646c0fd
Event: 7.635 Thread 0x00007fc26d8c0000 Exception <a 'java/lang/NoClassDefFoundError': org/apache/log4j/Category> (0x00000007993a1490) thrown at [/Users/java_re/workspace/8-2-build-macosx-x86_64/jdk8u144/9417/hotspot/src/share/vm/classfile/systemDictionary.cpp, line 199]
Event: 7.641 Thread 0x00007fc26d8c0000 Exception <a 'java/lang/UnsatisfiedLinkError': com.intel.bluetooth.BluetoothStackOSX.isNativeCodeLoaded()Z> (0x0000000799420518) thrown at [/Users/java_re/workspace/8-2-build-macosx-x86_64/jdk8u144/9417/hotspot/src/share/vm/prims/nativeLookup.cpp, line 37

Events (10 events):
Event: 7.642 loading class java/util/zip/ZipUtils done
Event: 7.642 loading class java/nio/file/attribute/FileTime
Event: 7.642 loading class java/nio/file/attribute/FileTime done
Event: 7.642 Thread 0x00007fc26d8c0000 Uncommon trap: trap_request=0xffffffec fr.pc=0x00000001160f0588
Event: 7.642 Thread 0x00007fc26d8c0000 DEOPT PACKING pc=0x00000001160f0588 sp=0x00007fff54837a60
Event: 7.642 Thread 0x00007fc26d8c0000 DEOPT UNPACKING pc=0x0000000115d68229 sp=0x00007fff54837870 mode 2
Event: 7.645 loading class java/io/DeleteOnExitHook
Event: 7.645 loading class java/io/DeleteOnExitHook done
Event: 7.645 loading class java/io/DeleteOnExitHook$1
Event: 7.645 loading class java/io/DeleteOnExitHook$1 done


Dynamic libraries:
0x00000000204d5000 	/System/Library/Frameworks/Cocoa.framework/Versions/A/Cocoa
0x00000000204d5000 	/System/Library/Frameworks/Security.framework/Versions/A/Security
0x00000000204d5000 	/System/Library/Frameworks/ApplicationServices.framework/Versions/A/ApplicationServices
0x00000000204d5000 	/usr/lib/libz.1.dylib
0x00000000204d5000 	/usr/lib/libSystem.B.dylib
0x00000000204d5000 	/usr/lib/libobjc.A.dylib
0x00000000204d5000 	/System/Library/Frameworks/CoreFoundation.framework/Versions/A/CoreFoundation
0x00000000204d5000 	/System/Library/Frameworks/Foundation.framework/Versions/C/Foundation
0x00000000204d5000 	/System/Library/Frameworks/AppKit.framework/Versions/C/AppKit
0x00000000204d5000 	/System/Library/Frameworks/CoreData.framework/Versions/A/CoreData
0x00000000204d5000 	/System/Library/PrivateFrameworks/RemoteViewServices.framework/Versions/A/RemoteViewServices
0x00000000204d5000 	/System/Library/PrivateFrameworks/UIFoundation.framework/Versions/A/UIFoundation
0x00000000204d5000 	/System/Library/PrivateFrameworks/DFRFoundation.framework/Versions/A/DFRFoundation
0x00000000204d5000 	/usr/lib/libenergytrace.dylib
0x00000000204d5000 	/System/Library/PrivateFrameworks/SkyLight.framework/Versions/A/SkyLight
0x00000000204d5000 	/System/Library/Frameworks/CoreGraphics.framework/Versions/A/CoreGraphics
0x00000000204d5000 	/usr/lib/libScreenReader.dylib
0x00000000204d5000 	/System/Library/Frameworks/Accelerate.framework/Versions/A/Accelerate
0x00000000204d5000 	/System/Library/Frameworks/IOSurface.framework/Versions/A/IOSurface
0x00000000204d5000 	/System/Library/Frameworks/AudioToolbox.framework/Versions/A/AudioToolbox
0x00000000204d5000 	/System/Library/Frameworks/AudioUnit.framework/Versions/A/AudioUnit
0x00000000204d5000 	/System/Library/PrivateFrameworks/DataDetectorsCore.framework/Versions/A/DataDetectorsCore
0x00000000204d5000 	/System/Library/PrivateFrameworks/DesktopServicesPriv.framework/Versions/A/DesktopServicesPriv
0x00000000204d5000 	/System/Library/Frameworks/Carbon.framework/Versions/A/Frameworks/HIToolbox.framework/Versions/A/HIToolbox
0x00000000204d5000 	/usr/lib/libicucore.A.dylib
0x00000000204d5000 	/System/Library/Frameworks/QuartzCore.framework/Versions/A/QuartzCore
0x00000000204d5000 	/System/Library/Frameworks/Carbon.framework/Versions/A/Frameworks/SpeechRecognition.framework/Versions/A/SpeechRecognition
0x00000000204d5000 	/usr/lib/libauto.dylib
0x00000000204d5000 	/usr/lib/libxml2.2.dylib
0x00000000204d5000 	/System/Library/PrivateFrameworks/CoreUI.framework/Versions/A/CoreUI
0x00000000204d5000 	/System/Library/Frameworks/CoreAudio.framework/Versions/A/CoreAudio
0x00000000204d5000 	/System/Library/Frameworks/DiskArbitration.framework/Versions/A/DiskArbitration
0x00000000204d5000 	/usr/lib/liblangid.dylib
0x00000000204d5000 	/System/Library/PrivateFrameworks/MultitouchSupport.framework/Versions/A/MultitouchSupport
0x00000000204d5000 	/System/Library/Frameworks/IOKit.framework/Versions/A/IOKit
0x00000000204d5000 	/usr/lib/libDiagnosticMessagesClient.dylib
0x00000000204d5000 	/System/Library/Frameworks/CoreServices.framework/Versions/A/CoreServices
0x00000000204d5000 	/System/Library/PrivateFrameworks/PerformanceAnalysis.framework/Versions/A/PerformanceAnalysis
0x00000000204d5000 	/System/Library/PrivateFrameworks/GenerationalStorage.framework/Versions/A/GenerationalStorage
0x00000000204d5000 	/System/Library/Frameworks/OpenGL.framework/Versions/A/OpenGL
0x00000000204d5000 	/System/Library/Frameworks/CoreImage.framework/Versions/A/CoreImage
0x00000000204d5000 	/System/Library/Frameworks/CoreText.framework/Versions/A/CoreText
0x00000000204d5000 	/System/Library/Frameworks/ImageIO.framework/Versions/A/ImageIO
0x00000000204d5000 	/System/Library/PrivateFrameworks/Backup.framework/Versions/A/Backup
0x00000000204d5000 	/usr/lib/libarchive.2.dylib
0x00000000204d5000 	/System/Library/Frameworks/CFNetwork.framework/Versions/A/CFNetwork
0x00000000204d5000 	/System/Library/Frameworks/SystemConfiguration.framework/Versions/A/SystemConfiguration
0x00000000204d5000 	/usr/lib/libCRFSuite.dylib
0x00000000204d5000 	/usr/lib/libc++.1.dylib
0x00000000204d5000 	/usr/lib/libc++abi.dylib
0x00000000204d5000 	/usr/lib/system/libcache.dylib
0x00000000204d5000 	/usr/lib/system/libcommonCrypto.dylib
0x00000000204d5000 	/usr/lib/system/libcompiler_rt.dylib
0x00000000204d5000 	/usr/lib/system/libcopyfile.dylib
0x00000000204d5000 	/usr/lib/system/libcorecrypto.dylib
0x00000000204d5000 	/usr/lib/system/libdispatch.dylib
0x00000000204d5000 	/usr/lib/system/libdyld.dylib
0x00000000204d5000 	/usr/lib/system/libkeymgr.dylib
0x00000000204d5000 	/usr/lib/system/liblaunch.dylib
0x00000000204d5000 	/usr/lib/system/libmacho.dylib
0x00000000204d5000 	/usr/lib/system/libquarantine.dylib
0x00000000204d5000 	/usr/lib/system/libremovefile.dylib
0x00000000204d5000 	/usr/lib/system/libsystem_asl.dylib
0x00000000204d5000 	/usr/lib/system/libsystem_blocks.dylib
0x00000000204d5000 	/usr/lib/system/libsystem_c.dylib
0x00000000204d5000 	/usr/lib/system/libsystem_configuration.dylib
0x00000000204d5000 	/usr/lib/system/libsystem_coreservices.dylib
0x00000000204d5000 	/usr/lib/system/libsystem_coretls.dylib
0x00000000204d5000 	/usr/lib/system/libsystem_dnssd.dylib
0x00000000204d5000 	/usr/lib/system/libsystem_info.dylib
0x00000000204d5000 	/usr/lib/system/libsystem_kernel.dylib
0x00000000204d5000 	/usr/lib/system/libsystem_m.dylib
0x00000000204d5000 	/usr/lib/system/libsystem_malloc.dylib
0x00000000204d5000 	/usr/lib/system/libsystem_network.dylib
0x00000000204d5000 	/usr/lib/system/libsystem_networkextension.dylib
0x00000000204d5000 	/usr/lib/system/libsystem_notify.dylib
0x00000000204d5000 	/usr/lib/system/libsystem_platform.dylib
0x00000000204d5000 	/usr/lib/system/libsystem_pthread.dylib
0x00000000204d5000 	/usr/lib/system/libsystem_sandbox.dylib
0x00000000204d5000 	/usr/lib/system/libsystem_secinit.dylib
0x00000000204d5000 	/usr/lib/system/libsystem_symptoms.dylib
0x00000000204d5000 	/usr/lib/system/libsystem_trace.dylib
0x00000000204d5000 	/usr/lib/system/libunwind.dylib
0x00000000204d5000 	/usr/lib/system/libxpc.dylib
0x00000000204d5000 	/usr/lib/libbsm.0.dylib
0x00000000204d5000 	/usr/lib/system/libkxld.dylib
0x00000000204d5000 	/usr/lib/libcoretls.dylib
0x00000000204d5000 	/usr/lib/libcoretls_cfhelpers.dylib
0x00000000204d5000 	/usr/lib/libOpenScriptingUtil.dylib
0x00000000204d5000 	/usr/lib/libpam.2.dylib
0x00000000204d5000 	/usr/lib/libsqlite3.dylib
0x00000000204d5000 	/usr/lib/libxar.1.dylib
0x00000000204d5000 	/usr/lib/libbz2.1.0.dylib
0x00000000204d5000 	/usr/lib/liblzma.5.dylib
0x00000000204d5000 	/usr/lib/libnetwork.dylib
0x00000000204d5000 	/usr/lib/libpcap.A.dylib
0x00000000204d5000 	/System/Library/Frameworks/CoreServices.framework/Versions/A/Frameworks/FSEvents.framework/Versions/A/FSEvents
0x00000000204d5000 	/System/Library/Frameworks/CoreServices.framework/Versions/A/Frameworks/CarbonCore.framework/Versions/A/CarbonCore
0x00000000204d5000 	/System/Library/Frameworks/CoreServices.framework/Versions/A/Frameworks/Metadata.framework/Versions/A/Metadata
0x00000000204d5000 	/System/Library/Frameworks/CoreServices.framework/Versions/A/Frameworks/OSServices.framework/Versions/A/OSServices
0x00000000204d5000 	/System/Library/Frameworks/CoreServices.framework/Versions/A/Frameworks/SearchKit.framework/Versions/A/SearchKit
0x00000000204d5000 	/System/Library/Frameworks/CoreServices.framework/Versions/A/Frameworks/AE.framework/Versions/A/AE
0x00000000204d5000 	/System/Library/Frameworks/CoreServices.framework/Versions/A/Frameworks/LaunchServices.framework/Versions/A/LaunchServices
0x00000000204d5000 	/System/Library/Frameworks/CoreServices.framework/Versions/A/Frameworks/DictionaryServices.framework/Versions/A/DictionaryServices
0x00000000204d5000 	/System/Library/Frameworks/CoreServices.framework/Versions/A/Frameworks/SharedFileList.framework/Versions/A/SharedFileList
0x00000000204d5000 	/System/Library/Frameworks/NetFS.framework/Versions/A/NetFS
0x00000000204d5000 	/System/Library/PrivateFrameworks/NetAuth.framework/Versions/A/NetAuth
0x00000000204d5000 	/System/Library/PrivateFrameworks/login.framework/Versions/A/Frameworks/loginsupport.framework/Versions/A/loginsupport
0x00000000204d5000 	/System/Library/PrivateFrameworks/TCC.framework/Versions/A/TCC
0x00000000204d5000 	/usr/lib/libmecabra.dylib
0x00000000204d5000 	/System/Library/Frameworks/ApplicationServices.framework/Versions/A/Frameworks/ATS.framework/Versions/A/ATS
0x00000000204d5000 	/System/Library/Frameworks/ApplicationServices.framework/Versions/A/Frameworks/ColorSync.framework/Versions/A/ColorSync
0x00000000204d5000 	/System/Library/Frameworks/ApplicationServices.framework/Versions/A/Frameworks/HIServices.framework/Versions/A/HIServices
0x00000000204d5000 	/System/Library/Frameworks/ApplicationServices.framework/Versions/A/Frameworks/LangAnalysis.framework/Versions/A/LangAnalysis
0x00000000204d5000 	/System/Library/Frameworks/ApplicationServices.framework/Versions/A/Frameworks/PrintCore.framework/Versions/A/PrintCore
0x00000000204d5000 	/System/Library/Frameworks/ApplicationServices.framework/Versions/A/Frameworks/QD.framework/Versions/A/QD
0x00000000204d5000 	/System/Library/Frameworks/ApplicationServices.framework/Versions/A/Frameworks/SpeechSynthesis.framework/Versions/A/SpeechSynthesis
0x00000000204d5000 	/System/Library/Frameworks/Accelerate.framework/Versions/A/Frameworks/vImage.framework/Versions/A/vImage
0x00000000204d5000 	/System/Library/Frameworks/Accelerate.framework/Versions/A/Frameworks/vecLib.framework/Versions/A/vecLib
0x00000000204d5000 	/System/Library/Frameworks/Accelerate.framework/Versions/A/Frameworks/vecLib.framework/Versions/A/libvDSP.dylib
0x00000000204d5000 	/System/Library/Frameworks/Accelerate.framework/Versions/A/Frameworks/vecLib.framework/Versions/A/libBNNS.dylib
0x00000000204d5000 	/System/Library/Frameworks/Accelerate.framework/Versions/A/Frameworks/vecLib.framework/Versions/A/libQuadrature.dylib
0x00000000204d5000 	/System/Library/Frameworks/Accelerate.framework/Versions/A/Frameworks/vecLib.framework/Versions/A/libvMisc.dylib
0x00000000204d5000 	/System/Library/Frameworks/Accelerate.framework/Versions/A/Frameworks/vecLib.framework/Versions/A/libLAPACK.dylib
0x00000000204d5000 	/System/Library/Frameworks/Accelerate.framework/Versions/A/Frameworks/vecLib.framework/Versions/A/libBLAS.dylib
0x00000000204d5000 	/System/Library/Frameworks/Accelerate.framework/Versions/A/Frameworks/vecLib.framework/Versions/A/libLinearAlgebra.dylib
0x00000000204d5000 	/System/Library/Frameworks/Accelerate.framework/Versions/A/Frameworks/vecLib.framework/Versions/A/libSparseBLAS.dylib
0x00000000204d5000 	/System/Library/Frameworks/ApplicationServices.framework/Versions/A/Frameworks/ATS.framework/Versions/A/Resources/libFontParser.dylib
0x00000000204d5000 	/System/Library/Frameworks/ApplicationServices.framework/Versions/A/Frameworks/ATS.framework/Versions/A/Resources/libFontRegistry.dylib
0x00000000204d5000 	/System/Library/Frameworks/ImageIO.framework/Versions/A/Resources/libJPEG.dylib
0x00000000204d5000 	/System/Library/Frameworks/ImageIO.framework/Versions/A/Resources/libTIFF.dylib
0x00000000204d5000 	/System/Library/Frameworks/ImageIO.framework/Versions/A/Resources/libPng.dylib
0x00000000204d5000 	/System/Library/Frameworks/ImageIO.framework/Versions/A/Resources/libGIF.dylib
0x00000000204d5000 	/System/Library/Frameworks/ImageIO.framework/Versions/A/Resources/libJP2.dylib
0x00000000204d5000 	/System/Library/Frameworks/ImageIO.framework/Versions/A/Resources/libRadiance.dylib
0x00000000204d5000 	/usr/lib/libcompression.dylib
0x00000000204d5000 	/System/Library/PrivateFrameworks/AppleJPEG.framework/Versions/A/AppleJPEG
0x00000000204d5000 	/usr/lib/libcups.2.dylib
0x00000000204d5000 	/System/Library/Frameworks/Kerberos.framework/Versions/A/Kerberos
0x00000000204d5000 	/System/Library/Frameworks/GSS.framework/Versions/A/GSS
0x00000000204d5000 	/usr/lib/libresolv.9.dylib
0x00000000204d5000 	/usr/lib/libiconv.2.dylib
0x00000000204d5000 	/System/Library/PrivateFrameworks/Heimdal.framework/Versions/A/Heimdal
0x00000000204d5000 	/usr/lib/libheimdal-asn1.dylib
0x00000000204d5000 	/System/Library/Frameworks/OpenDirectory.framework/Versions/A/OpenDirectory
0x00000000204d5000 	/System/Library/PrivateFrameworks/CommonAuth.framework/Versions/A/CommonAuth
0x00000000204d5000 	/System/Library/Frameworks/OpenDirectory.framework/Versions/A/Frameworks/CFOpenDirectory.framework/Versions/A/CFOpenDirectory
0x00000000204d5000 	/System/Library/Frameworks/SecurityFoundation.framework/Versions/A/SecurityFoundation
0x00000000204d5000 	/System/Library/PrivateFrameworks/LanguageModeling.framework/Versions/A/LanguageModeling
0x00000000204d5000 	/usr/lib/libmarisa.dylib
0x00000000204d5000 	/usr/lib/libChineseTokenizer.dylib
0x00000000204d5000 	/usr/lib/libcmph.dylib
0x00000000204d5000 	/System/Library/PrivateFrameworks/CoreEmoji.framework/Versions/A/CoreEmoji
0x00000000204d5000 	/System/Library/Frameworks/ServiceManagement.framework/Versions/A/ServiceManagement
0x00000000204d5000 	/usr/lib/libxslt.1.dylib
0x00000000204d5000 	/System/Library/Frameworks/Carbon.framework/Versions/A/Frameworks/Ink.framework/Versions/A/Ink
0x00000000204d5000 	/System/Library/PrivateFrameworks/TextureIO.framework/Versions/A/TextureIO
0x00000000204d5000 	/System/Library/Frameworks/Metal.framework/Versions/A/Metal
0x00000000204d5000 	/usr/lib/libate.dylib
0x00000000204d5000 	/System/Library/PrivateFrameworks/GPUCompiler.framework/libmetal_timestamp.dylib
0x00000000204d5000 	/System/Library/Frameworks/OpenGL.framework/Versions/A/Libraries/libCoreFSCache.dylib
0x00000000204d5000 	/System/Library/PrivateFrameworks/IOAccelerator.framework/Versions/A/IOAccelerator
0x00000000204d5000 	/System/Library/Frameworks/CoreVideo.framework/Versions/A/CoreVideo
0x00000000204d5000 	/usr/lib/libFosl_dynamic.dylib
0x00000000204d5000 	/System/Library/PrivateFrameworks/MetalPerformanceShaders.framework/Versions/A/MetalPerformanceShaders
0x00000000204d5000 	/System/Library/PrivateFrameworks/FaceCore.framework/Versions/A/FaceCore
0x00000000204d5000 	/System/Library/Frameworks/OpenCL.framework/Versions/A/OpenCL
0x00000000204d5000 	/System/Library/Frameworks/OpenGL.framework/Versions/A/Libraries/libGLU.dylib
0x00000000204d5000 	/System/Library/Frameworks/OpenGL.framework/Versions/A/Libraries/libGFXShared.dylib
0x00000000204d5000 	/System/Library/Frameworks/OpenGL.framework/Versions/A/Libraries/libGL.dylib
0x00000000204d5000 	/System/Library/Frameworks/OpenGL.framework/Versions/A/Libraries/libGLImage.dylib
0x00000000204d5000 	/System/Library/Frameworks/OpenGL.framework/Versions/A/Libraries/libCVMSPluginSupport.dylib
0x00000000204d5000 	/System/Library/Frameworks/OpenGL.framework/Versions/A/Libraries/libCoreVMClient.dylib
0x00000000204d5000 	/System/Library/PrivateFrameworks/CrashReporterSupport.framework/Versions/A/CrashReporterSupport
0x00000000204d5000 	/System/Library/PrivateFrameworks/Sharing.framework/Versions/A/Sharing
0x00000000204d5000 	/System/Library/PrivateFrameworks/IconServices.framework/Versions/A/IconServices
0x00000000204d5000 	/System/Library/PrivateFrameworks/ProtocolBuffer.framework/Versions/A/ProtocolBuffer
0x00000000204d5000 	/System/Library/PrivateFrameworks/Apple80211.framework/Versions/A/Apple80211
0x00000000204d5000 	/System/Library/Frameworks/CoreWLAN.framework/Versions/A/CoreWLAN
0x00000000204d5000 	/System/Library/PrivateFrameworks/CoreUtils.framework/Versions/A/CoreUtils
0x00000000204d5000 	/System/Library/Frameworks/IOBluetooth.framework/Versions/A/IOBluetooth
0x00000000204d5000 	/System/Library/PrivateFrameworks/CoreWiFi.framework/Versions/A/CoreWiFi
0x00000000204d5000 	/System/Library/Frameworks/CoreBluetooth.framework/Versions/A/CoreBluetooth
0x00000000204d5000 	/System/Library/Frameworks/CoreDisplay.framework/Versions/A/CoreDisplay
0x00000000204d5000 	/System/Library/PrivateFrameworks/IOPresentment.framework/Versions/A/IOPresentment
0x00000000204d5000 	/System/Library/PrivateFrameworks/DSExternalDisplay.framework/Versions/A/DSExternalDisplay
0x00000000204d5000 	/System/Library/PrivateFrameworks/DebugSymbols.framework/Versions/A/DebugSymbols
0x00000000204d5000 	/System/Library/PrivateFrameworks/CoreSymbolication.framework/Versions/A/CoreSymbolication
0x00000000204d5000 	/System/Library/PrivateFrameworks/Symbolication.framework/Versions/A/Symbolication
0x00000000204d5000 	/System/Library/PrivateFrameworks/AppleFSCompression.framework/Versions/A/AppleFSCompression
0x00000000204d5000 	/System/Library/PrivateFrameworks/SpeechRecognitionCore.framework/Versions/A/SpeechRecognitionCore
0x00000000204d5000 	/System/Library/PrivateFrameworks/ChunkingLibrary.framework/Versions/A/ChunkingLibrary
0x000000010b43d000 	/Library/Java/JavaVirtualMachines/jdk1.8.0_144.jdk/Contents/Home/jre/lib/server/libjvm.dylib
0x00000000204d5000 	/usr/lib/libstdc++.6.dylib
0x000000010c3e4000 	/Library/Java/JavaVirtualMachines/jdk1.8.0_144.jdk/Contents/Home/jre/lib/libverify.dylib
0x000000010c3f2000 	/Library/Java/JavaVirtualMachines/jdk1.8.0_144.jdk/Contents/Home/jre/lib/libjava.dylib
0x000000010c428000 	/Library/Java/JavaVirtualMachines/jdk1.8.0_144.jdk/Contents/Home/jre/lib/libinstrument.dylib
0x000000010c486000 	/Library/Java/JavaVirtualMachines/jdk1.8.0_144.jdk/Contents/Home/jre/lib/libzip.dylib
0x00000001135d2000 	/System/Library/Frameworks/JavaVM.framework/Frameworks/JavaRuntimeSupport.framework/JavaRuntimeSupport
0x00000001135ec000 	/System/Library/Frameworks/JavaVM.framework/Versions/A/Frameworks/JavaNativeFoundation.framework/Versions/A/JavaNativeFoundation
0x0000000113601000 	/System/Library/Frameworks/JavaVM.framework/Versions/A/JavaVM
0x00000000204d5000 	/System/Library/Frameworks/Carbon.framework/Versions/A/Carbon
0x000000011360e000 	/System/Library/PrivateFrameworks/JavaLaunching.framework/Versions/A/JavaLaunching
0x00000000204d5000 	/System/Library/Frameworks/Carbon.framework/Versions/A/Frameworks/CommonPanels.framework/Versions/A/CommonPanels
0x00000000204d5000 	/System/Library/Frameworks/Carbon.framework/Versions/A/Frameworks/Help.framework/Versions/A/Help
0x00000000204d5000 	/System/Library/Frameworks/Carbon.framework/Versions/A/Frameworks/ImageCapture.framework/Versions/A/ImageCapture
0x00000000204d5000 	/System/Library/Frameworks/Carbon.framework/Versions/A/Frameworks/OpenScripting.framework/Versions/A/OpenScripting
0x00000000204d5000 	/System/Library/Frameworks/Carbon.framework/Versions/A/Frameworks/Print.framework/Versions/A/Print
0x00000000204d5000 	/System/Library/Frameworks/Carbon.framework/Versions/A/Frameworks/SecurityHI.framework/Versions/A/SecurityHI
0x0000000115089000 	/Library/Java/JavaVirtualMachines/jdk1.8.0_144.jdk/Contents/Home/jre/lib/libnet.dylib
0x000000011517e000 	/Library/Java/JavaVirtualMachines/jdk1.8.0_144.jdk/Contents/Home/jre/lib/libprism_es2.dylib
0x00000001151e4000 	/System/Library/Frameworks/OpenGL.framework/Resources/GLEngine.bundle/GLEngine
0x00000000204d5000 	/System/Library/Frameworks/OpenGL.framework/Versions/A/Libraries/libGLProgrammability.dylib
0x0000000124d63000 	/System/Library/Extensions/AppleIntelSKLGraphicsGLDriver.bundle/Contents/MacOS/AppleIntelSKLGraphicsGLDriver
0x00000000204d5000 	/System/Library/PrivateFrameworks/GPUSupport.framework/Versions/A/Libraries/libGPUSupportMercury.dylib
0x00000001153cd000 	/System/Library/Frameworks/OpenGL.framework/Resources//GLRendererFloat.bundle/GLRendererFloat
0x00000000204d5000 	/System/Library/Frameworks/OpenCL.framework/Versions/A/Libraries/libcldcpuengine.dylib
0x00000000204d5000 	/usr/lib/libcrypto.0.9.8.dylib
0x00000000204d5000 	/System/Library/PrivateFrameworks/TrustEvaluationAgent.framework/Versions/A/TrustEvaluationAgent
0x00000001157f0000 	/Library/Java/JavaVirtualMachines/jdk1.8.0_144.jdk/Contents/Home/jre/lib/libglass.dylib
0x00000000204d5000 	/System/Library/PrivateFrameworks/CoreServicesInternal.framework/Versions/A/CoreServicesInternal
0x00000000204d5000 	/System/Library/CoreServices/RawCamera.bundle/Contents/MacOS/RawCamera
0x00000000204d5000 	/System/Library/Frameworks/Accelerate.framework/Versions/A/Frameworks/vImage.framework/Versions/A/Libraries/libCGInterfaces.dylib
0x00000000204d5000 	/System/Library/PrivateFrameworks/FamilyControls.framework/Versions/A/FamilyControls
0x00000000204d5000 	/System/Library/PrivateFrameworks/CommerceKit.framework/Versions/A/Frameworks/CommerceCore.framework/Versions/A/CommerceCore
0x00000000204d5000 	/System/Library/PrivateFrameworks/SystemAdministration.framework/Versions/A/SystemAdministration
0x00000000204d5000 	/System/Library/PrivateFrameworks/AppContainer.framework/Versions/A/AppContainer
0x00000000204d5000 	/System/Library/PrivateFrameworks/SecCodeWrapper.framework/Versions/A/SecCodeWrapper
0x00000000204d5000 	/System/Library/Frameworks/DirectoryService.framework/Versions/A/DirectoryService
0x00000000204d5000 	/System/Library/PrivateFrameworks/DiskImages.framework/Versions/A/DiskImages
0x00000000204d5000 	/System/Library/PrivateFrameworks/LoginUIKit.framework/Versions/A/Frameworks/LoginUICore.framework/Versions/A/LoginUICore
0x00000000204d5000 	/usr/lib/libCoreStorage.dylib
0x00000000204d5000 	/usr/lib/libcsfde.dylib
0x00000000204d5000 	/usr/lib/libodfde.dylib
0x00000000204d5000 	/System/Library/Frameworks/DiscRecording.framework/Versions/A/DiscRecording
0x00000000204d5000 	/usr/lib/libcurl.4.dylib
0x00000000204d5000 	/System/Library/PrivateFrameworks/MediaKit.framework/Versions/A/MediaKit
0x00000000204d5000 	/System/Library/PrivateFrameworks/ProtectedCloudStorage.framework/Versions/A/ProtectedCloudStorage
0x00000000204d5000 	/System/Library/PrivateFrameworks/EFILogin.framework/Versions/A/EFILogin
0x00000000204d5000 	/usr/lib/libutil.dylib
0x00000000204d5000 	/System/Library/Frameworks/LDAP.framework/Versions/A/LDAP
0x00000000204d5000 	/usr/lib/libsasl2.2.dylib
0x00000000204d5000 	/System/Library/PrivateFrameworks/CoreDaemon.framework/Versions/B/CoreDaemon
0x00000000204d5000 	/System/Library/PrivateFrameworks/AppleSRP.framework/Versions/A/AppleSRP
0x00000000204d5000 	/System/Library/PrivateFrameworks/APFS.framework/Versions/A/APFS
0x0000000128d30000 	/Library/Java/JavaVirtualMachines/jdk1.8.0_144.jdk/Contents/Home/jre/lib/libjavafx_font.dylib
0x00000000204d5000 	/System/Library/Frameworks/ApplicationServices.framework/Versions/A/Frameworks/ATS.framework/Versions/A/Resources/libTrueTypeScaler.dylib
0x000000012cb46000 	/System/Library/Extensions/AppleIntelSKLGraphicsMTLDriver.bundle/Contents/MacOS/AppleIntelSKLGraphicsMTLDriver
0x00000000204d5000 	/System/Library/PrivateFrameworks/ViewBridge.framework/Versions/A/ViewBridge
0x00000000204d5000 	/System/Library/PrivateFrameworks/XPCService.framework/Versions/A/XPCService
0x00000000204d5000 	/System/Library/PrivateFrameworks/AppSandbox.framework/Versions/A/AppSandbox
0x00000000204d5000 	/usr/lib/libsandbox.1.dylib
0x00000000204d5000 	/usr/lib/libMatch.1.dylib
0x000000012ccf5000 	/Library/Java/JavaVirtualMachines/jdk1.8.0_144.jdk/Contents/Home/jre/lib/libprism_common.dylib
0x000000012677b000 	/private/var/folders/mc/drkjmxf92tn7vspsjqxjqyzh0000gq/T/bluecove_patrick.wigger_0/libbluecove.jnilib

VM Arguments:
jvm_args: -javaagent:/Applications/IntelliJ IDEA.app/Contents/lib/idea_rt.jar=60520:/Applications/IntelliJ IDEA.app/Contents/bin -Dfile.encoding=UTF-8 
java_command: FrvaApp
java_class_path (initial): /Library/Java/JavaVirtualMachines/jdk1.8.0_144.jdk/Contents/Home/jre/lib/charsets.jar:/Library/Java/JavaVirtualMachines/jdk1.8.0_144.jdk/Contents/Home/jre/lib/deploy.jar:/Library/Java/JavaVirtualMachines/jdk1.8.0_144.jdk/Contents/Home/jre/lib/ext/cldrdata.jar:/Library/Java/JavaVirtualMachines/jdk1.8.0_144.jdk/Contents/Home/jre/lib/ext/dnsns.jar:/Library/Java/JavaVirtualMachines/jdk1.8.0_144.jdk/Contents/Home/jre/lib/ext/jaccess.jar:/Library/Java/JavaVirtualMachines/jdk1.8.0_144.jdk/Contents/Home/jre/lib/ext/jfxrt.jar:/Library/Java/JavaVirtualMachines/jdk1.8.0_144.jdk/Contents/Home/jre/lib/ext/localedata.jar:/Library/Java/JavaVirtualMachines/jdk1.8.0_144.jdk/Contents/Home/jre/lib/ext/nashorn.jar:/Library/Java/JavaVirtualMachines/jdk1.8.0_144.jdk/Contents/Home/jre/lib/ext/sunec.jar:/Library/Java/JavaVirtualMachines/jdk1.8.0_144.jdk/Contents/Home/jre/lib/ext/sunjce_provider.jar:/Library/Java/JavaVirtualMachines/jdk1.8.0_144.jdk/Contents/Home/jre/lib/ext/sunpkcs11.jar:/Library/Java/JavaVirtualMachines/jdk1.8.0_144.jdk/Contents/Home/jre/lib/ext/zipfs.jar:/Library/Java/JavaVirtualMachines/jdk1.8.0_144.jdk/Contents/Home/jre/lib/javaws.jar:/Library/Java/JavaVirtualMachines/jdk1.8.0_144.jdk/Contents/Home/jre/lib/jce.jar:/Library/Java/JavaVirtualMachines/jdk1.8.0_144.jdk/Contents/Home/jre/lib/jfr.jar:/Library/Java/JavaVirtualMachines/jdk1.8.0_144.jdk/Contents/Home/jre/lib/jfxswt.jar:/Library/Java/JavaVirtualMachines/jdk1.8.0_144.jdk/Contents/Home/jre/lib/jsse.jar:/Library/Java/JavaVirtualMachines/jdk1.8.0_144.jdk/Contents/Home/jre/lib/management-agent.jar:/Library/Java/JavaVirtualMachines/jdk1.8.0_144.jdk/Contents/Home/jre/lib/plugin.jar:/Library/Java/JavaVirtualMachines/jdk1.8.0_144.jdk/Contents/Home/jre/lib/resources.jar:/Library/Java/JavaVirtualMachines/jdk1.8.0_144.jdk/Contents/Home/jre/lib/rt.jar:/Library/Java/JavaVirtualMachines/jdk1.8.0_144.jdk/Contents/Home/lib/ant-javafx.jar:/Library/Java/JavaVirtualMachines/jdk1.8.0_144.jdk/Contents/Home
Launcher Type: SUN_STANDARD

Environment Variables:
PATH=/usr/local/bin:/usr/bin:/bin:/usr/sbin:/sbin:/opt/X11/bin:/usr/local/munki:/Applications/Wireshark.app/Contents/MacOS
SHELL=/bin/bash
DISPLAY=/private/tmp/com.apple.launchd.ugIGmzVXwh/org.macosforge.xquartz:0

Signal Handlers:
SIGSEGV: [libjvm.dylib+0x5b26e5], sa_mask[0]=11111111011111110111111111111111, sa_flags=SA_ONSTACK|SA_RESTART|SA_SIGINFO
SIGBUS: [libjvm.dylib+0x5b26e5], sa_mask[0]=11111111011111110111111111111111, sa_flags=SA_RESTART|SA_SIGINFO
SIGFPE: [libjvm.dylib+0x489100], sa_mask[0]=11111111011111110111111111111111, sa_flags=SA_RESTART|SA_SIGINFO
SIGPIPE: [libjvm.dylib+0x489100], sa_mask[0]=11111111011111110111111111111111, sa_flags=SA_RESTART|SA_SIGINFO
SIGXFSZ: [libjvm.dylib+0x489100], sa_mask[0]=11111111011111110111111111111111, sa_flags=SA_RESTART|SA_SIGINFO
SIGILL: [libjvm.dylib+0x489100], sa_mask[0]=11111111011111110111111111111111, sa_flags=SA_RESTART|SA_SIGINFO
SIGUSR1: SIG_DFL, sa_mask[0]=00000000000000000000000000000000, sa_flags=none
SIGUSR2: [libjvm.dylib+0x488c1e], sa_mask[0]=00100000000000000000000000000000, sa_flags=SA_RESTART|SA_SIGINFO
SIGHUP: [libjvm.dylib+0x4871f5], sa_mask[0]=11111111011111110111111111111111, sa_flags=SA_RESTART|SA_SIGINFO
SIGINT: [libjvm.dylib+0x4871f5], sa_mask[0]=11111111011111110111111111111111, sa_flags=SA_RESTART|SA_SIGINFO
SIGTERM: [libjvm.dylib+0x4871f5], sa_mask[0]=11111111011111110111111111111111, sa_flags=SA_RESTART|SA_SIGINFO
SIGQUIT: [libjvm.dylib+0x4871f5], sa_mask[0]=11111111011111110111111111111111, sa_flags=SA_RESTART|SA_SIGINFO


---------------  S Y S T E M  ---------------

OS:Bsduname:Darwin 16.6.0 Darwin Kernel Version 16.6.0: Fri Apr 14 16:21:16 PDT 2017; root:xnu-3789.60.24~6/RELEASE_X86_64 x86_64
rlimit: STACK 8192k, CORE 0k, NPROC 709, NOFILE 10240, AS infinity
load average:3.66 3.36 2.99

CPU:total 4 (initial active 4) (2 cores per cpu, 2 threads per core) family 6 model 78 stepping 3, cmov, cx8, fxsr, mmx, sse, sse2, sse3, ssse3, sse4.1, sse4.2, popcnt, avx, avx2, aes, clmul, erms, 3dnowpref, lzcnt, ht, tsc, tscinvbit, bmi1, bmi2, adx

Memory: 4k page, physical 8388608k(27012k free)

/proc/meminfo:


vm_info: Java HotSpot(TM) 64-Bit Server VM (25.144-b01) for bsd-amd64 JRE (1.8.0_144-b01), built on Jul 21 2017 22:07:42 by "java_re" with gcc 4.2.1 (Based on Apple Inc. build 5658) (LLVM build 2336.11.00)

time: Fri Nov 24 10:17:12 2017
elapsed time: 7 seconds (0d 0h 0m 7s)

