#
# A fatal error has been detected by the Java Runtime Environment:
#
#  SIGSEGV (0xb) at pc=0x00000000159732bd, pid=35858, tid=0x0000000000013607
#
# JRE version: Java(TM) SE Runtime Environment (8.0_152-b16) (build 1.8.0_152-b16)
# Java VM: Java HotSpot(TM) 64-Bit Server VM (25.152-b16 mixed mode bsd-amd64 compressed oops)
# Problematic frame:
# C  0x00000000159732bd
#
# Failed to write core dump. Core dumps have been disabled. To enable core dumping, try "ulimit -c unlimited" before starting Java again
#
# If you would like to submit a bug report, please visit:
#   http://bugreport.java.com/bugreport/crash.jsp
#

---------------  T H R E A D  ---------------

Current thread (0x00007f8e7d058000):  JavaThread "Thread-11" daemon [_thread_in_Java, id=79367, stack(0x00007000097be000,0x00007000098be000)]

siginfo: si_signo: 11 (SIGSEGV), si_code: 1 (SEGV_MAPERR), si_addr: 0x00000000159732bd

Registers:
RAX=0x00007000098bd3d0, RBX=0x00007000098bd401, RCX=0x0000000000000001, RDX=0x0000000000000000
RSP=0x00007000098bd401, RBP=0x00007000098bd4e0, RSI=0x00007000098bd440, RDI=0x000000074426aa78
R8 =0x0000000000000000, R9 =0x000000074426aab0, R10=0x000000010c1071d0, R11=0x0000000115b0b740
R12=0x0000000000000000, R13=0x00000000159732bd, R14=0x00007000098bd498, R15=0x00007f8e7d058000
RIP=0x00000000159732bd, EFLAGS=0x0000000000010246, ERR=0x0000000000000014
  TRAPNO=0x000000000000000e

Top of Stack: (sp=0x00007000098bd401)
0x00007000098bd401:   9800000000000000 000000000111cf7d
0x00007000098bd411:   3800000000000000 8000007000098bd4
0x00007000098bd421:   bd00007000098bd4 0000000001159732
0x00007000098bd431:   8000000000000000 40000000074426a8
0x00007000098bd441:   2e00007000098bd4 980000000111cf6e
0x00007000098bd451:   c000007000098bd4 000000000111cf88
0x00007000098bd461:   4000000000000000 000000000111cf6e
0x00007000098bd471:   0100000000000000 e000007000098bd4
0x00007000098bd481:   bd00007000098bd4 a000000000159732
0x00007000098bd491:   80000000079e8313 a0000000074426a8
0x00007000098bd4a1:   ef00007000098bd4 300000000111ccd8
0x00007000098bd4b1:   1800007000098bd5 000000000111cd0b
0x00007000098bd4c1:   4800000000000000 900000000111ccd9
0x00007000098bd4d1:   2800007000098bd4 7800007000098bd5
0x00007000098bd4e1:   bd00007000098bd5 8000000001159732
0x00007000098bd4f1:   00000000074426a8 0100000000000000
0x00007000098bd501:   e800000000000000 e8000000079e8313
0x00007000098bd511:   d8000000079e8313 00000000074426a7
0x00007000098bd521:   a000000000000000 58000000079e8313
0x00007000098bd531:   380000000744269a fe00007000098bd5
0x00007000098bd541:   a80000000111ccd9 1800007000098bd5
0x00007000098bd551:   000000000111cd0b 1000000000000000
0x00007000098bd561:   280000000111ccda a000007000098bd5
0x00007000098bd571:   f000007000098bd5 bd00007000098bd5
0x00007000098bd581:   0000000001159732 0000000000000000
0x00007000098bd591:   5800000000000000 a00000000744282e
0x00007000098bd5a1:   58000000079e8313 b00000000744269a
0x00007000098bd5b1:   ad00007000098bd5 180000000111ccda
0x00007000098bd5c1:   1800007000098bd6 000000000111cd0b
0x00007000098bd5d1:   c000000000000000 a00000000111ccda
0x00007000098bd5e1:   0800007000098bd5 6000007000098bd6
0x00007000098bd5f1:   bd00007000098bd6 a000000001159732 

Instructions: (pc=0x00000000159732bd)
0x000000001597329d:   
[error occurred during error reporting (printing registers, top of stack, instructions near pc), id 0xb]

Register to memory mapping:

RAX=0x00007000098bd3d0 is pointing into the stack for thread: 0x00007f8e7d058000
RBX=0x00007000098bd401 is pointing into the stack for thread: 0x00007f8e7d058000
RCX=0x0000000000000001 is an unknown value
RDX=0x0000000000000000 is an unknown value
RSP=0x00007000098bd401 is pointing into the stack for thread: 0x00007f8e7d058000
RBP=0x00007000098bd4e0 is pointing into the stack for thread: 0x00007f8e7d058000
RSI=0x00007000098bd440 is pointing into the stack for thread: 0x00007f8e7d058000
RDI=0x000000074426aa78 is an oop
java.io.BufferedOutputStream 
 - klass: 'java/io/BufferedOutputStream'
R8 =0x0000000000000000 is an unknown value
R9 =0x000000074426aab0 is an oop
java.io.FileDescriptor 
 - klass: 'java/io/FileDescriptor'
R10=0x000000010c1071d0: _ZN19TemplateInterpreter13_active_tableE+0x4800 in /Library/Java/JavaVirtualMachines/jdk1.8.0_152.jdk/Contents/Home/jre/lib/server/libjvm.dylib at 0x000000010b800000
R11=0x0000000115b0b740 is at entry_point+32 in (nmethod*)0x0000000115b0b590
R12=0x0000000000000000 is an unknown value
R13=0x00000000159732bd is an unknown value
R14=0x00007000098bd498 is pointing into the stack for thread: 0x00007f8e7d058000
R15=0x00007f8e7d058000 is a thread


Stack: [0x00007000097be000,0x00007000098be000],  sp=0x00007000098bd401,  free space=1021k
Native frames: (J=compiled Java code, j=interpreted, Vv=VM code, C=native code)
C  0x00000000159732bd
j  java.util.logging.Logger.doLog(Ljava/util/logging/LogRecord;)V+46
j  java.util.logging.Logger.log(Ljava/util/logging/Level;Ljava/lang/String;)V+21
j  java.util.logging.Logger.info(Ljava/lang/String;)V+5
j  controller.util.liveviewparser.LiveDataParser$2.call()Ljava/lang/Integer;+72
j  controller.util.liveviewparser.LiveDataParser$2.call()Ljava/lang/Object;+1
j  javafx.concurrent.Task$TaskCallable.call()Ljava/lang/Object;+26
j  java.util.concurrent.FutureTask.run()V+42
j  java.util.concurrent.ThreadPoolExecutor.runWorker(Ljava/util/concurrent/ThreadPoolExecutor$Worker;)V+95
j  java.util.concurrent.ThreadPoolExecutor$Worker.run()V+5
j  java.lang.Thread.run()V+11
v  ~StubRoutines::call_stub
V  [libjvm.dylib+0x2ef7b2]  JavaCalls::call_helper(JavaValue*, methodHandle*, JavaCallArguments*, Thread*)+0x6ae
V  [libjvm.dylib+0x2eff56]  JavaCalls::call_virtual(JavaValue*, KlassHandle, Symbol*, Symbol*, JavaCallArguments*, Thread*)+0x164
V  [libjvm.dylib+0x2f0102]  JavaCalls::call_virtual(JavaValue*, Handle, KlassHandle, Symbol*, Symbol*, Thread*)+0x4a
V  [libjvm.dylib+0x34a8c5]  thread_entry(JavaThread*, Thread*)+0x7c
V  [libjvm.dylib+0x56e327]  JavaThread::thread_main_inner()+0x9b
V  [libjvm.dylib+0x56fa14]  JavaThread::run()+0x1c2
V  [libjvm.dylib+0x48d542]  java_start(Thread*)+0xf6
C  [libsystem_pthread.dylib+0x393b]  _pthread_body+0xb4
C  [libsystem_pthread.dylib+0x3887]  _pthread_body+0x0
C  [libsystem_pthread.dylib+0x308d]  thread_start+0xd
C  0x0000000000000000


---------------  P R O C E S S  ---------------

Java Threads: ( => current thread )
  0x00007f8e7d031800 JavaThread "Thread-12" daemon [_thread_in_native, id=40483, stack(0x00007000098c1000,0x00007000099c1000)]
=>0x00007f8e7d058000 JavaThread "Thread-11" daemon [_thread_in_Java, id=79367, stack(0x00007000097be000,0x00007000098be000)]
  0x00007f8e7cb65800 JavaThread "BluecoveAsynchronousShutdownThread" daemon [_thread_blocked, id=67503, stack(0x00007000096bb000,0x00007000097bb000)]
  0x00007f8e7e26b000 JavaThread "Prism Font Disposer" daemon [_thread_blocked, id=55363, stack(0x000070000932c000,0x000070000942c000)]
  0x00007f8e7d99b000 JavaThread "JavaFX-Launcher" [_thread_blocked, id=53507, stack(0x0000700009229000,0x0000700009329000)]
  0x00007f8e7e10c800 JavaThread "Thread-3" daemon [_thread_in_native, id=37379, stack(0x0000700009123000,0x00007000091a3000)]
  0x00007f8e7e098800 JavaThread "JavaFX Application Thread" [_thread_in_Java, id=775, stack(0x00007fff544a7000,0x00007fff54ca7000)]
  0x00007f8e7d27e000 JavaThread "Thread-1" daemon [_thread_blocked, id=25607, stack(0x0000700009020000,0x0000700009120000)]
  0x00007f8e7d926000 JavaThread "QuantumRenderer-0" daemon [_thread_in_native, id=19971, stack(0x0000700008f1d000,0x000070000901d000)]
  0x00007f8e7d11b000 JavaThread "Service Thread" daemon [_thread_blocked, id=18947, stack(0x0000700008d17000,0x0000700008e17000)]
  0x00007f8e7d876800 JavaThread "C1 CompilerThread2" daemon [_thread_blocked, id=18435, stack(0x0000700008c14000,0x0000700008d14000)]
  0x00007f8e7d875800 JavaThread "C2 CompilerThread1" daemon [_thread_blocked, id=17923, stack(0x0000700008b11000,0x0000700008c11000)]
  0x00007f8e7d875000 JavaThread "C2 CompilerThread0" daemon [_thread_blocked, id=17411, stack(0x0000700008a0e000,0x0000700008b0e000)]
  0x00007f8e7d880000 JavaThread "Monitor Ctrl-Break" daemon [_thread_in_native, id=16899, stack(0x000070000890b000,0x0000700008a0b000)]
  0x00007f8e7d002800 JavaThread "Signal Dispatcher" daemon [_thread_blocked, id=16387, stack(0x0000700008808000,0x0000700008908000)]
  0x00007f8e7c840000 JavaThread "Finalizer" daemon [_thread_blocked, id=12547, stack(0x0000700008705000,0x0000700008805000)]
  0x00007f8e7d00e800 JavaThread "Reference Handler" daemon [_thread_blocked, id=12035, stack(0x0000700008602000,0x0000700008702000)]
  0x00007f8e7c80c000 JavaThread "main" [_thread_blocked, id=7171, stack(0x0000700007ff0000,0x00007000080f0000)]

Other Threads:
  0x00007f8e7c83b800 VMThread [stack: 0x00007000084ff000,0x00007000085ff000] [id=11523]
  0x00007f8e7d884800 WatcherThread [stack: 0x0000700008e1a000,0x0000700008f1a000] [id=19459]

VM state:not at safepoint (normal execution)

VM Mutex/Monitor currently owned by a thread: None

Heap:
 PSYoungGen      total 380928K, used 233829K [0x0000000795580000, 0x00000007b4400000, 0x00000007c0000000)
  eden space 335360K, 66% used [0x0000000795580000,0x00000007a3077ab0,0x00000007a9d00000)
  from space 45568K, 21% used [0x00000007a9d00000,0x00000007aa661c30,0x00000007ac980000)
  to   space 43008K, 0% used [0x00000007b1a00000,0x00000007b1a00000,0x00000007b4400000)
 ParOldGen       total 179712K, used 109437K [0x0000000740000000, 0x000000074af80000, 0x0000000795580000)
  object space 179712K, 60% used [0x0000000740000000,0x0000000746adf6d0,0x000000074af80000)
 Metaspace       used 23373K, capacity 25038K, committed 25088K, reserved 1071104K
  class space    used 3292K, capacity 3570K, committed 3584K, reserved 1048576K

Card table byte_map: [0x000000010cbf6000,0x000000010cff7000] byte_map_base: 0x00000001091f6000

Marking Bits: (ParMarkBitMap*) 0x000000010c0f66c0
 Begin Bits: [0x000000010d2a2000, 0x000000010f2a2000)
 End Bits:   [0x000000010f2a2000, 0x00000001112a2000)

Polling page: 0x000000010afe4000

CodeCache: size=245760Kb used=13723Kb max_used=13739Kb free=232036Kb
 bounds [0x000000011596b000, 0x000000011670b000, 0x000000012496b000]
 total_blobs=4739 nmethods=4038 adapters=613
 compilation: enabled

Compilation events (10 events):
Event: 50.208 Thread 0x00007f8e7d876800 nmethod 4533 0x00000001166e4a90 code [0x00000001166e4c20, 0x00000001166e5168]
Event: 50.208 Thread 0x00007f8e7d876800 4534       3       javafx.scene.text.Text::needsFullTextLayout (44 bytes)
Event: 50.209 Thread 0x00007f8e7d876800 nmethod 4534 0x0000000116024d10 code [0x0000000116025000, 0x0000000116026598]
Event: 50.209 Thread 0x00007f8e7d876800 4532       3       javafx.scene.control.SkinBase::snappedRightInset (8 bytes)
Event: 50.210 Thread 0x00007f8e7d876800 nmethod 4532 0x0000000115eb3c50 code [0x0000000115eb3dc0, 0x0000000115eb4010]
Event: 50.296 Thread 0x00007f8e7d875000 nmethod 4520 0x00000001166f4150 code [0x00000001166f46e0, 0x00000001166f8370]
Event: 50.359 Thread 0x00007f8e7d876800 4535       3       java.util.regex.Pattern$LastNode::match (45 bytes)
Event: 50.359 Thread 0x00007f8e7d876800 nmethod 4535 0x0000000116115610 code [0x0000000116115780, 0x00000001161159b0]
Event: 50.359 Thread 0x00007f8e7d876800 4536       3       java.lang.StringBuilder::append (6 bytes)
Event: 50.360 Thread 0x00007f8e7d876800 nmethod 4536 0x000000011632b150 code [0x000000011632b2c0, 0x000000011632b528]

GC Heap History (10 events):
Event: 46.679 GC heap before
{Heap before GC invocations=8 (full 1):
 PSYoungGen      total 238592K, used 185123K [0x0000000795580000, 0x00000007a8c00000, 0x00000007c0000000)
  eden space 178688K, 100% used [0x0000000795580000,0x00000007a0400000,0x00000007a0400000)
  from space 59904K, 10% used [0x00000007a3b80000,0x00000007a41c8fb0,0x00000007a7600000)
  to   space 56832K, 0% used [0x00000007a0400000,0x00000007a0400000,0x00000007a3b80000)
 ParOldGen       total 179712K, used 109421K [0x0000000740000000, 0x000000074af80000, 0x0000000795580000)
  object space 179712K, 60% used [0x0000000740000000,0x0000000746adb6d0,0x000000074af80000)
 Metaspace       used 23347K, capacity 24910K, committed 25088K, reserved 1071104K
  class space    used 3292K, capacity 3570K, committed 3584K, reserved 1048576K
Event: 46.693 GC heap after
Heap after GC invocations=8 (full 1):
 PSYoungGen      total 235520K, used 7523K [0x0000000795580000, 0x00000007ac200000, 0x00000007c0000000)
  eden space 178688K, 0% used [0x0000000795580000,0x0000000795580000,0x00000007a0400000)
  from space 56832K, 13% used [0x00000007a0400000,0x00000007a0b58e00,0x00000007a3b80000)
  to   space 53248K, 0% used [0x00000007a8e00000,0x00000007a8e00000,0x00000007ac200000)
 ParOldGen       total 179712K, used 109429K [0x0000000740000000, 0x000000074af80000, 0x0000000795580000)
  object space 179712K, 60% used [0x0000000740000000,0x0000000746add6d0,0x000000074af80000)
 Metaspace       used 23347K, capacity 24910K, committed 25088K, reserved 1071104K
  class space    used 3292K, capacity 3570K, committed 3584K, reserved 1048576K
}
Event: 47.398 GC heap before
{Heap before GC invocations=9 (full 1):
 PSYoungGen      total 235520K, used 186211K [0x0000000795580000, 0x00000007ac200000, 0x00000007c0000000)
  eden space 178688K, 100% used [0x0000000795580000,0x00000007a0400000,0x00000007a0400000)
  from space 56832K, 13% used [0x00000007a0400000,0x00000007a0b58e00,0x00000007a3b80000)
  to   space 53248K, 0% used [0x00000007a8e00000,0x00000007a8e00000,0x00000007ac200000)
 ParOldGen       total 179712K, used 109429K [0x0000000740000000, 0x000000074af80000, 0x0000000795580000)
  object space 179712K, 60% used [0x0000000740000000,0x0000000746add6d0,0x000000074af80000)
 Metaspace       used 23351K, capacity 24974K, committed 25088K, reserved 1071104K
  class space    used 3292K, capacity 3570K, committed 3584K, reserved 1048576K
Event: 47.409 GC heap after
Heap after GC invocations=9 (full 1):
 PSYoungGen      total 305664K, used 7661K [0x0000000795580000, 0x00000007ab880000, 0x00000007c0000000)
  eden space 262144K, 0% used [0x0000000795580000,0x0000000795580000,0x00000007a5580000)
  from space 43520K, 17% used [0x00000007a8e00000,0x00000007a957b438,0x00000007ab880000)
  to   space 50688K, 0% used [0x00000007a5580000,0x00000007a5580000,0x00000007a8700000)
 ParOldGen       total 179712K, used 109429K [0x0000000740000000, 0x000000074af80000, 0x0000000795580000)
  object space 179712K, 60% used [0x0000000740000000,0x0000000746add6d0,0x000000074af80000)
 Metaspace       used 23351K, capacity 24974K, committed 25088K, reserved 1071104K
  class space    used 3292K, capacity 3570K, committed 3584K, reserved 1048576K
}
Event: 48.301 GC heap before
{Heap before GC invocations=10 (full 1):
 PSYoungGen      total 305664K, used 269805K [0x0000000795580000, 0x00000007ab880000, 0x00000007c0000000)
  eden space 262144K, 100% used [0x0000000795580000,0x00000007a5580000,0x00000007a5580000)
  from space 43520K, 17% used [0x00000007a8e00000,0x00000007a957b438,0x00000007ab880000)
  to   space 50688K, 0% used [0x00000007a5580000,0x00000007a5580000,0x00000007a8700000)
 ParOldGen       total 179712K, used 109429K [0x0000000740000000, 0x000000074af80000, 0x0000000795580000)
  object space 179712K, 60% used [0x0000000740000000,0x0000000746add6d0,0x000000074af80000)
 Metaspace       used 23352K, capacity 24974K, committed 25088K, reserved 1071104K
  class space    used 3292K, capacity 3570K, committed 3584K, reserved 1048576K
Event: 48.319 GC heap after
Heap after GC invocations=10 (full 1):
 PSYoungGen      total 312832K, used 9709K [0x0000000795580000, 0x00000007af900000, 0x00000007c0000000)
  eden space 262144K, 0% used [0x0000000795580000,0x0000000795580000,0x00000007a5580000)
  from space 50688K, 19% used [0x00000007a5580000,0x00000007a5efb440,0x00000007a8700000)
  to   space 47616K, 0% used [0x00000007aca80000,0x00000007aca80000,0x00000007af900000)
 ParOldGen       total 179712K, used 109437K [0x0000000740000000, 0x000000074af80000, 0x0000000795580000)
  object space 179712K, 60% used [0x0000000740000000,0x0000000746adf6d0,0x000000074af80000)
 Metaspace       used 23352K, capacity 24974K, committed 25088K, reserved 1071104K
  class space    used 3292K, capacity 3570K, committed 3584K, reserved 1048576K
}
Event: 49.032 GC heap before
{Heap before GC invocations=11 (full 1):
 PSYoungGen      total 312832K, used 271853K [0x0000000795580000, 0x00000007af900000, 0x00000007c0000000)
  eden space 262144K, 100% used [0x0000000795580000,0x00000007a5580000,0x00000007a5580000)
  from space 50688K, 19% used [0x00000007a5580000,0x00000007a5efb440,0x00000007a8700000)
  to   space 47616K, 0% used [0x00000007aca80000,0x00000007aca80000,0x00000007af900000)
 ParOldGen       total 179712K, used 109437K [0x0000000740000000, 0x000000074af80000, 0x0000000795580000)
  object space 179712K, 60% used [0x0000000740000000,0x0000000746adf6d0,0x000000074af80000)
 Metaspace       used 23352K, capacity 24974K, committed 25088K, reserved 1071104K
  class space    used 3292K, capacity 3570K, committed 3584K, reserved 1048576K
Event: 49.050 GC heap after
Heap after GC invocations=11 (full 1):
 PSYoungGen      total 379904K, used 9200K [0x0000000795580000, 0x00000007af600000, 0x00000007c0000000)
  eden space 335360K, 0% used [0x0000000795580000,0x0000000795580000,0x00000007a9d00000)
  from space 44544K, 20% used [0x00000007aca80000,0x00000007ad37c0e8,0x00000007af600000)
  to   space 45568K, 0% used [0x00000007a9d00000,0x00000007a9d00000,0x00000007ac980000)
 ParOldGen       total 179712K, used 109437K [0x0000000740000000, 0x000000074af80000, 0x0000000795580000)
  object space 179712K, 60% used [0x0000000740000000,0x0000000746adf6d0,0x000000074af80000)
 Metaspace       used 23352K, capacity 24974K, committed 25088K, reserved 1071104K
  class space    used 3292K, capacity 3570K, committed 3584K, reserved 1048576K
}
Event: 49.921 GC heap before
{Heap before GC invocations=12 (full 1):
 PSYoungGen      total 379904K, used 344560K [0x0000000795580000, 0x00000007af600000, 0x00000007c0000000)
  eden space 335360K, 100% used [0x0000000795580000,0x00000007a9d00000,0x00000007a9d00000)
  from space 44544K, 20% used [0x00000007aca80000,0x00000007ad37c0e8,0x00000007af600000)
  to   space 45568K, 0% used [0x00000007a9d00000,0x00000007a9d00000,0x00000007ac980000)
 ParOldGen       total 179712K, used 109437K [0x0000000740000000, 0x000000074af80000, 0x0000000795580000)
  object space 179712K, 60% used [0x0000000740000000,0x0000000746adf6d0,0x000000074af80000)
 Metaspace       used 23365K, capacity 24974K, committed 25088K, reserved 1071104K
  class space    used 3292K, capacity 3570K, committed 3584K, reserved 1048576K
Event: 49.930 GC heap after
Heap after GC invocations=12 (full 1):
 PSYoungGen      total 380928K, used 9607K [0x0000000795580000, 0x00000007b4400000, 0x00000007c0000000)
  eden space 335360K, 0% used [0x0000000795580000,0x0000000795580000,0x00000007a9d00000)
  from space 45568K, 21% used [0x00000007a9d00000,0x00000007aa661c30,0x00000007ac980000)
  to   space 43008K, 0% used [0x00000007b1a00000,0x00000007b1a00000,0x00000007b4400000)
 ParOldGen       total 179712K, used 109437K [0x0000000740000000, 0x000000074af80000, 0x0000000795580000)
  object space 179712K, 60% used [0x0000000740000000,0x0000000746adf6d0,0x000000074af80000)
 Metaspace       used 23365K, capacity 24974K, committed 25088K, reserved 1071104K
  class space    used 3292K, capacity 3570K, committed 3584K, reserved 1048576K
}

Deoptimization events (10 events):
Event: 27.421 Thread 0x00007f8e7e098800 Uncommon trap: reason=speculate_class_check action=maybe_recompile pc=0x000000011663d8c8 method=javafx.scene.Node.computeLocalBounds(Lcom/sun/javafx/geom/BaseBounds;Lcom/sun/javafx/geom/transform/BaseTransform;)Lcom/sun/javafx/geom/BaseBounds; @ 45
Event: 27.442 Thread 0x00007f8e7d926000 Uncommon trap: reason=unstable_if action=reinterpret pc=0x00000001164f9da0 method=com.sun.prism.impl.VertexBuffer.ensureCapacityForQuad()V @ 10
Event: 27.445 Thread 0x00007f8e7d926000 Uncommon trap: reason=unstable_if action=reinterpret pc=0x000000011649b8ec method=com.sun.prism.impl.VertexBuffer.ensureCapacityForQuad()V @ 10
Event: 30.585 Thread 0x00007f8e7e098800 Uncommon trap: reason=speculate_class_check action=maybe_recompile pc=0x000000011663d8c8 method=javafx.scene.Node.computeLocalBounds(Lcom/sun/javafx/geom/BaseBounds;Lcom/sun/javafx/geom/transform/BaseTransform;)Lcom/sun/javafx/geom/BaseBounds; @ 45
Event: 33.250 Thread 0x00007f8e7e098800 Uncommon trap: reason=speculate_class_check action=maybe_recompile pc=0x0000000115ef7050 method=javafx.scene.Node.computeLocalBounds(Lcom/sun/javafx/geom/BaseBounds;Lcom/sun/javafx/geom/transform/BaseTransform;)Lcom/sun/javafx/geom/BaseBounds; @ 45
Event: 35.849 Thread 0x00007f8e7e098800 Uncommon trap: reason=speculate_class_check action=maybe_recompile pc=0x0000000115ef7050 method=javafx.scene.Node.computeLocalBounds(Lcom/sun/javafx/geom/BaseBounds;Lcom/sun/javafx/geom/transform/BaseTransform;)Lcom/sun/javafx/geom/BaseBounds; @ 45
Event: 50.193 Thread 0x00007f8e7d031800 Uncommon trap: reason=unstable_if action=reinterpret pc=0x00000001162956ec method=controller.util.liveviewparser.CommandInitialize.receive(C)V @ 21
Event: 50.207 Thread 0x00007f8e7e098800 Uncommon trap: reason=bimorphic action=maybe_recompile pc=0x0000000115bbe8ac method=javafx.scene.layout.VBox.getContentBias()Ljavafx/geometry/Orientation; @ 44
Event: 50.208 Thread 0x00007f8e7e098800 Uncommon trap: reason=null_check action=make_not_entrant pc=0x00000001162edbb0 method=javafx.scene.Node$MiscProperties.getClip()Ljavafx/scene/Node; @ 20
Event: 50.360 Thread 0x00007f8e7d926000 Uncommon trap: reason=unstable_if action=reinterpret pc=0x0000000116648068 method=com.sun.scenario.effect.impl.ImagePool.checkOut(Lcom/sun/scenario/effect/impl/Renderer;II)Lcom/sun/scenario/effect/impl/PoolFilterable; @ 201

Classes redefined (0 events):
No events

Internal exceptions (10 events):
Event: 2.614 Thread 0x00007f8e7e098800 Exception <a 'java/io/FileNotFoundException'> (0x0000000797b28fa0) thrown at [/Users/java_re/workspace/8-2-build-macosx-x86_64/jdk8u152/9742/hotspot/src/share/vm/prims/jni.cpp, line 709]
Event: 3.068 Thread 0x00007f8e7e098800 Exception <a 'java/io/FileNotFoundException'> (0x0000000798386b18) thrown at [/Users/java_re/workspace/8-2-build-macosx-x86_64/jdk8u152/9742/hotspot/src/share/vm/prims/jni.cpp, line 709]
Event: 3.072 Thread 0x00007f8e7e098800 Exception <a 'java/io/FileNotFoundException'> (0x00000007983976a0) thrown at [/Users/java_re/workspace/8-2-build-macosx-x86_64/jdk8u152/9742/hotspot/src/share/vm/prims/jni.cpp, line 709]
Event: 3.073 Thread 0x00007f8e7e098800 Exception <a 'java/io/FileNotFoundException'> (0x00000007983a8a30) thrown at [/Users/java_re/workspace/8-2-build-macosx-x86_64/jdk8u152/9742/hotspot/src/share/vm/prims/jni.cpp, line 709]
Event: 3.076 Thread 0x00007f8e7e098800 Exception <a 'java/io/FileNotFoundException'> (0x00000007983b9940) thrown at [/Users/java_re/workspace/8-2-build-macosx-x86_64/jdk8u152/9742/hotspot/src/share/vm/prims/jni.cpp, line 709]
Event: 3.196 Thread 0x00007f8e7e098800 Implicit null exception at 0x000000011606c951 to 0x000000011606cefd
Event: 6.898 Thread 0x00007f8e7cd30800 Exception <a 'java/lang/NoClassDefFoundError': org/apache/log4j/Category> (0x00000007957f86b0) thrown at [/Users/java_re/workspace/8-2-build-macosx-x86_64/jdk8u152/9742/hotspot/src/share/vm/classfile/systemDictionary.cpp, line 199]
Event: 6.913 Thread 0x00007f8e7cd30800 Exception <a 'java/lang/UnsatisfiedLinkError': com.intel.bluetooth.BluetoothStackOSX.isNativeCodeLoaded()Z> (0x0000000795875c08) thrown at [/Users/java_re/workspace/8-2-build-macosx-x86_64/jdk8u152/9742/hotspot/src/share/vm/prims/nativeLookup.cpp, line 37
Event: 25.074 Thread 0x00007f8e7e098800 Implicit null exception at 0x00000001163a23c4 to 0x00000001163a4069
Event: 50.208 Thread 0x00007f8e7e098800 Implicit null exception at 0x00000001162edb4e to 0x00000001162edba5

Events (10 events):
Event: 50.193 Thread 0x00007f8e7d031800 DEOPT UNPACKING pc=0x0000000115970229 sp=0x00007000099c0828 mode 2
Event: 50.207 Thread 0x00007f8e7e098800 Uncommon trap: trap_request=0xffffffc6 fr.pc=0x0000000115bbe8ac
Event: 50.207 Thread 0x00007f8e7e098800 DEOPT PACKING pc=0x0000000115bbe8ac sp=0x00007fff54ca0880
Event: 50.207 Thread 0x00007f8e7e098800 DEOPT UNPACKING pc=0x0000000115970229 sp=0x00007fff54ca0840 mode 2
Event: 50.208 Thread 0x00007f8e7e098800 Uncommon trap: trap_request=0xfffffff4 fr.pc=0x00000001162edbb0
Event: 50.208 Thread 0x00007f8e7e098800 DEOPT PACKING pc=0x00000001162edbb0 sp=0x00007fff54ca09f0
Event: 50.208 Thread 0x00007f8e7e098800 DEOPT UNPACKING pc=0x0000000115970229 sp=0x00007fff54ca0950 mode 2
Event: 50.360 Thread 0x00007f8e7d926000 Uncommon trap: trap_request=0xffffff65 fr.pc=0x0000000116648068
Event: 50.360 Thread 0x00007f8e7d926000 DEOPT PACKING pc=0x0000000116648068 sp=0x000070000901aa90
Event: 50.360 Thread 0x00007f8e7d926000 DEOPT UNPACKING pc=0x0000000115970229 sp=0x000070000901aa38 mode 2


Dynamic libraries:
0x0000000043ba8000 	/System/Library/Frameworks/Cocoa.framework/Versions/A/Cocoa
0x0000000043ba8000 	/System/Library/Frameworks/Security.framework/Versions/A/Security
0x0000000043ba8000 	/System/Library/Frameworks/ApplicationServices.framework/Versions/A/ApplicationServices
0x0000000043ba8000 	/usr/lib/libz.1.dylib
0x0000000043ba8000 	/usr/lib/libSystem.B.dylib
0x0000000043ba8000 	/usr/lib/libobjc.A.dylib
0x0000000043ba8000 	/System/Library/Frameworks/CoreFoundation.framework/Versions/A/CoreFoundation
0x0000000043ba8000 	/System/Library/Frameworks/Foundation.framework/Versions/C/Foundation
0x0000000043ba8000 	/System/Library/Frameworks/AppKit.framework/Versions/C/AppKit
0x0000000043ba8000 	/System/Library/Frameworks/CoreData.framework/Versions/A/CoreData
0x0000000043ba8000 	/System/Library/PrivateFrameworks/RemoteViewServices.framework/Versions/A/RemoteViewServices
0x0000000043ba8000 	/System/Library/PrivateFrameworks/UIFoundation.framework/Versions/A/UIFoundation
0x0000000043ba8000 	/System/Library/PrivateFrameworks/DFRFoundation.framework/Versions/A/DFRFoundation
0x0000000043ba8000 	/usr/lib/libenergytrace.dylib
0x0000000043ba8000 	/System/Library/PrivateFrameworks/SkyLight.framework/Versions/A/SkyLight
0x0000000043ba8000 	/System/Library/Frameworks/CoreGraphics.framework/Versions/A/CoreGraphics
0x0000000043ba8000 	/usr/lib/libScreenReader.dylib
0x0000000043ba8000 	/System/Library/Frameworks/Accelerate.framework/Versions/A/Accelerate
0x0000000043ba8000 	/System/Library/Frameworks/IOSurface.framework/Versions/A/IOSurface
0x0000000043ba8000 	/System/Library/Frameworks/AudioToolbox.framework/Versions/A/AudioToolbox
0x0000000043ba8000 	/System/Library/Frameworks/AudioUnit.framework/Versions/A/AudioUnit
0x0000000043ba8000 	/System/Library/PrivateFrameworks/DataDetectorsCore.framework/Versions/A/DataDetectorsCore
0x0000000043ba8000 	/System/Library/PrivateFrameworks/DesktopServicesPriv.framework/Versions/A/DesktopServicesPriv
0x0000000043ba8000 	/System/Library/Frameworks/Carbon.framework/Versions/A/Frameworks/HIToolbox.framework/Versions/A/HIToolbox
0x0000000043ba8000 	/usr/lib/libicucore.A.dylib
0x0000000043ba8000 	/System/Library/Frameworks/QuartzCore.framework/Versions/A/QuartzCore
0x0000000043ba8000 	/System/Library/Frameworks/Carbon.framework/Versions/A/Frameworks/SpeechRecognition.framework/Versions/A/SpeechRecognition
0x0000000043ba8000 	/usr/lib/libauto.dylib
0x0000000043ba8000 	/usr/lib/libxml2.2.dylib
0x0000000043ba8000 	/System/Library/PrivateFrameworks/CoreUI.framework/Versions/A/CoreUI
0x0000000043ba8000 	/System/Library/Frameworks/CoreAudio.framework/Versions/A/CoreAudio
0x0000000043ba8000 	/System/Library/Frameworks/DiskArbitration.framework/Versions/A/DiskArbitration
0x0000000043ba8000 	/usr/lib/liblangid.dylib
0x0000000043ba8000 	/System/Library/PrivateFrameworks/MultitouchSupport.framework/Versions/A/MultitouchSupport
0x0000000043ba8000 	/System/Library/Frameworks/IOKit.framework/Versions/A/IOKit
0x0000000043ba8000 	/usr/lib/libDiagnosticMessagesClient.dylib
0x0000000043ba8000 	/System/Library/Frameworks/CoreServices.framework/Versions/A/CoreServices
0x0000000043ba8000 	/System/Library/PrivateFrameworks/PerformanceAnalysis.framework/Versions/A/PerformanceAnalysis
0x0000000043ba8000 	/System/Library/PrivateFrameworks/GenerationalStorage.framework/Versions/A/GenerationalStorage
0x0000000043ba8000 	/System/Library/Frameworks/OpenGL.framework/Versions/A/OpenGL
0x0000000043ba8000 	/System/Library/Frameworks/CoreImage.framework/Versions/A/CoreImage
0x0000000043ba8000 	/System/Library/Frameworks/CoreText.framework/Versions/A/CoreText
0x0000000043ba8000 	/System/Library/Frameworks/ImageIO.framework/Versions/A/ImageIO
0x0000000043ba8000 	/System/Library/PrivateFrameworks/Backup.framework/Versions/A/Backup
0x0000000043ba8000 	/usr/lib/libarchive.2.dylib
0x0000000043ba8000 	/System/Library/Frameworks/CFNetwork.framework/Versions/A/CFNetwork
0x0000000043ba8000 	/System/Library/Frameworks/SystemConfiguration.framework/Versions/A/SystemConfiguration
0x0000000043ba8000 	/usr/lib/libCRFSuite.dylib
0x0000000043ba8000 	/usr/lib/libc++.1.dylib
0x0000000043ba8000 	/usr/lib/libc++abi.dylib
0x0000000043ba8000 	/usr/lib/system/libcache.dylib
0x0000000043ba8000 	/usr/lib/system/libcommonCrypto.dylib
0x0000000043ba8000 	/usr/lib/system/libcompiler_rt.dylib
0x0000000043ba8000 	/usr/lib/system/libcopyfile.dylib
0x0000000043ba8000 	/usr/lib/system/libcorecrypto.dylib
0x0000000043ba8000 	/usr/lib/system/libdispatch.dylib
0x0000000043ba8000 	/usr/lib/system/libdyld.dylib
0x0000000043ba8000 	/usr/lib/system/libkeymgr.dylib
0x0000000043ba8000 	/usr/lib/system/liblaunch.dylib
0x0000000043ba8000 	/usr/lib/system/libmacho.dylib
0x0000000043ba8000 	/usr/lib/system/libquarantine.dylib
0x0000000043ba8000 	/usr/lib/system/libremovefile.dylib
0x0000000043ba8000 	/usr/lib/system/libsystem_asl.dylib
0x0000000043ba8000 	/usr/lib/system/libsystem_blocks.dylib
0x0000000043ba8000 	/usr/lib/system/libsystem_c.dylib
0x0000000043ba8000 	/usr/lib/system/libsystem_configuration.dylib
0x0000000043ba8000 	/usr/lib/system/libsystem_coreservices.dylib
0x0000000043ba8000 	/usr/lib/system/libsystem_coretls.dylib
0x0000000043ba8000 	/usr/lib/system/libsystem_dnssd.dylib
0x0000000043ba8000 	/usr/lib/system/libsystem_info.dylib
0x0000000043ba8000 	/usr/lib/system/libsystem_kernel.dylib
0x0000000043ba8000 	/usr/lib/system/libsystem_m.dylib
0x0000000043ba8000 	/usr/lib/system/libsystem_malloc.dylib
0x0000000043ba8000 	/usr/lib/system/libsystem_network.dylib
0x0000000043ba8000 	/usr/lib/system/libsystem_networkextension.dylib
0x0000000043ba8000 	/usr/lib/system/libsystem_notify.dylib
0x0000000043ba8000 	/usr/lib/system/libsystem_platform.dylib
0x0000000043ba8000 	/usr/lib/system/libsystem_pthread.dylib
0x0000000043ba8000 	/usr/lib/system/libsystem_sandbox.dylib
0x0000000043ba8000 	/usr/lib/system/libsystem_secinit.dylib
0x0000000043ba8000 	/usr/lib/system/libsystem_symptoms.dylib
0x0000000043ba8000 	/usr/lib/system/libsystem_trace.dylib
0x0000000043ba8000 	/usr/lib/system/libunwind.dylib
0x0000000043ba8000 	/usr/lib/system/libxpc.dylib
0x0000000043ba8000 	/usr/lib/libbsm.0.dylib
0x0000000043ba8000 	/usr/lib/system/libkxld.dylib
0x0000000043ba8000 	/usr/lib/libcoretls.dylib
0x0000000043ba8000 	/usr/lib/libcoretls_cfhelpers.dylib
0x0000000043ba8000 	/usr/lib/libOpenScriptingUtil.dylib
0x0000000043ba8000 	/usr/lib/libpam.2.dylib
0x0000000043ba8000 	/usr/lib/libsqlite3.dylib
0x0000000043ba8000 	/usr/lib/libxar.1.dylib
0x0000000043ba8000 	/usr/lib/libbz2.1.0.dylib
0x0000000043ba8000 	/usr/lib/liblzma.5.dylib
0x0000000043ba8000 	/usr/lib/libnetwork.dylib
0x0000000043ba8000 	/usr/lib/libpcap.A.dylib
0x0000000043ba8000 	/System/Library/Frameworks/CoreServices.framework/Versions/A/Frameworks/FSEvents.framework/Versions/A/FSEvents
0x0000000043ba8000 	/System/Library/Frameworks/CoreServices.framework/Versions/A/Frameworks/CarbonCore.framework/Versions/A/CarbonCore
0x0000000043ba8000 	/System/Library/Frameworks/CoreServices.framework/Versions/A/Frameworks/Metadata.framework/Versions/A/Metadata
0x0000000043ba8000 	/System/Library/Frameworks/CoreServices.framework/Versions/A/Frameworks/OSServices.framework/Versions/A/OSServices
0x0000000043ba8000 	/System/Library/Frameworks/CoreServices.framework/Versions/A/Frameworks/SearchKit.framework/Versions/A/SearchKit
0x0000000043ba8000 	/System/Library/Frameworks/CoreServices.framework/Versions/A/Frameworks/AE.framework/Versions/A/AE
0x0000000043ba8000 	/System/Library/Frameworks/CoreServices.framework/Versions/A/Frameworks/LaunchServices.framework/Versions/A/LaunchServices
0x0000000043ba8000 	/System/Library/Frameworks/CoreServices.framework/Versions/A/Frameworks/DictionaryServices.framework/Versions/A/DictionaryServices
0x0000000043ba8000 	/System/Library/Frameworks/CoreServices.framework/Versions/A/Frameworks/SharedFileList.framework/Versions/A/SharedFileList
0x0000000043ba8000 	/System/Library/Frameworks/NetFS.framework/Versions/A/NetFS
0x0000000043ba8000 	/System/Library/PrivateFrameworks/NetAuth.framework/Versions/A/NetAuth
0x0000000043ba8000 	/System/Library/PrivateFrameworks/login.framework/Versions/A/Frameworks/loginsupport.framework/Versions/A/loginsupport
0x0000000043ba8000 	/System/Library/PrivateFrameworks/TCC.framework/Versions/A/TCC
0x0000000043ba8000 	/usr/lib/libmecabra.dylib
0x0000000043ba8000 	/System/Library/Frameworks/ApplicationServices.framework/Versions/A/Frameworks/ATS.framework/Versions/A/ATS
0x0000000043ba8000 	/System/Library/Frameworks/ApplicationServices.framework/Versions/A/Frameworks/ColorSync.framework/Versions/A/ColorSync
0x0000000043ba8000 	/System/Library/Frameworks/ApplicationServices.framework/Versions/A/Frameworks/HIServices.framework/Versions/A/HIServices
0x0000000043ba8000 	/System/Library/Frameworks/ApplicationServices.framework/Versions/A/Frameworks/LangAnalysis.framework/Versions/A/LangAnalysis
0x0000000043ba8000 	/System/Library/Frameworks/ApplicationServices.framework/Versions/A/Frameworks/PrintCore.framework/Versions/A/PrintCore
0x0000000043ba8000 	/System/Library/Frameworks/ApplicationServices.framework/Versions/A/Frameworks/QD.framework/Versions/A/QD
0x0000000043ba8000 	/System/Library/Frameworks/ApplicationServices.framework/Versions/A/Frameworks/SpeechSynthesis.framework/Versions/A/SpeechSynthesis
0x0000000043ba8000 	/System/Library/Frameworks/Accelerate.framework/Versions/A/Frameworks/vImage.framework/Versions/A/vImage
0x0000000043ba8000 	/System/Library/Frameworks/Accelerate.framework/Versions/A/Frameworks/vecLib.framework/Versions/A/vecLib
0x0000000043ba8000 	/System/Library/Frameworks/Accelerate.framework/Versions/A/Frameworks/vecLib.framework/Versions/A/libvDSP.dylib
0x0000000043ba8000 	/System/Library/Frameworks/Accelerate.framework/Versions/A/Frameworks/vecLib.framework/Versions/A/libBNNS.dylib
0x0000000043ba8000 	/System/Library/Frameworks/Accelerate.framework/Versions/A/Frameworks/vecLib.framework/Versions/A/libQuadrature.dylib
0x0000000043ba8000 	/System/Library/Frameworks/Accelerate.framework/Versions/A/Frameworks/vecLib.framework/Versions/A/libvMisc.dylib
0x0000000043ba8000 	/System/Library/Frameworks/Accelerate.framework/Versions/A/Frameworks/vecLib.framework/Versions/A/libLAPACK.dylib
0x0000000043ba8000 	/System/Library/Frameworks/Accelerate.framework/Versions/A/Frameworks/vecLib.framework/Versions/A/libBLAS.dylib
0x0000000043ba8000 	/System/Library/Frameworks/Accelerate.framework/Versions/A/Frameworks/vecLib.framework/Versions/A/libLinearAlgebra.dylib
0x0000000043ba8000 	/System/Library/Frameworks/Accelerate.framework/Versions/A/Frameworks/vecLib.framework/Versions/A/libSparseBLAS.dylib
0x0000000043ba8000 	/System/Library/Frameworks/ApplicationServices.framework/Versions/A/Frameworks/ATS.framework/Versions/A/Resources/libFontParser.dylib
0x0000000043ba8000 	/System/Library/Frameworks/ApplicationServices.framework/Versions/A/Frameworks/ATS.framework/Versions/A/Resources/libFontRegistry.dylib
0x0000000043ba8000 	/System/Library/Frameworks/ImageIO.framework/Versions/A/Resources/libJPEG.dylib
0x0000000043ba8000 	/System/Library/Frameworks/ImageIO.framework/Versions/A/Resources/libTIFF.dylib
0x0000000043ba8000 	/System/Library/Frameworks/ImageIO.framework/Versions/A/Resources/libPng.dylib
0x0000000043ba8000 	/System/Library/Frameworks/ImageIO.framework/Versions/A/Resources/libGIF.dylib
0x0000000043ba8000 	/System/Library/Frameworks/ImageIO.framework/Versions/A/Resources/libJP2.dylib
0x0000000043ba8000 	/System/Library/Frameworks/ImageIO.framework/Versions/A/Resources/libRadiance.dylib
0x0000000043ba8000 	/usr/lib/libcompression.dylib
0x0000000043ba8000 	/System/Library/PrivateFrameworks/AppleJPEG.framework/Versions/A/AppleJPEG
0x0000000043ba8000 	/usr/lib/libcups.2.dylib
0x0000000043ba8000 	/System/Library/Frameworks/Kerberos.framework/Versions/A/Kerberos
0x0000000043ba8000 	/System/Library/Frameworks/GSS.framework/Versions/A/GSS
0x0000000043ba8000 	/usr/lib/libresolv.9.dylib
0x0000000043ba8000 	/usr/lib/libiconv.2.dylib
0x0000000043ba8000 	/System/Library/PrivateFrameworks/Heimdal.framework/Versions/A/Heimdal
0x0000000043ba8000 	/usr/lib/libheimdal-asn1.dylib
0x0000000043ba8000 	/System/Library/Frameworks/OpenDirectory.framework/Versions/A/OpenDirectory
0x0000000043ba8000 	/System/Library/PrivateFrameworks/CommonAuth.framework/Versions/A/CommonAuth
0x0000000043ba8000 	/System/Library/Frameworks/OpenDirectory.framework/Versions/A/Frameworks/CFOpenDirectory.framework/Versions/A/CFOpenDirectory
0x0000000043ba8000 	/System/Library/Frameworks/SecurityFoundation.framework/Versions/A/SecurityFoundation
0x0000000043ba8000 	/System/Library/PrivateFrameworks/LanguageModeling.framework/Versions/A/LanguageModeling
0x0000000043ba8000 	/usr/lib/libmarisa.dylib
0x0000000043ba8000 	/usr/lib/libChineseTokenizer.dylib
0x0000000043ba8000 	/usr/lib/libcmph.dylib
0x0000000043ba8000 	/System/Library/PrivateFrameworks/CoreEmoji.framework/Versions/A/CoreEmoji
0x0000000043ba8000 	/System/Library/Frameworks/ServiceManagement.framework/Versions/A/ServiceManagement
0x0000000043ba8000 	/usr/lib/libxslt.1.dylib
0x0000000043ba8000 	/System/Library/Frameworks/Carbon.framework/Versions/A/Frameworks/Ink.framework/Versions/A/Ink
0x0000000043ba8000 	/System/Library/PrivateFrameworks/TextureIO.framework/Versions/A/TextureIO
0x0000000043ba8000 	/System/Library/Frameworks/Metal.framework/Versions/A/Metal
0x0000000043ba8000 	/usr/lib/libate.dylib
0x0000000043ba8000 	/System/Library/PrivateFrameworks/GPUCompiler.framework/libmetal_timestamp.dylib
0x0000000043ba8000 	/System/Library/Frameworks/OpenGL.framework/Versions/A/Libraries/libCoreFSCache.dylib
0x0000000043ba8000 	/System/Library/PrivateFrameworks/IOAccelerator.framework/Versions/A/IOAccelerator
0x0000000043ba8000 	/System/Library/Frameworks/CoreVideo.framework/Versions/A/CoreVideo
0x0000000043ba8000 	/usr/lib/libFosl_dynamic.dylib
0x0000000043ba8000 	/System/Library/PrivateFrameworks/MetalPerformanceShaders.framework/Versions/A/MetalPerformanceShaders
0x0000000043ba8000 	/System/Library/PrivateFrameworks/FaceCore.framework/Versions/A/FaceCore
0x0000000043ba8000 	/System/Library/Frameworks/OpenCL.framework/Versions/A/OpenCL
0x0000000043ba8000 	/System/Library/Frameworks/OpenGL.framework/Versions/A/Libraries/libGLU.dylib
0x0000000043ba8000 	/System/Library/Frameworks/OpenGL.framework/Versions/A/Libraries/libGFXShared.dylib
0x0000000043ba8000 	/System/Library/Frameworks/OpenGL.framework/Versions/A/Libraries/libGL.dylib
0x0000000043ba8000 	/System/Library/Frameworks/OpenGL.framework/Versions/A/Libraries/libGLImage.dylib
0x0000000043ba8000 	/System/Library/Frameworks/OpenGL.framework/Versions/A/Libraries/libCVMSPluginSupport.dylib
0x0000000043ba8000 	/System/Library/Frameworks/OpenGL.framework/Versions/A/Libraries/libCoreVMClient.dylib
0x0000000043ba8000 	/System/Library/PrivateFrameworks/CrashReporterSupport.framework/Versions/A/CrashReporterSupport
0x0000000043ba8000 	/System/Library/PrivateFrameworks/Sharing.framework/Versions/A/Sharing
0x0000000043ba8000 	/System/Library/PrivateFrameworks/IconServices.framework/Versions/A/IconServices
0x0000000043ba8000 	/System/Library/PrivateFrameworks/ProtocolBuffer.framework/Versions/A/ProtocolBuffer
0x0000000043ba8000 	/System/Library/PrivateFrameworks/Apple80211.framework/Versions/A/Apple80211
0x0000000043ba8000 	/System/Library/Frameworks/CoreWLAN.framework/Versions/A/CoreWLAN
0x0000000043ba8000 	/System/Library/PrivateFrameworks/CoreUtils.framework/Versions/A/CoreUtils
0x0000000043ba8000 	/System/Library/Frameworks/IOBluetooth.framework/Versions/A/IOBluetooth
0x0000000043ba8000 	/System/Library/PrivateFrameworks/CoreWiFi.framework/Versions/A/CoreWiFi
0x0000000043ba8000 	/System/Library/Frameworks/CoreBluetooth.framework/Versions/A/CoreBluetooth
0x0000000043ba8000 	/System/Library/Frameworks/CoreDisplay.framework/Versions/A/CoreDisplay
0x0000000043ba8000 	/System/Library/PrivateFrameworks/IOPresentment.framework/Versions/A/IOPresentment
0x0000000043ba8000 	/System/Library/PrivateFrameworks/DSExternalDisplay.framework/Versions/A/DSExternalDisplay
0x0000000043ba8000 	/System/Library/PrivateFrameworks/DebugSymbols.framework/Versions/A/DebugSymbols
0x0000000043ba8000 	/System/Library/PrivateFrameworks/CoreSymbolication.framework/Versions/A/CoreSymbolication
0x0000000043ba8000 	/System/Library/PrivateFrameworks/Symbolication.framework/Versions/A/Symbolication
0x0000000043ba8000 	/System/Library/PrivateFrameworks/AppleFSCompression.framework/Versions/A/AppleFSCompression
0x0000000043ba8000 	/System/Library/PrivateFrameworks/SpeechRecognitionCore.framework/Versions/A/SpeechRecognitionCore
0x0000000043ba8000 	/System/Library/PrivateFrameworks/ChunkingLibrary.framework/Versions/A/ChunkingLibrary
0x000000010b800000 	/Library/Java/JavaVirtualMachines/jdk1.8.0_152.jdk/Contents/Home/jre/lib/server/libjvm.dylib
0x0000000043ba8000 	/usr/lib/libstdc++.6.dylib
0x000000010afd6000 	/Library/Java/JavaVirtualMachines/jdk1.8.0_152.jdk/Contents/Home/jre/lib/libverify.dylib
0x000000010c7ac000 	/Library/Java/JavaVirtualMachines/jdk1.8.0_152.jdk/Contents/Home/jre/lib/libjava.dylib
0x000000010c7e2000 	/Library/Java/JavaVirtualMachines/jdk1.8.0_152.jdk/Contents/Home/jre/lib/libinstrument.dylib
0x000000010afef000 	/Library/Java/JavaVirtualMachines/jdk1.8.0_152.jdk/Contents/Home/jre/lib/libzip.dylib
0x0000000114c76000 	/Library/Java/JavaVirtualMachines/jdk1.8.0_152.jdk/Contents/Home/jre/lib/libnet.dylib
0x0000000114cd5000 	/Library/Java/JavaVirtualMachines/jdk1.8.0_152.jdk/Contents/Home/jre/lib/libprism_es2.dylib
0x0000000114d3b000 	/System/Library/Frameworks/OpenGL.framework/Resources/GLEngine.bundle/GLEngine
0x0000000043ba8000 	/System/Library/Frameworks/OpenGL.framework/Versions/A/Libraries/libGLProgrammability.dylib
0x000000012496b000 	/System/Library/Extensions/AppleIntelSKLGraphicsGLDriver.bundle/Contents/MacOS/AppleIntelSKLGraphicsGLDriver
0x0000000043ba8000 	/System/Library/PrivateFrameworks/GPUSupport.framework/Versions/A/Libraries/libGPUSupportMercury.dylib
0x0000000114f24000 	/System/Library/Frameworks/OpenGL.framework/Resources//GLRendererFloat.bundle/GLRendererFloat
0x0000000043ba8000 	/System/Library/Frameworks/OpenCL.framework/Versions/A/Libraries/libcldcpuengine.dylib
0x0000000043ba8000 	/usr/lib/libcrypto.0.9.8.dylib
0x0000000043ba8000 	/System/Library/PrivateFrameworks/TrustEvaluationAgent.framework/Versions/A/TrustEvaluationAgent
0x0000000115347000 	/Library/Java/JavaVirtualMachines/jdk1.8.0_152.jdk/Contents/Home/jre/lib/libglass.dylib
0x0000000043ba8000 	/System/Library/PrivateFrameworks/CoreServicesInternal.framework/Versions/A/CoreServicesInternal
0x0000000043ba8000 	/System/Library/CoreServices/RawCamera.bundle/Contents/MacOS/RawCamera
0x0000000043ba8000 	/System/Library/Frameworks/Accelerate.framework/Versions/A/Frameworks/vImage.framework/Versions/A/Libraries/libCGInterfaces.dylib
0x0000000043ba8000 	/System/Library/PrivateFrameworks/FamilyControls.framework/Versions/A/FamilyControls
0x0000000043ba8000 	/System/Library/PrivateFrameworks/CommerceKit.framework/Versions/A/Frameworks/CommerceCore.framework/Versions/A/CommerceCore
0x0000000043ba8000 	/System/Library/PrivateFrameworks/SystemAdministration.framework/Versions/A/SystemAdministration
0x0000000043ba8000 	/System/Library/PrivateFrameworks/AppContainer.framework/Versions/A/AppContainer
0x0000000043ba8000 	/System/Library/PrivateFrameworks/SecCodeWrapper.framework/Versions/A/SecCodeWrapper
0x0000000043ba8000 	/System/Library/Frameworks/DirectoryService.framework/Versions/A/DirectoryService
0x0000000043ba8000 	/System/Library/PrivateFrameworks/DiskImages.framework/Versions/A/DiskImages
0x0000000043ba8000 	/System/Library/PrivateFrameworks/LoginUIKit.framework/Versions/A/Frameworks/LoginUICore.framework/Versions/A/LoginUICore
0x0000000043ba8000 	/usr/lib/libCoreStorage.dylib
0x0000000043ba8000 	/usr/lib/libcsfde.dylib
0x0000000043ba8000 	/usr/lib/libodfde.dylib
0x0000000043ba8000 	/System/Library/Frameworks/DiscRecording.framework/Versions/A/DiscRecording
0x0000000043ba8000 	/usr/lib/libcurl.4.dylib
0x0000000043ba8000 	/System/Library/PrivateFrameworks/MediaKit.framework/Versions/A/MediaKit
0x0000000043ba8000 	/System/Library/PrivateFrameworks/ProtectedCloudStorage.framework/Versions/A/ProtectedCloudStorage
0x0000000043ba8000 	/System/Library/PrivateFrameworks/EFILogin.framework/Versions/A/EFILogin
0x0000000043ba8000 	/usr/lib/libutil.dylib
0x0000000043ba8000 	/System/Library/Frameworks/LDAP.framework/Versions/A/LDAP
0x0000000043ba8000 	/usr/lib/libsasl2.2.dylib
0x0000000043ba8000 	/System/Library/PrivateFrameworks/CoreDaemon.framework/Versions/B/CoreDaemon
0x0000000043ba8000 	/System/Library/PrivateFrameworks/AppleSRP.framework/Versions/A/AppleSRP
0x0000000043ba8000 	/System/Library/PrivateFrameworks/APFS.framework/Versions/A/APFS
0x00000001289df000 	/Library/Java/JavaVirtualMachines/jdk1.8.0_152.jdk/Contents/Home/jre/lib/libjavafx_font.dylib
0x0000000043ba8000 	/System/Library/Frameworks/ApplicationServices.framework/Versions/A/Frameworks/ATS.framework/Versions/A/Resources/libTrueTypeScaler.dylib
0x000000012c8b2000 	/System/Library/Extensions/AppleIntelSKLGraphicsMTLDriver.bundle/Contents/MacOS/AppleIntelSKLGraphicsMTLDriver
0x0000000043ba8000 	/System/Library/PrivateFrameworks/ViewBridge.framework/Versions/A/ViewBridge
0x0000000043ba8000 	/System/Library/PrivateFrameworks/XPCService.framework/Versions/A/XPCService
0x0000000043ba8000 	/System/Library/PrivateFrameworks/AppSandbox.framework/Versions/A/AppSandbox
0x0000000043ba8000 	/usr/lib/libsandbox.1.dylib
0x0000000043ba8000 	/usr/lib/libMatch.1.dylib
0x000000012c8a1000 	/Library/Java/JavaVirtualMachines/jdk1.8.0_152.jdk/Contents/Home/jre/lib/libprism_common.dylib
0x0000000125b7b000 	/private/var/folders/mc/drkjmxf92tn7vspsjqxjqyzh0000gq/T/bluecove_patrick.wigger_0/libbluecove.jnilib
0x0000000125ba5000 	/System/Library/Frameworks/JavaVM.framework/Versions/A/JavaVM
0x0000000125bb2000 	/System/Library/PrivateFrameworks/JavaLaunching.framework/Versions/A/JavaLaunching

VM Arguments:
jvm_args: -javaagent:/Applications/IntelliJ IDEA.app/Contents/lib/idea_rt.jar=61726:/Applications/IntelliJ IDEA.app/Contents/bin -Dfile.encoding=UTF-8 
java_command: FrvaApp
java_class_path (initial): /Library/Java/JavaVirtualMachines/jdk1.8.0_152.jdk/Contents/Home/jre/lib/charsets.jar:/Library/Java/JavaVirtualMachines/jdk1.8.0_152.jdk/Contents/Home/jre/lib/deploy.jar:/Library/Java/JavaVirtualMachines/jdk1.8.0_152.jdk/Contents/Home/jre/lib/ext/cldrdata.jar:/Library/Java/JavaVirtualMachines/jdk1.8.0_152.jdk/Contents/Home/jre/lib/ext/dnsns.jar:/Library/Java/JavaVirtualMachines/jdk1.8.0_152.jdk/Contents/Home/jre/lib/ext/jaccess.jar:/Library/Java/JavaVirtualMachines/jdk1.8.0_152.jdk/Contents/Home/jre/lib/ext/jfxrt.jar:/Library/Java/JavaVirtualMachines/jdk1.8.0_152.jdk/Contents/Home/jre/lib/ext/localedata.jar:/Library/Java/JavaVirtualMachines/jdk1.8.0_152.jdk/Contents/Home/jre/lib/ext/nashorn.jar:/Library/Java/JavaVirtualMachines/jdk1.8.0_152.jdk/Contents/Home/jre/lib/ext/sunec.jar:/Library/Java/JavaVirtualMachines/jdk1.8.0_152.jdk/Contents/Home/jre/lib/ext/sunjce_provider.jar:/Library/Java/JavaVirtualMachines/jdk1.8.0_152.jdk/Contents/Home/jre/lib/ext/sunpkcs11.jar:/Library/Java/JavaVirtualMachines/jdk1.8.0_152.jdk/Contents/Home/jre/lib/ext/zipfs.jar:/Library/Java/JavaVirtualMachines/jdk1.8.0_152.jdk/Contents/Home/jre/lib/javaws.jar:/Library/Java/JavaVirtualMachines/jdk1.8.0_152.jdk/Contents/Home/jre/lib/jce.jar:/Library/Java/JavaVirtualMachines/jdk1.8.0_152.jdk/Contents/Home/jre/lib/jfr.jar:/Library/Java/JavaVirtualMachines/jdk1.8.0_152.jdk/Contents/Home/jre/lib/jfxswt.jar:/Library/Java/JavaVirtualMachines/jdk1.8.0_152.jdk/Contents/Home/jre/lib/jsse.jar:/Library/Java/JavaVirtualMachines/jdk1.8.0_152.jdk/Contents/Home/jre/lib/management-agent.jar:/Library/Java/JavaVirtualMachines/jdk1.8.0_152.jdk/Contents/Home/jre/lib/plugin.jar:/Library/Java/JavaVirtualMachines/jdk1.8.0_152.jdk/Contents/Home/jre/lib/resources.jar:/Library/Java/JavaVirtualMachines/jdk1.8.0_152.jdk/Contents/Home/jre/lib/rt.jar:/Library/Java/JavaVirtualMachines/jdk1.8.0_152.jdk/Contents/Home/lib/ant-javafx.jar:/Library/Java/JavaVirtualMachines/jdk1.8.0_152.jdk/Contents/Home
Launcher Type: SUN_STANDARD

Environment Variables:
PATH=/usr/local/bin:/usr/bin:/bin:/usr/sbin:/sbin:/opt/X11/bin:/usr/local/munki:/Applications/Wireshark.app/Contents/MacOS
SHELL=/bin/bash
DISPLAY=/private/tmp/com.apple.launchd.X52u9ARQ53/org.macosforge.xquartz:0

Signal Handlers:
SIGSEGV: [libjvm.dylib+0x5b494d], sa_mask[0]=11111111011111110111111111111111, sa_flags=SA_ONSTACK|SA_RESTART|SA_SIGINFO
SIGBUS: [libjvm.dylib+0x5b494d], sa_mask[0]=11111111011111110111111111111111, sa_flags=SA_RESTART|SA_SIGINFO
SIGFPE: [libjvm.dylib+0x48ab54], sa_mask[0]=11111111011111110111111111111111, sa_flags=SA_RESTART|SA_SIGINFO
SIGPIPE: [libjvm.dylib+0x48ab54], sa_mask[0]=11111111011111110111111111111111, sa_flags=SA_RESTART|SA_SIGINFO
SIGXFSZ: [libjvm.dylib+0x48ab54], sa_mask[0]=11111111011111110111111111111111, sa_flags=SA_RESTART|SA_SIGINFO
SIGILL: [libjvm.dylib+0x48ab54], sa_mask[0]=11111111011111110111111111111111, sa_flags=SA_RESTART|SA_SIGINFO
SIGUSR1: SIG_DFL, sa_mask[0]=00000000000000000000000000000000, sa_flags=none
SIGUSR2: [libjvm.dylib+0x48a672], sa_mask[0]=00100000000000000000000000000000, sa_flags=SA_RESTART|SA_SIGINFO
SIGHUP: [libjvm.dylib+0x488c49], sa_mask[0]=11111111011111110111111111111111, sa_flags=SA_RESTART|SA_SIGINFO
SIGINT: [libjvm.dylib+0x488c49], sa_mask[0]=11111111011111110111111111111111, sa_flags=SA_RESTART|SA_SIGINFO
SIGTERM: [libjvm.dylib+0x488c49], sa_mask[0]=11111111011111110111111111111111, sa_flags=SA_RESTART|SA_SIGINFO
SIGQUIT: [libjvm.dylib+0x488c49], sa_mask[0]=11111111011111110111111111111111, sa_flags=SA_RESTART|SA_SIGINFO


---------------  S Y S T E M  ---------------

OS:Bsduname:Darwin 16.6.0 Darwin Kernel Version 16.6.0: Fri Apr 14 16:21:16 PDT 2017; root:xnu-3789.60.24~6/RELEASE_X86_64 x86_64
rlimit: STACK 8192k, CORE 0k, NPROC 709, NOFILE 10240, AS infinity
load average:2.23 2.15 2.18

CPU:total 4 (initial active 4) (2 cores per cpu, 2 threads per core) family 6 model 78 stepping 3, cmov, cx8, fxsr, mmx, sse, sse2, sse3, ssse3, sse4.1, sse4.2, popcnt, avx, avx2, aes, clmul, erms, 3dnowpref, lzcnt, ht, tsc, tscinvbit, bmi1, bmi2, adx

Memory: 4k page, physical 8388608k(109564k free)

/proc/meminfo:


vm_info: Java HotSpot(TM) 64-Bit Server VM (25.152-b16) for bsd-amd64 JRE (1.8.0_152-b16), built on Sep 14 2017 02:31:13 by "java_re" with gcc 4.2.1 (Based on Apple Inc. build 5658) (LLVM build 2336.11.00)

time: Tue Jan  2 09:51:06 2018
elapsed time: 50 seconds (0d 0h 0m 50s)

