#
# A fatal error has been detected by the Java Runtime Environment:
#
#  SIGILL (0x4) at pc=0x00007fffab021694, pid=66504, tid=0x0000000000000307
#
# JRE version: Java(TM) SE Runtime Environment (8.0_144-b01) (build 1.8.0_144-b01)
# Java VM: Java HotSpot(TM) 64-Bit Server VM (25.144-b01 mixed mode bsd-amd64 compressed oops)
# Problematic frame:
# C  [libdispatch.dylib+0xc694]  _dispatch_barrier_sync_f_slow+0x2a3
#
# Failed to write core dump. Core dumps have been disabled. To enable core dumping, try "ulimit -c unlimited" before starting Java again
#
# If you would like to submit a bug report, please visit:
#   http://bugreport.java.com/bugreport/crash.jsp
# The crash happened outside the Java Virtual Machine in native code.
# See problematic frame for where to report the bug.
#

---------------  T H R E A D  ---------------

Current thread (0x00007fed8f13a800):  JavaThread "JavaFX Application Thread" [_thread_in_native, id=775, stack(0x00007fff52c2f000,0x00007fff5342f000)]

siginfo: si_signo: 4 (SIGILL), si_code: 1 (ILL_ILLOPC), si_addr: 0x00007fffab021694

Registers:
RAX=0x00007fffb3f35a80, RBX=0x00007fffb3f35a80, RCX=0x00007fffab03f1df, RDX=0x0000000000000307
RSP=0x00007fff53426960, RBP=0x00007fff53426a30, RSI=0x0000000000000307, RDI=0x00007fffb3f35a80
R8 =0x0000000000000001, R9 =0x00007fed8e488570, R10=0x000000000000002e, R11=0x00007fffab01f791
R12=0x00000000100020ff, R13=0x00007fffb3f378d1, R14=0x000000012aaaddeb, R15=0x00007fff53426a48
RIP=0x00007fffab021694, EFLAGS=0x0000000000010246, ERR=0x0000000000000000
  TRAPNO=0x0000000000000006

Top of Stack: (sp=0x00007fff53426960)
0x00007fff53426960:   0000000000000003 00000000100020ff
0x00007fff53426970:   0000000000000000 ffffffffffffffff
0x00007fff53426980:   00007fffab022ed4 00007fff534269a0
0x00007fff53426990:   0000000000000307 00007fff53426a00
0x00007fff534269a0:   0000000000000000 0000000000000000
0x00007fff534269b0:   0000000000000000 0000000000000000
0x00007fff534269c0:   000000012aaaddeb 00007fff53426a48
0x00007fff534269d0:   00007fffb3f35a80 00007fff53426a00
0x00007fff534269e0:   00007fffb3f35a80 0000000000000000
0x00007fff534269f0:   0000000000000000 00007fff53426aa8
0x00007fff53426a00:   0000000100000000 00007fff53426aa8
0x00007fff53426a10:   0000000000000000 00000001358fb5f8
0x00007fff53426a20:   000000012aaba4be 00007fed8e488570
0x00007fff53426a30:   00007fff53426a90 000000012aaaddb1
0x00007fff53426a40:   0000000000000000 00007fffb3f45060
0x00007fff53426a50:   00000000c2000000 000000012aaaddeb
0x00007fff53426a60:   000000012aac2360 00007fed8e488570
0x00007fff53426a70:   00007fff53426aa8 00007fed8f13a9f8
0x00007fff53426a80:   00007fff53426aa8 00007fffb3f49070
0x00007fff53426a90:   00007fff53427610 000000012aaaf3fb
0x00007fff53426aa0:   00007fff53427230 000000012aac2460
0x00007fff53426ab0:   000000000bc1aa01 000000000bc2bb02
0x00007fff53426ac0:   000000012aaba700 00007f0000000000
0x00007fff53426ad0:   00007fed8e4885d0 00007fff53426d60
0x00007fff53426ae0:   6cad9c44ab0b00d6 0000000000000001
0x00007fff53426af0:   0000003000000010 00007fff53427300
0x00007fff53426b00:   00007fff53426a30 00007fff53427310
0x00007fff53426b10:   00007fff534272a0 00007fed8f13a800
0x00007fff53426b20:   0000000000000033 0000000000000001
0x00007fff53426b30:   0000003000000010 00007fff53427340
0x00007fff53426b40:   00007fff53426a70 00007fff53427350
0x00007fff53426b50:   00007fff53426a80 00000001358fa9d0 

Instructions: (pc=0x00007fffab021694)
0x00007fffab021674:   d4 00 00 e9 2a ff ff ff 48 8d 0d 5c db 01 00 48
0x00007fffab021684:   89 d8 48 89 0d b3 61 f1 08 48 89 05 dc 61 f1 08
0x00007fffab021694:   0f 0b 48 8d 0d b6 d9 01 00 48 89 0d 9c 61 f1 08
0x00007fffab0216a4:   0f 0b 48 8d 0d cf da 01 00 48 89 0d 8c 61 f1 08 

Register to memory mapping:

RAX=0x00007fffb3f35a80: _dispatch_main_q+0 in /usr/lib/system/libdispatch.dylib at 0x00007fffab015000
RBX=0x00007fffb3f35a80: _dispatch_main_q+0 in /usr/lib/system/libdispatch.dylib at 0x00007fffab015000
RCX=0x00007fffab03f1df: _voucher_activity_id_allocate_slow+0x2077 in /usr/lib/system/libdispatch.dylib at 0x00007fffab015000
RDX=0x0000000000000307 is an unknown value
RSP=0x00007fff53426960 is pointing into the stack for thread: 0x00007fed8f13a800
RBP=0x00007fff53426a30 is pointing into the stack for thread: 0x00007fed8f13a800
RSI=0x0000000000000307 is an unknown value
RDI=0x00007fffb3f35a80: _dispatch_main_q+0 in /usr/lib/system/libdispatch.dylib at 0x00007fffab015000
R8 =0x0000000000000001 is an unknown value
R9 =0x00007fed8e488570 is an unknown value
R10=0x000000000000002e is an unknown value
R11=0x00007fffab01f791: dispatch_sync+0 in /usr/lib/system/libdispatch.dylib at 0x00007fffab015000
R12=0x00000000100020ff is an unknown value
R13=0x00007fffb3f378d1: _dispatch_xbs_has_ulock+0 in /usr/lib/system/libdispatch.dylib at 0x00007fffab015000
R14=0x000000012aaaddeb: ___Z22synchronousBTOperationP8Runnable_block_invoke+0 in /private/var/folders/mc/drkjmxf92tn7vspsjqxjqyzh0000gq/T/bluecove_patrick.wigger_0/libbluecove.jnilib at 0x000000012aaaa000
R15=0x00007fff53426a48 is pointing into the stack for thread: 0x00007fed8f13a800


Stack: [0x00007fff52c2f000,0x00007fff5342f000],  sp=0x00007fff53426960,  free space=8158k
Native frames: (J=compiled Java code, j=interpreted, Vv=VM code, C=native code)
C  [libdispatch.dylib+0xc694]  _dispatch_barrier_sync_f_slow+0x2a3
C  [libbluecove.jnilib+0x3db1]  synchronousBTOperation(Runnable*)+0x8b
C  [libbluecove.jnilib+0x53fb]  Java_com_intel_bluetooth_BluetoothStackOSX_getLocalDeviceSupportedSoftwareVersion+0xdd
j  com.intel.bluetooth.BluetoothStackOSX.getLocalDeviceSupportedSoftwareVersion()I+0
j  com.intel.bluetooth.BluetoothStackOSX.initialize()V+101
j  com.intel.bluetooth.BlueCoveImpl.setBluetoothStack(Ljava/lang/String;Lcom/intel/bluetooth/BluetoothStack;)Lcom/intel/bluetooth/BluetoothStack;+290
j  com.intel.bluetooth.BlueCoveImpl.detectStack()Lcom/intel/bluetooth/BluetoothStack;+455
j  com.intel.bluetooth.BlueCoveImpl.access$500(Lcom/intel/bluetooth/BlueCoveImpl;)Lcom/intel/bluetooth/BluetoothStack;+1
j  com.intel.bluetooth.BlueCoveImpl$1.run()Ljava/lang/Object;+4
v  ~StubRoutines::call_stub
V  [libjvm.dylib+0x2ee70a]  JavaCalls::call_helper(JavaValue*, methodHandle*, JavaCallArguments*, Thread*)+0x6ae
V  [libjvm.dylib+0x34ee68]  JVM_DoPrivileged+0x4b8
J 338  java.security.AccessController.doPrivileged(Ljava/security/PrivilegedExceptionAction;Ljava/security/AccessControlContext;)Ljava/lang/Object; (0 bytes) @ 0x000000011a56aa55 [0x000000011a56a980+0xd5]
j  com.intel.bluetooth.BlueCoveImpl.detectStackPrivileged()Lcom/intel/bluetooth/BluetoothStack;+15
j  com.intel.bluetooth.BlueCoveImpl.getBluetoothStack()Lcom/intel/bluetooth/BluetoothStack;+63
j  javax.bluetooth.LocalDevice.isPowerOn()Z+3
j  controller.util.bluetooth.BluetoothConnection.isBluetoothOn()Z+0
j  controller.util.bluetooth.ConnectionStateInit.handle()V+0
j  controller.LiveViewController.lambda$addListeners$0(Ljavafx/beans/value/ObservableValue;Ljavafx/scene/Node;Ljavafx/scene/Node;)V+41
j  controller.LiveViewController$$Lambda$143.changed(Ljavafx/beans/value/ObservableValue;Ljava/lang/Object;Ljava/lang/Object;)V+13
j  com.sun.javafx.binding.ExpressionHelper$SingleChange.fireValueChangedEvent()V+71
J 1500 C1 javafx.beans.property.ObjectPropertyBase.fireValueChangedEvent()V (8 bytes) @ 0x000000011a8d35cc [0x000000011a8d3440+0x18c]
J 939 C1 javafx.beans.property.ObjectPropertyBase.set(Ljava/lang/Object;)V (110 bytes) @ 0x000000011a707c6c [0x000000011a7074a0+0x7cc]
j  model.FrvaModel.setActiveView(Ljavafx/scene/Node;)V+5
j  controller.MainMenuController.lambda$addEventhandlers$0(Ljavafx/event/ActionEvent;)V+129
j  controller.MainMenuController$$Lambda$152.handle(Ljavafx/event/Event;)V+8
j  com.sun.javafx.event.CompositeEventHandler$NormalEventHandlerRecord.handleBubblingEvent(Ljavafx/event/Event;)V+5
j  com.sun.javafx.event.CompositeEventHandler.dispatchBubblingEvent(Ljavafx/event/Event;)V+28
J 2512 C1 com.sun.javafx.event.EventHandlerManager.dispatchBubblingEvent(Ljavafx/event/EventType;Ljavafx/event/Event;)Ljavafx/event/Event; (34 bytes) @ 0x000000011ab9254c [0x000000011ab91fc0+0x58c]
j  com.sun.javafx.event.EventHandlerManager.dispatchBubblingEvent(Ljavafx/event/Event;)Ljavafx/event/Event;+8
j  com.sun.javafx.event.CompositeEventDispatcher.dispatchBubblingEvent(Ljavafx/event/Event;)Ljavafx/event/Event;+11
J 2566 C1 com.sun.javafx.event.BasicEventDispatcher.dispatchEvent(Ljavafx/event/Event;Ljavafx/event/EventDispatchChain;)Ljavafx/event/Event; (44 bytes) @ 0x000000011abac8bc [0x000000011abac580+0x33c]
J 2542 C1 com.sun.javafx.event.EventDispatchChainImpl.dispatchEvent(Ljavafx/event/Event;)Ljavafx/event/Event; (101 bytes) @ 0x000000011ab9fa94 [0x000000011ab9f8e0+0x1b4]
J 2566 C1 com.sun.javafx.event.BasicEventDispatcher.dispatchEvent(Ljavafx/event/Event;Ljavafx/event/EventDispatchChain;)Ljavafx/event/Event; (44 bytes) @ 0x000000011abac7d4 [0x000000011abac580+0x254]
J 2542 C1 com.sun.javafx.event.EventDispatchChainImpl.dispatchEvent(Ljavafx/event/Event;)Ljavafx/event/Event; (101 bytes) @ 0x000000011ab9fa94 [0x000000011ab9f8e0+0x1b4]
J 2566 C1 com.sun.javafx.event.BasicEventDispatcher.dispatchEvent(Ljavafx/event/Event;Ljavafx/event/EventDispatchChain;)Ljavafx/event/Event; (44 bytes) @ 0x000000011abac7d4 [0x000000011abac580+0x254]
J 2542 C1 com.sun.javafx.event.EventDispatchChainImpl.dispatchEvent(Ljavafx/event/Event;)Ljavafx/event/Event; (101 bytes) @ 0x000000011ab9fa94 [0x000000011ab9f8e0+0x1b4]
j  com.sun.javafx.event.EventUtil.fireEventImpl(Ljavafx/event/EventDispatchChain;Ljavafx/event/EventTarget;Ljavafx/event/Event;)Ljavafx/event/Event;+10
j  com.sun.javafx.event.EventUtil.fireEvent(Ljavafx/event/EventTarget;Ljavafx/event/Event;)Ljavafx/event/Event;+37
j  javafx.event.Event.fireEvent(Ljavafx/event/EventTarget;Ljavafx/event/Event;)V+30
j  javafx.scene.Node.fireEvent(Ljavafx/event/Event;)V+86
j  javafx.scene.control.Button.fire()V+15
j  com.sun.javafx.scene.control.behavior.ButtonBehavior.mouseReleased(Ljavafx/scene/input/MouseEvent;)V+23
j  com.sun.javafx.scene.control.skin.BehaviorSkinBase$1.handle(Ljavafx/scene/input/MouseEvent;)V+83
j  com.sun.javafx.scene.control.skin.BehaviorSkinBase$1.handle(Ljavafx/event/Event;)V+5
j  com.sun.javafx.event.CompositeEventHandler$NormalEventHandlerRecord.handleBubblingEvent(Ljavafx/event/Event;)V+5
j  com.sun.javafx.event.CompositeEventHandler.dispatchBubblingEvent(Ljavafx/event/Event;)V+28
J 2512 C1 com.sun.javafx.event.EventHandlerManager.dispatchBubblingEvent(Ljavafx/event/EventType;Ljavafx/event/Event;)Ljavafx/event/Event; (34 bytes) @ 0x000000011ab9254c [0x000000011ab91fc0+0x58c]
j  com.sun.javafx.event.EventHandlerManager.dispatchBubblingEvent(Ljavafx/event/Event;)Ljavafx/event/Event;+8
j  com.sun.javafx.event.CompositeEventDispatcher.dispatchBubblingEvent(Ljavafx/event/Event;)Ljavafx/event/Event;+11
J 2566 C1 com.sun.javafx.event.BasicEventDispatcher.dispatchEvent(Ljavafx/event/Event;Ljavafx/event/EventDispatchChain;)Ljavafx/event/Event; (44 bytes) @ 0x000000011abac8bc [0x000000011abac580+0x33c]
J 2542 C1 com.sun.javafx.event.EventDispatchChainImpl.dispatchEvent(Ljavafx/event/Event;)Ljavafx/event/Event; (101 bytes) @ 0x000000011ab9fa94 [0x000000011ab9f8e0+0x1b4]
J 2566 C1 com.sun.javafx.event.BasicEventDispatcher.dispatchEvent(Ljavafx/event/Event;Ljavafx/event/EventDispatchChain;)Ljavafx/event/Event; (44 bytes) @ 0x000000011abac7d4 [0x000000011abac580+0x254]
J 2542 C1 com.sun.javafx.event.EventDispatchChainImpl.dispatchEvent(Ljavafx/event/Event;)Ljavafx/event/Event; (101 bytes) @ 0x000000011ab9fa94 [0x000000011ab9f8e0+0x1b4]
J 2566 C1 com.sun.javafx.event.BasicEventDispatcher.dispatchEvent(Ljavafx/event/Event;Ljavafx/event/EventDispatchChain;)Ljavafx/event/Event; (44 bytes) @ 0x000000011abac7d4 [0x000000011abac580+0x254]
J 2542 C1 com.sun.javafx.event.EventDispatchChainImpl.dispatchEvent(Ljavafx/event/Event;)Ljavafx/event/Event; (101 bytes) @ 0x000000011ab9fa94 [0x000000011ab9f8e0+0x1b4]
j  com.sun.javafx.event.EventUtil.fireEventImpl(Ljavafx/event/EventDispatchChain;Ljavafx/event/EventTarget;Ljavafx/event/Event;)Ljavafx/event/Event;+10
j  com.sun.javafx.event.EventUtil.fireEvent(Ljavafx/event/EventTarget;Ljavafx/event/Event;)Ljavafx/event/Event;+46
j  javafx.event.Event.fireEvent(Ljavafx/event/EventTarget;Ljavafx/event/Event;)V+30
j  javafx.scene.Scene$MouseHandler.process(Ljavafx/scene/input/MouseEvent;Z)V+491
j  javafx.scene.Scene$MouseHandler.access$1500(Ljavafx/scene/Scene$MouseHandler;Ljavafx/scene/input/MouseEvent;Z)V+3
j  javafx.scene.Scene.impl_processMouseEvent(Ljavafx/scene/input/MouseEvent;)V+6
j  javafx.scene.Scene$ScenePeerListener.mouseEvent(Ljavafx/event/EventType;DDDDLjavafx/scene/input/MouseButton;ZZZZZZZZZ)V+46
j  com.sun.javafx.tk.quantum.GlassViewEventHandler$MouseEventNotification.run()Ljava/lang/Void;+514
j  com.sun.javafx.tk.quantum.GlassViewEventHandler$MouseEventNotification.run()Ljava/lang/Object;+1
v  ~StubRoutines::call_stub
V  [libjvm.dylib+0x2ee70a]  JavaCalls::call_helper(JavaValue*, methodHandle*, JavaCallArguments*, Thread*)+0x6ae
V  [libjvm.dylib+0x34ee68]  JVM_DoPrivileged+0x4b8
J 2544  java.security.AccessController.doPrivileged(Ljava/security/PrivilegedAction;Ljava/security/AccessControlContext;)Ljava/lang/Object; (0 bytes) @ 0x000000011aba0b95 [0x000000011aba0ac0+0xd5]
j  com.sun.javafx.tk.quantum.GlassViewEventHandler.lambda$handleMouseEvent$354()Ljava/lang/Void;+11
j  com.sun.javafx.tk.quantum.GlassViewEventHandler$$Lambda$316.get()Ljava/lang/Object;+4
J 2601 C1 com.sun.javafx.tk.quantum.QuantumToolkit.runWithoutRenderLock(Ljava/util/function/Supplier;)Ljava/lang/Object; (49 bytes) @ 0x000000011abb8eb4 [0x000000011abb8980+0x534]
j  com.sun.javafx.tk.quantum.GlassViewEventHandler.handleMouseEvent(Lcom/sun/glass/ui/View;JIIIIIIIZZ)V+103
j  com.sun.glass.ui.View.handleMouseEvent(JIIIIIIIZZ)V+30
j  com.sun.glass.ui.View.notifyMouse(IIIIIIIZZ)V+181
v  ~StubRoutines::call_stub
V  [libjvm.dylib+0x2ee70a]  JavaCalls::call_helper(JavaValue*, methodHandle*, JavaCallArguments*, Thread*)+0x6ae
V  [libjvm.dylib+0x3258b9]  jni_invoke_nonstatic(JNIEnv_*, JavaValue*, _jobject*, JNICallType, _jmethodID*, JNI_ArgumentPusher*, Thread*)+0x2ec
V  [libjvm.dylib+0x318087]  jni_CallVoidMethod+0x16b
C  [libglass.dylib+0x2055c]  -[GlassViewDelegate sendJavaMouseEvent:]+0x86c
C  [AppKit+0x93c8de]  -[NSWindow(NSEventRouting) _reallySendEvent:isDelayedEvent:]+0x608
C  [AppKit+0x93bf0a]  -[NSWindow(NSEventRouting) sendEvent:]+0x21d
C  [libglass.dylib+0x25994]  -[GlassWindow_Normal sendEvent:]+0x74
C  [AppKit+0x7c0681]  -[NSApplication(NSEvent) sendEvent:]+0x479
C  [AppKit+0x3b427]  -[NSApplication run]+0x3ea
C  [libglass.dylib+0x651c]  -[GlassApplication runLoop:]+0x72c
C  [Foundation+0x717ba]  __NSThreadPerformPerform+0x146
C  [CoreFoundation+0xa7321]  __CFRUNLOOP_IS_CALLING_OUT_TO_A_SOURCE0_PERFORM_FUNCTION__+0x11
C  [CoreFoundation+0x8821d]  __CFRunLoopDoSources0+0x22d
C  [CoreFoundation+0x87716]  __CFRunLoopRun+0x3a6
C  [CoreFoundation+0x87114]  CFRunLoopRunSpecific+0x1a4
C  [java+0x6465]  CreateExecutionEnvironment+0x367
C  [java+0x218c]  JLI_Launch+0x7a0
C  [java+0x84c2]  main+0x65
C  [java+0x19e4]  start+0x34
C  0x0000000000000006

Java frames: (J=compiled Java code, j=interpreted, Vv=VM code)
j  com.intel.bluetooth.BluetoothStackOSX.getLocalDeviceSupportedSoftwareVersion()I+0
j  com.intel.bluetooth.BluetoothStackOSX.initialize()V+101
j  com.intel.bluetooth.BlueCoveImpl.setBluetoothStack(Ljava/lang/String;Lcom/intel/bluetooth/BluetoothStack;)Lcom/intel/bluetooth/BluetoothStack;+290
j  com.intel.bluetooth.BlueCoveImpl.detectStack()Lcom/intel/bluetooth/BluetoothStack;+455
j  com.intel.bluetooth.BlueCoveImpl.access$500(Lcom/intel/bluetooth/BlueCoveImpl;)Lcom/intel/bluetooth/BluetoothStack;+1
j  com.intel.bluetooth.BlueCoveImpl$1.run()Ljava/lang/Object;+4
v  ~StubRoutines::call_stub
J 338  java.security.AccessController.doPrivileged(Ljava/security/PrivilegedExceptionAction;Ljava/security/AccessControlContext;)Ljava/lang/Object; (0 bytes) @ 0x000000011a56a9e3 [0x000000011a56a980+0x63]
j  com.intel.bluetooth.BlueCoveImpl.detectStackPrivileged()Lcom/intel/bluetooth/BluetoothStack;+15
j  com.intel.bluetooth.BlueCoveImpl.getBluetoothStack()Lcom/intel/bluetooth/BluetoothStack;+63
j  javax.bluetooth.LocalDevice.isPowerOn()Z+3
j  controller.util.bluetooth.BluetoothConnection.isBluetoothOn()Z+0
j  controller.util.bluetooth.ConnectionStateInit.handle()V+0
j  controller.LiveViewController.lambda$addListeners$0(Ljavafx/beans/value/ObservableValue;Ljavafx/scene/Node;Ljavafx/scene/Node;)V+41
j  controller.LiveViewController$$Lambda$143.changed(Ljavafx/beans/value/ObservableValue;Ljava/lang/Object;Ljava/lang/Object;)V+13
j  com.sun.javafx.binding.ExpressionHelper$SingleChange.fireValueChangedEvent()V+71
J 1500 C1 javafx.beans.property.ObjectPropertyBase.fireValueChangedEvent()V (8 bytes) @ 0x000000011a8d35cc [0x000000011a8d3440+0x18c]
J 939 C1 javafx.beans.property.ObjectPropertyBase.set(Ljava/lang/Object;)V (110 bytes) @ 0x000000011a707c6c [0x000000011a7074a0+0x7cc]
j  model.FrvaModel.setActiveView(Ljavafx/scene/Node;)V+5
j  controller.MainMenuController.lambda$addEventhandlers$0(Ljavafx/event/ActionEvent;)V+129
j  controller.MainMenuController$$Lambda$152.handle(Ljavafx/event/Event;)V+8
j  com.sun.javafx.event.CompositeEventHandler$NormalEventHandlerRecord.handleBubblingEvent(Ljavafx/event/Event;)V+5
j  com.sun.javafx.event.CompositeEventHandler.dispatchBubblingEvent(Ljavafx/event/Event;)V+28
J 2512 C1 com.sun.javafx.event.EventHandlerManager.dispatchBubblingEvent(Ljavafx/event/EventType;Ljavafx/event/Event;)Ljavafx/event/Event; (34 bytes) @ 0x000000011ab9254c [0x000000011ab91fc0+0x58c]
j  com.sun.javafx.event.EventHandlerManager.dispatchBubblingEvent(Ljavafx/event/Event;)Ljavafx/event/Event;+8
j  com.sun.javafx.event.CompositeEventDispatcher.dispatchBubblingEvent(Ljavafx/event/Event;)Ljavafx/event/Event;+11
J 2566 C1 com.sun.javafx.event.BasicEventDispatcher.dispatchEvent(Ljavafx/event/Event;Ljavafx/event/EventDispatchChain;)Ljavafx/event/Event; (44 bytes) @ 0x000000011abac8bc [0x000000011abac580+0x33c]
J 2542 C1 com.sun.javafx.event.EventDispatchChainImpl.dispatchEvent(Ljavafx/event/Event;)Ljavafx/event/Event; (101 bytes) @ 0x000000011ab9fa94 [0x000000011ab9f8e0+0x1b4]
J 2566 C1 com.sun.javafx.event.BasicEventDispatcher.dispatchEvent(Ljavafx/event/Event;Ljavafx/event/EventDispatchChain;)Ljavafx/event/Event; (44 bytes) @ 0x000000011abac7d4 [0x000000011abac580+0x254]
J 2542 C1 com.sun.javafx.event.EventDispatchChainImpl.dispatchEvent(Ljavafx/event/Event;)Ljavafx/event/Event; (101 bytes) @ 0x000000011ab9fa94 [0x000000011ab9f8e0+0x1b4]
J 2566 C1 com.sun.javafx.event.BasicEventDispatcher.dispatchEvent(Ljavafx/event/Event;Ljavafx/event/EventDispatchChain;)Ljavafx/event/Event; (44 bytes) @ 0x000000011abac7d4 [0x000000011abac580+0x254]
J 2542 C1 com.sun.javafx.event.EventDispatchChainImpl.dispatchEvent(Ljavafx/event/Event;)Ljavafx/event/Event; (101 bytes) @ 0x000000011ab9fa94 [0x000000011ab9f8e0+0x1b4]
j  com.sun.javafx.event.EventUtil.fireEventImpl(Ljavafx/event/EventDispatchChain;Ljavafx/event/EventTarget;Ljavafx/event/Event;)Ljavafx/event/Event;+10
j  com.sun.javafx.event.EventUtil.fireEvent(Ljavafx/event/EventTarget;Ljavafx/event/Event;)Ljavafx/event/Event;+37
j  javafx.event.Event.fireEvent(Ljavafx/event/EventTarget;Ljavafx/event/Event;)V+30
j  javafx.scene.Node.fireEvent(Ljavafx/event/Event;)V+86
j  javafx.scene.control.Button.fire()V+15
j  com.sun.javafx.scene.control.behavior.ButtonBehavior.mouseReleased(Ljavafx/scene/input/MouseEvent;)V+23
j  com.sun.javafx.scene.control.skin.BehaviorSkinBase$1.handle(Ljavafx/scene/input/MouseEvent;)V+83
j  com.sun.javafx.scene.control.skin.BehaviorSkinBase$1.handle(Ljavafx/event/Event;)V+5
j  com.sun.javafx.event.CompositeEventHandler$NormalEventHandlerRecord.handleBubblingEvent(Ljavafx/event/Event;)V+5
j  com.sun.javafx.event.CompositeEventHandler.dispatchBubblingEvent(Ljavafx/event/Event;)V+28
J 2512 C1 com.sun.javafx.event.EventHandlerManager.dispatchBubblingEvent(Ljavafx/event/EventType;Ljavafx/event/Event;)Ljavafx/event/Event; (34 bytes) @ 0x000000011ab9254c [0x000000011ab91fc0+0x58c]
j  com.sun.javafx.event.EventHandlerManager.dispatchBubblingEvent(Ljavafx/event/Event;)Ljavafx/event/Event;+8
j  com.sun.javafx.event.CompositeEventDispatcher.dispatchBubblingEvent(Ljavafx/event/Event;)Ljavafx/event/Event;+11
J 2566 C1 com.sun.javafx.event.BasicEventDispatcher.dispatchEvent(Ljavafx/event/Event;Ljavafx/event/EventDispatchChain;)Ljavafx/event/Event; (44 bytes) @ 0x000000011abac8bc [0x000000011abac580+0x33c]
J 2542 C1 com.sun.javafx.event.EventDispatchChainImpl.dispatchEvent(Ljavafx/event/Event;)Ljavafx/event/Event; (101 bytes) @ 0x000000011ab9fa94 [0x000000011ab9f8e0+0x1b4]
J 2566 C1 com.sun.javafx.event.BasicEventDispatcher.dispatchEvent(Ljavafx/event/Event;Ljavafx/event/EventDispatchChain;)Ljavafx/event/Event; (44 bytes) @ 0x000000011abac7d4 [0x000000011abac580+0x254]
J 2542 C1 com.sun.javafx.event.EventDispatchChainImpl.dispatchEvent(Ljavafx/event/Event;)Ljavafx/event/Event; (101 bytes) @ 0x000000011ab9fa94 [0x000000011ab9f8e0+0x1b4]
J 2566 C1 com.sun.javafx.event.BasicEventDispatcher.dispatchEvent(Ljavafx/event/Event;Ljavafx/event/EventDispatchChain;)Ljavafx/event/Event; (44 bytes) @ 0x000000011abac7d4 [0x000000011abac580+0x254]
J 2542 C1 com.sun.javafx.event.EventDispatchChainImpl.dispatchEvent(Ljavafx/event/Event;)Ljavafx/event/Event; (101 bytes) @ 0x000000011ab9fa94 [0x000000011ab9f8e0+0x1b4]
j  com.sun.javafx.event.EventUtil.fireEventImpl(Ljavafx/event/EventDispatchChain;Ljavafx/event/EventTarget;Ljavafx/event/Event;)Ljavafx/event/Event;+10
j  com.sun.javafx.event.EventUtil.fireEvent(Ljavafx/event/EventTarget;Ljavafx/event/Event;)Ljavafx/event/Event;+46
j  javafx.event.Event.fireEvent(Ljavafx/event/EventTarget;Ljavafx/event/Event;)V+30
j  javafx.scene.Scene$MouseHandler.process(Ljavafx/scene/input/MouseEvent;Z)V+491
j  javafx.scene.Scene$MouseHandler.access$1500(Ljavafx/scene/Scene$MouseHandler;Ljavafx/scene/input/MouseEvent;Z)V+3
j  javafx.scene.Scene.impl_processMouseEvent(Ljavafx/scene/input/MouseEvent;)V+6
j  javafx.scene.Scene$ScenePeerListener.mouseEvent(Ljavafx/event/EventType;DDDDLjavafx/scene/input/MouseButton;ZZZZZZZZZ)V+46
j  com.sun.javafx.tk.quantum.GlassViewEventHandler$MouseEventNotification.run()Ljava/lang/Void;+514
j  com.sun.javafx.tk.quantum.GlassViewEventHandler$MouseEventNotification.run()Ljava/lang/Object;+1
v  ~StubRoutines::call_stub
J 2544  java.security.AccessController.doPrivileged(Ljava/security/PrivilegedAction;Ljava/security/AccessControlContext;)Ljava/lang/Object; (0 bytes) @ 0x000000011aba0b23 [0x000000011aba0ac0+0x63]
j  com.sun.javafx.tk.quantum.GlassViewEventHandler.lambda$handleMouseEvent$354()Ljava/lang/Void;+11
j  com.sun.javafx.tk.quantum.GlassViewEventHandler$$Lambda$316.get()Ljava/lang/Object;+4
J 2601 C1 com.sun.javafx.tk.quantum.QuantumToolkit.runWithoutRenderLock(Ljava/util/function/Supplier;)Ljava/lang/Object; (49 bytes) @ 0x000000011abb8eb4 [0x000000011abb8980+0x534]
j  com.sun.javafx.tk.quantum.GlassViewEventHandler.handleMouseEvent(Lcom/sun/glass/ui/View;JIIIIIIIZZ)V+103
j  com.sun.glass.ui.View.handleMouseEvent(JIIIIIIIZZ)V+30
j  com.sun.glass.ui.View.notifyMouse(IIIIIIIZZ)V+181
v  ~StubRoutines::call_stub

---------------  P R O C E S S  ---------------

Java Threads: ( => current thread )
  0x00007fed8eac7000 JavaThread "Prism Font Disposer" daemon [_thread_blocked, id=56127, stack(0x000070000d565000,0x000070000d665000)]
  0x00007fed8f1d8800 JavaThread "JavaFX-Launcher" [_thread_blocked, id=53255, stack(0x000070000d462000,0x000070000d562000)]
  0x00007fed8f1bd000 JavaThread "Thread-3" daemon [_thread_in_native, id=37379, stack(0x000070000d3df000,0x000070000d45f000)]
=>0x00007fed8f13a800 JavaThread "JavaFX Application Thread" [_thread_in_native, id=775, stack(0x00007fff52c2f000,0x00007fff5342f000)]
  0x00007fed8f141000 JavaThread "Thread-1" daemon [_thread_blocked, id=25607, stack(0x000070000d2dc000,0x000070000d3dc000)]
  0x00007fed8f10e800 JavaThread "QuantumRenderer-0" daemon [_thread_blocked, id=20227, stack(0x000070000d1d9000,0x000070000d2d9000)]
  0x00007fed8f031800 JavaThread "Service Thread" daemon [_thread_blocked, id=19203, stack(0x000070000cfd3000,0x000070000d0d3000)]
  0x00007fed8f0a3000 JavaThread "C1 CompilerThread2" daemon [_thread_blocked, id=18691, stack(0x000070000ced0000,0x000070000cfd0000)]
  0x00007fed9008b800 JavaThread "C2 CompilerThread1" daemon [_thread_in_native, id=18179, stack(0x000070000cdcd000,0x000070000cecd000)]
  0x00007fed9000a000 JavaThread "C2 CompilerThread0" daemon [_thread_in_native, id=17667, stack(0x000070000ccca000,0x000070000cdca000)]
  0x00007fed8f86c800 JavaThread "Monitor Ctrl-Break" daemon [_thread_in_native, id=17155, stack(0x000070000cbc7000,0x000070000ccc7000)]
  0x00007fed8f002800 JavaThread "Signal Dispatcher" daemon [_thread_blocked, id=16643, stack(0x000070000cac4000,0x000070000cbc4000)]
  0x00007fed90006000 JavaThread "Finalizer" daemon [_thread_blocked, id=12547, stack(0x000070000c9c1000,0x000070000cac1000)]
  0x00007fed8f83c800 JavaThread "Reference Handler" daemon [_thread_blocked, id=12035, stack(0x000070000c8be000,0x000070000c9be000)]
  0x00007fed8f000000 JavaThread "main" [_thread_blocked, id=6659, stack(0x000070000c2ac000,0x000070000c3ac000)]

Other Threads:
  0x00007fed8f027800 VMThread [stack: 0x000070000c7bb000,0x000070000c8bb000] [id=11523]
  0x00007fed8f972000 WatcherThread [stack: 0x000070000d0d6000,0x000070000d1d6000] [id=19715]

VM state:not at safepoint (normal execution)

VM Mutex/Monitor currently owned by a thread: None

Heap:
 PSYoungGen      total 71680K, used 57053K [0x0000000795580000, 0x000000079a080000, 0x00000007c0000000)
  eden space 66560K, 85% used [0x0000000795580000,0x0000000798d375e8,0x0000000799680000)
  from space 5120K, 0% used [0x0000000799b80000,0x0000000799b80000,0x000000079a080000)
  to   space 5120K, 0% used [0x0000000799680000,0x0000000799680000,0x0000000799b80000)
 ParOldGen       total 163840K, used 80901K [0x0000000740000000, 0x000000074a000000, 0x0000000795580000)
  object space 163840K, 49% used [0x0000000740000000,0x0000000744f01660,0x000000074a000000)
 Metaspace       used 20882K, capacity 22082K, committed 22400K, reserved 1069056K
  class space    used 3078K, capacity 3342K, committed 3456K, reserved 1048576K

Card table byte_map: [0x000000010e460000,0x000000010e861000] byte_map_base: 0x000000010aa60000

Marking Bits: (ParMarkBitMap*) 0x000000010d1415d0
 Begin Bits: [0x000000010eb0c000, 0x0000000110b0c000)
 End Bits:   [0x0000000110b0c000, 0x0000000112b0c000)

Polling page: 0x000000010d7f5000

CodeCache: size=245760Kb used=8427Kb max_used=8427Kb free=237332Kb
 bounds [0x000000011a3b1000, 0x000000011abf1000, 0x00000001293b1000]
 total_blobs=3319 nmethods=2627 adapters=603
 compilation: enabled

Compilation events (10 events):
Event: 5.193 Thread 0x00007fed8f0a3000 2618       3       javafx.scene.Node::invalidateBoundsInParent (15 bytes)
Event: 5.194 Thread 0x00007fed8f0a3000 nmethod 2618 0x000000011abeb9d0 code [0x000000011abebb60, 0x000000011abec0a8]
Event: 5.194 Thread 0x00007fed8f0a3000 2619       1       javafx.scene.Parent::getStylesheets (5 bytes)
Event: 5.194 Thread 0x00007fed8f0a3000 nmethod 2619 0x000000011abec290 code [0x000000011abec3e0, 0x000000011abec4f0]
Event: 5.199 Thread 0x00007fed8f0a3000 2635       3       java.util.zip.Inflater::ensureOpen (47 bytes)
Event: 5.199 Thread 0x00007fed8f0a3000 nmethod 2635 0x000000011abec8d0 code [0x000000011abeca60, 0x000000011abecd48]
Event: 5.199 Thread 0x00007fed8f0a3000 2636       3       java.io.FilterInputStream::read (9 bytes)
Event: 5.200 Thread 0x00007fed8f0a3000 nmethod 2636 0x000000011abece50 code [0x000000011abecfc0, 0x000000011abed1e8]
Event: 5.200 Thread 0x00007fed8f0a3000 2633   !   3       java.util.zip.Inflater::inflate (113 bytes)
Event: 5.200 Thread 0x00007fed8f0a3000 nmethod 2633 0x000000011abed290 code [0x000000011abed460, 0x000000011abedb18]

GC Heap History (10 events):
Event: 1.589 GC heap before
{Heap before GC invocations=1 (full 0):
 PSYoungGen      total 38400K, used 33280K [0x0000000795580000, 0x0000000798000000, 0x00000007c0000000)
  eden space 33280K, 100% used [0x0000000795580000,0x0000000797600000,0x0000000797600000)
  from space 5120K, 0% used [0x0000000797b00000,0x0000000797b00000,0x0000000798000000)
  to   space 5120K, 0% used [0x0000000797600000,0x0000000797600000,0x0000000797b00000)
 ParOldGen       total 87552K, used 0K [0x0000000740000000, 0x0000000745580000, 0x0000000795580000)
  object space 87552K, 0% used [0x0000000740000000,0x0000000740000000,0x0000000745580000)
 Metaspace       used 12708K, capacity 13212K, committed 13440K, reserved 1060864K
  class space    used 1649K, capacity 1807K, committed 1920K, reserved 1048576K
Event: 1.599 GC heap after
Heap after GC invocations=1 (full 0):
 PSYoungGen      total 38400K, used 4368K [0x0000000795580000, 0x0000000798000000, 0x00000007c0000000)
  eden space 33280K, 0% used [0x0000000795580000,0x0000000795580000,0x0000000797600000)
  from space 5120K, 85% used [0x0000000797600000,0x0000000797a44050,0x0000000797b00000)
  to   space 5120K, 0% used [0x0000000797b00000,0x0000000797b00000,0x0000000798000000)
 ParOldGen       total 87552K, used 80K [0x0000000740000000, 0x0000000745580000, 0x0000000795580000)
  object space 87552K, 0% used [0x0000000740000000,0x0000000740014010,0x0000000745580000)
 Metaspace       used 12708K, capacity 13212K, committed 13440K, reserved 1060864K
  class space    used 1649K, capacity 1807K, committed 1920K, reserved 1048576K
}
Event: 1.979 GC heap before
{Heap before GC invocations=2 (full 0):
 PSYoungGen      total 38400K, used 37184K [0x0000000795580000, 0x0000000798000000, 0x00000007c0000000)
  eden space 33280K, 98% used [0x0000000795580000,0x000000079758c2b0,0x0000000797600000)
  from space 5120K, 85% used [0x0000000797600000,0x0000000797a44050,0x0000000797b00000)
  to   space 5120K, 0% used [0x0000000797b00000,0x0000000797b00000,0x0000000798000000)
 ParOldGen       total 87552K, used 80K [0x0000000740000000, 0x0000000745580000, 0x0000000795580000)
  object space 87552K, 0% used [0x0000000740000000,0x0000000740014010,0x0000000745580000)
 Metaspace       used 14982K, capacity 15678K, committed 16000K, reserved 1062912K
  class space    used 2146K, capacity 2306K, committed 2432K, reserved 1048576K
Event: 2.007 GC heap after
Heap after GC invocations=2 (full 0):
 PSYoungGen      total 38400K, used 5115K [0x0000000795580000, 0x000000079a080000, 0x00000007c0000000)
  eden space 33280K, 0% used [0x0000000795580000,0x0000000795580000,0x0000000797600000)
  from space 5120K, 99% used [0x0000000797b00000,0x0000000797ffed68,0x0000000798000000)
  to   space 5120K, 0% used [0x0000000797600000,0x0000000797600000,0x0000000797b00000)
 ParOldGen       total 87552K, used 16528K [0x0000000740000000, 0x0000000745580000, 0x0000000795580000)
  object space 87552K, 18% used [0x0000000740000000,0x0000000741024330,0x0000000745580000)
 Metaspace       used 14982K, capacity 15678K, committed 16000K, reserved 1062912K
  class space    used 2146K, capacity 2306K, committed 2432K, reserved 1048576K
}
Event: 2.295 GC heap before
{Heap before GC invocations=3 (full 0):
 PSYoungGen      total 38400K, used 38395K [0x0000000795580000, 0x000000079a080000, 0x00000007c0000000)
  eden space 33280K, 100% used [0x0000000795580000,0x0000000797600000,0x0000000797600000)
  from space 5120K, 99% used [0x0000000797b00000,0x0000000797ffed68,0x0000000798000000)
  to   space 5120K, 0% used [0x0000000797600000,0x0000000797600000,0x0000000797b00000)
 ParOldGen       total 87552K, used 16528K [0x0000000740000000, 0x0000000745580000, 0x0000000795580000)
  object space 87552K, 18% used [0x0000000740000000,0x0000000741024330,0x0000000745580000)
 Metaspace       used 14982K, capacity 15678K, committed 16000K, reserved 1062912K
  class space    used 2146K, capacity 2306K, committed 2432K, reserved 1048576K
Event: 2.327 GC heap after
Heap after GC invocations=3 (full 0):
 PSYoungGen      total 38400K, used 5089K [0x0000000795580000, 0x000000079a080000, 0x00000007c0000000)
  eden space 33280K, 0% used [0x0000000795580000,0x0000000795580000,0x0000000797600000)
  from space 5120K, 99% used [0x0000000797600000,0x0000000797af8458,0x0000000797b00000)
  to   space 5120K, 0% used [0x0000000799b80000,0x0000000799b80000,0x000000079a080000)
 ParOldGen       total 87552K, used 46281K [0x0000000740000000, 0x0000000745580000, 0x0000000795580000)
  object space 87552K, 52% used [0x0000000740000000,0x0000000742d32500,0x0000000745580000)
 Metaspace       used 14982K, capacity 15678K, committed 16000K, reserved 1062912K
  class space    used 2146K, capacity 2306K, committed 2432K, reserved 1048576K
}
Event: 2.400 GC heap before
{Heap before GC invocations=4 (full 0):
 PSYoungGen      total 38400K, used 38356K [0x0000000795580000, 0x000000079a080000, 0x00000007c0000000)
  eden space 33280K, 99% used [0x0000000795580000,0x00000007975fccc8,0x0000000797600000)
  from space 5120K, 99% used [0x0000000797600000,0x0000000797af8458,0x0000000797b00000)
  to   space 5120K, 0% used [0x0000000799b80000,0x0000000799b80000,0x000000079a080000)
 ParOldGen       total 87552K, used 46281K [0x0000000740000000, 0x0000000745580000, 0x0000000795580000)
  object space 87552K, 52% used [0x0000000740000000,0x0000000742d32500,0x0000000745580000)
 Metaspace       used 14984K, capacity 15678K, committed 16000K, reserved 1062912K
  class space    used 2146K, capacity 2306K, committed 2432K, reserved 1048576K
Event: 2.456 GC heap after
Heap after GC invocations=4 (full 0):
 PSYoungGen      total 71680K, used 5104K [0x0000000795580000, 0x000000079a080000, 0x00000007c0000000)
  eden space 66560K, 0% used [0x0000000795580000,0x0000000795580000,0x0000000799680000)
  from space 5120K, 99% used [0x0000000799b80000,0x000000079a07c160,0x000000079a080000)
  to   space 5120K, 0% used [0x0000000799680000,0x0000000799680000,0x0000000799b80000)
 ParOldGen       total 87552K, used 75985K [0x0000000740000000, 0x0000000745580000, 0x0000000795580000)
  object space 87552K, 86% used [0x0000000740000000,0x0000000744a346d0,0x0000000745580000)
 Metaspace       used 14984K, capacity 15678K, committed 16000K, reserved 1062912K
  class space    used 2146K, capacity 2306K, committed 2432K, reserved 1048576K
}
Event: 2.456 GC heap before
{Heap before GC invocations=5 (full 1):
 PSYoungGen      total 71680K, used 5104K [0x0000000795580000, 0x000000079a080000, 0x00000007c0000000)
  eden space 66560K, 0% used [0x0000000795580000,0x0000000795580000,0x0000000799680000)
  from space 5120K, 99% used [0x0000000799b80000,0x000000079a07c160,0x000000079a080000)
  to   space 5120K, 0% used [0x0000000799680000,0x0000000799680000,0x0000000799b80000)
 ParOldGen       total 87552K, used 75985K [0x0000000740000000, 0x0000000745580000, 0x0000000795580000)
  object space 87552K, 86% used [0x0000000740000000,0x0000000744a346d0,0x0000000745580000)
 Metaspace       used 14984K, capacity 15678K, committed 16000K, reserved 1062912K
  class space    used 2146K, capacity 2306K, committed 2432K, reserved 1048576K
Event: 2.531 GC heap after
Heap after GC invocations=5 (full 1):
 PSYoungGen      total 71680K, used 0K [0x0000000795580000, 0x000000079a080000, 0x00000007c0000000)
  eden space 66560K, 0% used [0x0000000795580000,0x0000000795580000,0x0000000799680000)
  from space 5120K, 0% used [0x0000000799b80000,0x0000000799b80000,0x000000079a080000)
  to   space 5120K, 0% used [0x0000000799680000,0x0000000799680000,0x0000000799b80000)
 ParOldGen       total 163840K, used 80901K [0x0000000740000000, 0x000000074a000000, 0x0000000795580000)
  object space 163840K, 49% used [0x0000000740000000,0x0000000744f01660,0x000000074a000000)
 Metaspace       used 14984K, capacity 15678K, committed 16000K, reserved 1062912K
  class space    used 2146K, capacity 2306K, committed 2432K, reserved 1048576K
}

Deoptimization events (10 events):
Event: 4.041 Thread 0x00007fed8f13a800 Uncommon trap: reason=class_check action=maybe_recompile pc=0x000000011aabbc78 method=javafx.scene.Node.transformedBoundsChanged()V @ 28
Event: 4.041 Thread 0x00007fed8f13a800 Uncommon trap: reason=class_check action=maybe_recompile pc=0x000000011aac0a2c method=javafx.scene.Node.impl_geomChanged()V @ 33
Event: 4.041 Thread 0x00007fed8f13a800 Uncommon trap: reason=class_check action=maybe_recompile pc=0x000000011aabbc78 method=javafx.scene.Node.transformedBoundsChanged()V @ 28
Event: 4.054 Thread 0x00007fed8f10e800 Uncommon trap: reason=class_check action=maybe_recompile pc=0x000000011aad5710 method=java.util.WeakHashMap.eq(Ljava/lang/Object;Ljava/lang/Object;)Z @ 7
Event: 4.054 Thread 0x00007fed8f10e800 Uncommon trap: reason=class_check action=maybe_recompile pc=0x000000011aad5710 method=java.util.WeakHashMap.eq(Ljava/lang/Object;Ljava/lang/Object;)Z @ 7
Event: 4.092 Thread 0x00007fed8f10e800 Uncommon trap: reason=unstable_if action=reinterpret pc=0x000000011aaa7ad8 method=java.util.concurrent.ConcurrentHashMap.get(Ljava/lang/Object;)Ljava/lang/Object; @ 152
Event: 4.093 Thread 0x00007fed8f10e800 Uncommon trap: reason=class_check action=maybe_recompile pc=0x000000011aaaae78 method=java.util.concurrent.ConcurrentHashMap.putVal(Ljava/lang/Object;Ljava/lang/Object;Z)Ljava/lang/Object; @ 192
Event: 4.093 Thread 0x00007fed8f10e800 Uncommon trap: reason=class_check action=maybe_recompile pc=0x000000011aaaae78 method=java.util.concurrent.ConcurrentHashMap.putVal(Ljava/lang/Object;Ljava/lang/Object;Z)Ljava/lang/Object; @ 192
Event: 5.179 Thread 0x00007fed8f13a800 Uncommon trap: reason=unstable_if action=reinterpret pc=0x000000011a84c754 method=java.lang.String.lastIndexOf([CII[CIII)I @ 66
Event: 5.194 Thread 0x00007fed8f13a800 Uncommon trap: reason=null_assert action=make_not_entrant pc=0x000000011a6e0ec8 method=java.util.zip.ZipEntry.<init>(Ljava/util/zip/ZipEntry;)V @ 70

Internal exceptions (10 events):
Event: 3.073 Thread 0x00007fed8f13a800 Exception <a 'java/io/FileNotFoundException'> (0x000000079707abb8) thrown at [/Users/java_re/workspace/8-2-build-macosx-x86_64/jdk8u144/9417/hotspot/src/share/vm/prims/jni.cpp, line 709]
Event: 3.094 Thread 0x00007fed8f13a800 Exception <a 'java/io/FileNotFoundException'> (0x00000007971183d0) thrown at [/Users/java_re/workspace/8-2-build-macosx-x86_64/jdk8u144/9417/hotspot/src/share/vm/prims/jni.cpp, line 709]
Event: 3.096 Thread 0x00007fed8f13a800 Exception <a 'java/io/FileNotFoundException'> (0x000000079712e030) thrown at [/Users/java_re/workspace/8-2-build-macosx-x86_64/jdk8u144/9417/hotspot/src/share/vm/prims/jni.cpp, line 709]
Event: 3.554 Thread 0x00007fed8f13a800 Exception <a 'java/io/FileNotFoundException'> (0x000000079799b528) thrown at [/Users/java_re/workspace/8-2-build-macosx-x86_64/jdk8u144/9417/hotspot/src/share/vm/prims/jni.cpp, line 709]
Event: 3.556 Thread 0x00007fed8f13a800 Exception <a 'java/io/FileNotFoundException'> (0x00000007979ac0b0) thrown at [/Users/java_re/workspace/8-2-build-macosx-x86_64/jdk8u144/9417/hotspot/src/share/vm/prims/jni.cpp, line 709]
Event: 3.558 Thread 0x00007fed8f13a800 Exception <a 'java/io/FileNotFoundException'> (0x00000007979bd440) thrown at [/Users/java_re/workspace/8-2-build-macosx-x86_64/jdk8u144/9417/hotspot/src/share/vm/prims/jni.cpp, line 709]
Event: 3.560 Thread 0x00007fed8f13a800 Exception <a 'java/io/FileNotFoundException'> (0x00000007979ce3b8) thrown at [/Users/java_re/workspace/8-2-build-macosx-x86_64/jdk8u144/9417/hotspot/src/share/vm/prims/jni.cpp, line 709]
Event: 3.699 Thread 0x00007fed8f13a800 Implicit null exception at 0x000000011aa587d1 to 0x000000011aa58d7d
Event: 5.181 Thread 0x00007fed8f13a800 Exception <a 'java/lang/NoClassDefFoundError': org/apache/log4j/Category> (0x0000000798c50f20) thrown at [/Users/java_re/workspace/8-2-build-macosx-x86_64/jdk8u144/9417/hotspot/src/share/vm/classfile/systemDictionary.cpp, line 199]
Event: 5.192 Thread 0x00007fed8f13a800 Exception <a 'java/lang/UnsatisfiedLinkError': com.intel.bluetooth.BluetoothStackOSX.isNativeCodeLoaded()Z> (0x0000000798cd0fa0) thrown at [/Users/java_re/workspace/8-2-build-macosx-x86_64/jdk8u144/9417/hotspot/src/share/vm/prims/nativeLookup.cpp, line 37

Events (10 events):
Event: 5.194 loading class java/util/zip/ZipUtils done
Event: 5.194 loading class java/nio/file/attribute/FileTime
Event: 5.194 loading class java/nio/file/attribute/FileTime done
Event: 5.194 Thread 0x00007fed8f13a800 Uncommon trap: trap_request=0xffffffec fr.pc=0x000000011a6e0ec8
Event: 5.194 Thread 0x00007fed8f13a800 DEOPT PACKING pc=0x000000011a6e0ec8 sp=0x00007fff53426780
Event: 5.194 Thread 0x00007fed8f13a800 DEOPT UNPACKING pc=0x000000011a3b6229 sp=0x00007fff53426580 mode 2
Event: 5.195 loading class java/io/DeleteOnExitHook
Event: 5.195 loading class java/io/DeleteOnExitHook done
Event: 5.195 loading class java/io/DeleteOnExitHook$1
Event: 5.195 loading class java/io/DeleteOnExitHook$1 done


Dynamic libraries:
0x00000000204d5000 	/System/Library/Frameworks/Cocoa.framework/Versions/A/Cocoa
0x00000000204d5000 	/System/Library/Frameworks/Security.framework/Versions/A/Security
0x00000000204d5000 	/System/Library/Frameworks/ApplicationServices.framework/Versions/A/ApplicationServices
0x00000000204d5000 	/usr/lib/libz.1.dylib
0x00000000204d5000 	/usr/lib/libSystem.B.dylib
0x00000000204d5000 	/usr/lib/libobjc.A.dylib
0x00000000204d5000 	/System/Library/Frameworks/CoreFoundation.framework/Versions/A/CoreFoundation
0x00000000204d5000 	/System/Library/Frameworks/Foundation.framework/Versions/C/Foundation
0x00000000204d5000 	/System/Library/Frameworks/AppKit.framework/Versions/C/AppKit
0x00000000204d5000 	/System/Library/Frameworks/CoreData.framework/Versions/A/CoreData
0x00000000204d5000 	/System/Library/PrivateFrameworks/RemoteViewServices.framework/Versions/A/RemoteViewServices
0x00000000204d5000 	/System/Library/PrivateFrameworks/UIFoundation.framework/Versions/A/UIFoundation
0x00000000204d5000 	/System/Library/PrivateFrameworks/DFRFoundation.framework/Versions/A/DFRFoundation
0x00000000204d5000 	/usr/lib/libenergytrace.dylib
0x00000000204d5000 	/System/Library/PrivateFrameworks/SkyLight.framework/Versions/A/SkyLight
0x00000000204d5000 	/System/Library/Frameworks/CoreGraphics.framework/Versions/A/CoreGraphics
0x00000000204d5000 	/usr/lib/libScreenReader.dylib
0x00000000204d5000 	/System/Library/Frameworks/Accelerate.framework/Versions/A/Accelerate
0x00000000204d5000 	/System/Library/Frameworks/IOSurface.framework/Versions/A/IOSurface
0x00000000204d5000 	/System/Library/Frameworks/AudioToolbox.framework/Versions/A/AudioToolbox
0x00000000204d5000 	/System/Library/Frameworks/AudioUnit.framework/Versions/A/AudioUnit
0x00000000204d5000 	/System/Library/PrivateFrameworks/DataDetectorsCore.framework/Versions/A/DataDetectorsCore
0x00000000204d5000 	/System/Library/PrivateFrameworks/DesktopServicesPriv.framework/Versions/A/DesktopServicesPriv
0x00000000204d5000 	/System/Library/Frameworks/Carbon.framework/Versions/A/Frameworks/HIToolbox.framework/Versions/A/HIToolbox
0x00000000204d5000 	/usr/lib/libicucore.A.dylib
0x00000000204d5000 	/System/Library/Frameworks/QuartzCore.framework/Versions/A/QuartzCore
0x00000000204d5000 	/System/Library/Frameworks/Carbon.framework/Versions/A/Frameworks/SpeechRecognition.framework/Versions/A/SpeechRecognition
0x00000000204d5000 	/usr/lib/libauto.dylib
0x00000000204d5000 	/usr/lib/libxml2.2.dylib
0x00000000204d5000 	/System/Library/PrivateFrameworks/CoreUI.framework/Versions/A/CoreUI
0x00000000204d5000 	/System/Library/Frameworks/CoreAudio.framework/Versions/A/CoreAudio
0x00000000204d5000 	/System/Library/Frameworks/DiskArbitration.framework/Versions/A/DiskArbitration
0x00000000204d5000 	/usr/lib/liblangid.dylib
0x00000000204d5000 	/System/Library/PrivateFrameworks/MultitouchSupport.framework/Versions/A/MultitouchSupport
0x00000000204d5000 	/System/Library/Frameworks/IOKit.framework/Versions/A/IOKit
0x00000000204d5000 	/usr/lib/libDiagnosticMessagesClient.dylib
0x00000000204d5000 	/System/Library/Frameworks/CoreServices.framework/Versions/A/CoreServices
0x00000000204d5000 	/System/Library/PrivateFrameworks/PerformanceAnalysis.framework/Versions/A/PerformanceAnalysis
0x00000000204d5000 	/System/Library/PrivateFrameworks/GenerationalStorage.framework/Versions/A/GenerationalStorage
0x00000000204d5000 	/System/Library/Frameworks/OpenGL.framework/Versions/A/OpenGL
0x00000000204d5000 	/System/Library/Frameworks/CoreImage.framework/Versions/A/CoreImage
0x00000000204d5000 	/System/Library/Frameworks/CoreText.framework/Versions/A/CoreText
0x00000000204d5000 	/System/Library/Frameworks/ImageIO.framework/Versions/A/ImageIO
0x00000000204d5000 	/System/Library/PrivateFrameworks/Backup.framework/Versions/A/Backup
0x00000000204d5000 	/usr/lib/libarchive.2.dylib
0x00000000204d5000 	/System/Library/Frameworks/CFNetwork.framework/Versions/A/CFNetwork
0x00000000204d5000 	/System/Library/Frameworks/SystemConfiguration.framework/Versions/A/SystemConfiguration
0x00000000204d5000 	/usr/lib/libCRFSuite.dylib
0x00000000204d5000 	/usr/lib/libc++.1.dylib
0x00000000204d5000 	/usr/lib/libc++abi.dylib
0x00000000204d5000 	/usr/lib/system/libcache.dylib
0x00000000204d5000 	/usr/lib/system/libcommonCrypto.dylib
0x00000000204d5000 	/usr/lib/system/libcompiler_rt.dylib
0x00000000204d5000 	/usr/lib/system/libcopyfile.dylib
0x00000000204d5000 	/usr/lib/system/libcorecrypto.dylib
0x00000000204d5000 	/usr/lib/system/libdispatch.dylib
0x00000000204d5000 	/usr/lib/system/libdyld.dylib
0x00000000204d5000 	/usr/lib/system/libkeymgr.dylib
0x00000000204d5000 	/usr/lib/system/liblaunch.dylib
0x00000000204d5000 	/usr/lib/system/libmacho.dylib
0x00000000204d5000 	/usr/lib/system/libquarantine.dylib
0x00000000204d5000 	/usr/lib/system/libremovefile.dylib
0x00000000204d5000 	/usr/lib/system/libsystem_asl.dylib
0x00000000204d5000 	/usr/lib/system/libsystem_blocks.dylib
0x00000000204d5000 	/usr/lib/system/libsystem_c.dylib
0x00000000204d5000 	/usr/lib/system/libsystem_configuration.dylib
0x00000000204d5000 	/usr/lib/system/libsystem_coreservices.dylib
0x00000000204d5000 	/usr/lib/system/libsystem_coretls.dylib
0x00000000204d5000 	/usr/lib/system/libsystem_dnssd.dylib
0x00000000204d5000 	/usr/lib/system/libsystem_info.dylib
0x00000000204d5000 	/usr/lib/system/libsystem_kernel.dylib
0x00000000204d5000 	/usr/lib/system/libsystem_m.dylib
0x00000000204d5000 	/usr/lib/system/libsystem_malloc.dylib
0x00000000204d5000 	/usr/lib/system/libsystem_network.dylib
0x00000000204d5000 	/usr/lib/system/libsystem_networkextension.dylib
0x00000000204d5000 	/usr/lib/system/libsystem_notify.dylib
0x00000000204d5000 	/usr/lib/system/libsystem_platform.dylib
0x00000000204d5000 	/usr/lib/system/libsystem_pthread.dylib
0x00000000204d5000 	/usr/lib/system/libsystem_sandbox.dylib
0x00000000204d5000 	/usr/lib/system/libsystem_secinit.dylib
0x00000000204d5000 	/usr/lib/system/libsystem_symptoms.dylib
0x00000000204d5000 	/usr/lib/system/libsystem_trace.dylib
0x00000000204d5000 	/usr/lib/system/libunwind.dylib
0x00000000204d5000 	/usr/lib/system/libxpc.dylib
0x00000000204d5000 	/usr/lib/libbsm.0.dylib
0x00000000204d5000 	/usr/lib/system/libkxld.dylib
0x00000000204d5000 	/usr/lib/libcoretls.dylib
0x00000000204d5000 	/usr/lib/libcoretls_cfhelpers.dylib
0x00000000204d5000 	/usr/lib/libOpenScriptingUtil.dylib
0x00000000204d5000 	/usr/lib/libpam.2.dylib
0x00000000204d5000 	/usr/lib/libsqlite3.dylib
0x00000000204d5000 	/usr/lib/libxar.1.dylib
0x00000000204d5000 	/usr/lib/libbz2.1.0.dylib
0x00000000204d5000 	/usr/lib/liblzma.5.dylib
0x00000000204d5000 	/usr/lib/libnetwork.dylib
0x00000000204d5000 	/usr/lib/libpcap.A.dylib
0x00000000204d5000 	/System/Library/Frameworks/CoreServices.framework/Versions/A/Frameworks/FSEvents.framework/Versions/A/FSEvents
0x00000000204d5000 	/System/Library/Frameworks/CoreServices.framework/Versions/A/Frameworks/CarbonCore.framework/Versions/A/CarbonCore
0x00000000204d5000 	/System/Library/Frameworks/CoreServices.framework/Versions/A/Frameworks/Metadata.framework/Versions/A/Metadata
0x00000000204d5000 	/System/Library/Frameworks/CoreServices.framework/Versions/A/Frameworks/OSServices.framework/Versions/A/OSServices
0x00000000204d5000 	/System/Library/Frameworks/CoreServices.framework/Versions/A/Frameworks/SearchKit.framework/Versions/A/SearchKit
0x00000000204d5000 	/System/Library/Frameworks/CoreServices.framework/Versions/A/Frameworks/AE.framework/Versions/A/AE
0x00000000204d5000 	/System/Library/Frameworks/CoreServices.framework/Versions/A/Frameworks/LaunchServices.framework/Versions/A/LaunchServices
0x00000000204d5000 	/System/Library/Frameworks/CoreServices.framework/Versions/A/Frameworks/DictionaryServices.framework/Versions/A/DictionaryServices
0x00000000204d5000 	/System/Library/Frameworks/CoreServices.framework/Versions/A/Frameworks/SharedFileList.framework/Versions/A/SharedFileList
0x00000000204d5000 	/System/Library/Frameworks/NetFS.framework/Versions/A/NetFS
0x00000000204d5000 	/System/Library/PrivateFrameworks/NetAuth.framework/Versions/A/NetAuth
0x00000000204d5000 	/System/Library/PrivateFrameworks/login.framework/Versions/A/Frameworks/loginsupport.framework/Versions/A/loginsupport
0x00000000204d5000 	/System/Library/PrivateFrameworks/TCC.framework/Versions/A/TCC
0x00000000204d5000 	/usr/lib/libmecabra.dylib
0x00000000204d5000 	/System/Library/Frameworks/ApplicationServices.framework/Versions/A/Frameworks/ATS.framework/Versions/A/ATS
0x00000000204d5000 	/System/Library/Frameworks/ApplicationServices.framework/Versions/A/Frameworks/ColorSync.framework/Versions/A/ColorSync
0x00000000204d5000 	/System/Library/Frameworks/ApplicationServices.framework/Versions/A/Frameworks/HIServices.framework/Versions/A/HIServices
0x00000000204d5000 	/System/Library/Frameworks/ApplicationServices.framework/Versions/A/Frameworks/LangAnalysis.framework/Versions/A/LangAnalysis
0x00000000204d5000 	/System/Library/Frameworks/ApplicationServices.framework/Versions/A/Frameworks/PrintCore.framework/Versions/A/PrintCore
0x00000000204d5000 	/System/Library/Frameworks/ApplicationServices.framework/Versions/A/Frameworks/QD.framework/Versions/A/QD
0x00000000204d5000 	/System/Library/Frameworks/ApplicationServices.framework/Versions/A/Frameworks/SpeechSynthesis.framework/Versions/A/SpeechSynthesis
0x00000000204d5000 	/System/Library/Frameworks/Accelerate.framework/Versions/A/Frameworks/vImage.framework/Versions/A/vImage
0x00000000204d5000 	/System/Library/Frameworks/Accelerate.framework/Versions/A/Frameworks/vecLib.framework/Versions/A/vecLib
0x00000000204d5000 	/System/Library/Frameworks/Accelerate.framework/Versions/A/Frameworks/vecLib.framework/Versions/A/libvDSP.dylib
0x00000000204d5000 	/System/Library/Frameworks/Accelerate.framework/Versions/A/Frameworks/vecLib.framework/Versions/A/libBNNS.dylib
0x00000000204d5000 	/System/Library/Frameworks/Accelerate.framework/Versions/A/Frameworks/vecLib.framework/Versions/A/libQuadrature.dylib
0x00000000204d5000 	/System/Library/Frameworks/Accelerate.framework/Versions/A/Frameworks/vecLib.framework/Versions/A/libvMisc.dylib
0x00000000204d5000 	/System/Library/Frameworks/Accelerate.framework/Versions/A/Frameworks/vecLib.framework/Versions/A/libLAPACK.dylib
0x00000000204d5000 	/System/Library/Frameworks/Accelerate.framework/Versions/A/Frameworks/vecLib.framework/Versions/A/libBLAS.dylib
0x00000000204d5000 	/System/Library/Frameworks/Accelerate.framework/Versions/A/Frameworks/vecLib.framework/Versions/A/libLinearAlgebra.dylib
0x00000000204d5000 	/System/Library/Frameworks/Accelerate.framework/Versions/A/Frameworks/vecLib.framework/Versions/A/libSparseBLAS.dylib
0x00000000204d5000 	/System/Library/Frameworks/ApplicationServices.framework/Versions/A/Frameworks/ATS.framework/Versions/A/Resources/libFontParser.dylib
0x00000000204d5000 	/System/Library/Frameworks/ApplicationServices.framework/Versions/A/Frameworks/ATS.framework/Versions/A/Resources/libFontRegistry.dylib
0x00000000204d5000 	/System/Library/Frameworks/ImageIO.framework/Versions/A/Resources/libJPEG.dylib
0x00000000204d5000 	/System/Library/Frameworks/ImageIO.framework/Versions/A/Resources/libTIFF.dylib
0x00000000204d5000 	/System/Library/Frameworks/ImageIO.framework/Versions/A/Resources/libPng.dylib
0x00000000204d5000 	/System/Library/Frameworks/ImageIO.framework/Versions/A/Resources/libGIF.dylib
0x00000000204d5000 	/System/Library/Frameworks/ImageIO.framework/Versions/A/Resources/libJP2.dylib
0x00000000204d5000 	/System/Library/Frameworks/ImageIO.framework/Versions/A/Resources/libRadiance.dylib
0x00000000204d5000 	/usr/lib/libcompression.dylib
0x00000000204d5000 	/System/Library/PrivateFrameworks/AppleJPEG.framework/Versions/A/AppleJPEG
0x00000000204d5000 	/usr/lib/libcups.2.dylib
0x00000000204d5000 	/System/Library/Frameworks/Kerberos.framework/Versions/A/Kerberos
0x00000000204d5000 	/System/Library/Frameworks/GSS.framework/Versions/A/GSS
0x00000000204d5000 	/usr/lib/libresolv.9.dylib
0x00000000204d5000 	/usr/lib/libiconv.2.dylib
0x00000000204d5000 	/System/Library/PrivateFrameworks/Heimdal.framework/Versions/A/Heimdal
0x00000000204d5000 	/usr/lib/libheimdal-asn1.dylib
0x00000000204d5000 	/System/Library/Frameworks/OpenDirectory.framework/Versions/A/OpenDirectory
0x00000000204d5000 	/System/Library/PrivateFrameworks/CommonAuth.framework/Versions/A/CommonAuth
0x00000000204d5000 	/System/Library/Frameworks/OpenDirectory.framework/Versions/A/Frameworks/CFOpenDirectory.framework/Versions/A/CFOpenDirectory
0x00000000204d5000 	/System/Library/Frameworks/SecurityFoundation.framework/Versions/A/SecurityFoundation
0x00000000204d5000 	/System/Library/PrivateFrameworks/LanguageModeling.framework/Versions/A/LanguageModeling
0x00000000204d5000 	/usr/lib/libmarisa.dylib
0x00000000204d5000 	/usr/lib/libChineseTokenizer.dylib
0x00000000204d5000 	/usr/lib/libcmph.dylib
0x00000000204d5000 	/System/Library/PrivateFrameworks/CoreEmoji.framework/Versions/A/CoreEmoji
0x00000000204d5000 	/System/Library/Frameworks/ServiceManagement.framework/Versions/A/ServiceManagement
0x00000000204d5000 	/usr/lib/libxslt.1.dylib
0x00000000204d5000 	/System/Library/Frameworks/Carbon.framework/Versions/A/Frameworks/Ink.framework/Versions/A/Ink
0x00000000204d5000 	/System/Library/PrivateFrameworks/TextureIO.framework/Versions/A/TextureIO
0x00000000204d5000 	/System/Library/Frameworks/Metal.framework/Versions/A/Metal
0x00000000204d5000 	/usr/lib/libate.dylib
0x00000000204d5000 	/System/Library/PrivateFrameworks/GPUCompiler.framework/libmetal_timestamp.dylib
0x00000000204d5000 	/System/Library/Frameworks/OpenGL.framework/Versions/A/Libraries/libCoreFSCache.dylib
0x00000000204d5000 	/System/Library/PrivateFrameworks/IOAccelerator.framework/Versions/A/IOAccelerator
0x00000000204d5000 	/System/Library/Frameworks/CoreVideo.framework/Versions/A/CoreVideo
0x00000000204d5000 	/usr/lib/libFosl_dynamic.dylib
0x00000000204d5000 	/System/Library/PrivateFrameworks/MetalPerformanceShaders.framework/Versions/A/MetalPerformanceShaders
0x00000000204d5000 	/System/Library/PrivateFrameworks/FaceCore.framework/Versions/A/FaceCore
0x00000000204d5000 	/System/Library/Frameworks/OpenCL.framework/Versions/A/OpenCL
0x00000000204d5000 	/System/Library/Frameworks/OpenGL.framework/Versions/A/Libraries/libGLU.dylib
0x00000000204d5000 	/System/Library/Frameworks/OpenGL.framework/Versions/A/Libraries/libGFXShared.dylib
0x00000000204d5000 	/System/Library/Frameworks/OpenGL.framework/Versions/A/Libraries/libGL.dylib
0x00000000204d5000 	/System/Library/Frameworks/OpenGL.framework/Versions/A/Libraries/libGLImage.dylib
0x00000000204d5000 	/System/Library/Frameworks/OpenGL.framework/Versions/A/Libraries/libCVMSPluginSupport.dylib
0x00000000204d5000 	/System/Library/Frameworks/OpenGL.framework/Versions/A/Libraries/libCoreVMClient.dylib
0x00000000204d5000 	/System/Library/PrivateFrameworks/CrashReporterSupport.framework/Versions/A/CrashReporterSupport
0x00000000204d5000 	/System/Library/PrivateFrameworks/Sharing.framework/Versions/A/Sharing
0x00000000204d5000 	/System/Library/PrivateFrameworks/IconServices.framework/Versions/A/IconServices
0x00000000204d5000 	/System/Library/PrivateFrameworks/ProtocolBuffer.framework/Versions/A/ProtocolBuffer
0x00000000204d5000 	/System/Library/PrivateFrameworks/Apple80211.framework/Versions/A/Apple80211
0x00000000204d5000 	/System/Library/Frameworks/CoreWLAN.framework/Versions/A/CoreWLAN
0x00000000204d5000 	/System/Library/PrivateFrameworks/CoreUtils.framework/Versions/A/CoreUtils
0x00000000204d5000 	/System/Library/Frameworks/IOBluetooth.framework/Versions/A/IOBluetooth
0x00000000204d5000 	/System/Library/PrivateFrameworks/CoreWiFi.framework/Versions/A/CoreWiFi
0x00000000204d5000 	/System/Library/Frameworks/CoreBluetooth.framework/Versions/A/CoreBluetooth
0x00000000204d5000 	/System/Library/Frameworks/CoreDisplay.framework/Versions/A/CoreDisplay
0x00000000204d5000 	/System/Library/PrivateFrameworks/IOPresentment.framework/Versions/A/IOPresentment
0x00000000204d5000 	/System/Library/PrivateFrameworks/DSExternalDisplay.framework/Versions/A/DSExternalDisplay
0x00000000204d5000 	/System/Library/PrivateFrameworks/DebugSymbols.framework/Versions/A/DebugSymbols
0x00000000204d5000 	/System/Library/PrivateFrameworks/CoreSymbolication.framework/Versions/A/CoreSymbolication
0x00000000204d5000 	/System/Library/PrivateFrameworks/Symbolication.framework/Versions/A/Symbolication
0x00000000204d5000 	/System/Library/PrivateFrameworks/AppleFSCompression.framework/Versions/A/AppleFSCompression
0x00000000204d5000 	/System/Library/PrivateFrameworks/SpeechRecognitionCore.framework/Versions/A/SpeechRecognitionCore
0x00000000204d5000 	/System/Library/PrivateFrameworks/ChunkingLibrary.framework/Versions/A/ChunkingLibrary
0x000000010c84e000 	/Library/Java/JavaVirtualMachines/jdk1.8.0_144.jdk/Contents/Home/jre/lib/server/libjvm.dylib
0x00000000204d5000 	/usr/lib/libstdc++.6.dylib
0x000000010e000000 	/Library/Java/JavaVirtualMachines/jdk1.8.0_144.jdk/Contents/Home/jre/lib/libverify.dylib
0x000000010e00e000 	/Library/Java/JavaVirtualMachines/jdk1.8.0_144.jdk/Contents/Home/jre/lib/libjava.dylib
0x000000010e043000 	/Library/Java/JavaVirtualMachines/jdk1.8.0_144.jdk/Contents/Home/jre/lib/libinstrument.dylib
0x000000010e097000 	/Library/Java/JavaVirtualMachines/jdk1.8.0_144.jdk/Contents/Home/jre/lib/libzip.dylib
0x00000001149dc000 	/System/Library/Frameworks/JavaVM.framework/Frameworks/JavaRuntimeSupport.framework/JavaRuntimeSupport
0x00000001149f6000 	/System/Library/Frameworks/JavaVM.framework/Versions/A/Frameworks/JavaNativeFoundation.framework/Versions/A/JavaNativeFoundation
0x0000000114a0b000 	/System/Library/Frameworks/JavaVM.framework/Versions/A/JavaVM
0x00000000204d5000 	/System/Library/Frameworks/Carbon.framework/Versions/A/Carbon
0x0000000114a18000 	/System/Library/PrivateFrameworks/JavaLaunching.framework/Versions/A/JavaLaunching
0x00000000204d5000 	/System/Library/Frameworks/Carbon.framework/Versions/A/Frameworks/CommonPanels.framework/Versions/A/CommonPanels
0x00000000204d5000 	/System/Library/Frameworks/Carbon.framework/Versions/A/Frameworks/Help.framework/Versions/A/Help
0x00000000204d5000 	/System/Library/Frameworks/Carbon.framework/Versions/A/Frameworks/ImageCapture.framework/Versions/A/ImageCapture
0x00000000204d5000 	/System/Library/Frameworks/Carbon.framework/Versions/A/Frameworks/OpenScripting.framework/Versions/A/OpenScripting
0x00000000204d5000 	/System/Library/Frameworks/Carbon.framework/Versions/A/Frameworks/Print.framework/Versions/A/Print
0x00000000204d5000 	/System/Library/Frameworks/Carbon.framework/Versions/A/Frameworks/SecurityHI.framework/Versions/A/SecurityHI
0x000000011649c000 	/Library/Java/JavaVirtualMachines/jdk1.8.0_144.jdk/Contents/Home/jre/lib/libnet.dylib
0x0000000116591000 	/Library/Java/JavaVirtualMachines/jdk1.8.0_144.jdk/Contents/Home/jre/lib/libprism_es2.dylib
0x00000001165f7000 	/System/Library/Frameworks/OpenGL.framework/Resources/GLEngine.bundle/GLEngine
0x00000000204d5000 	/System/Library/Frameworks/OpenGL.framework/Versions/A/Libraries/libGLProgrammability.dylib
0x00000001167dc000 	/System/Library/Extensions/AppleIntelSKLGraphicsGLDriver.bundle/Contents/MacOS/AppleIntelSKLGraphicsGLDriver
0x00000000204d5000 	/System/Library/PrivateFrameworks/GPUSupport.framework/Versions/A/Libraries/libGPUSupportMercury.dylib
0x0000000117564000 	/System/Library/Frameworks/OpenGL.framework/Resources//GLRendererFloat.bundle/GLRendererFloat
0x00000000204d5000 	/System/Library/Frameworks/OpenCL.framework/Versions/A/Libraries/libcldcpuengine.dylib
0x00000000204d5000 	/usr/lib/libcrypto.0.9.8.dylib
0x00000000204d5000 	/System/Library/PrivateFrameworks/TrustEvaluationAgent.framework/Versions/A/TrustEvaluationAgent
0x0000000117987000 	/Library/Java/JavaVirtualMachines/jdk1.8.0_144.jdk/Contents/Home/jre/lib/libglass.dylib
0x00000000204d5000 	/System/Library/PrivateFrameworks/CoreServicesInternal.framework/Versions/A/CoreServicesInternal
0x00000000204d5000 	/System/Library/CoreServices/RawCamera.bundle/Contents/MacOS/RawCamera
0x00000000204d5000 	/System/Library/Frameworks/Accelerate.framework/Versions/A/Frameworks/vImage.framework/Versions/A/Libraries/libCGInterfaces.dylib
0x00000000204d5000 	/System/Library/PrivateFrameworks/FamilyControls.framework/Versions/A/FamilyControls
0x00000000204d5000 	/System/Library/PrivateFrameworks/CommerceKit.framework/Versions/A/Frameworks/CommerceCore.framework/Versions/A/CommerceCore
0x00000000204d5000 	/System/Library/PrivateFrameworks/SystemAdministration.framework/Versions/A/SystemAdministration
0x00000000204d5000 	/System/Library/PrivateFrameworks/AppContainer.framework/Versions/A/AppContainer
0x00000000204d5000 	/System/Library/PrivateFrameworks/SecCodeWrapper.framework/Versions/A/SecCodeWrapper
0x00000000204d5000 	/System/Library/Frameworks/DirectoryService.framework/Versions/A/DirectoryService
0x00000000204d5000 	/System/Library/PrivateFrameworks/DiskImages.framework/Versions/A/DiskImages
0x00000000204d5000 	/System/Library/PrivateFrameworks/LoginUIKit.framework/Versions/A/Frameworks/LoginUICore.framework/Versions/A/LoginUICore
0x00000000204d5000 	/usr/lib/libCoreStorage.dylib
0x00000000204d5000 	/usr/lib/libcsfde.dylib
0x00000000204d5000 	/usr/lib/libodfde.dylib
0x00000000204d5000 	/System/Library/Frameworks/DiscRecording.framework/Versions/A/DiscRecording
0x00000000204d5000 	/usr/lib/libcurl.4.dylib
0x00000000204d5000 	/System/Library/PrivateFrameworks/MediaKit.framework/Versions/A/MediaKit
0x00000000204d5000 	/System/Library/PrivateFrameworks/ProtectedCloudStorage.framework/Versions/A/ProtectedCloudStorage
0x00000000204d5000 	/System/Library/PrivateFrameworks/EFILogin.framework/Versions/A/EFILogin
0x00000000204d5000 	/usr/lib/libutil.dylib
0x00000000204d5000 	/System/Library/Frameworks/LDAP.framework/Versions/A/LDAP
0x00000000204d5000 	/usr/lib/libsasl2.2.dylib
0x00000000204d5000 	/System/Library/PrivateFrameworks/CoreDaemon.framework/Versions/B/CoreDaemon
0x00000000204d5000 	/System/Library/PrivateFrameworks/AppleSRP.framework/Versions/A/AppleSRP
0x00000000204d5000 	/System/Library/PrivateFrameworks/APFS.framework/Versions/A/APFS
0x00000000204d5000 	/System/Library/Frameworks/ApplicationServices.framework/Versions/A/Frameworks/ATS.framework/Versions/A/Resources/libTrueTypeScaler.dylib
0x000000012b23b000 	/System/Library/Extensions/AppleIntelSKLGraphicsMTLDriver.bundle/Contents/MacOS/AppleIntelSKLGraphicsMTLDriver
0x000000012bee4000 	/Library/Java/JavaVirtualMachines/jdk1.8.0_144.jdk/Contents/Home/jre/lib/libjavafx_font.dylib
0x00000000204d5000 	/System/Library/PrivateFrameworks/ViewBridge.framework/Versions/A/ViewBridge
0x00000000204d5000 	/System/Library/PrivateFrameworks/XPCService.framework/Versions/A/XPCService
0x00000000204d5000 	/System/Library/PrivateFrameworks/AppSandbox.framework/Versions/A/AppSandbox
0x00000000204d5000 	/usr/lib/libsandbox.1.dylib
0x00000000204d5000 	/usr/lib/libMatch.1.dylib
0x000000012ba3c000 	/Library/Java/JavaVirtualMachines/jdk1.8.0_144.jdk/Contents/Home/jre/lib/libprism_common.dylib
0x000000012aaaa000 	/private/var/folders/mc/drkjmxf92tn7vspsjqxjqyzh0000gq/T/bluecove_patrick.wigger_0/libbluecove.jnilib

VM Arguments:
jvm_args: -javaagent:/Applications/IntelliJ IDEA.app/Contents/lib/idea_rt.jar=61178:/Applications/IntelliJ IDEA.app/Contents/bin -Dfile.encoding=UTF-8 
java_command: FrvaApp
java_class_path (initial): /Library/Java/JavaVirtualMachines/jdk1.8.0_144.jdk/Contents/Home/jre/lib/charsets.jar:/Library/Java/JavaVirtualMachines/jdk1.8.0_144.jdk/Contents/Home/jre/lib/deploy.jar:/Library/Java/JavaVirtualMachines/jdk1.8.0_144.jdk/Contents/Home/jre/lib/ext/cldrdata.jar:/Library/Java/JavaVirtualMachines/jdk1.8.0_144.jdk/Contents/Home/jre/lib/ext/comm.jar:/Library/Java/JavaVirtualMachines/jdk1.8.0_144.jdk/Contents/Home/jre/lib/ext/dnsns.jar:/Library/Java/JavaVirtualMachines/jdk1.8.0_144.jdk/Contents/Home/jre/lib/ext/jaccess.jar:/Library/Java/JavaVirtualMachines/jdk1.8.0_144.jdk/Contents/Home/jre/lib/ext/jfxrt.jar:/Library/Java/JavaVirtualMachines/jdk1.8.0_144.jdk/Contents/Home/jre/lib/ext/localedata.jar:/Library/Java/JavaVirtualMachines/jdk1.8.0_144.jdk/Contents/Home/jre/lib/ext/nashorn.jar:/Library/Java/JavaVirtualMachines/jdk1.8.0_144.jdk/Contents/Home/jre/lib/ext/sunec.jar:/Library/Java/JavaVirtualMachines/jdk1.8.0_144.jdk/Contents/Home/jre/lib/ext/sunjce_provider.jar:/Library/Java/JavaVirtualMachines/jdk1.8.0_144.jdk/Contents/Home/jre/lib/ext/sunpkcs11.jar:/Library/Java/JavaVirtualMachines/jdk1.8.0_144.jdk/Contents/Home/jre/lib/ext/zipfs.jar:/Library/Java/JavaVirtualMachines/jdk1.8.0_144.jdk/Contents/Home/jre/lib/javaws.jar:/Library/Java/JavaVirtualMachines/jdk1.8.0_144.jdk/Contents/Home/jre/lib/jce.jar:/Library/Java/JavaVirtualMachines/jdk1.8.0_144.jdk/Contents/Home/jre/lib/jfr.jar:/Library/Java/JavaVirtualMachines/jdk1.8.0_144.jdk/Contents/Home/jre/lib/jfxswt.jar:/Library/Java/JavaVirtualMachines/jdk1.8.0_144.jdk/Contents/Home/jre/lib/jsse.jar:/Library/Java/JavaVirtualMachines/jdk1.8.0_144.jdk/Contents/Home/jre/lib/management-agent.jar:/Library/Java/JavaVirtualMachines/jdk1.8.0_144.jdk/Contents/Home/jre/lib/plugin.jar:/Library/Java/JavaVirtualMachines/jdk1.8.0_144.jdk/Contents/Home/jre/lib/resources.jar:/Library/Java/JavaVirtualMachines/jdk1.8.0_144.jdk/Contents/Home/jre/lib/rt.jar:/Library/Java/JavaVirtualMachines/jdk1.8.0_144.jdk/Contents/Ho
Launcher Type: SUN_STANDARD

Environment Variables:
PATH=/usr/local/bin:/usr/bin:/bin:/usr/sbin:/sbin:/opt/X11/bin:/usr/local/munki:/Applications/Wireshark.app/Contents/MacOS
SHELL=/bin/bash
DISPLAY=/private/tmp/com.apple.launchd.ugIGmzVXwh/org.macosforge.xquartz:0

Signal Handlers:
SIGSEGV: [libjvm.dylib+0x5b26e5], sa_mask[0]=11111111011111110111111111111111, sa_flags=SA_ONSTACK|SA_RESTART|SA_SIGINFO
SIGBUS: [libjvm.dylib+0x5b26e5], sa_mask[0]=11111111011111110111111111111111, sa_flags=SA_RESTART|SA_SIGINFO
SIGFPE: [libjvm.dylib+0x489100], sa_mask[0]=11111111011111110111111111111111, sa_flags=SA_RESTART|SA_SIGINFO
SIGPIPE: [libjvm.dylib+0x489100], sa_mask[0]=11111111011111110111111111111111, sa_flags=SA_RESTART|SA_SIGINFO
SIGXFSZ: [libjvm.dylib+0x489100], sa_mask[0]=11111111011111110111111111111111, sa_flags=SA_RESTART|SA_SIGINFO
SIGILL: [libjvm.dylib+0x489100], sa_mask[0]=11111111011111110111111111111111, sa_flags=SA_RESTART|SA_SIGINFO
SIGUSR1: SIG_DFL, sa_mask[0]=00000000000000000000000000000000, sa_flags=none
SIGUSR2: [libjvm.dylib+0x488c1e], sa_mask[0]=00100000000000000000000000000000, sa_flags=SA_RESTART|SA_SIGINFO
SIGHUP: [libjvm.dylib+0x4871f5], sa_mask[0]=11111111011111110111111111111111, sa_flags=SA_RESTART|SA_SIGINFO
SIGINT: [libjvm.dylib+0x4871f5], sa_mask[0]=11111111011111110111111111111111, sa_flags=SA_RESTART|SA_SIGINFO
SIGTERM: [libjvm.dylib+0x4871f5], sa_mask[0]=11111111011111110111111111111111, sa_flags=SA_RESTART|SA_SIGINFO
SIGQUIT: [libjvm.dylib+0x4871f5], sa_mask[0]=11111111011111110111111111111111, sa_flags=SA_RESTART|SA_SIGINFO


---------------  S Y S T E M  ---------------

OS:Bsduname:Darwin 16.6.0 Darwin Kernel Version 16.6.0: Fri Apr 14 16:21:16 PDT 2017; root:xnu-3789.60.24~6/RELEASE_X86_64 x86_64
rlimit: STACK 8192k, CORE 0k, NPROC 709, NOFILE 10240, AS infinity
load average:3.05 3.52 2.94

CPU:total 4 (initial active 4) (2 cores per cpu, 2 threads per core) family 6 model 78 stepping 3, cmov, cx8, fxsr, mmx, sse, sse2, sse3, ssse3, sse4.1, sse4.2, popcnt, avx, avx2, aes, clmul, erms, 3dnowpref, lzcnt, ht, tsc, tscinvbit, bmi1, bmi2, adx

Memory: 4k page, physical 8388608k(29964k free)

/proc/meminfo:


vm_info: Java HotSpot(TM) 64-Bit Server VM (25.144-b01) for bsd-amd64 JRE (1.8.0_144-b01), built on Jul 21 2017 22:07:42 by "java_re" with gcc 4.2.1 (Based on Apple Inc. build 5658) (LLVM build 2336.11.00)

time: Thu Nov 30 20:37:35 2017
elapsed time: 5 seconds (0d 0h 0m 5s)

