#
# A fatal error has been detected by the Java Runtime Environment:
#
#  SIGILL (0x4) at pc=0x00007fffb3b29694, pid=2337, tid=0x0000000000000307
#
# JRE version: Java(TM) SE Runtime Environment (8.0_144-b01) (build 1.8.0_144-b01)
# Java VM: Java HotSpot(TM) 64-Bit Server VM (25.144-b01 mixed mode bsd-amd64 compressed oops)
# Problematic frame:
# C  [libdispatch.dylib+0xc694]  _dispatch_barrier_sync_f_slow+0x2a3
#
# Failed to write core dump. Core dumps have been disabled. To enable core dumping, try "ulimit -c unlimited" before starting Java again
#
# If you would like to submit a bug report, please visit:
#   http://bugreport.java.com/bugreport/crash.jsp
# The crash happened outside the Java Virtual Machine in native code.
# See problematic frame for where to report the bug.
#

---------------  T H R E A D  ---------------

Current thread (0x00007feb31117000):  JavaThread "JavaFX Application Thread" [_thread_in_native, id=775, stack(0x00007fff5b791000,0x00007fff5bf91000)]

siginfo: si_signo: 4 (SIGILL), si_code: 1 (ILL_ILLOPC), si_addr: 0x00007fffb3b29694

Registers:
RAX=0x00007fffbca3da80, RBX=0x00007fffbca3da80, RCX=0x00007fffb3b471df, RDX=0x0000000000000307
RSP=0x00007fff5bf887e0, RBP=0x00007fff5bf888b0, RSI=0x0000000000000307, RDI=0x00007fffbca3da80
R8 =0x0000000000000001, R9 =0x00007feb2f4f20c0, R10=0x00000000fffe0000, R11=0x00007feb3160e020
R12=0x00000000100020ff, R13=0x00007fffbca3f8d1, R14=0x000000010f2d1deb, R15=0x00007fff5bf888c8
RIP=0x00007fffb3b29694, EFLAGS=0x0000000000010246, ERR=0x0000000000000000
  TRAPNO=0x0000000000000006

Top of Stack: (sp=0x00007fff5bf887e0)
0x00007fff5bf887e0:   0000000000000003 00000000100020ff
0x00007fff5bf887f0:   0000000000000000 ffffffffffffffff
0x00007fff5bf88800:   00007fffb3b2aed4 00007fff5bf88820
0x00007fff5bf88810:   0000000000000307 00007fff5bf88880
0x00007fff5bf88820:   0000000000000000 0000000000000000
0x00007fff5bf88830:   0000000000000000 0000000000000000
0x00007fff5bf88840:   000000010f2d1deb 00007fff5bf888c8
0x00007fff5bf88850:   00007fffbca3da80 00007fff5bf88880
0x00007fff5bf88860:   00007fffbca3da80 0000000000000000
0x00007fff5bf88870:   0000000000000000 00007fffb3b1e76b
0x00007fff5bf88880:   c8be598800000000 00007fff5bf894a0
0x00007fff5bf88890:   00007fff5bf8a108 000000000001d4c0
0x00007fff5bf888a0:   000000010f2de4be 00007feb2f4f20c0
0x00007fff5bf888b0:   00007fff5bf88910 000000010f2d1db1
0x00007fff5bf888c0:   0000000000000016 00007fffbca4d060
0x00007fff5bf888d0:   00000000c2000000 000000010f2d1deb
0x00007fff5bf888e0:   000000010f2e6360 00007feb2f4f20c0
0x00007fff5bf888f0:   00007fff5bf894a0 00007feb2fafc600
0x00007fff5bf88900:   00007feb311171f8 000000000001d4c0
0x00007fff5bf88910:   00007fff5bf8a030 000000010f2d7163
0x00007fff5bf88920:   00000001347439b0 00000017e92659a9
0x00007fff5bf88930:   0000000000000001 00007fff5bf8a238
0x00007fff5bf88940:   0000000000000000 00007fff5bf8a278
0x00007fff5bf88950:   00007fff5bf88ba8 000000010a480900
0x00007fff5bf88960:   000000010a480900 000000010a480900
0x00007fff5bf88970:   00007feb31117000 0000000744b501b8
0x00007fff5bf88980:   0000000744b28f98 00007fff5bf88938
0x00007fff5bf88990:   00007fff5bf88979 000000010a480900
0x00007fff5bf889a0:   00007feb31117000 000000010a480900
0x00007fff5bf889b0:   00007feb2f73c538 000000010a480900
0x00007fff5bf889c0:   00007feb31117000 000000010a480900
0x00007fff5bf889d0:   00007feb31117000 000000010a480900 

Instructions: (pc=0x00007fffb3b29694)
0x00007fffb3b29674:   d4 00 00 e9 2a ff ff ff 48 8d 0d 5c db 01 00 48
0x00007fffb3b29684:   89 d8 48 89 0d b3 61 f1 08 48 89 05 dc 61 f1 08
0x00007fffb3b29694:   0f 0b 48 8d 0d b6 d9 01 00 48 89 0d 9c 61 f1 08
0x00007fffb3b296a4:   0f 0b 48 8d 0d cf da 01 00 48 89 0d 8c 61 f1 08 

Register to memory mapping:

RAX=0x00007fffbca3da80: _dispatch_main_q+0 in /usr/lib/system/libdispatch.dylib at 0x00007fffb3b1d000
RBX=0x00007fffbca3da80: _dispatch_main_q+0 in /usr/lib/system/libdispatch.dylib at 0x00007fffb3b1d000
RCX=0x00007fffb3b471df: _voucher_activity_id_allocate_slow+0x2077 in /usr/lib/system/libdispatch.dylib at 0x00007fffb3b1d000
RDX=0x0000000000000307 is an unknown value
RSP=0x00007fff5bf887e0 is pointing into the stack for thread: 0x00007feb31117000
RBP=0x00007fff5bf888b0 is pointing into the stack for thread: 0x00007feb31117000
RSI=0x0000000000000307 is an unknown value
RDI=0x00007fffbca3da80: _dispatch_main_q+0 in /usr/lib/system/libdispatch.dylib at 0x00007fffb3b1d000
R8 =0x0000000000000001 is an unknown value
R9 =0x00007feb2f4f20c0 is an unknown value
R10=0x00000000fffe0000 is an unknown value
R11=0x00007feb3160e020 is an unknown value
R12=0x00000000100020ff is an unknown value
R13=0x00007fffbca3f8d1: _dispatch_xbs_has_ulock+0 in /usr/lib/system/libdispatch.dylib at 0x00007fffb3b1d000
R14=0x000000010f2d1deb: ___Z22synchronousBTOperationP8Runnable_block_invoke+0 in /private/var/folders/mc/drkjmxf92tn7vspsjqxjqyzh0000gq/T/bluecove_patrick.wigger_0/libbluecove.jnilib at 0x000000010f2ce000
R15=0x00007fff5bf888c8 is pointing into the stack for thread: 0x00007feb31117000


Stack: [0x00007fff5b791000,0x00007fff5bf91000],  sp=0x00007fff5bf887e0,  free space=8157k
Native frames: (J=compiled Java code, j=interpreted, Vv=VM code, C=native code)
C  [libdispatch.dylib+0xc694]  _dispatch_barrier_sync_f_slow+0x2a3
C  [libbluecove.jnilib+0x3db1]  synchronousBTOperation(Runnable*)+0x8b
C  [libbluecove.jnilib+0x9163]  Java_com_intel_bluetooth_BluetoothStackOSX_connectionRfOpenClientConnectionImpl+0xcf
j  com.intel.bluetooth.BluetoothStackOSX.connectionRfOpenClientConnectionImpl(JIZZI)J+0
j  com.intel.bluetooth.BluetoothStackOSX.connectionRfOpenClientConnection(Lcom/intel/bluetooth/BluetoothConnectionParams;)J+54
j  com.intel.bluetooth.BluetoothRFCommClientConnection.<init>(Lcom/intel/bluetooth/BluetoothStack;Lcom/intel/bluetooth/BluetoothConnectionParams;)V+4
j  com.intel.bluetooth.MicroeditionConnector.openImpl(Ljava/lang/String;IZZ)Ljavax/microedition/io/Connection;+1457
j  com.intel.bluetooth.MicroeditionConnector.open(Ljava/lang/String;I)Ljavax/microedition/io/Connection;+4
j  javax.microedition.io.Connector.open(Ljava/lang/String;I)Ljavax/microedition/io/Connection;+2
j  controller.util.bluetooth.BluetoothConnection$2.run()V+18
j  java.lang.Thread.run()V+11
j  controller.util.bluetooth.BluetoothConnection.connectToService([Ljavax/bluetooth/ServiceRecord;)Ljavax/microedition/io/StreamConnection;+101
j  controller.util.bluetooth.ConnectionStateConnecting.handle()V+71
j  controller.LiveViewController.lambda$addListeners$1(Ljavafx/beans/Observable;)V+51
j  controller.LiveViewController$$Lambda$144.invalidated(Ljavafx/beans/Observable;)V+5
J 3534 C1 com.sun.javafx.binding.ExpressionHelper$SingleInvalidation.fireValueChangedEvent()V (33 bytes) @ 0x000000010ff666f4 [0x000000010ff665e0+0x114]
J 1271 C1 javafx.beans.property.ObjectPropertyBase.fireValueChangedEvent()V (8 bytes) @ 0x000000010f8cc94c [0x000000010f8cc7c0+0x18c]
J 1052 C1 javafx.beans.property.ObjectPropertyBase.set(Ljava/lang/Object;)V (110 bytes) @ 0x000000010f7ecf6c [0x000000010f7ec7a0+0x7cc]
j  javafx.beans.property.ObjectProperty.setValue(Ljava/lang/Object;)V+2
j  controller.LiveViewController.setState(Lcontroller/util/bluetooth/ConnectionState;)V+5
j  controller.LiveViewController.lambda$null$3([Ljavax/bluetooth/ServiceRecord;Ljavafx/event/ActionEvent;)V+19
j  controller.LiveViewController$$Lambda$390.handle(Ljavafx/event/Event;)V+12
j  com.sun.javafx.event.CompositeEventHandler.dispatchBubblingEvent(Ljavafx/event/Event;)V+51
J 3880 C1 com.sun.javafx.event.EventHandlerManager.dispatchBubblingEvent(Ljavafx/event/Event;)Ljavafx/event/Event; (23 bytes) @ 0x000000011006e424 [0x000000011006dd80+0x6a4]
j  com.sun.javafx.event.CompositeEventDispatcher.dispatchBubblingEvent(Ljavafx/event/Event;)Ljavafx/event/Event;+11
J 3333 C1 com.sun.javafx.event.BasicEventDispatcher.dispatchEvent(Ljavafx/event/Event;Ljavafx/event/EventDispatchChain;)Ljavafx/event/Event; (44 bytes) @ 0x000000010fecb57c [0x000000010fecb240+0x33c]
J 2304 C1 com.sun.javafx.event.EventDispatchChainImpl.dispatchEvent(Ljavafx/event/Event;)Ljavafx/event/Event; (101 bytes) @ 0x000000010fb9f094 [0x000000010fb9eee0+0x1b4]
J 3333 C1 com.sun.javafx.event.BasicEventDispatcher.dispatchEvent(Ljavafx/event/Event;Ljavafx/event/EventDispatchChain;)Ljavafx/event/Event; (44 bytes) @ 0x000000010fecb494 [0x000000010fecb240+0x254]
J 2304 C1 com.sun.javafx.event.EventDispatchChainImpl.dispatchEvent(Ljavafx/event/Event;)Ljavafx/event/Event; (101 bytes) @ 0x000000010fb9f094 [0x000000010fb9eee0+0x1b4]
J 3333 C1 com.sun.javafx.event.BasicEventDispatcher.dispatchEvent(Ljavafx/event/Event;Ljavafx/event/EventDispatchChain;)Ljavafx/event/Event; (44 bytes) @ 0x000000010fecb494 [0x000000010fecb240+0x254]
J 2304 C1 com.sun.javafx.event.EventDispatchChainImpl.dispatchEvent(Ljavafx/event/Event;)Ljavafx/event/Event; (101 bytes) @ 0x000000010fb9f094 [0x000000010fb9eee0+0x1b4]
j  com.sun.javafx.event.EventUtil.fireEventImpl(Ljavafx/event/EventDispatchChain;Ljavafx/event/EventTarget;Ljavafx/event/Event;)Ljavafx/event/Event;+10
j  com.sun.javafx.event.EventUtil.fireEvent(Ljavafx/event/EventTarget;Ljavafx/event/Event;)Ljavafx/event/Event;+37
j  javafx.event.Event.fireEvent(Ljavafx/event/EventTarget;Ljavafx/event/Event;)V+30
j  javafx.scene.Node.fireEvent(Ljavafx/event/Event;)V+86
j  javafx.scene.control.Button.fire()V+15
j  com.sun.javafx.scene.control.behavior.ButtonBehavior.mouseReleased(Ljavafx/scene/input/MouseEvent;)V+23
j  com.sun.javafx.scene.control.skin.BehaviorSkinBase$1.handle(Ljavafx/scene/input/MouseEvent;)V+83
j  com.sun.javafx.scene.control.skin.BehaviorSkinBase$1.handle(Ljavafx/event/Event;)V+5
j  com.sun.javafx.event.CompositeEventHandler$NormalEventHandlerRecord.handleBubblingEvent(Ljavafx/event/Event;)V+5
j  com.sun.javafx.event.CompositeEventHandler.dispatchBubblingEvent(Ljavafx/event/Event;)V+28
J 3880 C1 com.sun.javafx.event.EventHandlerManager.dispatchBubblingEvent(Ljavafx/event/Event;)Ljavafx/event/Event; (23 bytes) @ 0x000000011006e424 [0x000000011006dd80+0x6a4]
j  com.sun.javafx.event.CompositeEventDispatcher.dispatchBubblingEvent(Ljavafx/event/Event;)Ljavafx/event/Event;+11
J 3333 C1 com.sun.javafx.event.BasicEventDispatcher.dispatchEvent(Ljavafx/event/Event;Ljavafx/event/EventDispatchChain;)Ljavafx/event/Event; (44 bytes) @ 0x000000010fecb57c [0x000000010fecb240+0x33c]
J 2304 C1 com.sun.javafx.event.EventDispatchChainImpl.dispatchEvent(Ljavafx/event/Event;)Ljavafx/event/Event; (101 bytes) @ 0x000000010fb9f094 [0x000000010fb9eee0+0x1b4]
J 3333 C1 com.sun.javafx.event.BasicEventDispatcher.dispatchEvent(Ljavafx/event/Event;Ljavafx/event/EventDispatchChain;)Ljavafx/event/Event; (44 bytes) @ 0x000000010fecb494 [0x000000010fecb240+0x254]
J 2304 C1 com.sun.javafx.event.EventDispatchChainImpl.dispatchEvent(Ljavafx/event/Event;)Ljavafx/event/Event; (101 bytes) @ 0x000000010fb9f094 [0x000000010fb9eee0+0x1b4]
J 3333 C1 com.sun.javafx.event.BasicEventDispatcher.dispatchEvent(Ljavafx/event/Event;Ljavafx/event/EventDispatchChain;)Ljavafx/event/Event; (44 bytes) @ 0x000000010fecb494 [0x000000010fecb240+0x254]
J 2304 C1 com.sun.javafx.event.EventDispatchChainImpl.dispatchEvent(Ljavafx/event/Event;)Ljavafx/event/Event; (101 bytes) @ 0x000000010fb9f094 [0x000000010fb9eee0+0x1b4]
j  com.sun.javafx.event.EventUtil.fireEventImpl(Ljavafx/event/EventDispatchChain;Ljavafx/event/EventTarget;Ljavafx/event/Event;)Ljavafx/event/Event;+10
j  com.sun.javafx.event.EventUtil.fireEvent(Ljavafx/event/EventTarget;Ljavafx/event/Event;)Ljavafx/event/Event;+46
j  javafx.event.Event.fireEvent(Ljavafx/event/EventTarget;Ljavafx/event/Event;)V+30
j  javafx.scene.Scene$MouseHandler.process(Ljavafx/scene/input/MouseEvent;Z)V+491
j  javafx.scene.Scene$MouseHandler.access$1500(Ljavafx/scene/Scene$MouseHandler;Ljavafx/scene/input/MouseEvent;Z)V+3
j  javafx.scene.Scene.impl_processMouseEvent(Ljavafx/scene/input/MouseEvent;)V+6
j  javafx.scene.Scene$ScenePeerListener.mouseEvent(Ljavafx/event/EventType;DDDDLjavafx/scene/input/MouseButton;ZZZZZZZZZ)V+46
j  com.sun.javafx.tk.quantum.GlassViewEventHandler$MouseEventNotification.run()Ljava/lang/Void;+514
j  com.sun.javafx.tk.quantum.GlassViewEventHandler$MouseEventNotification.run()Ljava/lang/Object;+1
v  ~StubRoutines::call_stub
V  [libjvm.dylib+0x2ee70a]  JavaCalls::call_helper(JavaValue*, methodHandle*, JavaCallArguments*, Thread*)+0x6ae
V  [libjvm.dylib+0x34ee68]  JVM_DoPrivileged+0x4b8
J 2241  java.security.AccessController.doPrivileged(Ljava/security/PrivilegedAction;Ljava/security/AccessControlContext;)Ljava/lang/Object; (0 bytes) @ 0x000000010fb61b95 [0x000000010fb61ac0+0xd5]
j  com.sun.javafx.tk.quantum.GlassViewEventHandler.lambda$handleMouseEvent$354()Ljava/lang/Void;+11
j  com.sun.javafx.tk.quantum.GlassViewEventHandler$$Lambda$317.get()Ljava/lang/Object;+4
J 3329 C1 com.sun.javafx.tk.quantum.QuantumToolkit.runWithoutRenderLock(Ljava/util/function/Supplier;)Ljava/lang/Object; (49 bytes) @ 0x000000010fec8074 [0x000000010fec7b40+0x534]
j  com.sun.javafx.tk.quantum.GlassViewEventHandler.handleMouseEvent(Lcom/sun/glass/ui/View;JIIIIIIIZZ)V+103
j  com.sun.glass.ui.View.handleMouseEvent(JIIIIIIIZZ)V+30
j  com.sun.glass.ui.View.notifyMouse(IIIIIIIZZ)V+181
v  ~StubRoutines::call_stub
V  [libjvm.dylib+0x2ee70a]  JavaCalls::call_helper(JavaValue*, methodHandle*, JavaCallArguments*, Thread*)+0x6ae
V  [libjvm.dylib+0x3258b9]  jni_invoke_nonstatic(JNIEnv_*, JavaValue*, _jobject*, JNICallType, _jmethodID*, JNI_ArgumentPusher*, Thread*)+0x2ec
V  [libjvm.dylib+0x318087]  jni_CallVoidMethod+0x16b
C  [libglass.dylib+0x2055c]  -[GlassViewDelegate sendJavaMouseEvent:]+0x86c
C  [AppKit+0x93c8de]  -[NSWindow(NSEventRouting) _reallySendEvent:isDelayedEvent:]+0x608
C  [AppKit+0x93bf0a]  -[NSWindow(NSEventRouting) sendEvent:]+0x21d
C  [libglass.dylib+0x25994]  -[GlassWindow_Normal sendEvent:]+0x74
C  [AppKit+0x7c0681]  -[NSApplication(NSEvent) sendEvent:]+0x479
C  [AppKit+0x3b427]  -[NSApplication run]+0x3ea
C  [libglass.dylib+0x651c]  -[GlassApplication runLoop:]+0x72c
C  [Foundation+0x717ba]  __NSThreadPerformPerform+0x146
C  [CoreFoundation+0xa7321]  __CFRUNLOOP_IS_CALLING_OUT_TO_A_SOURCE0_PERFORM_FUNCTION__+0x11
C  [CoreFoundation+0x8821d]  __CFRunLoopDoSources0+0x22d
C  [CoreFoundation+0x87716]  __CFRunLoopRun+0x3a6
C  [CoreFoundation+0x87114]  CFRunLoopRunSpecific+0x1a4
C  [java+0x6465]  CreateExecutionEnvironment+0x367
C  [java+0x218c]  JLI_Launch+0x7a0
C  [java+0x84c2]  main+0x65
C  [java+0x19e4]  start+0x34
C  0x0000000000000006

Java frames: (J=compiled Java code, j=interpreted, Vv=VM code)
j  com.intel.bluetooth.BluetoothStackOSX.connectionRfOpenClientConnectionImpl(JIZZI)J+0
j  com.intel.bluetooth.BluetoothStackOSX.connectionRfOpenClientConnection(Lcom/intel/bluetooth/BluetoothConnectionParams;)J+54
j  com.intel.bluetooth.BluetoothRFCommClientConnection.<init>(Lcom/intel/bluetooth/BluetoothStack;Lcom/intel/bluetooth/BluetoothConnectionParams;)V+4
j  com.intel.bluetooth.MicroeditionConnector.openImpl(Ljava/lang/String;IZZ)Ljavax/microedition/io/Connection;+1457
j  com.intel.bluetooth.MicroeditionConnector.open(Ljava/lang/String;I)Ljavax/microedition/io/Connection;+4
j  javax.microedition.io.Connector.open(Ljava/lang/String;I)Ljavax/microedition/io/Connection;+2
j  controller.util.bluetooth.BluetoothConnection$2.run()V+18
j  java.lang.Thread.run()V+11
j  controller.util.bluetooth.BluetoothConnection.connectToService([Ljavax/bluetooth/ServiceRecord;)Ljavax/microedition/io/StreamConnection;+101
j  controller.util.bluetooth.ConnectionStateConnecting.handle()V+71
j  controller.LiveViewController.lambda$addListeners$1(Ljavafx/beans/Observable;)V+51
j  controller.LiveViewController$$Lambda$144.invalidated(Ljavafx/beans/Observable;)V+5
J 3534 C1 com.sun.javafx.binding.ExpressionHelper$SingleInvalidation.fireValueChangedEvent()V (33 bytes) @ 0x000000010ff666f4 [0x000000010ff665e0+0x114]
J 1271 C1 javafx.beans.property.ObjectPropertyBase.fireValueChangedEvent()V (8 bytes) @ 0x000000010f8cc94c [0x000000010f8cc7c0+0x18c]
J 1052 C1 javafx.beans.property.ObjectPropertyBase.set(Ljava/lang/Object;)V (110 bytes) @ 0x000000010f7ecf6c [0x000000010f7ec7a0+0x7cc]
j  javafx.beans.property.ObjectProperty.setValue(Ljava/lang/Object;)V+2
j  controller.LiveViewController.setState(Lcontroller/util/bluetooth/ConnectionState;)V+5
j  controller.LiveViewController.lambda$null$3([Ljavax/bluetooth/ServiceRecord;Ljavafx/event/ActionEvent;)V+19
j  controller.LiveViewController$$Lambda$390.handle(Ljavafx/event/Event;)V+12
j  com.sun.javafx.event.CompositeEventHandler.dispatchBubblingEvent(Ljavafx/event/Event;)V+51
J 3880 C1 com.sun.javafx.event.EventHandlerManager.dispatchBubblingEvent(Ljavafx/event/Event;)Ljavafx/event/Event; (23 bytes) @ 0x000000011006e424 [0x000000011006dd80+0x6a4]
j  com.sun.javafx.event.CompositeEventDispatcher.dispatchBubblingEvent(Ljavafx/event/Event;)Ljavafx/event/Event;+11
J 3333 C1 com.sun.javafx.event.BasicEventDispatcher.dispatchEvent(Ljavafx/event/Event;Ljavafx/event/EventDispatchChain;)Ljavafx/event/Event; (44 bytes) @ 0x000000010fecb57c [0x000000010fecb240+0x33c]
J 2304 C1 com.sun.javafx.event.EventDispatchChainImpl.dispatchEvent(Ljavafx/event/Event;)Ljavafx/event/Event; (101 bytes) @ 0x000000010fb9f094 [0x000000010fb9eee0+0x1b4]
J 3333 C1 com.sun.javafx.event.BasicEventDispatcher.dispatchEvent(Ljavafx/event/Event;Ljavafx/event/EventDispatchChain;)Ljavafx/event/Event; (44 bytes) @ 0x000000010fecb494 [0x000000010fecb240+0x254]
J 2304 C1 com.sun.javafx.event.EventDispatchChainImpl.dispatchEvent(Ljavafx/event/Event;)Ljavafx/event/Event; (101 bytes) @ 0x000000010fb9f094 [0x000000010fb9eee0+0x1b4]
J 3333 C1 com.sun.javafx.event.BasicEventDispatcher.dispatchEvent(Ljavafx/event/Event;Ljavafx/event/EventDispatchChain;)Ljavafx/event/Event; (44 bytes) @ 0x000000010fecb494 [0x000000010fecb240+0x254]
J 2304 C1 com.sun.javafx.event.EventDispatchChainImpl.dispatchEvent(Ljavafx/event/Event;)Ljavafx/event/Event; (101 bytes) @ 0x000000010fb9f094 [0x000000010fb9eee0+0x1b4]
j  com.sun.javafx.event.EventUtil.fireEventImpl(Ljavafx/event/EventDispatchChain;Ljavafx/event/EventTarget;Ljavafx/event/Event;)Ljavafx/event/Event;+10
j  com.sun.javafx.event.EventUtil.fireEvent(Ljavafx/event/EventTarget;Ljavafx/event/Event;)Ljavafx/event/Event;+37
j  javafx.event.Event.fireEvent(Ljavafx/event/EventTarget;Ljavafx/event/Event;)V+30
j  javafx.scene.Node.fireEvent(Ljavafx/event/Event;)V+86
j  javafx.scene.control.Button.fire()V+15
j  com.sun.javafx.scene.control.behavior.ButtonBehavior.mouseReleased(Ljavafx/scene/input/MouseEvent;)V+23
j  com.sun.javafx.scene.control.skin.BehaviorSkinBase$1.handle(Ljavafx/scene/input/MouseEvent;)V+83
j  com.sun.javafx.scene.control.skin.BehaviorSkinBase$1.handle(Ljavafx/event/Event;)V+5
j  com.sun.javafx.event.CompositeEventHandler$NormalEventHandlerRecord.handleBubblingEvent(Ljavafx/event/Event;)V+5
j  com.sun.javafx.event.CompositeEventHandler.dispatchBubblingEvent(Ljavafx/event/Event;)V+28
J 3880 C1 com.sun.javafx.event.EventHandlerManager.dispatchBubblingEvent(Ljavafx/event/Event;)Ljavafx/event/Event; (23 bytes) @ 0x000000011006e424 [0x000000011006dd80+0x6a4]
j  com.sun.javafx.event.CompositeEventDispatcher.dispatchBubblingEvent(Ljavafx/event/Event;)Ljavafx/event/Event;+11
J 3333 C1 com.sun.javafx.event.BasicEventDispatcher.dispatchEvent(Ljavafx/event/Event;Ljavafx/event/EventDispatchChain;)Ljavafx/event/Event; (44 bytes) @ 0x000000010fecb57c [0x000000010fecb240+0x33c]
J 2304 C1 com.sun.javafx.event.EventDispatchChainImpl.dispatchEvent(Ljavafx/event/Event;)Ljavafx/event/Event; (101 bytes) @ 0x000000010fb9f094 [0x000000010fb9eee0+0x1b4]
J 3333 C1 com.sun.javafx.event.BasicEventDispatcher.dispatchEvent(Ljavafx/event/Event;Ljavafx/event/EventDispatchChain;)Ljavafx/event/Event; (44 bytes) @ 0x000000010fecb494 [0x000000010fecb240+0x254]
J 2304 C1 com.sun.javafx.event.EventDispatchChainImpl.dispatchEvent(Ljavafx/event/Event;)Ljavafx/event/Event; (101 bytes) @ 0x000000010fb9f094 [0x000000010fb9eee0+0x1b4]
J 3333 C1 com.sun.javafx.event.BasicEventDispatcher.dispatchEvent(Ljavafx/event/Event;Ljavafx/event/EventDispatchChain;)Ljavafx/event/Event; (44 bytes) @ 0x000000010fecb494 [0x000000010fecb240+0x254]
J 2304 C1 com.sun.javafx.event.EventDispatchChainImpl.dispatchEvent(Ljavafx/event/Event;)Ljavafx/event/Event; (101 bytes) @ 0x000000010fb9f094 [0x000000010fb9eee0+0x1b4]
j  com.sun.javafx.event.EventUtil.fireEventImpl(Ljavafx/event/EventDispatchChain;Ljavafx/event/EventTarget;Ljavafx/event/Event;)Ljavafx/event/Event;+10
j  com.sun.javafx.event.EventUtil.fireEvent(Ljavafx/event/EventTarget;Ljavafx/event/Event;)Ljavafx/event/Event;+46
j  javafx.event.Event.fireEvent(Ljavafx/event/EventTarget;Ljavafx/event/Event;)V+30
j  javafx.scene.Scene$MouseHandler.process(Ljavafx/scene/input/MouseEvent;Z)V+491
j  javafx.scene.Scene$MouseHandler.access$1500(Ljavafx/scene/Scene$MouseHandler;Ljavafx/scene/input/MouseEvent;Z)V+3
j  javafx.scene.Scene.impl_processMouseEvent(Ljavafx/scene/input/MouseEvent;)V+6
j  javafx.scene.Scene$ScenePeerListener.mouseEvent(Ljavafx/event/EventType;DDDDLjavafx/scene/input/MouseButton;ZZZZZZZZZ)V+46
j  com.sun.javafx.tk.quantum.GlassViewEventHandler$MouseEventNotification.run()Ljava/lang/Void;+514
j  com.sun.javafx.tk.quantum.GlassViewEventHandler$MouseEventNotification.run()Ljava/lang/Object;+1
v  ~StubRoutines::call_stub
J 2241  java.security.AccessController.doPrivileged(Ljava/security/PrivilegedAction;Ljava/security/AccessControlContext;)Ljava/lang/Object; (0 bytes) @ 0x000000010fb61b23 [0x000000010fb61ac0+0x63]
j  com.sun.javafx.tk.quantum.GlassViewEventHandler.lambda$handleMouseEvent$354()Ljava/lang/Void;+11
j  com.sun.javafx.tk.quantum.GlassViewEventHandler$$Lambda$317.get()Ljava/lang/Object;+4
J 3329 C1 com.sun.javafx.tk.quantum.QuantumToolkit.runWithoutRenderLock(Ljava/util/function/Supplier;)Ljava/lang/Object; (49 bytes) @ 0x000000010fec8074 [0x000000010fec7b40+0x534]
j  com.sun.javafx.tk.quantum.GlassViewEventHandler.handleMouseEvent(Lcom/sun/glass/ui/View;JIIIIIIIZZ)V+103
j  com.sun.glass.ui.View.handleMouseEvent(JIIIIIIIZZ)V+30
j  com.sun.glass.ui.View.notifyMouse(IIIIIIIZZ)V+181
v  ~StubRoutines::call_stub

---------------  P R O C E S S  ---------------

Java Threads: ( => current thread )
  0x00007feb311f6000 JavaThread "BluecoveAsynchronousShutdownThread" daemon [_thread_blocked, id=67295, stack(0x000070000de2a000,0x000070000df2a000)]
  0x00007feb2fb95000 JavaThread "Prism Font Disposer" daemon [_thread_blocked, id=55875, stack(0x000070000dba1000,0x000070000dca1000)]
  0x00007feb2f99c800 JavaThread "JavaFX-Launcher" [_thread_blocked, id=54019, stack(0x000070000da9e000,0x000070000db9e000)]
  0x00007feb2f971800 JavaThread "Thread-3" daemon [_thread_in_native, id=37379, stack(0x000070000d915000,0x000070000d995000)]
=>0x00007feb31117000 JavaThread "JavaFX Application Thread" [_thread_in_native, id=775, stack(0x00007fff5b791000,0x00007fff5bf91000)]
  0x00007feb3016f800 JavaThread "Thread-1" daemon [_thread_blocked, id=25607, stack(0x000070000d812000,0x000070000d912000)]
  0x00007feb3108b000 JavaThread "QuantumRenderer-0" daemon [_thread_blocked, id=19971, stack(0x000070000d70f000,0x000070000d80f000)]
  0x00007feb31079800 JavaThread "Service Thread" daemon [_thread_blocked, id=18947, stack(0x000070000d509000,0x000070000d609000)]
  0x00007feb30870800 JavaThread "C1 CompilerThread2" daemon [_thread_blocked, id=18435, stack(0x000070000d406000,0x000070000d506000)]
  0x00007feb3082b000 JavaThread "C2 CompilerThread1" daemon [_thread_in_native, id=17923, stack(0x000070000d303000,0x000070000d403000)]
  0x00007feb2f8c4000 JavaThread "C2 CompilerThread0" daemon [_thread_blocked, id=17411, stack(0x000070000d200000,0x000070000d300000)]
  0x00007feb31076800 JavaThread "Monitor Ctrl-Break" daemon [_thread_in_native, id=16899, stack(0x000070000d0fd000,0x000070000d1fd000)]
  0x00007feb30826800 JavaThread "Signal Dispatcher" daemon [_thread_blocked, id=16387, stack(0x000070000cffa000,0x000070000d0fa000)]
  0x00007feb3002a000 JavaThread "Finalizer" daemon [_thread_blocked, id=12547, stack(0x000070000cef7000,0x000070000cff7000)]
  0x00007feb30027000 JavaThread "Reference Handler" daemon [_thread_blocked, id=12035, stack(0x000070000cdf4000,0x000070000cef4000)]
  0x00007feb2f80d000 JavaThread "main" [_thread_blocked, id=7171, stack(0x000070000c7e2000,0x000070000c8e2000)]

Other Threads:
  0x00007feb2f822800 VMThread [stack: 0x000070000ccf1000,0x000070000cdf1000] [id=11523]
  0x00007feb30827000 WatcherThread [stack: 0x000070000d60c000,0x000070000d70c000] [id=19459]

VM state:not at safepoint (normal execution)

VM Mutex/Monitor currently owned by a thread: None

Heap:
 PSYoungGen      total 71680K, used 15616K [0x0000000795580000, 0x00000007a1c80000, 0x00000007c0000000)
  eden space 66560K, 15% used [0x0000000795580000,0x0000000795fc1290,0x0000000799680000)
  from space 5120K, 99% used [0x0000000799680000,0x0000000799b7eec8,0x0000000799b80000)
  to   space 47104K, 0% used [0x000000079ee80000,0x000000079ee80000,0x00000007a1c80000)
 ParOldGen       total 168448K, used 103359K [0x0000000740000000, 0x000000074a480000, 0x0000000795580000)
  object space 168448K, 61% used [0x0000000740000000,0x00000007464efdf8,0x000000074a480000)
 Metaspace       used 22581K, capacity 24006K, committed 24320K, reserved 1071104K
  class space    used 3221K, capacity 3478K, committed 3584K, reserved 1048576K

Card table byte_map: [0x00000001059c0000,0x0000000105dc1000] byte_map_base: 0x0000000101fc0000

Marking Bits: (ParMarkBitMap*) 0x00000001045df5d0
 Begin Bits: [0x000000010606c000, 0x000000010806c000)
 End Bits:   [0x000000010806c000, 0x000000010a06c000)

Polling page: 0x0000000104cd6000

CodeCache: size=245760Kb used=12002Kb max_used=12628Kb free=233757Kb
 bounds [0x000000010f430000, 0x00000001100a0000, 0x000000011e430000]
 total_blobs=4391 nmethods=3701 adapters=601
 compilation: enabled

Compilation events (10 events):
Event: 43.078 Thread 0x00007feb2f8c4000 nmethod 3891 0x0000000110083a10 code [0x0000000110083ba0, 0x0000000110084018]
Event: 43.080 Thread 0x00007feb30870800 3892       3       javafx.scene.Node::impl_intersects (47 bytes)
Event: 43.081 Thread 0x00007feb30870800 nmethod 3892 0x0000000110084a90 code [0x0000000110084c80, 0x0000000110085588]
Event: 43.083 Thread 0x00007feb30870800 3893       3       sun.util.calendar.BaseCalendar::getFixedDate (324 bytes)
Event: 43.085 Thread 0x00007feb30870800 nmethod 3893 0x000000011008c750 code [0x000000011008ca40, 0x000000011008ec10]
Event: 43.085 Thread 0x00007feb3082b000 3895   !   4       java.util.concurrent.ConcurrentHashMap::putVal (362 bytes)
Event: 43.086 Thread 0x00007feb30870800 3896   !   3       java.util.zip.InflaterInputStream::read (138 bytes)
Event: 43.087 Thread 0x00007feb30870800 nmethod 3896 0x000000010f54a710 code [0x000000010f54a9a0, 0x000000010f54bac8]
Event: 43.088 Thread 0x00007feb30870800 3898   !   3       java.util.zip.Inflater::inflate (113 bytes)
Event: 43.088 Thread 0x00007feb30870800 nmethod 3898 0x000000010f549b50 code [0x000000010f549d20, 0x000000010f54a3b8]

GC Heap History (10 events):
Event: 2.001 GC heap before
{Heap before GC invocations=2 (full 0):
 PSYoungGen      total 38400K, used 37161K [0x0000000795580000, 0x0000000798000000, 0x00000007c0000000)
  eden space 33280K, 98% used [0x0000000795580000,0x0000000797592430,0x0000000797600000)
  from space 5120K, 84% used [0x0000000797600000,0x0000000797a38040,0x0000000797b00000)
  to   space 5120K, 0% used [0x0000000797b00000,0x0000000797b00000,0x0000000798000000)
 ParOldGen       total 87552K, used 80K [0x0000000740000000, 0x0000000745580000, 0x0000000795580000)
  object space 87552K, 0% used [0x0000000740000000,0x0000000740014010,0x0000000745580000)
 Metaspace       used 15093K, capacity 15818K, committed 16000K, reserved 1062912K
  class space    used 2146K, capacity 2306K, committed 2432K, reserved 1048576K
Event: 2.014 GC heap after
Heap after GC invocations=2 (full 0):
 PSYoungGen      total 38400K, used 5115K [0x0000000795580000, 0x000000079a080000, 0x00000007c0000000)
  eden space 33280K, 0% used [0x0000000795580000,0x0000000795580000,0x0000000797600000)
  from space 5120K, 99% used [0x0000000797b00000,0x0000000797ffed78,0x0000000798000000)
  to   space 5120K, 0% used [0x0000000797600000,0x0000000797600000,0x0000000797b00000)
 ParOldGen       total 87552K, used 16515K [0x0000000740000000, 0x0000000745580000, 0x0000000795580000)
  object space 87552K, 18% used [0x0000000740000000,0x0000000741020f10,0x0000000745580000)
 Metaspace       used 15093K, capacity 15818K, committed 16000K, reserved 1062912K
  class space    used 2146K, capacity 2306K, committed 2432K, reserved 1048576K
}
Event: 2.118 GC heap before
{Heap before GC invocations=3 (full 0):
 PSYoungGen      total 38400K, used 38395K [0x0000000795580000, 0x000000079a080000, 0x00000007c0000000)
  eden space 33280K, 100% used [0x0000000795580000,0x0000000797600000,0x0000000797600000)
  from space 5120K, 99% used [0x0000000797b00000,0x0000000797ffed78,0x0000000798000000)
  to   space 5120K, 0% used [0x0000000797600000,0x0000000797600000,0x0000000797b00000)
 ParOldGen       total 87552K, used 16515K [0x0000000740000000, 0x0000000745580000, 0x0000000795580000)
  object space 87552K, 18% used [0x0000000740000000,0x0000000741020f10,0x0000000745580000)
 Metaspace       used 15093K, capacity 15818K, committed 16000K, reserved 1062912K
  class space    used 2146K, capacity 2306K, committed 2432K, reserved 1048576K
Event: 2.134 GC heap after
Heap after GC invocations=3 (full 0):
 PSYoungGen      total 38400K, used 5105K [0x0000000795580000, 0x000000079a080000, 0x00000007c0000000)
  eden space 33280K, 0% used [0x0000000795580000,0x0000000795580000,0x0000000797600000)
  from space 5120K, 99% used [0x0000000797600000,0x0000000797afc458,0x0000000797b00000)
  to   space 5120K, 0% used [0x0000000799b80000,0x0000000799b80000,0x000000079a080000)
 ParOldGen       total 87552K, used 46220K [0x0000000740000000, 0x0000000745580000, 0x0000000795580000)
  object space 87552K, 52% used [0x0000000740000000,0x0000000742d230e0,0x0000000745580000)
 Metaspace       used 15093K, capacity 15818K, committed 16000K, reserved 1062912K
  class space    used 2146K, capacity 2306K, committed 2432K, reserved 1048576K
}
Event: 2.347 GC heap before
{Heap before GC invocations=4 (full 0):
 PSYoungGen      total 38400K, used 38371K [0x0000000795580000, 0x000000079a080000, 0x00000007c0000000)
  eden space 33280K, 99% used [0x0000000795580000,0x00000007975fc9f8,0x0000000797600000)
  from space 5120K, 99% used [0x0000000797600000,0x0000000797afc458,0x0000000797b00000)
  to   space 5120K, 0% used [0x0000000799b80000,0x0000000799b80000,0x000000079a080000)
 ParOldGen       total 87552K, used 46220K [0x0000000740000000, 0x0000000745580000, 0x0000000795580000)
  object space 87552K, 52% used [0x0000000740000000,0x0000000742d230e0,0x0000000745580000)
 Metaspace       used 15094K, capacity 15818K, committed 16000K, reserved 1062912K
  class space    used 2146K, capacity 2306K, committed 2432K, reserved 1048576K
Event: 2.369 GC heap after
Heap after GC invocations=4 (full 0):
 PSYoungGen      total 71680K, used 5088K [0x0000000795580000, 0x000000079a080000, 0x00000007c0000000)
  eden space 66560K, 0% used [0x0000000795580000,0x0000000795580000,0x0000000799680000)
  from space 5120K, 99% used [0x0000000799b80000,0x000000079a078160,0x000000079a080000)
  to   space 5120K, 0% used [0x0000000799680000,0x0000000799680000,0x0000000799b80000)
 ParOldGen       total 87552K, used 75964K [0x0000000740000000, 0x0000000745580000, 0x0000000795580000)
  object space 87552K, 86% used [0x0000000740000000,0x0000000744a2f2b0,0x0000000745580000)
 Metaspace       used 15094K, capacity 15818K, committed 16000K, reserved 1062912K
  class space    used 2146K, capacity 2306K, committed 2432K, reserved 1048576K
}
Event: 2.369 GC heap before
{Heap before GC invocations=5 (full 1):
 PSYoungGen      total 71680K, used 5088K [0x0000000795580000, 0x000000079a080000, 0x00000007c0000000)
  eden space 66560K, 0% used [0x0000000795580000,0x0000000795580000,0x0000000799680000)
  from space 5120K, 99% used [0x0000000799b80000,0x000000079a078160,0x000000079a080000)
  to   space 5120K, 0% used [0x0000000799680000,0x0000000799680000,0x0000000799b80000)
 ParOldGen       total 87552K, used 75964K [0x0000000740000000, 0x0000000745580000, 0x0000000795580000)
  object space 87552K, 86% used [0x0000000740000000,0x0000000744a2f2b0,0x0000000745580000)
 Metaspace       used 15094K, capacity 15818K, committed 16000K, reserved 1062912K
  class space    used 2146K, capacity 2306K, committed 2432K, reserved 1048576K
Event: 2.437 GC heap after
Heap after GC invocations=5 (full 1):
 PSYoungGen      total 71680K, used 0K [0x0000000795580000, 0x000000079a080000, 0x00000007c0000000)
  eden space 66560K, 0% used [0x0000000795580000,0x0000000795580000,0x0000000799680000)
  from space 5120K, 0% used [0x0000000799b80000,0x0000000799b80000,0x000000079a080000)
  to   space 5120K, 0% used [0x0000000799680000,0x0000000799680000,0x0000000799b80000)
 ParOldGen       total 168448K, used 80903K [0x0000000740000000, 0x000000074a480000, 0x0000000795580000)
  object space 168448K, 48% used [0x0000000740000000,0x0000000744f01d08,0x000000074a480000)
 Metaspace       used 15094K, capacity 15818K, committed 16000K, reserved 1062912K
  class space    used 2146K, capacity 2306K, committed 2432K, reserved 1048576K
}
Event: 6.929 GC heap before
{Heap before GC invocations=6 (full 1):
 PSYoungGen      total 71680K, used 66560K [0x0000000795580000, 0x000000079a080000, 0x00000007c0000000)
  eden space 66560K, 100% used [0x0000000795580000,0x0000000799680000,0x0000000799680000)
  from space 5120K, 0% used [0x0000000799b80000,0x0000000799b80000,0x000000079a080000)
  to   space 5120K, 0% used [0x0000000799680000,0x0000000799680000,0x0000000799b80000)
 ParOldGen       total 168448K, used 80903K [0x0000000740000000, 0x000000074a480000, 0x0000000795580000)
  object space 168448K, 48% used [0x0000000740000000,0x0000000744f01d08,0x000000074a480000)
 Metaspace       used 21620K, capacity 23086K, committed 23296K, reserved 1069056K
  class space    used 3196K, capacity 3470K, committed 3584K, reserved 1048576K
Event: 6.955 GC heap after
Heap after GC invocations=6 (full 1):
 PSYoungGen      total 71680K, used 5115K [0x0000000795580000, 0x00000007a1c80000, 0x00000007c0000000)
  eden space 66560K, 0% used [0x0000000795580000,0x0000000795580000,0x0000000799680000)
  from space 5120K, 99% used [0x0000000799680000,0x0000000799b7eec8,0x0000000799b80000)
  to   space 47104K, 0% used [0x000000079ee80000,0x000000079ee80000,0x00000007a1c80000)
 ParOldGen       total 168448K, used 103359K [0x0000000740000000, 0x000000074a480000, 0x0000000795580000)
  object space 168448K, 61% used [0x0000000740000000,0x00000007464efdf8,0x000000074a480000)
 Metaspace       used 21620K, capacity 23086K, committed 23296K, reserved 1069056K
  class space    used 3196K, capacity 3470K, committed 3584K, reserved 1048576K
}

Deoptimization events (10 events):
Event: 6.711 Thread 0x00007feb31117000 Uncommon trap: reason=bimorphic action=maybe_recompile pc=0x000000010fb238d8 method=com.sun.javafx.css.CompoundSelector.stateMatches(Ljavafx/css/Styleable;Ljava/util/Set;I)Z @ 123
Event: 7.547 Thread 0x00007feb3108b000 Uncommon trap: reason=bimorphic action=maybe_recompile pc=0x000000010fdec938 method=com.sun.javafx.sg.prism.NGNode.getOpaqueRegion()Lcom/sun/javafx/geom/RectBounds; @ 20
Event: 7.547 Thread 0x00007feb3108b000 Uncommon trap: reason=bimorphic action=maybe_recompile pc=0x000000010fdec938 method=com.sun.javafx.sg.prism.NGNode.getOpaqueRegion()Lcom/sun/javafx/geom/RectBounds; @ 20
Event: 7.547 Thread 0x00007feb3108b000 Uncommon trap: reason=bimorphic action=maybe_recompile pc=0x000000010fdec938 method=com.sun.javafx.sg.prism.NGNode.getOpaqueRegion()Lcom/sun/javafx/geom/RectBounds; @ 20
Event: 7.547 Thread 0x00007feb3108b000 Uncommon trap: reason=bimorphic action=maybe_recompile pc=0x000000010fdec938 method=com.sun.javafx.sg.prism.NGNode.getOpaqueRegion()Lcom/sun/javafx/geom/RectBounds; @ 20
Event: 10.332 Thread 0x00007feb3108b000 Uncommon trap: reason=unstable_if action=reinterpret pc=0x000000010fdbe6d8 method=com.sun.javafx.sg.prism.NGNode.doRender(Lcom/sun/prism/Graphics;)V @ 255
Event: 23.139 Thread 0x00007feb3108b000 Uncommon trap: reason=unstable_if action=reinterpret pc=0x000000010fe7021c method=com.sun.javafx.sg.prism.NGGroup.computeRenderRoot(Lcom/sun/javafx/sg/prism/NodePath;Lcom/sun/javafx/geom/RectBounds;ILcom/sun/javafx/geom/transform/BaseTransform;Lcom/sun/ja
Event: 23.139 Thread 0x00007feb3108b000 Uncommon trap: reason=unstable_if action=reinterpret pc=0x000000010fe5f218 method=com.sun.javafx.geom.RectBounds.contains(Lcom/sun/javafx/geom/RectBounds;)Z @ 4
Event: 23.151 Thread 0x00007feb31117000 Uncommon trap: reason=unstable_if action=reinterpret pc=0x000000010fdde5ec method=javafx.scene.Node.updateBounds()V @ 47
Event: 23.162 Thread 0x00007feb3108b000 Uncommon trap: reason=null_check action=make_not_entrant pc=0x000000010ff00cc4 method=com.sun.prism.impl.GlyphCache.getCachedGlyph(II)Lcom/sun/prism/impl/GlyphCache$GlyphData; @ 28

Internal exceptions (10 events):
Event: 3.308 Thread 0x00007feb31117000 Exception <a 'java/io/FileNotFoundException'> (0x000000079707a588) thrown at [/Users/java_re/workspace/8-2-build-macosx-x86_64/jdk8u144/9417/hotspot/src/share/vm/prims/jni.cpp, line 709]
Event: 3.342 Thread 0x00007feb31117000 Exception <a 'java/io/FileNotFoundException'> (0x0000000797117da0) thrown at [/Users/java_re/workspace/8-2-build-macosx-x86_64/jdk8u144/9417/hotspot/src/share/vm/prims/jni.cpp, line 709]
Event: 3.345 Thread 0x00007feb31117000 Exception <a 'java/io/FileNotFoundException'> (0x000000079712da00) thrown at [/Users/java_re/workspace/8-2-build-macosx-x86_64/jdk8u144/9417/hotspot/src/share/vm/prims/jni.cpp, line 709]
Event: 4.057 Thread 0x00007feb31117000 Exception <a 'java/io/FileNotFoundException'> (0x0000000797995b50) thrown at [/Users/java_re/workspace/8-2-build-macosx-x86_64/jdk8u144/9417/hotspot/src/share/vm/prims/jni.cpp, line 709]
Event: 4.114 Thread 0x00007feb31117000 Exception <a 'java/io/FileNotFoundException'> (0x00000007979a66d8) thrown at [/Users/java_re/workspace/8-2-build-macosx-x86_64/jdk8u144/9417/hotspot/src/share/vm/prims/jni.cpp, line 709]
Event: 4.116 Thread 0x00007feb31117000 Exception <a 'java/io/FileNotFoundException'> (0x00000007979b7a68) thrown at [/Users/java_re/workspace/8-2-build-macosx-x86_64/jdk8u144/9417/hotspot/src/share/vm/prims/jni.cpp, line 709]
Event: 4.118 Thread 0x00007feb31117000 Exception <a 'java/io/FileNotFoundException'> (0x00000007979c8998) thrown at [/Users/java_re/workspace/8-2-build-macosx-x86_64/jdk8u144/9417/hotspot/src/share/vm/prims/jni.cpp, line 709]
Event: 4.474 Thread 0x00007feb31117000 Implicit null exception at 0x000000010fabe191 to 0x000000010fabe73d
Event: 6.658 Thread 0x00007feb3075a800 Exception <a 'java/lang/NoClassDefFoundError': org/apache/log4j/Category> (0x0000000798cfa698) thrown at [/Users/java_re/workspace/8-2-build-macosx-x86_64/jdk8u144/9417/hotspot/src/share/vm/classfile/systemDictionary.cpp, line 199]
Event: 6.703 Thread 0x00007feb3075a800 Exception <a 'java/lang/UnsatisfiedLinkError': com.intel.bluetooth.BluetoothStackOSX.isNativeCodeLoaded()Z> (0x0000000798ead570) thrown at [/Users/java_re/workspace/8-2-build-macosx-x86_64/jdk8u144/9417/hotspot/src/share/vm/prims/nativeLookup.cpp, line 37

Events (10 events):
Event: 43.088 Thread 0x00007feb30870800 flushing nmethod 0x000000010f68b650
Event: 43.088 Thread 0x00007feb30870800 flushing nmethod 0x000000010f68c550
Event: 43.088 Thread 0x00007feb30870800 flushing nmethod 0x000000010f68d050
Event: 43.088 Thread 0x00007feb30870800 flushing nmethod 0x000000010f68d650
Event: 43.088 Thread 0x00007feb30870800 flushing nmethod 0x000000010f692090
Event: 43.088 Thread 0x00007feb30870800 flushing nmethod 0x000000010f694810
Event: 43.088 Thread 0x00007feb30870800 flushing nmethod 0x000000010f699710
Event: 43.088 Thread 0x00007feb30870800 flushing nmethod 0x000000010f6a6910
Event: 43.088 Thread 0x00007feb30870800 flushing nmethod 0x000000010f6a8150
Event: 43.088 Thread 0x00007feb30870800 flushing nmethod 0x000000010f6bfd90


Dynamic libraries:
0x0000000028fdd000 	/System/Library/Frameworks/Cocoa.framework/Versions/A/Cocoa
0x0000000028fdd000 	/System/Library/Frameworks/Security.framework/Versions/A/Security
0x0000000028fdd000 	/System/Library/Frameworks/ApplicationServices.framework/Versions/A/ApplicationServices
0x0000000028fdd000 	/usr/lib/libz.1.dylib
0x0000000028fdd000 	/usr/lib/libSystem.B.dylib
0x0000000028fdd000 	/usr/lib/libobjc.A.dylib
0x0000000028fdd000 	/System/Library/Frameworks/CoreFoundation.framework/Versions/A/CoreFoundation
0x0000000028fdd000 	/System/Library/Frameworks/Foundation.framework/Versions/C/Foundation
0x0000000028fdd000 	/System/Library/Frameworks/AppKit.framework/Versions/C/AppKit
0x0000000028fdd000 	/System/Library/Frameworks/CoreData.framework/Versions/A/CoreData
0x0000000028fdd000 	/System/Library/PrivateFrameworks/RemoteViewServices.framework/Versions/A/RemoteViewServices
0x0000000028fdd000 	/System/Library/PrivateFrameworks/UIFoundation.framework/Versions/A/UIFoundation
0x0000000028fdd000 	/System/Library/PrivateFrameworks/DFRFoundation.framework/Versions/A/DFRFoundation
0x0000000028fdd000 	/usr/lib/libenergytrace.dylib
0x0000000028fdd000 	/System/Library/PrivateFrameworks/SkyLight.framework/Versions/A/SkyLight
0x0000000028fdd000 	/System/Library/Frameworks/CoreGraphics.framework/Versions/A/CoreGraphics
0x0000000028fdd000 	/usr/lib/libScreenReader.dylib
0x0000000028fdd000 	/System/Library/Frameworks/Accelerate.framework/Versions/A/Accelerate
0x0000000028fdd000 	/System/Library/Frameworks/IOSurface.framework/Versions/A/IOSurface
0x0000000028fdd000 	/System/Library/Frameworks/AudioToolbox.framework/Versions/A/AudioToolbox
0x0000000028fdd000 	/System/Library/Frameworks/AudioUnit.framework/Versions/A/AudioUnit
0x0000000028fdd000 	/System/Library/PrivateFrameworks/DataDetectorsCore.framework/Versions/A/DataDetectorsCore
0x0000000028fdd000 	/System/Library/PrivateFrameworks/DesktopServicesPriv.framework/Versions/A/DesktopServicesPriv
0x0000000028fdd000 	/System/Library/Frameworks/Carbon.framework/Versions/A/Frameworks/HIToolbox.framework/Versions/A/HIToolbox
0x0000000028fdd000 	/usr/lib/libicucore.A.dylib
0x0000000028fdd000 	/System/Library/Frameworks/QuartzCore.framework/Versions/A/QuartzCore
0x0000000028fdd000 	/System/Library/Frameworks/Carbon.framework/Versions/A/Frameworks/SpeechRecognition.framework/Versions/A/SpeechRecognition
0x0000000028fdd000 	/usr/lib/libauto.dylib
0x0000000028fdd000 	/usr/lib/libxml2.2.dylib
0x0000000028fdd000 	/System/Library/PrivateFrameworks/CoreUI.framework/Versions/A/CoreUI
0x0000000028fdd000 	/System/Library/Frameworks/CoreAudio.framework/Versions/A/CoreAudio
0x0000000028fdd000 	/System/Library/Frameworks/DiskArbitration.framework/Versions/A/DiskArbitration
0x0000000028fdd000 	/usr/lib/liblangid.dylib
0x0000000028fdd000 	/System/Library/PrivateFrameworks/MultitouchSupport.framework/Versions/A/MultitouchSupport
0x0000000028fdd000 	/System/Library/Frameworks/IOKit.framework/Versions/A/IOKit
0x0000000028fdd000 	/usr/lib/libDiagnosticMessagesClient.dylib
0x0000000028fdd000 	/System/Library/Frameworks/CoreServices.framework/Versions/A/CoreServices
0x0000000028fdd000 	/System/Library/PrivateFrameworks/PerformanceAnalysis.framework/Versions/A/PerformanceAnalysis
0x0000000028fdd000 	/System/Library/PrivateFrameworks/GenerationalStorage.framework/Versions/A/GenerationalStorage
0x0000000028fdd000 	/System/Library/Frameworks/OpenGL.framework/Versions/A/OpenGL
0x0000000028fdd000 	/System/Library/Frameworks/CoreImage.framework/Versions/A/CoreImage
0x0000000028fdd000 	/System/Library/Frameworks/CoreText.framework/Versions/A/CoreText
0x0000000028fdd000 	/System/Library/Frameworks/ImageIO.framework/Versions/A/ImageIO
0x0000000028fdd000 	/System/Library/PrivateFrameworks/Backup.framework/Versions/A/Backup
0x0000000028fdd000 	/usr/lib/libarchive.2.dylib
0x0000000028fdd000 	/System/Library/Frameworks/CFNetwork.framework/Versions/A/CFNetwork
0x0000000028fdd000 	/System/Library/Frameworks/SystemConfiguration.framework/Versions/A/SystemConfiguration
0x0000000028fdd000 	/usr/lib/libCRFSuite.dylib
0x0000000028fdd000 	/usr/lib/libc++.1.dylib
0x0000000028fdd000 	/usr/lib/libc++abi.dylib
0x0000000028fdd000 	/usr/lib/system/libcache.dylib
0x0000000028fdd000 	/usr/lib/system/libcommonCrypto.dylib
0x0000000028fdd000 	/usr/lib/system/libcompiler_rt.dylib
0x0000000028fdd000 	/usr/lib/system/libcopyfile.dylib
0x0000000028fdd000 	/usr/lib/system/libcorecrypto.dylib
0x0000000028fdd000 	/usr/lib/system/libdispatch.dylib
0x0000000028fdd000 	/usr/lib/system/libdyld.dylib
0x0000000028fdd000 	/usr/lib/system/libkeymgr.dylib
0x0000000028fdd000 	/usr/lib/system/liblaunch.dylib
0x0000000028fdd000 	/usr/lib/system/libmacho.dylib
0x0000000028fdd000 	/usr/lib/system/libquarantine.dylib
0x0000000028fdd000 	/usr/lib/system/libremovefile.dylib
0x0000000028fdd000 	/usr/lib/system/libsystem_asl.dylib
0x0000000028fdd000 	/usr/lib/system/libsystem_blocks.dylib
0x0000000028fdd000 	/usr/lib/system/libsystem_c.dylib
0x0000000028fdd000 	/usr/lib/system/libsystem_configuration.dylib
0x0000000028fdd000 	/usr/lib/system/libsystem_coreservices.dylib
0x0000000028fdd000 	/usr/lib/system/libsystem_coretls.dylib
0x0000000028fdd000 	/usr/lib/system/libsystem_dnssd.dylib
0x0000000028fdd000 	/usr/lib/system/libsystem_info.dylib
0x0000000028fdd000 	/usr/lib/system/libsystem_kernel.dylib
0x0000000028fdd000 	/usr/lib/system/libsystem_m.dylib
0x0000000028fdd000 	/usr/lib/system/libsystem_malloc.dylib
0x0000000028fdd000 	/usr/lib/system/libsystem_network.dylib
0x0000000028fdd000 	/usr/lib/system/libsystem_networkextension.dylib
0x0000000028fdd000 	/usr/lib/system/libsystem_notify.dylib
0x0000000028fdd000 	/usr/lib/system/libsystem_platform.dylib
0x0000000028fdd000 	/usr/lib/system/libsystem_pthread.dylib
0x0000000028fdd000 	/usr/lib/system/libsystem_sandbox.dylib
0x0000000028fdd000 	/usr/lib/system/libsystem_secinit.dylib
0x0000000028fdd000 	/usr/lib/system/libsystem_symptoms.dylib
0x0000000028fdd000 	/usr/lib/system/libsystem_trace.dylib
0x0000000028fdd000 	/usr/lib/system/libunwind.dylib
0x0000000028fdd000 	/usr/lib/system/libxpc.dylib
0x0000000028fdd000 	/usr/lib/libbsm.0.dylib
0x0000000028fdd000 	/usr/lib/system/libkxld.dylib
0x0000000028fdd000 	/usr/lib/libcoretls.dylib
0x0000000028fdd000 	/usr/lib/libcoretls_cfhelpers.dylib
0x0000000028fdd000 	/usr/lib/libOpenScriptingUtil.dylib
0x0000000028fdd000 	/usr/lib/libpam.2.dylib
0x0000000028fdd000 	/usr/lib/libsqlite3.dylib
0x0000000028fdd000 	/usr/lib/libxar.1.dylib
0x0000000028fdd000 	/usr/lib/libbz2.1.0.dylib
0x0000000028fdd000 	/usr/lib/liblzma.5.dylib
0x0000000028fdd000 	/usr/lib/libnetwork.dylib
0x0000000028fdd000 	/usr/lib/libpcap.A.dylib
0x0000000028fdd000 	/System/Library/Frameworks/CoreServices.framework/Versions/A/Frameworks/FSEvents.framework/Versions/A/FSEvents
0x0000000028fdd000 	/System/Library/Frameworks/CoreServices.framework/Versions/A/Frameworks/CarbonCore.framework/Versions/A/CarbonCore
0x0000000028fdd000 	/System/Library/Frameworks/CoreServices.framework/Versions/A/Frameworks/Metadata.framework/Versions/A/Metadata
0x0000000028fdd000 	/System/Library/Frameworks/CoreServices.framework/Versions/A/Frameworks/OSServices.framework/Versions/A/OSServices
0x0000000028fdd000 	/System/Library/Frameworks/CoreServices.framework/Versions/A/Frameworks/SearchKit.framework/Versions/A/SearchKit
0x0000000028fdd000 	/System/Library/Frameworks/CoreServices.framework/Versions/A/Frameworks/AE.framework/Versions/A/AE
0x0000000028fdd000 	/System/Library/Frameworks/CoreServices.framework/Versions/A/Frameworks/LaunchServices.framework/Versions/A/LaunchServices
0x0000000028fdd000 	/System/Library/Frameworks/CoreServices.framework/Versions/A/Frameworks/DictionaryServices.framework/Versions/A/DictionaryServices
0x0000000028fdd000 	/System/Library/Frameworks/CoreServices.framework/Versions/A/Frameworks/SharedFileList.framework/Versions/A/SharedFileList
0x0000000028fdd000 	/System/Library/Frameworks/NetFS.framework/Versions/A/NetFS
0x0000000028fdd000 	/System/Library/PrivateFrameworks/NetAuth.framework/Versions/A/NetAuth
0x0000000028fdd000 	/System/Library/PrivateFrameworks/login.framework/Versions/A/Frameworks/loginsupport.framework/Versions/A/loginsupport
0x0000000028fdd000 	/System/Library/PrivateFrameworks/TCC.framework/Versions/A/TCC
0x0000000028fdd000 	/usr/lib/libmecabra.dylib
0x0000000028fdd000 	/System/Library/Frameworks/ApplicationServices.framework/Versions/A/Frameworks/ATS.framework/Versions/A/ATS
0x0000000028fdd000 	/System/Library/Frameworks/ApplicationServices.framework/Versions/A/Frameworks/ColorSync.framework/Versions/A/ColorSync
0x0000000028fdd000 	/System/Library/Frameworks/ApplicationServices.framework/Versions/A/Frameworks/HIServices.framework/Versions/A/HIServices
0x0000000028fdd000 	/System/Library/Frameworks/ApplicationServices.framework/Versions/A/Frameworks/LangAnalysis.framework/Versions/A/LangAnalysis
0x0000000028fdd000 	/System/Library/Frameworks/ApplicationServices.framework/Versions/A/Frameworks/PrintCore.framework/Versions/A/PrintCore
0x0000000028fdd000 	/System/Library/Frameworks/ApplicationServices.framework/Versions/A/Frameworks/QD.framework/Versions/A/QD
0x0000000028fdd000 	/System/Library/Frameworks/ApplicationServices.framework/Versions/A/Frameworks/SpeechSynthesis.framework/Versions/A/SpeechSynthesis
0x0000000028fdd000 	/System/Library/Frameworks/Accelerate.framework/Versions/A/Frameworks/vImage.framework/Versions/A/vImage
0x0000000028fdd000 	/System/Library/Frameworks/Accelerate.framework/Versions/A/Frameworks/vecLib.framework/Versions/A/vecLib
0x0000000028fdd000 	/System/Library/Frameworks/Accelerate.framework/Versions/A/Frameworks/vecLib.framework/Versions/A/libvDSP.dylib
0x0000000028fdd000 	/System/Library/Frameworks/Accelerate.framework/Versions/A/Frameworks/vecLib.framework/Versions/A/libBNNS.dylib
0x0000000028fdd000 	/System/Library/Frameworks/Accelerate.framework/Versions/A/Frameworks/vecLib.framework/Versions/A/libQuadrature.dylib
0x0000000028fdd000 	/System/Library/Frameworks/Accelerate.framework/Versions/A/Frameworks/vecLib.framework/Versions/A/libvMisc.dylib
0x0000000028fdd000 	/System/Library/Frameworks/Accelerate.framework/Versions/A/Frameworks/vecLib.framework/Versions/A/libLAPACK.dylib
0x0000000028fdd000 	/System/Library/Frameworks/Accelerate.framework/Versions/A/Frameworks/vecLib.framework/Versions/A/libBLAS.dylib
0x0000000028fdd000 	/System/Library/Frameworks/Accelerate.framework/Versions/A/Frameworks/vecLib.framework/Versions/A/libLinearAlgebra.dylib
0x0000000028fdd000 	/System/Library/Frameworks/Accelerate.framework/Versions/A/Frameworks/vecLib.framework/Versions/A/libSparseBLAS.dylib
0x0000000028fdd000 	/System/Library/Frameworks/ApplicationServices.framework/Versions/A/Frameworks/ATS.framework/Versions/A/Resources/libFontParser.dylib
0x0000000028fdd000 	/System/Library/Frameworks/ApplicationServices.framework/Versions/A/Frameworks/ATS.framework/Versions/A/Resources/libFontRegistry.dylib
0x0000000028fdd000 	/System/Library/Frameworks/ImageIO.framework/Versions/A/Resources/libJPEG.dylib
0x0000000028fdd000 	/System/Library/Frameworks/ImageIO.framework/Versions/A/Resources/libTIFF.dylib
0x0000000028fdd000 	/System/Library/Frameworks/ImageIO.framework/Versions/A/Resources/libPng.dylib
0x0000000028fdd000 	/System/Library/Frameworks/ImageIO.framework/Versions/A/Resources/libGIF.dylib
0x0000000028fdd000 	/System/Library/Frameworks/ImageIO.framework/Versions/A/Resources/libJP2.dylib
0x0000000028fdd000 	/System/Library/Frameworks/ImageIO.framework/Versions/A/Resources/libRadiance.dylib
0x0000000028fdd000 	/usr/lib/libcompression.dylib
0x0000000028fdd000 	/System/Library/PrivateFrameworks/AppleJPEG.framework/Versions/A/AppleJPEG
0x0000000028fdd000 	/usr/lib/libcups.2.dylib
0x0000000028fdd000 	/System/Library/Frameworks/Kerberos.framework/Versions/A/Kerberos
0x0000000028fdd000 	/System/Library/Frameworks/GSS.framework/Versions/A/GSS
0x0000000028fdd000 	/usr/lib/libresolv.9.dylib
0x0000000028fdd000 	/usr/lib/libiconv.2.dylib
0x0000000028fdd000 	/System/Library/PrivateFrameworks/Heimdal.framework/Versions/A/Heimdal
0x0000000028fdd000 	/usr/lib/libheimdal-asn1.dylib
0x0000000028fdd000 	/System/Library/Frameworks/OpenDirectory.framework/Versions/A/OpenDirectory
0x0000000028fdd000 	/System/Library/PrivateFrameworks/CommonAuth.framework/Versions/A/CommonAuth
0x0000000028fdd000 	/System/Library/Frameworks/OpenDirectory.framework/Versions/A/Frameworks/CFOpenDirectory.framework/Versions/A/CFOpenDirectory
0x0000000028fdd000 	/System/Library/Frameworks/SecurityFoundation.framework/Versions/A/SecurityFoundation
0x0000000028fdd000 	/System/Library/PrivateFrameworks/LanguageModeling.framework/Versions/A/LanguageModeling
0x0000000028fdd000 	/usr/lib/libmarisa.dylib
0x0000000028fdd000 	/usr/lib/libChineseTokenizer.dylib
0x0000000028fdd000 	/usr/lib/libcmph.dylib
0x0000000028fdd000 	/System/Library/PrivateFrameworks/CoreEmoji.framework/Versions/A/CoreEmoji
0x0000000028fdd000 	/System/Library/Frameworks/ServiceManagement.framework/Versions/A/ServiceManagement
0x0000000028fdd000 	/usr/lib/libxslt.1.dylib
0x0000000028fdd000 	/System/Library/Frameworks/Carbon.framework/Versions/A/Frameworks/Ink.framework/Versions/A/Ink
0x0000000028fdd000 	/System/Library/PrivateFrameworks/TextureIO.framework/Versions/A/TextureIO
0x0000000028fdd000 	/System/Library/Frameworks/Metal.framework/Versions/A/Metal
0x0000000028fdd000 	/usr/lib/libate.dylib
0x0000000028fdd000 	/System/Library/PrivateFrameworks/GPUCompiler.framework/libmetal_timestamp.dylib
0x0000000028fdd000 	/System/Library/Frameworks/OpenGL.framework/Versions/A/Libraries/libCoreFSCache.dylib
0x0000000028fdd000 	/System/Library/PrivateFrameworks/IOAccelerator.framework/Versions/A/IOAccelerator
0x0000000028fdd000 	/System/Library/Frameworks/CoreVideo.framework/Versions/A/CoreVideo
0x0000000028fdd000 	/usr/lib/libFosl_dynamic.dylib
0x0000000028fdd000 	/System/Library/PrivateFrameworks/MetalPerformanceShaders.framework/Versions/A/MetalPerformanceShaders
0x0000000028fdd000 	/System/Library/PrivateFrameworks/FaceCore.framework/Versions/A/FaceCore
0x0000000028fdd000 	/System/Library/Frameworks/OpenCL.framework/Versions/A/OpenCL
0x0000000028fdd000 	/System/Library/Frameworks/OpenGL.framework/Versions/A/Libraries/libGLU.dylib
0x0000000028fdd000 	/System/Library/Frameworks/OpenGL.framework/Versions/A/Libraries/libGFXShared.dylib
0x0000000028fdd000 	/System/Library/Frameworks/OpenGL.framework/Versions/A/Libraries/libGL.dylib
0x0000000028fdd000 	/System/Library/Frameworks/OpenGL.framework/Versions/A/Libraries/libGLImage.dylib
0x0000000028fdd000 	/System/Library/Frameworks/OpenGL.framework/Versions/A/Libraries/libCVMSPluginSupport.dylib
0x0000000028fdd000 	/System/Library/Frameworks/OpenGL.framework/Versions/A/Libraries/libCoreVMClient.dylib
0x0000000028fdd000 	/System/Library/PrivateFrameworks/CrashReporterSupport.framework/Versions/A/CrashReporterSupport
0x0000000028fdd000 	/System/Library/PrivateFrameworks/Sharing.framework/Versions/A/Sharing
0x0000000028fdd000 	/System/Library/PrivateFrameworks/IconServices.framework/Versions/A/IconServices
0x0000000028fdd000 	/System/Library/PrivateFrameworks/ProtocolBuffer.framework/Versions/A/ProtocolBuffer
0x0000000028fdd000 	/System/Library/PrivateFrameworks/Apple80211.framework/Versions/A/Apple80211
0x0000000028fdd000 	/System/Library/Frameworks/CoreWLAN.framework/Versions/A/CoreWLAN
0x0000000028fdd000 	/System/Library/PrivateFrameworks/CoreUtils.framework/Versions/A/CoreUtils
0x0000000028fdd000 	/System/Library/Frameworks/IOBluetooth.framework/Versions/A/IOBluetooth
0x0000000028fdd000 	/System/Library/PrivateFrameworks/CoreWiFi.framework/Versions/A/CoreWiFi
0x0000000028fdd000 	/System/Library/Frameworks/CoreBluetooth.framework/Versions/A/CoreBluetooth
0x0000000028fdd000 	/System/Library/Frameworks/CoreDisplay.framework/Versions/A/CoreDisplay
0x0000000028fdd000 	/System/Library/PrivateFrameworks/IOPresentment.framework/Versions/A/IOPresentment
0x0000000028fdd000 	/System/Library/PrivateFrameworks/DSExternalDisplay.framework/Versions/A/DSExternalDisplay
0x0000000028fdd000 	/System/Library/PrivateFrameworks/DebugSymbols.framework/Versions/A/DebugSymbols
0x0000000028fdd000 	/System/Library/PrivateFrameworks/CoreSymbolication.framework/Versions/A/CoreSymbolication
0x0000000028fdd000 	/System/Library/PrivateFrameworks/Symbolication.framework/Versions/A/Symbolication
0x0000000028fdd000 	/System/Library/PrivateFrameworks/AppleFSCompression.framework/Versions/A/AppleFSCompression
0x0000000028fdd000 	/System/Library/PrivateFrameworks/SpeechRecognitionCore.framework/Versions/A/SpeechRecognitionCore
0x0000000028fdd000 	/System/Library/PrivateFrameworks/ChunkingLibrary.framework/Versions/A/ChunkingLibrary
0x0000000103cec000 	/Library/Java/JavaVirtualMachines/jdk1.8.0_144.jdk/Contents/Home/jre/lib/server/libjvm.dylib
0x0000000028fdd000 	/usr/lib/libstdc++.6.dylib
0x0000000104c93000 	/Library/Java/JavaVirtualMachines/jdk1.8.0_144.jdk/Contents/Home/jre/lib/libverify.dylib
0x0000000104ca1000 	/Library/Java/JavaVirtualMachines/jdk1.8.0_144.jdk/Contents/Home/jre/lib/libjava.dylib
0x0000000104cd7000 	/Library/Java/JavaVirtualMachines/jdk1.8.0_144.jdk/Contents/Home/jre/lib/libinstrument.dylib
0x0000000104d35000 	/Library/Java/JavaVirtualMachines/jdk1.8.0_144.jdk/Contents/Home/jre/lib/libzip.dylib
0x0000000104de1000 	/System/Library/Frameworks/JavaVM.framework/Frameworks/JavaRuntimeSupport.framework/JavaRuntimeSupport
0x000000010be99000 	/System/Library/Frameworks/JavaVM.framework/Versions/A/Frameworks/JavaNativeFoundation.framework/Versions/A/JavaNativeFoundation
0x000000010beae000 	/System/Library/Frameworks/JavaVM.framework/Versions/A/JavaVM
0x0000000028fdd000 	/System/Library/Frameworks/Carbon.framework/Versions/A/Carbon
0x000000010bebb000 	/System/Library/PrivateFrameworks/JavaLaunching.framework/Versions/A/JavaLaunching
0x0000000028fdd000 	/System/Library/Frameworks/Carbon.framework/Versions/A/Frameworks/CommonPanels.framework/Versions/A/CommonPanels
0x0000000028fdd000 	/System/Library/Frameworks/Carbon.framework/Versions/A/Frameworks/Help.framework/Versions/A/Help
0x0000000028fdd000 	/System/Library/Frameworks/Carbon.framework/Versions/A/Frameworks/ImageCapture.framework/Versions/A/ImageCapture
0x0000000028fdd000 	/System/Library/Frameworks/Carbon.framework/Versions/A/Frameworks/OpenScripting.framework/Versions/A/OpenScripting
0x0000000028fdd000 	/System/Library/Frameworks/Carbon.framework/Versions/A/Frameworks/Print.framework/Versions/A/Print
0x0000000028fdd000 	/System/Library/Frameworks/Carbon.framework/Versions/A/Frameworks/SecurityHI.framework/Versions/A/SecurityHI
0x000000010d93a000 	/Library/Java/JavaVirtualMachines/jdk1.8.0_144.jdk/Contents/Home/jre/lib/libnet.dylib
0x000000010da2f000 	/Library/Java/JavaVirtualMachines/jdk1.8.0_144.jdk/Contents/Home/jre/lib/libprism_es2.dylib
0x000000010da95000 	/System/Library/Frameworks/OpenGL.framework/Resources/GLEngine.bundle/GLEngine
0x0000000028fdd000 	/System/Library/Frameworks/OpenGL.framework/Versions/A/Libraries/libGLProgrammability.dylib
0x000000010dc7a000 	/System/Library/Extensions/AppleIntelSKLGraphicsGLDriver.bundle/Contents/MacOS/AppleIntelSKLGraphicsGLDriver
0x0000000028fdd000 	/System/Library/PrivateFrameworks/GPUSupport.framework/Versions/A/Libraries/libGPUSupportMercury.dylib
0x000000010ea02000 	/System/Library/Frameworks/OpenGL.framework/Resources//GLRendererFloat.bundle/GLRendererFloat
0x0000000028fdd000 	/System/Library/Frameworks/OpenCL.framework/Versions/A/Libraries/libcldcpuengine.dylib
0x0000000028fdd000 	/usr/lib/libcrypto.0.9.8.dylib
0x0000000028fdd000 	/System/Library/PrivateFrameworks/TrustEvaluationAgent.framework/Versions/A/TrustEvaluationAgent
0x000000010ee25000 	/Library/Java/JavaVirtualMachines/jdk1.8.0_144.jdk/Contents/Home/jre/lib/libglass.dylib
0x0000000028fdd000 	/System/Library/PrivateFrameworks/CoreServicesInternal.framework/Versions/A/CoreServicesInternal
0x0000000028fdd000 	/System/Library/CoreServices/RawCamera.bundle/Contents/MacOS/RawCamera
0x0000000028fdd000 	/System/Library/Frameworks/Accelerate.framework/Versions/A/Frameworks/vImage.framework/Versions/A/Libraries/libCGInterfaces.dylib
0x0000000028fdd000 	/System/Library/PrivateFrameworks/FamilyControls.framework/Versions/A/FamilyControls
0x0000000028fdd000 	/System/Library/PrivateFrameworks/CommerceKit.framework/Versions/A/Frameworks/CommerceCore.framework/Versions/A/CommerceCore
0x0000000028fdd000 	/System/Library/PrivateFrameworks/SystemAdministration.framework/Versions/A/SystemAdministration
0x0000000028fdd000 	/System/Library/PrivateFrameworks/AppContainer.framework/Versions/A/AppContainer
0x0000000028fdd000 	/System/Library/PrivateFrameworks/SecCodeWrapper.framework/Versions/A/SecCodeWrapper
0x0000000028fdd000 	/System/Library/Frameworks/DirectoryService.framework/Versions/A/DirectoryService
0x0000000028fdd000 	/System/Library/PrivateFrameworks/DiskImages.framework/Versions/A/DiskImages
0x0000000028fdd000 	/System/Library/PrivateFrameworks/LoginUIKit.framework/Versions/A/Frameworks/LoginUICore.framework/Versions/A/LoginUICore
0x0000000028fdd000 	/usr/lib/libCoreStorage.dylib
0x0000000028fdd000 	/usr/lib/libcsfde.dylib
0x0000000028fdd000 	/usr/lib/libodfde.dylib
0x0000000028fdd000 	/System/Library/Frameworks/DiscRecording.framework/Versions/A/DiscRecording
0x0000000028fdd000 	/usr/lib/libcurl.4.dylib
0x0000000028fdd000 	/System/Library/PrivateFrameworks/MediaKit.framework/Versions/A/MediaKit
0x0000000028fdd000 	/System/Library/PrivateFrameworks/ProtectedCloudStorage.framework/Versions/A/ProtectedCloudStorage
0x0000000028fdd000 	/System/Library/PrivateFrameworks/EFILogin.framework/Versions/A/EFILogin
0x0000000028fdd000 	/usr/lib/libutil.dylib
0x0000000028fdd000 	/System/Library/Frameworks/LDAP.framework/Versions/A/LDAP
0x0000000028fdd000 	/usr/lib/libsasl2.2.dylib
0x0000000028fdd000 	/System/Library/PrivateFrameworks/CoreDaemon.framework/Versions/B/CoreDaemon
0x0000000028fdd000 	/System/Library/PrivateFrameworks/AppleSRP.framework/Versions/A/AppleSRP
0x0000000028fdd000 	/System/Library/PrivateFrameworks/APFS.framework/Versions/A/APFS
0x00000001215c6000 	/Library/Java/JavaVirtualMachines/jdk1.8.0_144.jdk/Contents/Home/jre/lib/libjavafx_font.dylib
0x0000000028fdd000 	/System/Library/Frameworks/ApplicationServices.framework/Versions/A/Frameworks/ATS.framework/Versions/A/Resources/libTrueTypeScaler.dylib
0x00000001257b2000 	/System/Library/Extensions/AppleIntelSKLGraphicsMTLDriver.bundle/Contents/MacOS/AppleIntelSKLGraphicsMTLDriver
0x0000000028fdd000 	/System/Library/PrivateFrameworks/ViewBridge.framework/Versions/A/ViewBridge
0x0000000028fdd000 	/System/Library/PrivateFrameworks/XPCService.framework/Versions/A/XPCService
0x0000000028fdd000 	/System/Library/PrivateFrameworks/AppSandbox.framework/Versions/A/AppSandbox
0x0000000028fdd000 	/usr/lib/libsandbox.1.dylib
0x0000000028fdd000 	/usr/lib/libMatch.1.dylib
0x0000000121f16000 	/Library/Java/JavaVirtualMachines/jdk1.8.0_144.jdk/Contents/Home/jre/lib/libprism_common.dylib
0x000000010f2ce000 	/private/var/folders/mc/drkjmxf92tn7vspsjqxjqyzh0000gq/T/bluecove_patrick.wigger_0/libbluecove.jnilib

VM Arguments:
jvm_args: -javaagent:/Applications/IntelliJ IDEA.app/Contents/lib/idea_rt.jar=52522:/Applications/IntelliJ IDEA.app/Contents/bin -Dfile.encoding=UTF-8 
java_command: FrvaApp
java_class_path (initial): /Library/Java/JavaVirtualMachines/jdk1.8.0_144.jdk/Contents/Home/jre/lib/charsets.jar:/Library/Java/JavaVirtualMachines/jdk1.8.0_144.jdk/Contents/Home/jre/lib/deploy.jar:/Library/Java/JavaVirtualMachines/jdk1.8.0_144.jdk/Contents/Home/jre/lib/ext/cldrdata.jar:/Library/Java/JavaVirtualMachines/jdk1.8.0_144.jdk/Contents/Home/jre/lib/ext/comm.jar:/Library/Java/JavaVirtualMachines/jdk1.8.0_144.jdk/Contents/Home/jre/lib/ext/dnsns.jar:/Library/Java/JavaVirtualMachines/jdk1.8.0_144.jdk/Contents/Home/jre/lib/ext/jaccess.jar:/Library/Java/JavaVirtualMachines/jdk1.8.0_144.jdk/Contents/Home/jre/lib/ext/jfxrt.jar:/Library/Java/JavaVirtualMachines/jdk1.8.0_144.jdk/Contents/Home/jre/lib/ext/localedata.jar:/Library/Java/JavaVirtualMachines/jdk1.8.0_144.jdk/Contents/Home/jre/lib/ext/nashorn.jar:/Library/Java/JavaVirtualMachines/jdk1.8.0_144.jdk/Contents/Home/jre/lib/ext/sunec.jar:/Library/Java/JavaVirtualMachines/jdk1.8.0_144.jdk/Contents/Home/jre/lib/ext/sunjce_provider.jar:/Library/Java/JavaVirtualMachines/jdk1.8.0_144.jdk/Contents/Home/jre/lib/ext/sunpkcs11.jar:/Library/Java/JavaVirtualMachines/jdk1.8.0_144.jdk/Contents/Home/jre/lib/ext/zipfs.jar:/Library/Java/JavaVirtualMachines/jdk1.8.0_144.jdk/Contents/Home/jre/lib/javaws.jar:/Library/Java/JavaVirtualMachines/jdk1.8.0_144.jdk/Contents/Home/jre/lib/jce.jar:/Library/Java/JavaVirtualMachines/jdk1.8.0_144.jdk/Contents/Home/jre/lib/jfr.jar:/Library/Java/JavaVirtualMachines/jdk1.8.0_144.jdk/Contents/Home/jre/lib/jfxswt.jar:/Library/Java/JavaVirtualMachines/jdk1.8.0_144.jdk/Contents/Home/jre/lib/jsse.jar:/Library/Java/JavaVirtualMachines/jdk1.8.0_144.jdk/Contents/Home/jre/lib/management-agent.jar:/Library/Java/JavaVirtualMachines/jdk1.8.0_144.jdk/Contents/Home/jre/lib/plugin.jar:/Library/Java/JavaVirtualMachines/jdk1.8.0_144.jdk/Contents/Home/jre/lib/resources.jar:/Library/Java/JavaVirtualMachines/jdk1.8.0_144.jdk/Contents/Home/jre/lib/rt.jar:/Library/Java/JavaVirtualMachines/jdk1.8.0_144.jdk/Contents/Ho
Launcher Type: SUN_STANDARD

Environment Variables:
PATH=/usr/local/bin:/usr/bin:/bin:/usr/sbin:/sbin:/opt/X11/bin:/usr/local/munki:/Applications/Wireshark.app/Contents/MacOS
SHELL=/bin/bash
DISPLAY=/private/tmp/com.apple.launchd.h7nLlcHQ3D/org.macosforge.xquartz:0

Signal Handlers:
SIGSEGV: [libjvm.dylib+0x5b26e5], sa_mask[0]=11111111011111110111111111111111, sa_flags=SA_ONSTACK|SA_RESTART|SA_SIGINFO
SIGBUS: [libjvm.dylib+0x5b26e5], sa_mask[0]=11111111011111110111111111111111, sa_flags=SA_RESTART|SA_SIGINFO
SIGFPE: [libjvm.dylib+0x489100], sa_mask[0]=11111111011111110111111111111111, sa_flags=SA_RESTART|SA_SIGINFO
SIGPIPE: [libjvm.dylib+0x489100], sa_mask[0]=11111111011111110111111111111111, sa_flags=SA_RESTART|SA_SIGINFO
SIGXFSZ: [libjvm.dylib+0x489100], sa_mask[0]=11111111011111110111111111111111, sa_flags=SA_RESTART|SA_SIGINFO
SIGILL: [libjvm.dylib+0x489100], sa_mask[0]=11111111011111110111111111111111, sa_flags=SA_RESTART|SA_SIGINFO
SIGUSR1: SIG_DFL, sa_mask[0]=00000000000000000000000000000000, sa_flags=none
SIGUSR2: [libjvm.dylib+0x488c1e], sa_mask[0]=00100000000000000000000000000000, sa_flags=SA_RESTART|SA_SIGINFO
SIGHUP: [libjvm.dylib+0x4871f5], sa_mask[0]=11111111011111110111111111111111, sa_flags=SA_RESTART|SA_SIGINFO
SIGINT: [libjvm.dylib+0x4871f5], sa_mask[0]=11111111011111110111111111111111, sa_flags=SA_RESTART|SA_SIGINFO
SIGTERM: [libjvm.dylib+0x4871f5], sa_mask[0]=11111111011111110111111111111111, sa_flags=SA_RESTART|SA_SIGINFO
SIGQUIT: [libjvm.dylib+0x4871f5], sa_mask[0]=11111111011111110111111111111111, sa_flags=SA_RESTART|SA_SIGINFO


---------------  S Y S T E M  ---------------

OS:Bsduname:Darwin 16.6.0 Darwin Kernel Version 16.6.0: Fri Apr 14 16:21:16 PDT 2017; root:xnu-3789.60.24~6/RELEASE_X86_64 x86_64
rlimit: STACK 8192k, CORE 0k, NPROC 709, NOFILE 10240, AS infinity
load average:4.00 3.70 3.08

CPU:total 4 (initial active 4) (2 cores per cpu, 2 threads per core) family 6 model 78 stepping 3, cmov, cx8, fxsr, mmx, sse, sse2, sse3, ssse3, sse4.1, sse4.2, popcnt, avx, avx2, aes, clmul, erms, 3dnowpref, lzcnt, ht, tsc, tscinvbit, bmi1, bmi2, adx

Memory: 4k page, physical 8388608k(18672k free)

/proc/meminfo:


vm_info: Java HotSpot(TM) 64-Bit Server VM (25.144-b01) for bsd-amd64 JRE (1.8.0_144-b01), built on Jul 21 2017 22:07:42 by "java_re" with gcc 4.2.1 (Based on Apple Inc. build 5658) (LLVM build 2336.11.00)

time: Tue Dec  5 20:00:17 2017
elapsed time: 43 seconds (0d 0h 0m 43s)

