#
# A fatal error has been detected by the Java Runtime Environment:
#
#  SIGILL (0x4) at pc=0x00007fffab021694, pid=66488, tid=0x0000000000000307
#
# JRE version: Java(TM) SE Runtime Environment (8.0_144-b01) (build 1.8.0_144-b01)
# Java VM: Java HotSpot(TM) 64-Bit Server VM (25.144-b01 mixed mode bsd-amd64 compressed oops)
# Problematic frame:
# C  [libdispatch.dylib+0xc694]  _dispatch_barrier_sync_f_slow+0x2a3
#
# Failed to write core dump. Core dumps have been disabled. To enable core dumping, try "ulimit -c unlimited" before starting Java again
#
# If you would like to submit a bug report, please visit:
#   http://bugreport.java.com/bugreport/crash.jsp
# The crash happened outside the Java Virtual Machine in native code.
# See problematic frame for where to report the bug.
#

---------------  T H R E A D  ---------------

Current thread (0x00007f87ee0bc800):  JavaThread "JavaFX Application Thread" [_thread_in_native, id=775, stack(0x00007fff5c1fc000,0x00007fff5c9fc000)]

siginfo: si_signo: 4 (SIGILL), si_code: 1 (ILL_ILLOPC), si_addr: 0x00007fffab021694

Registers:
RAX=0x00007fffb3f35a80, RBX=0x00007fffb3f35a80, RCX=0x00007fffab03f1df, RDX=0x0000000000000307
RSP=0x00007fff5c9f37c0, RBP=0x00007fff5c9f3890, RSI=0x0000000000000307, RDI=0x00007fffb3f35a80
R8 =0x0000000000000001, R9 =0x00007f87edcc62f0, R10=0x000000000000002e, R11=0x00007fffab01f791
R12=0x00000000100020ff, R13=0x00007fffb3f378d1, R14=0x000000012137ddeb, R15=0x00007fff5c9f38a8
RIP=0x00007fffab021694, EFLAGS=0x0000000000010246, ERR=0x0000000000000000
  TRAPNO=0x0000000000000006

Top of Stack: (sp=0x00007fff5c9f37c0)
0x00007fff5c9f37c0:   0000000000000003 00000000100020ff
0x00007fff5c9f37d0:   0000000000000000 ffffffffffffffff
0x00007fff5c9f37e0:   00007fffab022ed4 00007fff5c9f3800
0x00007fff5c9f37f0:   0000000000000307 00007fff5c9f3860
0x00007fff5c9f3800:   0000000000000000 0000000000000000
0x00007fff5c9f3810:   0000000000000000 0000000000000000
0x00007fff5c9f3820:   000000012137ddeb 00007fff5c9f38a8
0x00007fff5c9f3830:   00007fffb3f35a80 00007fff5c9f3860
0x00007fff5c9f3840:   00007fffb3f35a80 0000000000000000
0x00007fff5c9f3850:   0000000000000000 00007fff5c9f3908
0x00007fff5c9f3860:   0000000100000000 00007fff5c9f3908
0x00007fff5c9f3870:   0000000000000000 000000012c1613f0
0x00007fff5c9f3880:   000000012138a4be 00007f87edcc62f0
0x00007fff5c9f3890:   00007fff5c9f38f0 000000012137ddb1
0x00007fff5c9f38a0:   0000000000000000 00007fffb3f45060
0x00007fff5c9f38b0:   00000000c2000000 000000012137ddeb
0x00007fff5c9f38c0:   0000000121392360 00007f87edcc62f0
0x00007fff5c9f38d0:   00007fff5c9f3908 00007f87ee0bc9f8
0x00007fff5c9f38e0:   00007fff5c9f3908 00007fffb3f49070
0x00007fff5c9f38f0:   00007fff5c9f4470 000000012137f3fb
0x00007fff5c9f3900:   00007fff5c9f4090 0000000121392460
0x00007fff5c9f3910:   000000000bc1aa01 000000000bc2bb02
0x00007fff5c9f3920:   000000012138a700 00007f0000000000
0x00007fff5c9f3930:   00007f87f06c0d40 0000000000000007
0x00007fff5c9f3940:   0000000121395908 0000000000000001
0x00007fff5c9f3950:   0000003000000010 00007fff5c9f4160
0x00007fff5c9f3960:   00007fff5c9f3890 00007fff5c9f4170
0x00007fff5c9f3970:   00007fff5c9f4100 00007f87ee0bc800
0x00007fff5c9f3980:   0000000000000033 0000000000000001
0x00007fff5c9f3990:   0000003000000010 00007fff5c9f41a0
0x00007fff5c9f39a0:   00007fff5c9f38d0 00007fff5c9f41b0
0x00007fff5c9f39b0:   00007fff5c9f38e0 000000012c1607c8 

Instructions: (pc=0x00007fffab021694)
0x00007fffab021674:   d4 00 00 e9 2a ff ff ff 48 8d 0d 5c db 01 00 48
0x00007fffab021684:   89 d8 48 89 0d b3 61 f1 08 48 89 05 dc 61 f1 08
0x00007fffab021694:   0f 0b 48 8d 0d b6 d9 01 00 48 89 0d 9c 61 f1 08
0x00007fffab0216a4:   0f 0b 48 8d 0d cf da 01 00 48 89 0d 8c 61 f1 08 

Register to memory mapping:

RAX=0x00007fffb3f35a80: _dispatch_main_q+0 in /usr/lib/system/libdispatch.dylib at 0x00007fffab015000
RBX=0x00007fffb3f35a80: _dispatch_main_q+0 in /usr/lib/system/libdispatch.dylib at 0x00007fffab015000
RCX=0x00007fffab03f1df: _voucher_activity_id_allocate_slow+0x2077 in /usr/lib/system/libdispatch.dylib at 0x00007fffab015000
RDX=0x0000000000000307 is an unknown value
RSP=0x00007fff5c9f37c0 is pointing into the stack for thread: 0x00007f87ee0bc800
RBP=0x00007fff5c9f3890 is pointing into the stack for thread: 0x00007f87ee0bc800
RSI=0x0000000000000307 is an unknown value
RDI=0x00007fffb3f35a80: _dispatch_main_q+0 in /usr/lib/system/libdispatch.dylib at 0x00007fffab015000
R8 =0x0000000000000001 is an unknown value
R9 =0x00007f87edcc62f0 is an unknown value
R10=0x000000000000002e is an unknown value
R11=0x00007fffab01f791: dispatch_sync+0 in /usr/lib/system/libdispatch.dylib at 0x00007fffab015000
R12=0x00000000100020ff is an unknown value
R13=0x00007fffb3f378d1: _dispatch_xbs_has_ulock+0 in /usr/lib/system/libdispatch.dylib at 0x00007fffab015000
R14=0x000000012137ddeb: ___Z22synchronousBTOperationP8Runnable_block_invoke+0 in /private/var/folders/mc/drkjmxf92tn7vspsjqxjqyzh0000gq/T/bluecove_patrick.wigger_0/libbluecove.jnilib at 0x000000012137a000
R15=0x00007fff5c9f38a8 is pointing into the stack for thread: 0x00007f87ee0bc800


Stack: [0x00007fff5c1fc000,0x00007fff5c9fc000],  sp=0x00007fff5c9f37c0,  free space=8157k
Native frames: (J=compiled Java code, j=interpreted, Vv=VM code, C=native code)
C  [libdispatch.dylib+0xc694]  _dispatch_barrier_sync_f_slow+0x2a3
C  [libbluecove.jnilib+0x3db1]  _Z22synchronousBTOperationP8Runnable+0x8b
C  [libbluecove.jnilib+0x53fb]  Java_com_intel_bluetooth_BluetoothStackOSX_getLocalDeviceSupportedSoftwareVersion+0xdd
j  com.intel.bluetooth.BluetoothStackOSX.getLocalDeviceSupportedSoftwareVersion()I+0
j  com.intel.bluetooth.BluetoothStackOSX.initialize()V+101
j  com.intel.bluetooth.BlueCoveImpl.setBluetoothStack(Ljava/lang/String;Lcom/intel/bluetooth/BluetoothStack;)Lcom/intel/bluetooth/BluetoothStack;+290
j  com.intel.bluetooth.BlueCoveImpl.detectStack()Lcom/intel/bluetooth/BluetoothStack;+455
j  com.intel.bluetooth.BlueCoveImpl.access$500(Lcom/intel/bluetooth/BlueCoveImpl;)Lcom/intel/bluetooth/BluetoothStack;+1
j  com.intel.bluetooth.BlueCoveImpl$1.run()Ljava/lang/Object;+4
v  ~StubRoutines::call_stub
V  [libjvm.dylib+0x2ee70a]
V  [libjvm.dylib+0x34ee68]
J 351  java.security.AccessController.doPrivileged(Ljava/security/PrivilegedExceptionAction;Ljava/security/AccessControlContext;)Ljava/lang/Object; (0 bytes) @ 0x000000010c241595 [0x000000010c2414c0+0xd5]
j  com.intel.bluetooth.BlueCoveImpl.detectStackPrivileged()Lcom/intel/bluetooth/BluetoothStack;+15
j  com.intel.bluetooth.BlueCoveImpl.getBluetoothStack()Lcom/intel/bluetooth/BluetoothStack;+63
j  javax.bluetooth.LocalDevice.isPowerOn()Z+3
j  controller.util.bluetooth.BluetoothConnection.isBluetoothOn()Z+0
j  controller.util.bluetooth.ConnectionStateInit.handle()V+0
j  controller.LiveViewController.lambda$addListeners$0(Ljavafx/beans/value/ObservableValue;Ljavafx/scene/Node;Ljavafx/scene/Node;)V+41
j  controller.LiveViewController$$Lambda$143.changed(Ljavafx/beans/value/ObservableValue;Ljava/lang/Object;Ljava/lang/Object;)V+13
j  com.sun.javafx.binding.ExpressionHelper$SingleChange.fireValueChangedEvent()V+71
J 1268 C1 javafx.beans.property.ObjectPropertyBase.fireValueChangedEvent()V (8 bytes) @ 0x000000010c53250c [0x000000010c532380+0x18c]
J 1074 C1 javafx.beans.property.ObjectPropertyBase.set(Ljava/lang/Object;)V (110 bytes) @ 0x000000010c44556c [0x000000010c444da0+0x7cc]
j  model.FrvaModel.setActiveView(Ljavafx/scene/Node;)V+5
j  controller.MainMenuController.lambda$addEventhandlers$0(Ljavafx/event/ActionEvent;)V+129
j  controller.MainMenuController$$Lambda$152.handle(Ljavafx/event/Event;)V+8
j  com.sun.javafx.event.CompositeEventHandler$NormalEventHandlerRecord.handleBubblingEvent(Ljavafx/event/Event;)V+5
j  com.sun.javafx.event.CompositeEventHandler.dispatchBubblingEvent(Ljavafx/event/Event;)V+28
J 2447 C1 com.sun.javafx.event.EventHandlerManager.dispatchBubblingEvent(Ljavafx/event/EventType;Ljavafx/event/Event;)Ljavafx/event/Event; (34 bytes) @ 0x000000010c889f4c [0x000000010c8899c0+0x58c]
j  com.sun.javafx.event.EventHandlerManager.dispatchBubblingEvent(Ljavafx/event/Event;)Ljavafx/event/Event;+8
j  com.sun.javafx.event.CompositeEventDispatcher.dispatchBubblingEvent(Ljavafx/event/Event;)Ljavafx/event/Event;+11
j  com.sun.javafx.event.BasicEventDispatcher.dispatchEvent(Ljavafx/event/Event;Ljavafx/event/EventDispatchChain;)Ljavafx/event/Event;+29
j  com.sun.javafx.event.EventDispatchChainImpl.dispatchEvent(Ljavafx/event/Event;)Ljavafx/event/Event;+69
j  com.sun.javafx.event.BasicEventDispatcher.dispatchEvent(Ljavafx/event/Event;Ljavafx/event/EventDispatchChain;)Ljavafx/event/Event;+17
j  com.sun.javafx.event.EventDispatchChainImpl.dispatchEvent(Ljavafx/event/Event;)Ljavafx/event/Event;+69
j  com.sun.javafx.event.BasicEventDispatcher.dispatchEvent(Ljavafx/event/Event;Ljavafx/event/EventDispatchChain;)Ljavafx/event/Event;+17
j  com.sun.javafx.event.EventDispatchChainImpl.dispatchEvent(Ljavafx/event/Event;)Ljavafx/event/Event;+69
j  com.sun.javafx.event.EventUtil.fireEventImpl(Ljavafx/event/EventDispatchChain;Ljavafx/event/EventTarget;Ljavafx/event/Event;)Ljavafx/event/Event;+10
j  com.sun.javafx.event.EventUtil.fireEvent(Ljavafx/event/EventTarget;Ljavafx/event/Event;)Ljavafx/event/Event;+37
j  javafx.event.Event.fireEvent(Ljavafx/event/EventTarget;Ljavafx/event/Event;)V+30
j  javafx.scene.Node.fireEvent(Ljavafx/event/Event;)V+86
j  javafx.scene.control.Button.fire()V+15
j  com.sun.javafx.scene.control.behavior.ButtonBehavior.mouseReleased(Ljavafx/scene/input/MouseEvent;)V+23
j  com.sun.javafx.scene.control.skin.BehaviorSkinBase$1.handle(Ljavafx/scene/input/MouseEvent;)V+83
j  com.sun.javafx.scene.control.skin.BehaviorSkinBase$1.handle(Ljavafx/event/Event;)V+5
j  com.sun.javafx.event.CompositeEventHandler$NormalEventHandlerRecord.handleBubblingEvent(Ljavafx/event/Event;)V+5
j  com.sun.javafx.event.CompositeEventHandler.dispatchBubblingEvent(Ljavafx/event/Event;)V+28
J 2447 C1 com.sun.javafx.event.EventHandlerManager.dispatchBubblingEvent(Ljavafx/event/EventType;Ljavafx/event/Event;)Ljavafx/event/Event; (34 bytes) @ 0x000000010c889f4c [0x000000010c8899c0+0x58c]
j  com.sun.javafx.event.EventHandlerManager.dispatchBubblingEvent(Ljavafx/event/Event;)Ljavafx/event/Event;+8
j  com.sun.javafx.event.CompositeEventDispatcher.dispatchBubblingEvent(Ljavafx/event/Event;)Ljavafx/event/Event;+11
j  com.sun.javafx.event.BasicEventDispatcher.dispatchEvent(Ljavafx/event/Event;Ljavafx/event/EventDispatchChain;)Ljavafx/event/Event;+29
j  com.sun.javafx.event.EventDispatchChainImpl.dispatchEvent(Ljavafx/event/Event;)Ljavafx/event/Event;+69
j  com.sun.javafx.event.BasicEventDispatcher.dispatchEvent(Ljavafx/event/Event;Ljavafx/event/EventDispatchChain;)Ljavafx/event/Event;+17
j  com.sun.javafx.event.EventDispatchChainImpl.dispatchEvent(Ljavafx/event/Event;)Ljavafx/event/Event;+69
j  com.sun.javafx.event.BasicEventDispatcher.dispatchEvent(Ljavafx/event/Event;Ljavafx/event/EventDispatchChain;)Ljavafx/event/Event;+17
j  com.sun.javafx.event.EventDispatchChainImpl.dispatchEvent(Ljavafx/event/Event;)Ljavafx/event/Event;+69
j  com.sun.javafx.event.EventUtil.fireEventImpl(Ljavafx/event/EventDispatchChain;Ljavafx/event/EventTarget;Ljavafx/event/Event;)Ljavafx/event/Event;+10
j  com.sun.javafx.event.EventUtil.fireEvent(Ljavafx/event/EventTarget;Ljavafx/event/Event;)Ljavafx/event/Event;+46
j  javafx.event.Event.fireEvent(Ljavafx/event/EventTarget;Ljavafx/event/Event;)V+30
j  javafx.scene.Scene$MouseHandler.process(Ljavafx/scene/input/MouseEvent;Z)V+491
j  javafx.scene.Scene$MouseHandler.access$1500(Ljavafx/scene/Scene$MouseHandler;Ljavafx/scene/input/MouseEvent;Z)V+3
j  javafx.scene.Scene.impl_processMouseEvent(Ljavafx/scene/input/MouseEvent;)V+6
j  javafx.scene.Scene$ScenePeerListener.mouseEvent(Ljavafx/event/EventType;DDDDLjavafx/scene/input/MouseButton;ZZZZZZZZZ)V+46
j  com.sun.javafx.tk.quantum.GlassViewEventHandler$MouseEventNotification.run()Ljava/lang/Void;+514
j  com.sun.javafx.tk.quantum.GlassViewEventHandler$MouseEventNotification.run()Ljava/lang/Object;+1
v  ~StubRoutines::call_stub
V  [libjvm.dylib+0x2ee70a]
V  [libjvm.dylib+0x34ee68]
J 2440  java.security.AccessController.doPrivileged(Ljava/security/PrivilegedAction;Ljava/security/AccessControlContext;)Ljava/lang/Object; (0 bytes) @ 0x000000010c8877d5 [0x000000010c887700+0xd5]
j  com.sun.javafx.tk.quantum.GlassViewEventHandler.lambda$handleMouseEvent$354()Ljava/lang/Void;+11
j  com.sun.javafx.tk.quantum.GlassViewEventHandler$$Lambda$307.get()Ljava/lang/Object;+4
j  com.sun.javafx.tk.quantum.QuantumToolkit.runWithoutRenderLock(Ljava/util/function/Supplier;)Ljava/lang/Object;+18
j  com.sun.javafx.tk.quantum.GlassViewEventHandler.handleMouseEvent(Lcom/sun/glass/ui/View;JIIIIIIIZZ)V+103
j  com.sun.glass.ui.View.handleMouseEvent(JIIIIIIIZZ)V+30
j  com.sun.glass.ui.View.notifyMouse(IIIIIIIZZ)V+181
v  ~StubRoutines::call_stub
V  [libjvm.dylib+0x2ee70a]
V  [libjvm.dylib+0x3258b9]
V  [libjvm.dylib+0x318087]
C  [libglass.dylib+0x2055c]  -[GlassViewDelegate sendJavaMouseEvent:]+0x86c
C  [AppKit+0x93c8de]  -[NSWindow(NSEventRouting) _reallySendEvent:isDelayedEvent:]+0x608
C  [AppKit+0x93bf0a]  -[NSWindow(NSEventRouting) sendEvent:]+0x21d
C  [libglass.dylib+0x25994]  -[GlassWindow_Normal sendEvent:]+0x74
C  [AppKit+0x7c0681]  -[NSApplication(NSEvent) sendEvent:]+0x479
C  [AppKit+0x3b427]  -[NSApplication run]+0x3ea
C  [libglass.dylib+0x651c]  -[GlassApplication runLoop:]+0x72c
C  [Foundation+0x717ba]  __NSThreadPerformPerform+0x146
C  [CoreFoundation+0xa7321]  __CFRUNLOOP_IS_CALLING_OUT_TO_A_SOURCE0_PERFORM_FUNCTION__+0x11
C  [CoreFoundation+0x8821d]  __CFRunLoopDoSources0+0x22d
C  [CoreFoundation+0x87716]  __CFRunLoopRun+0x3a6
C  [CoreFoundation+0x87114]  CFRunLoopRunSpecific+0x1a4
C  [java+0x6465]  CreateExecutionEnvironment+0x367
C  [java+0x218c]  JLI_Launch+0x7a0
C  [java+0x84c2]  main+0x65
C  [java+0x19e4]  start+0x34
C  0x0000000000000006

Java frames: (J=compiled Java code, j=interpreted, Vv=VM code)
j  com.intel.bluetooth.BluetoothStackOSX.getLocalDeviceSupportedSoftwareVersion()I+0
j  com.intel.bluetooth.BluetoothStackOSX.initialize()V+101
j  com.intel.bluetooth.BlueCoveImpl.setBluetoothStack(Ljava/lang/String;Lcom/intel/bluetooth/BluetoothStack;)Lcom/intel/bluetooth/BluetoothStack;+290
j  com.intel.bluetooth.BlueCoveImpl.detectStack()Lcom/intel/bluetooth/BluetoothStack;+455
j  com.intel.bluetooth.BlueCoveImpl.access$500(Lcom/intel/bluetooth/BlueCoveImpl;)Lcom/intel/bluetooth/BluetoothStack;+1
j  com.intel.bluetooth.BlueCoveImpl$1.run()Ljava/lang/Object;+4
v  ~StubRoutines::call_stub
J 351  java.security.AccessController.doPrivileged(Ljava/security/PrivilegedExceptionAction;Ljava/security/AccessControlContext;)Ljava/lang/Object; (0 bytes) @ 0x000000010c241523 [0x000000010c2414c0+0x63]
j  com.intel.bluetooth.BlueCoveImpl.detectStackPrivileged()Lcom/intel/bluetooth/BluetoothStack;+15
j  com.intel.bluetooth.BlueCoveImpl.getBluetoothStack()Lcom/intel/bluetooth/BluetoothStack;+63
j  javax.bluetooth.LocalDevice.isPowerOn()Z+3
j  controller.util.bluetooth.BluetoothConnection.isBluetoothOn()Z+0
j  controller.util.bluetooth.ConnectionStateInit.handle()V+0
j  controller.LiveViewController.lambda$addListeners$0(Ljavafx/beans/value/ObservableValue;Ljavafx/scene/Node;Ljavafx/scene/Node;)V+41
j  controller.LiveViewController$$Lambda$143.changed(Ljavafx/beans/value/ObservableValue;Ljava/lang/Object;Ljava/lang/Object;)V+13
j  com.sun.javafx.binding.ExpressionHelper$SingleChange.fireValueChangedEvent()V+71
J 1268 C1 javafx.beans.property.ObjectPropertyBase.fireValueChangedEvent()V (8 bytes) @ 0x000000010c53250c [0x000000010c532380+0x18c]
J 1074 C1 javafx.beans.property.ObjectPropertyBase.set(Ljava/lang/Object;)V (110 bytes) @ 0x000000010c44556c [0x000000010c444da0+0x7cc]
j  model.FrvaModel.setActiveView(Ljavafx/scene/Node;)V+5
j  controller.MainMenuController.lambda$addEventhandlers$0(Ljavafx/event/ActionEvent;)V+129
j  controller.MainMenuController$$Lambda$152.handle(Ljavafx/event/Event;)V+8
j  com.sun.javafx.event.CompositeEventHandler$NormalEventHandlerRecord.handleBubblingEvent(Ljavafx/event/Event;)V+5
j  com.sun.javafx.event.CompositeEventHandler.dispatchBubblingEvent(Ljavafx/event/Event;)V+28
J 2447 C1 com.sun.javafx.event.EventHandlerManager.dispatchBubblingEvent(Ljavafx/event/EventType;Ljavafx/event/Event;)Ljavafx/event/Event; (34 bytes) @ 0x000000010c889f4c [0x000000010c8899c0+0x58c]
j  com.sun.javafx.event.EventHandlerManager.dispatchBubblingEvent(Ljavafx/event/Event;)Ljavafx/event/Event;+8
j  com.sun.javafx.event.CompositeEventDispatcher.dispatchBubblingEvent(Ljavafx/event/Event;)Ljavafx/event/Event;+11
j  com.sun.javafx.event.BasicEventDispatcher.dispatchEvent(Ljavafx/event/Event;Ljavafx/event/EventDispatchChain;)Ljavafx/event/Event;+29
j  com.sun.javafx.event.EventDispatchChainImpl.dispatchEvent(Ljavafx/event/Event;)Ljavafx/event/Event;+69
j  com.sun.javafx.event.BasicEventDispatcher.dispatchEvent(Ljavafx/event/Event;Ljavafx/event/EventDispatchChain;)Ljavafx/event/Event;+17
j  com.sun.javafx.event.EventDispatchChainImpl.dispatchEvent(Ljavafx/event/Event;)Ljavafx/event/Event;+69
j  com.sun.javafx.event.BasicEventDispatcher.dispatchEvent(Ljavafx/event/Event;Ljavafx/event/EventDispatchChain;)Ljavafx/event/Event;+17
j  com.sun.javafx.event.EventDispatchChainImpl.dispatchEvent(Ljavafx/event/Event;)Ljavafx/event/Event;+69
j  com.sun.javafx.event.EventUtil.fireEventImpl(Ljavafx/event/EventDispatchChain;Ljavafx/event/EventTarget;Ljavafx/event/Event;)Ljavafx/event/Event;+10
j  com.sun.javafx.event.EventUtil.fireEvent(Ljavafx/event/EventTarget;Ljavafx/event/Event;)Ljavafx/event/Event;+37
j  javafx.event.Event.fireEvent(Ljavafx/event/EventTarget;Ljavafx/event/Event;)V+30
j  javafx.scene.Node.fireEvent(Ljavafx/event/Event;)V+86
j  javafx.scene.control.Button.fire()V+15
j  com.sun.javafx.scene.control.behavior.ButtonBehavior.mouseReleased(Ljavafx/scene/input/MouseEvent;)V+23
j  com.sun.javafx.scene.control.skin.BehaviorSkinBase$1.handle(Ljavafx/scene/input/MouseEvent;)V+83
j  com.sun.javafx.scene.control.skin.BehaviorSkinBase$1.handle(Ljavafx/event/Event;)V+5
j  com.sun.javafx.event.CompositeEventHandler$NormalEventHandlerRecord.handleBubblingEvent(Ljavafx/event/Event;)V+5
j  com.sun.javafx.event.CompositeEventHandler.dispatchBubblingEvent(Ljavafx/event/Event;)V+28
J 2447 C1 com.sun.javafx.event.EventHandlerManager.dispatchBubblingEvent(Ljavafx/event/EventType;Ljavafx/event/Event;)Ljavafx/event/Event; (34 bytes) @ 0x000000010c889f4c [0x000000010c8899c0+0x58c]
j  com.sun.javafx.event.EventHandlerManager.dispatchBubblingEvent(Ljavafx/event/Event;)Ljavafx/event/Event;+8
j  com.sun.javafx.event.CompositeEventDispatcher.dispatchBubblingEvent(Ljavafx/event/Event;)Ljavafx/event/Event;+11
j  com.sun.javafx.event.BasicEventDispatcher.dispatchEvent(Ljavafx/event/Event;Ljavafx/event/EventDispatchChain;)Ljavafx/event/Event;+29
j  com.sun.javafx.event.EventDispatchChainImpl.dispatchEvent(Ljavafx/event/Event;)Ljavafx/event/Event;+69
j  com.sun.javafx.event.BasicEventDispatcher.dispatchEvent(Ljavafx/event/Event;Ljavafx/event/EventDispatchChain;)Ljavafx/event/Event;+17
j  com.sun.javafx.event.EventDispatchChainImpl.dispatchEvent(Ljavafx/event/Event;)Ljavafx/event/Event;+69
j  com.sun.javafx.event.BasicEventDispatcher.dispatchEvent(Ljavafx/event/Event;Ljavafx/event/EventDispatchChain;)Ljavafx/event/Event;+17
j  com.sun.javafx.event.EventDispatchChainImpl.dispatchEvent(Ljavafx/event/Event;)Ljavafx/event/Event;+69
j  com.sun.javafx.event.EventUtil.fireEventImpl(Ljavafx/event/EventDispatchChain;Ljavafx/event/EventTarget;Ljavafx/event/Event;)Ljavafx/event/Event;+10
j  com.sun.javafx.event.EventUtil.fireEvent(Ljavafx/event/EventTarget;Ljavafx/event/Event;)Ljavafx/event/Event;+46
j  javafx.event.Event.fireEvent(Ljavafx/event/EventTarget;Ljavafx/event/Event;)V+30
j  javafx.scene.Scene$MouseHandler.process(Ljavafx/scene/input/MouseEvent;Z)V+491
j  javafx.scene.Scene$MouseHandler.access$1500(Ljavafx/scene/Scene$MouseHandler;Ljavafx/scene/input/MouseEvent;Z)V+3
j  javafx.scene.Scene.impl_processMouseEvent(Ljavafx/scene/input/MouseEvent;)V+6
j  javafx.scene.Scene$ScenePeerListener.mouseEvent(Ljavafx/event/EventType;DDDDLjavafx/scene/input/MouseButton;ZZZZZZZZZ)V+46
j  com.sun.javafx.tk.quantum.GlassViewEventHandler$MouseEventNotification.run()Ljava/lang/Void;+514
j  com.sun.javafx.tk.quantum.GlassViewEventHandler$MouseEventNotification.run()Ljava/lang/Object;+1
v  ~StubRoutines::call_stub
J 2440  java.security.AccessController.doPrivileged(Ljava/security/PrivilegedAction;Ljava/security/AccessControlContext;)Ljava/lang/Object; (0 bytes) @ 0x000000010c887763 [0x000000010c887700+0x63]
j  com.sun.javafx.tk.quantum.GlassViewEventHandler.lambda$handleMouseEvent$354()Ljava/lang/Void;+11
j  com.sun.javafx.tk.quantum.GlassViewEventHandler$$Lambda$307.get()Ljava/lang/Object;+4
j  com.sun.javafx.tk.quantum.QuantumToolkit.runWithoutRenderLock(Ljava/util/function/Supplier;)Ljava/lang/Object;+18
j  com.sun.javafx.tk.quantum.GlassViewEventHandler.handleMouseEvent(Lcom/sun/glass/ui/View;JIIIIIIIZZ)V+103
j  com.sun.glass.ui.View.handleMouseEvent(JIIIIIIIZZ)V+30
j  com.sun.glass.ui.View.notifyMouse(IIIIIIIZZ)V+181
v  ~StubRoutines::call_stub

---------------  P R O C E S S  ---------------

Java Threads: ( => current thread )
  0x00007f87eeb67800 JavaThread "Prism Font Disposer" daemon [_thread_blocked, id=55875, stack(0x0000700007480000,0x0000700007580000)]
  0x00007f87efb3a800 JavaThread "JavaFX-Launcher" [_thread_blocked, id=54019, stack(0x000070000737d000,0x000070000747d000)]
  0x00007f87ef0fe000 JavaThread "Thread-3" daemon [_thread_in_native, id=37379, stack(0x00007000071f4000,0x0000700007274000)]
=>0x00007f87ee0bc800 JavaThread "JavaFX Application Thread" [_thread_in_native, id=775, stack(0x00007fff5c1fc000,0x00007fff5c9fc000)]
  0x00007f87ef0d8800 JavaThread "Thread-1" daemon [_thread_blocked, id=25607, stack(0x00007000070f1000,0x00007000071f1000)]
  0x00007f87ee8a5800 JavaThread "QuantumRenderer-0" daemon [_thread_blocked, id=20227, stack(0x0000700006fee000,0x00007000070ee000)]
  0x00007f87ee033000 JavaThread "Service Thread" daemon [_thread_blocked, id=19203, stack(0x0000700006de8000,0x0000700006ee8000)]
  0x00007f87ef065000 JavaThread "C1 CompilerThread2" daemon [_thread_blocked, id=18691, stack(0x0000700006ce5000,0x0000700006de5000)]
  0x00007f87ee001800 JavaThread "C2 CompilerThread1" daemon [_thread_in_native, id=18179, stack(0x0000700006be2000,0x0000700006ce2000)]
  0x00007f87ef86a000 JavaThread "C2 CompilerThread0" daemon [_thread_in_native, id=17667, stack(0x0000700006adf000,0x0000700006bdf000)]
  0x00007f87ef868800 JavaThread "Monitor Ctrl-Break" daemon [_thread_in_native, id=17155, stack(0x00007000069dc000,0x0000700006adc000)]
  0x00007f87ef875800 JavaThread "Signal Dispatcher" daemon [_thread_blocked, id=16643, stack(0x00007000068d9000,0x00007000069d9000)]
  0x00007f87ef85e800 JavaThread "Finalizer" daemon [_thread_blocked, id=12547, stack(0x00007000067d6000,0x00007000068d6000)]
  0x00007f87ef004800 JavaThread "Reference Handler" daemon [_thread_blocked, id=12035, stack(0x00007000066d3000,0x00007000067d3000)]
  0x00007f87ef803000 JavaThread "main" [_thread_blocked, id=6915, stack(0x00007000060c1000,0x00007000061c1000)]

Other Threads:
  0x00007f87ef85c000 VMThread [stack: 0x00007000065d0000,0x00007000066d0000] [id=11523]
  0x00007f87ee03e000 WatcherThread [stack: 0x0000700006eeb000,0x0000700006feb000] [id=19715]

VM state:not at safepoint (normal execution)

VM Mutex/Monitor currently owned by a thread: None

Heap:
 PSYoungGen      total 71680K, used 58263K [0x0000000795580000, 0x000000079a080000, 0x00000007c0000000)
  eden space 66560K, 87% used [0x0000000795580000,0x0000000798e65c70,0x0000000799680000)
  from space 5120K, 0% used [0x0000000799b80000,0x0000000799b80000,0x000000079a080000)
  to   space 5120K, 0% used [0x0000000799680000,0x0000000799680000,0x0000000799b80000)
 ParOldGen       total 165888K, used 79878K [0x0000000740000000, 0x000000074a200000, 0x0000000795580000)
  object space 165888K, 48% used [0x0000000740000000,0x0000000744e01aa0,0x000000074a200000)
 Metaspace       used 20790K, capacity 21962K, committed 22144K, reserved 1069056K
  class space    used 3072K, capacity 3342K, committed 3456K, reserved 1048576K

Card table byte_map: [0x0000000104f67000,0x0000000105368000] byte_map_base: 0x0000000101567000

Marking Bits: (ParMarkBitMap*) 0x00000001044f35d0
 Begin Bits: [0x0000000105613000, 0x0000000107613000)
 End Bits:   [0x0000000107613000, 0x0000000109613000)

Polling page: 0x00000001032c4000

CodeCache: size=245760Kb used=8541Kb max_used=8541Kb free=237218Kb
 bounds [0x000000010c085000, 0x000000010c8e5000, 0x000000011b085000]
 total_blobs=3260 nmethods=2577 adapters=595
 compilation: enabled

Compilation events (10 events):
Event: 4.898 Thread 0x00007f87ef065000 2577   !   3       java.util.zip.Inflater::inflate (113 bytes)
Event: 4.899 Thread 0x00007f87ef065000 nmethod 2577 0x000000010c8daf50 code [0x000000010c8db120, 0x000000010c8db7d8]
Event: 4.899 Thread 0x00007f87ef065000 2579       3       java.io.FilterInputStream::read (9 bytes)
Event: 4.899 Thread 0x00007f87ef065000 nmethod 2579 0x000000010c8dbb50 code [0x000000010c8dbcc0, 0x000000010c8dbee8]
Event: 4.899 Thread 0x00007f87ef065000 2580       3       java.util.zip.InflaterInputStream::ensureOpen (18 bytes)
Event: 4.900 Thread 0x00007f87ef065000 nmethod 2580 0x000000010c8dbf90 code [0x000000010c8dc100, 0x000000010c8dc348]
Event: 4.900 Thread 0x00007f87ef065000 2581   !   3       java.util.zip.InflaterInputStream::read (138 bytes)
Event: 4.901 Thread 0x00007f87ef065000 nmethod 2581 0x000000010c8dc410 code [0x000000010c8dc6a0, 0x000000010c8dd7c8]
Event: 4.901 Thread 0x00007f87ef065000 2582       3       java.util.zip.Inflater::ensureOpen (47 bytes)
Event: 4.901 Thread 0x00007f87ef065000 nmethod 2582 0x000000010c8de090 code [0x000000010c8de220, 0x000000010c8de508]

GC Heap History (10 events):
Event: 1.292 GC heap before
{Heap before GC invocations=1 (full 0):
 PSYoungGen      total 38400K, used 33280K [0x0000000795580000, 0x0000000798000000, 0x00000007c0000000)
  eden space 33280K, 100% used [0x0000000795580000,0x0000000797600000,0x0000000797600000)
  from space 5120K, 0% used [0x0000000797b00000,0x0000000797b00000,0x0000000798000000)
  to   space 5120K, 0% used [0x0000000797600000,0x0000000797600000,0x0000000797b00000)
 ParOldGen       total 87552K, used 0K [0x0000000740000000, 0x0000000745580000, 0x0000000795580000)
  object space 87552K, 0% used [0x0000000740000000,0x0000000740000000,0x0000000745580000)
 Metaspace       used 12743K, capacity 13224K, committed 13440K, reserved 1060864K
  class space    used 1652K, capacity 1807K, committed 1920K, reserved 1048576K
Event: 1.299 GC heap after
Heap after GC invocations=1 (full 0):
 PSYoungGen      total 38400K, used 4368K [0x0000000795580000, 0x0000000798000000, 0x00000007c0000000)
  eden space 33280K, 0% used [0x0000000795580000,0x0000000795580000,0x0000000797600000)
  from space 5120K, 85% used [0x0000000797600000,0x0000000797a44050,0x0000000797b00000)
  to   space 5120K, 0% used [0x0000000797b00000,0x0000000797b00000,0x0000000798000000)
 ParOldGen       total 87552K, used 72K [0x0000000740000000, 0x0000000745580000, 0x0000000795580000)
  object space 87552K, 0% used [0x0000000740000000,0x0000000740012010,0x0000000745580000)
 Metaspace       used 12743K, capacity 13224K, committed 13440K, reserved 1060864K
  class space    used 1652K, capacity 1807K, committed 1920K, reserved 1048576K
}
Event: 1.718 GC heap before
{Heap before GC invocations=2 (full 0):
 PSYoungGen      total 38400K, used 37004K [0x0000000795580000, 0x0000000798000000, 0x00000007c0000000)
  eden space 33280K, 98% used [0x0000000795580000,0x000000079755f2a0,0x0000000797600000)
  from space 5120K, 85% used [0x0000000797600000,0x0000000797a44050,0x0000000797b00000)
  to   space 5120K, 0% used [0x0000000797b00000,0x0000000797b00000,0x0000000798000000)
 ParOldGen       total 87552K, used 72K [0x0000000740000000, 0x0000000745580000, 0x0000000795580000)
  object space 87552K, 0% used [0x0000000740000000,0x0000000740012010,0x0000000745580000)
 Metaspace       used 15070K, capacity 15754K, committed 16000K, reserved 1062912K
  class space    used 2146K, capacity 2306K, committed 2432K, reserved 1048576K
Event: 1.735 GC heap after
Heap after GC invocations=2 (full 0):
 PSYoungGen      total 38400K, used 5115K [0x0000000795580000, 0x000000079a080000, 0x00000007c0000000)
  eden space 33280K, 0% used [0x0000000795580000,0x0000000795580000,0x0000000797600000)
  from space 5120K, 99% used [0x0000000797b00000,0x0000000797ffed58,0x0000000798000000)
  to   space 5120K, 0% used [0x0000000797600000,0x0000000797600000,0x0000000797b00000)
 ParOldGen       total 87552K, used 16523K [0x0000000740000000, 0x0000000745580000, 0x0000000795580000)
  object space 87552K, 18% used [0x0000000740000000,0x0000000741022f00,0x0000000745580000)
 Metaspace       used 15070K, capacity 15754K, committed 16000K, reserved 1062912K
  class space    used 2146K, capacity 2306K, committed 2432K, reserved 1048576K
}
Event: 2.076 GC heap before
{Heap before GC invocations=3 (full 0):
 PSYoungGen      total 38400K, used 38009K [0x0000000795580000, 0x000000079a080000, 0x00000007c0000000)
  eden space 33280K, 98% used [0x0000000795580000,0x000000079759f8f0,0x0000000797600000)
  from space 5120K, 99% used [0x0000000797b00000,0x0000000797ffed58,0x0000000798000000)
  to   space 5120K, 0% used [0x0000000797600000,0x0000000797600000,0x0000000797b00000)
 ParOldGen       total 87552K, used 16523K [0x0000000740000000, 0x0000000745580000, 0x0000000795580000)
  object space 87552K, 18% used [0x0000000740000000,0x0000000741022f00,0x0000000745580000)
 Metaspace       used 15071K, capacity 15754K, committed 16000K, reserved 1062912K
  class space    used 2146K, capacity 2306K, committed 2432K, reserved 1048576K
Event: 2.102 GC heap after
Heap after GC invocations=3 (full 0):
 PSYoungGen      total 38400K, used 5089K [0x0000000795580000, 0x000000079a080000, 0x00000007c0000000)
  eden space 33280K, 0% used [0x0000000795580000,0x0000000795580000,0x0000000797600000)
  from space 5120K, 99% used [0x0000000797600000,0x0000000797af8478,0x0000000797b00000)
  to   space 5120K, 0% used [0x0000000799b80000,0x0000000799b80000,0x000000079a080000)
 ParOldGen       total 87552K, used 46220K [0x0000000740000000, 0x0000000745580000, 0x0000000795580000)
  object space 87552K, 52% used [0x0000000740000000,0x0000000742d23100,0x0000000745580000)
 Metaspace       used 15071K, capacity 15754K, committed 16000K, reserved 1062912K
  class space    used 2146K, capacity 2306K, committed 2432K, reserved 1048576K
}
Event: 2.305 GC heap before
{Heap before GC invocations=4 (full 0):
 PSYoungGen      total 38400K, used 37440K [0x0000000795580000, 0x000000079a080000, 0x00000007c0000000)
  eden space 33280K, 97% used [0x0000000795580000,0x0000000797517be8,0x0000000797600000)
  from space 5120K, 99% used [0x0000000797600000,0x0000000797af8478,0x0000000797b00000)
  to   space 5120K, 0% used [0x0000000799b80000,0x0000000799b80000,0x000000079a080000)
 ParOldGen       total 87552K, used 46220K [0x0000000740000000, 0x0000000745580000, 0x0000000795580000)
  object space 87552K, 52% used [0x0000000740000000,0x0000000742d23100,0x0000000745580000)
 Metaspace       used 15072K, capacity 15754K, committed 16000K, reserved 1062912K
  class space    used 2146K, capacity 2306K, committed 2432K, reserved 1048576K
Event: 2.337 GC heap after
Heap after GC invocations=4 (full 0):
 PSYoungGen      total 71680K, used 5088K [0x0000000795580000, 0x000000079a080000, 0x00000007c0000000)
  eden space 66560K, 0% used [0x0000000795580000,0x0000000795580000,0x0000000799680000)
  from space 5120K, 99% used [0x0000000799b80000,0x000000079a078250,0x000000079a080000)
  to   space 5120K, 0% used [0x0000000799680000,0x0000000799680000,0x0000000799b80000)
 ParOldGen       total 87552K, used 74968K [0x0000000740000000, 0x0000000745580000, 0x0000000795580000)
  object space 87552K, 85% used [0x0000000740000000,0x00000007449362d0,0x0000000745580000)
 Metaspace       used 15072K, capacity 15754K, committed 16000K, reserved 1062912K
  class space    used 2146K, capacity 2306K, committed 2432K, reserved 1048576K
}
Event: 2.337 GC heap before
{Heap before GC invocations=5 (full 1):
 PSYoungGen      total 71680K, used 5088K [0x0000000795580000, 0x000000079a080000, 0x00000007c0000000)
  eden space 66560K, 0% used [0x0000000795580000,0x0000000795580000,0x0000000799680000)
  from space 5120K, 99% used [0x0000000799b80000,0x000000079a078250,0x000000079a080000)
  to   space 5120K, 0% used [0x0000000799680000,0x0000000799680000,0x0000000799b80000)
 ParOldGen       total 87552K, used 74968K [0x0000000740000000, 0x0000000745580000, 0x0000000795580000)
  object space 87552K, 85% used [0x0000000740000000,0x00000007449362d0,0x0000000745580000)
 Metaspace       used 15072K, capacity 15754K, committed 16000K, reserved 1062912K
  class space    used 2146K, capacity 2306K, committed 2432K, reserved 1048576K
Event: 2.391 GC heap after
Heap after GC invocations=5 (full 1):
 PSYoungGen      total 71680K, used 0K [0x0000000795580000, 0x000000079a080000, 0x00000007c0000000)
  eden space 66560K, 0% used [0x0000000795580000,0x0000000795580000,0x0000000799680000)
  from space 5120K, 0% used [0x0000000799b80000,0x0000000799b80000,0x000000079a080000)
  to   space 5120K, 0% used [0x0000000799680000,0x0000000799680000,0x0000000799b80000)
 ParOldGen       total 165888K, used 79878K [0x0000000740000000, 0x000000074a200000, 0x0000000795580000)
  object space 165888K, 48% used [0x0000000740000000,0x0000000744e01aa0,0x000000074a200000)
 Metaspace       used 15072K, capacity 15754K, committed 16000K, reserved 1062912K
  class space    used 2146K, capacity 2306K, committed 2432K, reserved 1048576K
}

Deoptimization events (10 events):
Event: 3.492 Thread 0x00007f87ee0bc800 Uncommon trap: reason=unstable_if action=reinterpret pc=0x000000010c6878ec method=com.sun.javafx.css.BitSet.add(Ljava/lang/Object;)Z @ 91
Event: 3.571 Thread 0x00007f87ee0bc800 Uncommon trap: reason=unstable_if action=reinterpret pc=0x000000010c760a14 method=com.sun.javafx.css.BitSet.addAll(Ljava/util/Collection;)Z @ 1
Event: 3.795 Thread 0x00007f87ee0bc800 Uncommon trap: reason=unstable_if action=reinterpret pc=0x000000010c541a74 method=jdk.internal.org.objectweb.asm.Type.getArgumentsAndReturnSizes(Ljava/lang/String;)I @ 47
Event: 3.964 Thread 0x00007f87ee8a5800 Uncommon trap: reason=class_check action=maybe_recompile pc=0x000000010c82ce50 method=java.util.WeakHashMap.eq(Ljava/lang/Object;Ljava/lang/Object;)Z @ 7
Event: 3.974 Thread 0x00007f87ee8a5800 Uncommon trap: reason=class_check action=maybe_recompile pc=0x000000010c82ce50 method=java.util.WeakHashMap.eq(Ljava/lang/Object;Ljava/lang/Object;)Z @ 7
Event: 3.987 Thread 0x00007f87ee8a5800 Uncommon trap: reason=class_check action=maybe_recompile pc=0x000000010c82ce50 method=java.util.WeakHashMap.eq(Ljava/lang/Object;Ljava/lang/Object;)Z @ 7
Event: 3.988 Thread 0x00007f87ee8a5800 Uncommon trap: reason=class_check action=maybe_recompile pc=0x000000010c82ce50 method=java.util.WeakHashMap.eq(Ljava/lang/Object;Ljava/lang/Object;)Z @ 7
Event: 4.484 Thread 0x00007f87ee0bc800 Uncommon trap: reason=unstable_if action=reinterpret pc=0x000000010c834420 method=javafx.scene.Node.impl_isDirty(Lcom/sun/javafx/scene/DirtyBits;)Z @ 12
Event: 4.883 Thread 0x00007f87ee0bc800 Uncommon trap: reason=unstable_if action=reinterpret pc=0x000000010c69dc54 method=java.lang.String.lastIndexOf([CII[CIII)I @ 66
Event: 4.897 Thread 0x00007f87ee0bc800 Uncommon trap: reason=null_assert action=make_not_entrant pc=0x000000010c3c053c method=java.util.zip.ZipEntry.<init>(Ljava/util/zip/ZipEntry;)V @ 70

Internal exceptions (10 events):
Event: 2.897 Thread 0x00007f87ee0bc800 Exception <a 'java/io/FileNotFoundException'> (0x000000079719e258) thrown at [/Users/java_re/workspace/8-2-build-macosx-x86_64/jdk8u144/9417/hotspot/src/share/vm/prims/jni.cpp, line 709]
Event: 2.917 Thread 0x00007f87ee0bc800 Exception <a 'java/io/FileNotFoundException'> (0x000000079723ba70) thrown at [/Users/java_re/workspace/8-2-build-macosx-x86_64/jdk8u144/9417/hotspot/src/share/vm/prims/jni.cpp, line 709]
Event: 2.920 Thread 0x00007f87ee0bc800 Exception <a 'java/io/FileNotFoundException'> (0x0000000797254ef8) thrown at [/Users/java_re/workspace/8-2-build-macosx-x86_64/jdk8u144/9417/hotspot/src/share/vm/prims/jni.cpp, line 709]
Event: 3.435 Thread 0x00007f87ee0bc800 Exception <a 'java/io/FileNotFoundException'> (0x0000000797abce60) thrown at [/Users/java_re/workspace/8-2-build-macosx-x86_64/jdk8u144/9417/hotspot/src/share/vm/prims/jni.cpp, line 709]
Event: 3.437 Thread 0x00007f87ee0bc800 Exception <a 'java/io/FileNotFoundException'> (0x0000000797acd9e8) thrown at [/Users/java_re/workspace/8-2-build-macosx-x86_64/jdk8u144/9417/hotspot/src/share/vm/prims/jni.cpp, line 709]
Event: 3.438 Thread 0x00007f87ee0bc800 Exception <a 'java/io/FileNotFoundException'> (0x0000000797adedc0) thrown at [/Users/java_re/workspace/8-2-build-macosx-x86_64/jdk8u144/9417/hotspot/src/share/vm/prims/jni.cpp, line 709]
Event: 3.440 Thread 0x00007f87ee0bc800 Exception <a 'java/io/FileNotFoundException'> (0x0000000797aefd88) thrown at [/Users/java_re/workspace/8-2-build-macosx-x86_64/jdk8u144/9417/hotspot/src/share/vm/prims/jni.cpp, line 709]
Event: 3.571 Thread 0x00007f87ee0bc800 Implicit null exception at 0x000000010c760451 to 0x000000010c7609fd
Event: 4.885 Thread 0x00007f87ee0bc800 Exception <a 'java/lang/NoClassDefFoundError': org/apache/log4j/Category> (0x0000000798ced478) thrown at [/Users/java_re/workspace/8-2-build-macosx-x86_64/jdk8u144/9417/hotspot/src/share/vm/classfile/systemDictionary.cpp, line 199]
Event: 4.895 Thread 0x00007f87ee0bc800 Exception <a 'java/lang/UnsatisfiedLinkError': com.intel.bluetooth.BluetoothStackOSX.isNativeCodeLoaded()Z> (0x0000000798d6ea30) thrown at [/Users/java_re/workspace/8-2-build-macosx-x86_64/jdk8u144/9417/hotspot/src/share/vm/prims/nativeLookup.cpp, line 37

Events (10 events):
Event: 4.896 loading class java/util/zip/ZipUtils done
Event: 4.896 loading class java/nio/file/attribute/FileTime
Event: 4.897 loading class java/nio/file/attribute/FileTime done
Event: 4.897 Thread 0x00007f87ee0bc800 Uncommon trap: trap_request=0xffffffec fr.pc=0x000000010c3c053c
Event: 4.897 Thread 0x00007f87ee0bc800 DEOPT PACKING pc=0x000000010c3c053c sp=0x00007fff5c9f35e0
Event: 4.897 Thread 0x00007f87ee0bc800 DEOPT UNPACKING pc=0x000000010c08a229 sp=0x00007fff5c9f33e0 mode 2
Event: 4.897 loading class java/io/DeleteOnExitHook
Event: 4.897 loading class java/io/DeleteOnExitHook done
Event: 4.897 loading class java/io/DeleteOnExitHook$1
Event: 4.898 loading class java/io/DeleteOnExitHook$1 done


Dynamic libraries:
0x00000000204d5000 	/System/Library/Frameworks/Cocoa.framework/Versions/A/Cocoa
0x00000000204d5000 	/System/Library/Frameworks/Security.framework/Versions/A/Security
0x00000000204d5000 	/System/Library/Frameworks/ApplicationServices.framework/Versions/A/ApplicationServices
0x00000000204d5000 	/usr/lib/libz.1.dylib
0x00000000204d5000 	/usr/lib/libSystem.B.dylib
0x00000000204d5000 	/usr/lib/libobjc.A.dylib
0x00000000204d5000 	/System/Library/Frameworks/CoreFoundation.framework/Versions/A/CoreFoundation
0x00000000204d5000 	/System/Library/Frameworks/Foundation.framework/Versions/C/Foundation
0x00000000204d5000 	/System/Library/Frameworks/AppKit.framework/Versions/C/AppKit
0x00000000204d5000 	/System/Library/Frameworks/CoreData.framework/Versions/A/CoreData
0x00000000204d5000 	/System/Library/PrivateFrameworks/RemoteViewServices.framework/Versions/A/RemoteViewServices
0x00000000204d5000 	/System/Library/PrivateFrameworks/UIFoundation.framework/Versions/A/UIFoundation
0x00000000204d5000 	/System/Library/PrivateFrameworks/DFRFoundation.framework/Versions/A/DFRFoundation
0x00000000204d5000 	/usr/lib/libenergytrace.dylib
0x00000000204d5000 	/System/Library/PrivateFrameworks/SkyLight.framework/Versions/A/SkyLight
0x00000000204d5000 	/System/Library/Frameworks/CoreGraphics.framework/Versions/A/CoreGraphics
0x00000000204d5000 	/usr/lib/libScreenReader.dylib
0x00000000204d5000 	/System/Library/Frameworks/Accelerate.framework/Versions/A/Accelerate
0x00000000204d5000 	/System/Library/Frameworks/IOSurface.framework/Versions/A/IOSurface
0x00000000204d5000 	/System/Library/Frameworks/AudioToolbox.framework/Versions/A/AudioToolbox
0x00000000204d5000 	/System/Library/Frameworks/AudioUnit.framework/Versions/A/AudioUnit
0x00000000204d5000 	/System/Library/PrivateFrameworks/DataDetectorsCore.framework/Versions/A/DataDetectorsCore
0x00000000204d5000 	/System/Library/PrivateFrameworks/DesktopServicesPriv.framework/Versions/A/DesktopServicesPriv
0x00000000204d5000 	/System/Library/Frameworks/Carbon.framework/Versions/A/Frameworks/HIToolbox.framework/Versions/A/HIToolbox
0x00000000204d5000 	/usr/lib/libicucore.A.dylib
0x00000000204d5000 	/System/Library/Frameworks/QuartzCore.framework/Versions/A/QuartzCore
0x00000000204d5000 	/System/Library/Frameworks/Carbon.framework/Versions/A/Frameworks/SpeechRecognition.framework/Versions/A/SpeechRecognition
0x00000000204d5000 	/usr/lib/libauto.dylib
0x00000000204d5000 	/usr/lib/libxml2.2.dylib
0x00000000204d5000 	/System/Library/PrivateFrameworks/CoreUI.framework/Versions/A/CoreUI
0x00000000204d5000 	/System/Library/Frameworks/CoreAudio.framework/Versions/A/CoreAudio
0x00000000204d5000 	/System/Library/Frameworks/DiskArbitration.framework/Versions/A/DiskArbitration
0x00000000204d5000 	/usr/lib/liblangid.dylib
0x00000000204d5000 	/System/Library/PrivateFrameworks/MultitouchSupport.framework/Versions/A/MultitouchSupport
0x00000000204d5000 	/System/Library/Frameworks/IOKit.framework/Versions/A/IOKit
0x00000000204d5000 	/usr/lib/libDiagnosticMessagesClient.dylib
0x00000000204d5000 	/System/Library/Frameworks/CoreServices.framework/Versions/A/CoreServices
0x00000000204d5000 	/System/Library/PrivateFrameworks/PerformanceAnalysis.framework/Versions/A/PerformanceAnalysis
0x00000000204d5000 	/System/Library/PrivateFrameworks/GenerationalStorage.framework/Versions/A/GenerationalStorage
0x00000000204d5000 	/System/Library/Frameworks/OpenGL.framework/Versions/A/OpenGL
0x00000000204d5000 	/System/Library/Frameworks/CoreImage.framework/Versions/A/CoreImage
0x00000000204d5000 	/System/Library/Frameworks/CoreText.framework/Versions/A/CoreText
0x00000000204d5000 	/System/Library/Frameworks/ImageIO.framework/Versions/A/ImageIO
0x00000000204d5000 	/System/Library/PrivateFrameworks/Backup.framework/Versions/A/Backup
0x00000000204d5000 	/usr/lib/libarchive.2.dylib
0x00000000204d5000 	/System/Library/Frameworks/CFNetwork.framework/Versions/A/CFNetwork
0x00000000204d5000 	/System/Library/Frameworks/SystemConfiguration.framework/Versions/A/SystemConfiguration
0x00000000204d5000 	/usr/lib/libCRFSuite.dylib
0x00000000204d5000 	/usr/lib/libc++.1.dylib
0x00000000204d5000 	/usr/lib/libc++abi.dylib
0x00000000204d5000 	/usr/lib/system/libcache.dylib
0x00000000204d5000 	/usr/lib/system/libcommonCrypto.dylib
0x00000000204d5000 	/usr/lib/system/libcompiler_rt.dylib
0x00000000204d5000 	/usr/lib/system/libcopyfile.dylib
0x00000000204d5000 	/usr/lib/system/libcorecrypto.dylib
0x00000000204d5000 	/usr/lib/system/libdispatch.dylib
0x00000000204d5000 	/usr/lib/system/libdyld.dylib
0x00000000204d5000 	/usr/lib/system/libkeymgr.dylib
0x00000000204d5000 	/usr/lib/system/liblaunch.dylib
0x00000000204d5000 	/usr/lib/system/libmacho.dylib
0x00000000204d5000 	/usr/lib/system/libquarantine.dylib
0x00000000204d5000 	/usr/lib/system/libremovefile.dylib
0x00000000204d5000 	/usr/lib/system/libsystem_asl.dylib
0x00000000204d5000 	/usr/lib/system/libsystem_blocks.dylib
0x00000000204d5000 	/usr/lib/system/libsystem_c.dylib
0x00000000204d5000 	/usr/lib/system/libsystem_configuration.dylib
0x00000000204d5000 	/usr/lib/system/libsystem_coreservices.dylib
0x00000000204d5000 	/usr/lib/system/libsystem_coretls.dylib
0x00000000204d5000 	/usr/lib/system/libsystem_dnssd.dylib
0x00000000204d5000 	/usr/lib/system/libsystem_info.dylib
0x00000000204d5000 	/usr/lib/system/libsystem_kernel.dylib
0x00000000204d5000 	/usr/lib/system/libsystem_m.dylib
0x00000000204d5000 	/usr/lib/system/libsystem_malloc.dylib
0x00000000204d5000 	/usr/lib/system/libsystem_network.dylib
0x00000000204d5000 	/usr/lib/system/libsystem_networkextension.dylib
0x00000000204d5000 	/usr/lib/system/libsystem_notify.dylib
0x00000000204d5000 	/usr/lib/system/libsystem_platform.dylib
0x00000000204d5000 	/usr/lib/system/libsystem_pthread.dylib
0x00000000204d5000 	/usr/lib/system/libsystem_sandbox.dylib
0x00000000204d5000 	/usr/lib/system/libsystem_secinit.dylib
0x00000000204d5000 	/usr/lib/system/libsystem_symptoms.dylib
0x00000000204d5000 	/usr/lib/system/libsystem_trace.dylib
0x00000000204d5000 	/usr/lib/system/libunwind.dylib
0x00000000204d5000 	/usr/lib/system/libxpc.dylib
0x00000000204d5000 	/usr/lib/libbsm.0.dylib
0x00000000204d5000 	/usr/lib/system/libkxld.dylib
0x00000000204d5000 	/usr/lib/libcoretls.dylib
0x00000000204d5000 	/usr/lib/libcoretls_cfhelpers.dylib
0x00000000204d5000 	/usr/lib/libOpenScriptingUtil.dylib
0x00000000204d5000 	/usr/lib/libpam.2.dylib
0x00000000204d5000 	/usr/lib/libsqlite3.dylib
0x00000000204d5000 	/usr/lib/libxar.1.dylib
0x00000000204d5000 	/usr/lib/libbz2.1.0.dylib
0x00000000204d5000 	/usr/lib/liblzma.5.dylib
0x00000000204d5000 	/usr/lib/libnetwork.dylib
0x00000000204d5000 	/usr/lib/libpcap.A.dylib
0x00000000204d5000 	/System/Library/Frameworks/CoreServices.framework/Versions/A/Frameworks/FSEvents.framework/Versions/A/FSEvents
0x00000000204d5000 	/System/Library/Frameworks/CoreServices.framework/Versions/A/Frameworks/CarbonCore.framework/Versions/A/CarbonCore
0x00000000204d5000 	/System/Library/Frameworks/CoreServices.framework/Versions/A/Frameworks/Metadata.framework/Versions/A/Metadata
0x00000000204d5000 	/System/Library/Frameworks/CoreServices.framework/Versions/A/Frameworks/OSServices.framework/Versions/A/OSServices
0x00000000204d5000 	/System/Library/Frameworks/CoreServices.framework/Versions/A/Frameworks/SearchKit.framework/Versions/A/SearchKit
0x00000000204d5000 	/System/Library/Frameworks/CoreServices.framework/Versions/A/Frameworks/AE.framework/Versions/A/AE
0x00000000204d5000 	/System/Library/Frameworks/CoreServices.framework/Versions/A/Frameworks/LaunchServices.framework/Versions/A/LaunchServices
0x00000000204d5000 	/System/Library/Frameworks/CoreServices.framework/Versions/A/Frameworks/DictionaryServices.framework/Versions/A/DictionaryServices
0x00000000204d5000 	/System/Library/Frameworks/CoreServices.framework/Versions/A/Frameworks/SharedFileList.framework/Versions/A/SharedFileList
0x00000000204d5000 	/System/Library/Frameworks/NetFS.framework/Versions/A/NetFS
0x00000000204d5000 	/System/Library/PrivateFrameworks/NetAuth.framework/Versions/A/NetAuth
0x00000000204d5000 	/System/Library/PrivateFrameworks/login.framework/Versions/A/Frameworks/loginsupport.framework/Versions/A/loginsupport
0x00000000204d5000 	/System/Library/PrivateFrameworks/TCC.framework/Versions/A/TCC
0x00000000204d5000 	/usr/lib/libmecabra.dylib
0x00000000204d5000 	/System/Library/Frameworks/ApplicationServices.framework/Versions/A/Frameworks/ATS.framework/Versions/A/ATS
0x00000000204d5000 	/System/Library/Frameworks/ApplicationServices.framework/Versions/A/Frameworks/ColorSync.framework/Versions/A/ColorSync
0x00000000204d5000 	/System/Library/Frameworks/ApplicationServices.framework/Versions/A/Frameworks/HIServices.framework/Versions/A/HIServices
0x00000000204d5000 	/System/Library/Frameworks/ApplicationServices.framework/Versions/A/Frameworks/LangAnalysis.framework/Versions/A/LangAnalysis
0x00000000204d5000 	/System/Library/Frameworks/ApplicationServices.framework/Versions/A/Frameworks/PrintCore.framework/Versions/A/PrintCore
0x00000000204d5000 	/System/Library/Frameworks/ApplicationServices.framework/Versions/A/Frameworks/QD.framework/Versions/A/QD
0x00000000204d5000 	/System/Library/Frameworks/ApplicationServices.framework/Versions/A/Frameworks/SpeechSynthesis.framework/Versions/A/SpeechSynthesis
0x00000000204d5000 	/System/Library/Frameworks/Accelerate.framework/Versions/A/Frameworks/vImage.framework/Versions/A/vImage
0x00000000204d5000 	/System/Library/Frameworks/Accelerate.framework/Versions/A/Frameworks/vecLib.framework/Versions/A/vecLib
0x00000000204d5000 	/System/Library/Frameworks/Accelerate.framework/Versions/A/Frameworks/vecLib.framework/Versions/A/libvDSP.dylib
0x00000000204d5000 	/System/Library/Frameworks/Accelerate.framework/Versions/A/Frameworks/vecLib.framework/Versions/A/libBNNS.dylib
0x00000000204d5000 	/System/Library/Frameworks/Accelerate.framework/Versions/A/Frameworks/vecLib.framework/Versions/A/libQuadrature.dylib
0x00000000204d5000 	/System/Library/Frameworks/Accelerate.framework/Versions/A/Frameworks/vecLib.framework/Versions/A/libvMisc.dylib
0x00000000204d5000 	/System/Library/Frameworks/Accelerate.framework/Versions/A/Frameworks/vecLib.framework/Versions/A/libLAPACK.dylib
0x00000000204d5000 	/System/Library/Frameworks/Accelerate.framework/Versions/A/Frameworks/vecLib.framework/Versions/A/libBLAS.dylib
0x00000000204d5000 	/System/Library/Frameworks/Accelerate.framework/Versions/A/Frameworks/vecLib.framework/Versions/A/libLinearAlgebra.dylib
0x00000000204d5000 	/System/Library/Frameworks/Accelerate.framework/Versions/A/Frameworks/vecLib.framework/Versions/A/libSparseBLAS.dylib
0x00000000204d5000 	/System/Library/Frameworks/ApplicationServices.framework/Versions/A/Frameworks/ATS.framework/Versions/A/Resources/libFontParser.dylib
0x00000000204d5000 	/System/Library/Frameworks/ApplicationServices.framework/Versions/A/Frameworks/ATS.framework/Versions/A/Resources/libFontRegistry.dylib
0x00000000204d5000 	/System/Library/Frameworks/ImageIO.framework/Versions/A/Resources/libJPEG.dylib
0x00000000204d5000 	/System/Library/Frameworks/ImageIO.framework/Versions/A/Resources/libTIFF.dylib
0x00000000204d5000 	/System/Library/Frameworks/ImageIO.framework/Versions/A/Resources/libPng.dylib
0x00000000204d5000 	/System/Library/Frameworks/ImageIO.framework/Versions/A/Resources/libGIF.dylib
0x00000000204d5000 	/System/Library/Frameworks/ImageIO.framework/Versions/A/Resources/libJP2.dylib
0x00000000204d5000 	/System/Library/Frameworks/ImageIO.framework/Versions/A/Resources/libRadiance.dylib
0x00000000204d5000 	/usr/lib/libcompression.dylib
0x00000000204d5000 	/System/Library/PrivateFrameworks/AppleJPEG.framework/Versions/A/AppleJPEG
0x00000000204d5000 	/usr/lib/libcups.2.dylib
0x00000000204d5000 	/System/Library/Frameworks/Kerberos.framework/Versions/A/Kerberos
0x00000000204d5000 	/System/Library/Frameworks/GSS.framework/Versions/A/GSS
0x00000000204d5000 	/usr/lib/libresolv.9.dylib
0x00000000204d5000 	/usr/lib/libiconv.2.dylib
0x00000000204d5000 	/System/Library/PrivateFrameworks/Heimdal.framework/Versions/A/Heimdal
0x00000000204d5000 	/usr/lib/libheimdal-asn1.dylib
0x00000000204d5000 	/System/Library/Frameworks/OpenDirectory.framework/Versions/A/OpenDirectory
0x00000000204d5000 	/System/Library/PrivateFrameworks/CommonAuth.framework/Versions/A/CommonAuth
0x00000000204d5000 	/System/Library/Frameworks/OpenDirectory.framework/Versions/A/Frameworks/CFOpenDirectory.framework/Versions/A/CFOpenDirectory
0x00000000204d5000 	/System/Library/Frameworks/SecurityFoundation.framework/Versions/A/SecurityFoundation
0x00000000204d5000 	/System/Library/PrivateFrameworks/LanguageModeling.framework/Versions/A/LanguageModeling
0x00000000204d5000 	/usr/lib/libmarisa.dylib
0x00000000204d5000 	/usr/lib/libChineseTokenizer.dylib
0x00000000204d5000 	/usr/lib/libcmph.dylib
0x00000000204d5000 	/System/Library/PrivateFrameworks/CoreEmoji.framework/Versions/A/CoreEmoji
0x00000000204d5000 	/System/Library/Frameworks/ServiceManagement.framework/Versions/A/ServiceManagement
0x00000000204d5000 	/usr/lib/libxslt.1.dylib
0x00000000204d5000 	/System/Library/Frameworks/Carbon.framework/Versions/A/Frameworks/Ink.framework/Versions/A/Ink
0x00000000204d5000 	/System/Library/PrivateFrameworks/TextureIO.framework/Versions/A/TextureIO
0x00000000204d5000 	/System/Library/Frameworks/Metal.framework/Versions/A/Metal
0x00000000204d5000 	/usr/lib/libate.dylib
0x00000000204d5000 	/System/Library/PrivateFrameworks/GPUCompiler.framework/libmetal_timestamp.dylib
0x00000000204d5000 	/System/Library/Frameworks/OpenGL.framework/Versions/A/Libraries/libCoreFSCache.dylib
0x00000000204d5000 	/System/Library/PrivateFrameworks/IOAccelerator.framework/Versions/A/IOAccelerator
0x00000000204d5000 	/System/Library/Frameworks/CoreVideo.framework/Versions/A/CoreVideo
0x00000000204d5000 	/usr/lib/libFosl_dynamic.dylib
0x00000000204d5000 	/System/Library/PrivateFrameworks/MetalPerformanceShaders.framework/Versions/A/MetalPerformanceShaders
0x00000000204d5000 	/System/Library/PrivateFrameworks/FaceCore.framework/Versions/A/FaceCore
0x00000000204d5000 	/System/Library/Frameworks/OpenCL.framework/Versions/A/OpenCL
0x00000000204d5000 	/System/Library/Frameworks/OpenGL.framework/Versions/A/Libraries/libGLU.dylib
0x00000000204d5000 	/System/Library/Frameworks/OpenGL.framework/Versions/A/Libraries/libGFXShared.dylib
0x00000000204d5000 	/System/Library/Frameworks/OpenGL.framework/Versions/A/Libraries/libGL.dylib
0x00000000204d5000 	/System/Library/Frameworks/OpenGL.framework/Versions/A/Libraries/libGLImage.dylib
0x00000000204d5000 	/System/Library/Frameworks/OpenGL.framework/Versions/A/Libraries/libCVMSPluginSupport.dylib
0x00000000204d5000 	/System/Library/Frameworks/OpenGL.framework/Versions/A/Libraries/libCoreVMClient.dylib
0x00000000204d5000 	/System/Library/PrivateFrameworks/CrashReporterSupport.framework/Versions/A/CrashReporterSupport
0x00000000204d5000 	/System/Library/PrivateFrameworks/Sharing.framework/Versions/A/Sharing
0x00000000204d5000 	/System/Library/PrivateFrameworks/IconServices.framework/Versions/A/IconServices
0x00000000204d5000 	/System/Library/PrivateFrameworks/ProtocolBuffer.framework/Versions/A/ProtocolBuffer
0x00000000204d5000 	/System/Library/PrivateFrameworks/Apple80211.framework/Versions/A/Apple80211
0x00000000204d5000 	/System/Library/Frameworks/CoreWLAN.framework/Versions/A/CoreWLAN
0x00000000204d5000 	/System/Library/PrivateFrameworks/CoreUtils.framework/Versions/A/CoreUtils
0x00000000204d5000 	/System/Library/Frameworks/IOBluetooth.framework/Versions/A/IOBluetooth
0x00000000204d5000 	/System/Library/PrivateFrameworks/CoreWiFi.framework/Versions/A/CoreWiFi
0x00000000204d5000 	/System/Library/Frameworks/CoreBluetooth.framework/Versions/A/CoreBluetooth
0x00000000204d5000 	/System/Library/Frameworks/CoreDisplay.framework/Versions/A/CoreDisplay
0x00000000204d5000 	/System/Library/PrivateFrameworks/IOPresentment.framework/Versions/A/IOPresentment
0x00000000204d5000 	/System/Library/PrivateFrameworks/DSExternalDisplay.framework/Versions/A/DSExternalDisplay
0x00000000204d5000 	/System/Library/PrivateFrameworks/DebugSymbols.framework/Versions/A/DebugSymbols
0x00000000204d5000 	/System/Library/PrivateFrameworks/CoreSymbolication.framework/Versions/A/CoreSymbolication
0x00000000204d5000 	/System/Library/PrivateFrameworks/Symbolication.framework/Versions/A/Symbolication
0x00000000204d5000 	/System/Library/PrivateFrameworks/AppleFSCompression.framework/Versions/A/AppleFSCompression
0x00000000204d5000 	/System/Library/PrivateFrameworks/SpeechRecognitionCore.framework/Versions/A/SpeechRecognitionCore
0x00000000204d5000 	/System/Library/PrivateFrameworks/ChunkingLibrary.framework/Versions/A/ChunkingLibrary
0x0000000103c00000 	/Library/Java/JavaVirtualMachines/jdk1.8.0_144.jdk/Contents/Home/jre/lib/server/libjvm.dylib
0x00000000204d5000 	/usr/lib/libstdc++.6.dylib
0x0000000103281000 	/Library/Java/JavaVirtualMachines/jdk1.8.0_144.jdk/Contents/Home/jre/lib/libverify.dylib
0x000000010328f000 	/Library/Java/JavaVirtualMachines/jdk1.8.0_144.jdk/Contents/Home/jre/lib/libjava.dylib
0x00000001032c5000 	/Library/Java/JavaVirtualMachines/jdk1.8.0_144.jdk/Contents/Home/jre/lib/libinstrument.dylib
0x0000000103323000 	/Library/Java/JavaVirtualMachines/jdk1.8.0_144.jdk/Contents/Home/jre/lib/libzip.dylib
0x000000010b40f000 	/System/Library/Frameworks/JavaVM.framework/Frameworks/JavaRuntimeSupport.framework/JavaRuntimeSupport
0x000000010b429000 	/System/Library/Frameworks/JavaVM.framework/Versions/A/Frameworks/JavaNativeFoundation.framework/Versions/A/JavaNativeFoundation
0x000000010b43e000 	/System/Library/Frameworks/JavaVM.framework/Versions/A/JavaVM
0x00000000204d5000 	/System/Library/Frameworks/Carbon.framework/Versions/A/Carbon
0x000000010b44b000 	/System/Library/PrivateFrameworks/JavaLaunching.framework/Versions/A/JavaLaunching
0x00000000204d5000 	/System/Library/Frameworks/Carbon.framework/Versions/A/Frameworks/CommonPanels.framework/Versions/A/CommonPanels
0x00000000204d5000 	/System/Library/Frameworks/Carbon.framework/Versions/A/Frameworks/Help.framework/Versions/A/Help
0x00000000204d5000 	/System/Library/Frameworks/Carbon.framework/Versions/A/Frameworks/ImageCapture.framework/Versions/A/ImageCapture
0x00000000204d5000 	/System/Library/Frameworks/Carbon.framework/Versions/A/Frameworks/OpenScripting.framework/Versions/A/OpenScripting
0x00000000204d5000 	/System/Library/Frameworks/Carbon.framework/Versions/A/Frameworks/Print.framework/Versions/A/Print
0x00000000204d5000 	/System/Library/Frameworks/Carbon.framework/Versions/A/Frameworks/SecurityHI.framework/Versions/A/SecurityHI
0x000000010b616000 	/Library/Java/JavaVirtualMachines/jdk1.8.0_144.jdk/Contents/Home/jre/lib/libnet.dylib
0x000000010b70b000 	/Library/Java/JavaVirtualMachines/jdk1.8.0_144.jdk/Contents/Home/jre/lib/libprism_es2.dylib
0x000000010b771000 	/System/Library/Frameworks/OpenGL.framework/Resources/GLEngine.bundle/GLEngine
0x00000000204d5000 	/System/Library/Frameworks/OpenGL.framework/Versions/A/Libraries/libGLProgrammability.dylib
0x000000011c93e000 	/System/Library/Extensions/AppleIntelSKLGraphicsGLDriver.bundle/Contents/MacOS/AppleIntelSKLGraphicsGLDriver
0x00000000204d5000 	/System/Library/PrivateFrameworks/GPUSupport.framework/Versions/A/Libraries/libGPUSupportMercury.dylib
0x000000010b95a000 	/System/Library/Frameworks/OpenGL.framework/Resources//GLRendererFloat.bundle/GLRendererFloat
0x00000000204d5000 	/System/Library/Frameworks/OpenCL.framework/Versions/A/Libraries/libcldcpuengine.dylib
0x00000000204d5000 	/usr/lib/libcrypto.0.9.8.dylib
0x00000000204d5000 	/System/Library/PrivateFrameworks/TrustEvaluationAgent.framework/Versions/A/TrustEvaluationAgent
0x000000010bd7d000 	/Library/Java/JavaVirtualMachines/jdk1.8.0_144.jdk/Contents/Home/jre/lib/libglass.dylib
0x00000000204d5000 	/System/Library/PrivateFrameworks/CoreServicesInternal.framework/Versions/A/CoreServicesInternal
0x00000000204d5000 	/System/Library/CoreServices/RawCamera.bundle/Contents/MacOS/RawCamera
0x00000000204d5000 	/System/Library/Frameworks/Accelerate.framework/Versions/A/Frameworks/vImage.framework/Versions/A/Libraries/libCGInterfaces.dylib
0x00000000204d5000 	/System/Library/PrivateFrameworks/FamilyControls.framework/Versions/A/FamilyControls
0x00000000204d5000 	/System/Library/PrivateFrameworks/CommerceKit.framework/Versions/A/Frameworks/CommerceCore.framework/Versions/A/CommerceCore
0x00000000204d5000 	/System/Library/PrivateFrameworks/SystemAdministration.framework/Versions/A/SystemAdministration
0x00000000204d5000 	/System/Library/PrivateFrameworks/AppContainer.framework/Versions/A/AppContainer
0x00000000204d5000 	/System/Library/PrivateFrameworks/SecCodeWrapper.framework/Versions/A/SecCodeWrapper
0x00000000204d5000 	/System/Library/Frameworks/DirectoryService.framework/Versions/A/DirectoryService
0x00000000204d5000 	/System/Library/PrivateFrameworks/DiskImages.framework/Versions/A/DiskImages
0x00000000204d5000 	/System/Library/PrivateFrameworks/LoginUIKit.framework/Versions/A/Frameworks/LoginUICore.framework/Versions/A/LoginUICore
0x00000000204d5000 	/usr/lib/libCoreStorage.dylib
0x00000000204d5000 	/usr/lib/libcsfde.dylib
0x00000000204d5000 	/usr/lib/libodfde.dylib
0x00000000204d5000 	/System/Library/Frameworks/DiscRecording.framework/Versions/A/DiscRecording
0x00000000204d5000 	/usr/lib/libcurl.4.dylib
0x00000000204d5000 	/System/Library/PrivateFrameworks/MediaKit.framework/Versions/A/MediaKit
0x00000000204d5000 	/System/Library/PrivateFrameworks/ProtectedCloudStorage.framework/Versions/A/ProtectedCloudStorage
0x00000000204d5000 	/System/Library/PrivateFrameworks/EFILogin.framework/Versions/A/EFILogin
0x00000000204d5000 	/usr/lib/libutil.dylib
0x00000000204d5000 	/System/Library/Frameworks/LDAP.framework/Versions/A/LDAP
0x00000000204d5000 	/usr/lib/libsasl2.2.dylib
0x00000000204d5000 	/System/Library/PrivateFrameworks/CoreDaemon.framework/Versions/B/CoreDaemon
0x00000000204d5000 	/System/Library/PrivateFrameworks/AppleSRP.framework/Versions/A/AppleSRP
0x00000000204d5000 	/System/Library/PrivateFrameworks/APFS.framework/Versions/A/APFS
0x000000011dd2a000 	/Library/Java/JavaVirtualMachines/jdk1.8.0_144.jdk/Contents/Home/jre/lib/libjavafx_font.dylib
0x00000000204d5000 	/System/Library/Frameworks/ApplicationServices.framework/Versions/A/Frameworks/ATS.framework/Versions/A/Resources/libTrueTypeScaler.dylib
0x0000000124d63000 	/System/Library/Extensions/AppleIntelSKLGraphicsMTLDriver.bundle/Contents/MacOS/AppleIntelSKLGraphicsMTLDriver
0x00000000204d5000 	/System/Library/PrivateFrameworks/ViewBridge.framework/Versions/A/ViewBridge
0x00000000204d5000 	/System/Library/PrivateFrameworks/XPCService.framework/Versions/A/XPCService
0x00000000204d5000 	/System/Library/PrivateFrameworks/AppSandbox.framework/Versions/A/AppSandbox
0x00000000204d5000 	/usr/lib/libsandbox.1.dylib
0x00000000204d5000 	/usr/lib/libMatch.1.dylib
0x0000000120758000 	/Library/Java/JavaVirtualMachines/jdk1.8.0_144.jdk/Contents/Home/jre/lib/libprism_common.dylib
0x000000012137a000 	/private/var/folders/mc/drkjmxf92tn7vspsjqxjqyzh0000gq/T/bluecove_patrick.wigger_0/libbluecove.jnilib

VM Arguments:
jvm_args: -javaagent:/Applications/IntelliJ IDEA.app/Contents/lib/idea_rt.jar=61174:/Applications/IntelliJ IDEA.app/Contents/bin -Dfile.encoding=UTF-8 
java_command: FrvaApp
java_class_path (initial): /Library/Java/JavaVirtualMachines/jdk1.8.0_144.jdk/Contents/Home/jre/lib/charsets.jar:/Library/Java/JavaVirtualMachines/jdk1.8.0_144.jdk/Contents/Home/jre/lib/deploy.jar:/Library/Java/JavaVirtualMachines/jdk1.8.0_144.jdk/Contents/Home/jre/lib/ext/cldrdata.jar:/Library/Java/JavaVirtualMachines/jdk1.8.0_144.jdk/Contents/Home/jre/lib/ext/comm.jar:/Library/Java/JavaVirtualMachines/jdk1.8.0_144.jdk/Contents/Home/jre/lib/ext/dnsns.jar:/Library/Java/JavaVirtualMachines/jdk1.8.0_144.jdk/Contents/Home/jre/lib/ext/jaccess.jar:/Library/Java/JavaVirtualMachines/jdk1.8.0_144.jdk/Contents/Home/jre/lib/ext/jfxrt.jar:/Library/Java/JavaVirtualMachines/jdk1.8.0_144.jdk/Contents/Home/jre/lib/ext/localedata.jar:/Library/Java/JavaVirtualMachines/jdk1.8.0_144.jdk/Contents/Home/jre/lib/ext/nashorn.jar:/Library/Java/JavaVirtualMachines/jdk1.8.0_144.jdk/Contents/Home/jre/lib/ext/sunec.jar:/Library/Java/JavaVirtualMachines/jdk1.8.0_144.jdk/Contents/Home/jre/lib/ext/sunjce_provider.jar:/Library/Java/JavaVirtualMachines/jdk1.8.0_144.jdk/Contents/Home/jre/lib/ext/sunpkcs11.jar:/Library/Java/JavaVirtualMachines/jdk1.8.0_144.jdk/Contents/Home/jre/lib/ext/zipfs.jar:/Library/Java/JavaVirtualMachines/jdk1.8.0_144.jdk/Contents/Home/jre/lib/javaws.jar:/Library/Java/JavaVirtualMachines/jdk1.8.0_144.jdk/Contents/Home/jre/lib/jce.jar:/Library/Java/JavaVirtualMachines/jdk1.8.0_144.jdk/Contents/Home/jre/lib/jfr.jar:/Library/Java/JavaVirtualMachines/jdk1.8.0_144.jdk/Contents/Home/jre/lib/jfxswt.jar:/Library/Java/JavaVirtualMachines/jdk1.8.0_144.jdk/Contents/Home/jre/lib/jsse.jar:/Library/Java/JavaVirtualMachines/jdk1.8.0_144.jdk/Contents/Home/jre/lib/management-agent.jar:/Library/Java/JavaVirtualMachines/jdk1.8.0_144.jdk/Contents/Home/jre/lib/plugin.jar:/Library/Java/JavaVirtualMachines/jdk1.8.0_144.jdk/Contents/Home/jre/lib/resources.jar:/Library/Java/JavaVirtualMachines/jdk1.8.0_144.jdk/Contents/Home/jre/lib/rt.jar:/Library/Java/JavaVirtualMachines/jdk1.8.0_144.jdk/Contents/Ho
Launcher Type: SUN_STANDARD

Environment Variables:
PATH=/usr/local/bin:/usr/bin:/bin:/usr/sbin:/sbin:/opt/X11/bin:/usr/local/munki:/Applications/Wireshark.app/Contents/MacOS
SHELL=/bin/bash
DISPLAY=/private/tmp/com.apple.launchd.ugIGmzVXwh/org.macosforge.xquartz:0

Signal Handlers:
SIGSEGV: [libjvm.dylib+0x5b26e5], sa_mask[0]=11111111011111110111111111111111, sa_flags=SA_ONSTACK|SA_RESTART|SA_SIGINFO
SIGBUS: [libjvm.dylib+0x5b26e5], sa_mask[0]=11111111011111110111111111111111, sa_flags=SA_RESTART|SA_SIGINFO
SIGFPE: [libjvm.dylib+0x489100], sa_mask[0]=11111111011111110111111111111111, sa_flags=SA_RESTART|SA_SIGINFO
SIGPIPE: [libjvm.dylib+0x489100], sa_mask[0]=11111111011111110111111111111111, sa_flags=SA_RESTART|SA_SIGINFO
SIGXFSZ: [libjvm.dylib+0x489100], sa_mask[0]=11111111011111110111111111111111, sa_flags=SA_RESTART|SA_SIGINFO
SIGILL: [libjvm.dylib+0x489100], sa_mask[0]=11111111011111110111111111111111, sa_flags=SA_RESTART|SA_SIGINFO
SIGUSR1: SIG_DFL, sa_mask[0]=00000000000000000000000000000000, sa_flags=none
SIGUSR2: [libjvm.dylib+0x488c1e], sa_mask[0]=00100000000000000000000000000000, sa_flags=SA_RESTART|SA_SIGINFO
SIGHUP: [libjvm.dylib+0x4871f5], sa_mask[0]=11111111011111110111111111111111, sa_flags=SA_RESTART|SA_SIGINFO
SIGINT: [libjvm.dylib+0x4871f5], sa_mask[0]=11111111011111110111111111111111, sa_flags=SA_RESTART|SA_SIGINFO
SIGTERM: [libjvm.dylib+0x4871f5], sa_mask[0]=11111111011111110111111111111111, sa_flags=SA_RESTART|SA_SIGINFO
SIGQUIT: [libjvm.dylib+0x4871f5], sa_mask[0]=11111111011111110111111111111111, sa_flags=SA_RESTART|SA_SIGINFO


---------------  S Y S T E M  ---------------

OS:Bsduname:Darwin 16.6.0 Darwin Kernel Version 16.6.0: Fri Apr 14 16:21:16 PDT 2017; root:xnu-3789.60.24~6/RELEASE_X86_64 x86_64
rlimit: STACK 8192k, CORE 0k, NPROC 709, NOFILE 10240, AS infinity
load average:3.90 3.68 2.95

CPU:total 4 (initial active 4) (2 cores per cpu, 2 threads per core) family 6 model 78 stepping 3, cmov, cx8, fxsr, mmx, sse, sse2, sse3, ssse3, sse4.1, sse4.2, popcnt, avx, avx2, aes, clmul, erms, 3dnowpref, lzcnt, ht, tsc, tscinvbit, bmi1, bmi2, adx

Memory: 4k page, physical 8388608k(25520k free)

/proc/meminfo:


vm_info: Java HotSpot(TM) 64-Bit Server VM (25.144-b01) for bsd-amd64 JRE (1.8.0_144-b01), built on Jul 21 2017 22:07:42 by "java_re" with gcc 4.2.1 (Based on Apple Inc. build 5658) (LLVM build 2336.11.00)

time: Thu Nov 30 20:36:38 2017
elapsed time: 4 seconds (0d 0h 0m 4s)

