#
# A fatal error has been detected by the Java Runtime Environment:
#
#  SIGILL (0x4) at pc=0x00007fffb3b29694, pid=2380, tid=0x0000000000000307
#
# JRE version: Java(TM) SE Runtime Environment (8.0_144-b01) (build 1.8.0_144-b01)
# Java VM: Java HotSpot(TM) 64-Bit Server VM (25.144-b01 mixed mode bsd-amd64 compressed oops)
# Problematic frame:
# C  [libdispatch.dylib+0xc694]  _dispatch_barrier_sync_f_slow+0x2a3
#
# Failed to write core dump. Core dumps have been disabled. To enable core dumping, try "ulimit -c unlimited" before starting Java again
#
# If you would like to submit a bug report, please visit:
#   http://bugreport.java.com/bugreport/crash.jsp
# The crash happened outside the Java Virtual Machine in native code.
# See problematic frame for where to report the bug.
#

---------------  T H R E A D  ---------------

Current thread (0x00007ff7172e0800):  JavaThread "JavaFX Application Thread" [_thread_in_native, id=775, stack(0x00007fff5c195000,0x00007fff5c995000)]

siginfo: si_signo: 4 (SIGILL), si_code: 1 (ILL_ILLOPC), si_addr: 0x00007fffb3b29694

Registers:
RAX=0x00007fffbca3da80, RBX=0x00007fffbca3da80, RCX=0x00007fffb3b471df, RDX=0x0000000000000307
RSP=0x00007fff5c98d370, RBP=0x00007fff5c98d440, RSI=0x0000000000000307, RDI=0x00007fffbca3da80
R8 =0x0000000000000001, R9 =0x00007ff71b12fc80, R10=0x00000000ffffe000, R11=0x0000000000000001
R12=0x00000000100020ff, R13=0x00007fffbca3f8d1, R14=0x000000012be68deb, R15=0x00007fff5c98d458
RIP=0x00007fffb3b29694, EFLAGS=0x0000000000010246, ERR=0x0000000000000000
  TRAPNO=0x0000000000000006

Top of Stack: (sp=0x00007fff5c98d370)
0x00007fff5c98d370:   0000000000000003 00000000100020ff
0x00007fff5c98d380:   0000000000000000 ffffffffffffffff
0x00007fff5c98d390:   00007fffb3b2aed4 00007fff5c98d3b0
0x00007fff5c98d3a0:   0000000000000307 00007fff5c98d410
0x00007fff5c98d3b0:   0000000000000000 0000000000000000
0x00007fff5c98d3c0:   0000000000000000 0000000000000000
0x00007fff5c98d3d0:   000000012be68deb 00007fff5c98d458
0x00007fff5c98d3e0:   00007fffbca3da80 00007fff5c98d410
0x00007fff5c98d3f0:   00007fffbca3da80 0000000000000000
0x00007fff5c98d400:   0000000000000000 00007fffb3b1e76b
0x00007fff5c98d410:   7325263500000000 00007fff5c98e030
0x00007fff5c98d420:   00007fff5c98eca0 000000000001d4c0
0x00007fff5c98d430:   000000012be754be 00007ff71b12fc80
0x00007fff5c98d440:   00007fff5c98d4a0 000000012be68db1
0x00007fff5c98d450:   0000000000000016 00007fffbca4d060
0x00007fff5c98d460:   00000000c2000000 000000012be68deb
0x00007fff5c98d470:   000000012be7d360 00007ff71b12fc80
0x00007fff5c98d480:   00007fff5c98e030 00007ff71791de00
0x00007fff5c98d490:   00007ff7172e09f8 000000000001d4c0
0x00007fff5c98d4a0:   00007fff5c98ebc0 000000012be6e163
0x00007fff5c98d4b0:   000000011b159340 00000017e92659a9
0x00007fff5c98d4c0:   0000000000000001 00007fff5c98edd0
0x00007fff5c98d4d0:   0000000000000000 00007fff5c98ee10
0x00007fff5c98d4e0:   00007fff5c98d738 0000000109a27900
0x00007fff5c98d4f0:   0000000109a27900 0000000109a27900
0x00007fff5c98d500:   00007ff7172e0800 00007fff5c98d4b8
0x00007fff5c98d510:   00007fff5c98d4f9 0000000800000001
0x00007fff5c98d520:   0000000000000a00 0000000109a27900
0x00007fff5c98d530:   00007ff7172e0800 0000000109a27900
0x00007fff5c98d540:   00007ff716561718 0000000109a27900
0x00007fff5c98d550:   00007ff7172e0800 0000000109a27900
0x00007fff5c98d560:   00007ff7172e0800 0000000109a27900 

Instructions: (pc=0x00007fffb3b29694)
0x00007fffb3b29674:   d4 00 00 e9 2a ff ff ff 48 8d 0d 5c db 01 00 48
0x00007fffb3b29684:   89 d8 48 89 0d b3 61 f1 08 48 89 05 dc 61 f1 08
0x00007fffb3b29694:   0f 0b 48 8d 0d b6 d9 01 00 48 89 0d 9c 61 f1 08
0x00007fffb3b296a4:   0f 0b 48 8d 0d cf da 01 00 48 89 0d 8c 61 f1 08 

Register to memory mapping:

RAX=0x00007fffbca3da80: _dispatch_main_q+0 in /usr/lib/system/libdispatch.dylib at 0x00007fffb3b1d000
RBX=0x00007fffbca3da80: _dispatch_main_q+0 in /usr/lib/system/libdispatch.dylib at 0x00007fffb3b1d000
RCX=0x00007fffb3b471df: _voucher_activity_id_allocate_slow+0x2077 in /usr/lib/system/libdispatch.dylib at 0x00007fffb3b1d000
RDX=0x0000000000000307 is an unknown value
RSP=0x00007fff5c98d370 is pointing into the stack for thread: 0x00007ff7172e0800
RBP=0x00007fff5c98d440 is pointing into the stack for thread: 0x00007ff7172e0800
RSI=0x0000000000000307 is an unknown value
RDI=0x00007fffbca3da80: _dispatch_main_q+0 in /usr/lib/system/libdispatch.dylib at 0x00007fffb3b1d000
R8 =0x0000000000000001 is an unknown value
R9 =0x00007ff71b12fc80 is an unknown value
R10=0x00000000ffffe000 is an unknown value
R11=0x0000000000000001 is an unknown value
R12=0x00000000100020ff is an unknown value
R13=0x00007fffbca3f8d1: _dispatch_xbs_has_ulock+0 in /usr/lib/system/libdispatch.dylib at 0x00007fffb3b1d000
R14=0x000000012be68deb: ___Z22synchronousBTOperationP8Runnable_block_invoke+0 in /private/var/folders/mc/drkjmxf92tn7vspsjqxjqyzh0000gq/T/bluecove_patrick.wigger_0/libbluecove.jnilib at 0x000000012be65000
R15=0x00007fff5c98d458 is pointing into the stack for thread: 0x00007ff7172e0800


Stack: [0x00007fff5c195000,0x00007fff5c995000],  sp=0x00007fff5c98d370,  free space=8160k
Native frames: (J=compiled Java code, j=interpreted, Vv=VM code, C=native code)
C  [libdispatch.dylib+0xc694]  _dispatch_barrier_sync_f_slow+0x2a3
C  [libbluecove.jnilib+0x3db1]  _Z22synchronousBTOperationP8Runnable+0x8b
C  [libbluecove.jnilib+0x9163]  Java_com_intel_bluetooth_BluetoothStackOSX_connectionRfOpenClientConnectionImpl+0xcf
j  com.intel.bluetooth.BluetoothStackOSX.connectionRfOpenClientConnectionImpl(JIZZI)J+0
j  com.intel.bluetooth.BluetoothStackOSX.connectionRfOpenClientConnection(Lcom/intel/bluetooth/BluetoothConnectionParams;)J+54
j  com.intel.bluetooth.BluetoothRFCommClientConnection.<init>(Lcom/intel/bluetooth/BluetoothStack;Lcom/intel/bluetooth/BluetoothConnectionParams;)V+4
j  com.intel.bluetooth.MicroeditionConnector.openImpl(Ljava/lang/String;IZZ)Ljavax/microedition/io/Connection;+1457
j  com.intel.bluetooth.MicroeditionConnector.open(Ljava/lang/String;I)Ljavax/microedition/io/Connection;+4
j  javax.microedition.io.Connector.open(Ljava/lang/String;I)Ljavax/microedition/io/Connection;+2
j  controller.util.bluetooth.BluetoothConnection$2.run()V+18
j  com.sun.javafx.application.PlatformImpl.lambda$null$173(Ljava/lang/Runnable;)Ljava/lang/Void;+1
j  com.sun.javafx.application.PlatformImpl$$Lambda$49.run()Ljava/lang/Object;+4
v  ~StubRoutines::call_stub
V  [libjvm.dylib+0x2ee70a]
V  [libjvm.dylib+0x34ee68]
J 2436  java.security.AccessController.doPrivileged(Ljava/security/PrivilegedAction;Ljava/security/AccessControlContext;)Ljava/lang/Object; (0 bytes) @ 0x0000000110225595 [0x00000001102254c0+0xd5]
j  com.sun.javafx.application.PlatformImpl.lambda$runLater$174(Ljava/lang/Runnable;Ljava/security/AccessControlContext;)V+7
J 3808 C1 com.sun.javafx.application.PlatformImpl$$Lambda$48.run()V (12 bytes) @ 0x0000000110669f0c [0x0000000110669e80+0x8c]
J 3541 C1 com.sun.glass.ui.InvokeLaterDispatcher$Future.run()V (91 bytes) @ 0x000000011059aa94 [0x000000011059a980+0x114]
v  ~StubRoutines::call_stub
V  [libjvm.dylib+0x2ee70a]
V  [libjvm.dylib+0x3258b9]
V  [libjvm.dylib+0x318087]
C  [libglass.dylib+0x456b]  -[GlassRunnable run]+0x6b
C  [Foundation+0x717ba]  __NSThreadPerformPerform+0x146
C  [CoreFoundation+0xa7321]  __CFRUNLOOP_IS_CALLING_OUT_TO_A_SOURCE0_PERFORM_FUNCTION__+0x11
C  [CoreFoundation+0x8821d]  __CFRunLoopDoSources0+0x22d
C  [CoreFoundation+0x87716]  __CFRunLoopRun+0x3a6
C  [CoreFoundation+0x87114]  CFRunLoopRunSpecific+0x1a4
C  [HIToolbox+0x30ebc]  RunCurrentEventLoopInMode+0xf0
C  [HIToolbox+0x30bf9]  ReceiveNextEventCommon+0xb8
C  [HIToolbox+0x30b26]  _BlockUntilNextEventMatchingListInModeWithFilter+0x47
C  [AppKit+0x46a54]  _DPSNextEvent+0x460
C  [AppKit+0x7c27ee]  -[NSApplication(NSEvent) _nextEventMatchingEventMask:untilDate:inMode:dequeue:]+0xaec
C  [AppKit+0x3b3db]  -[NSApplication run]+0x39e
C  [libglass.dylib+0x651c]  -[GlassApplication runLoop:]+0x72c
C  [Foundation+0x717ba]  __NSThreadPerformPerform+0x146
C  [CoreFoundation+0xa7321]  __CFRUNLOOP_IS_CALLING_OUT_TO_A_SOURCE0_PERFORM_FUNCTION__+0x11
C  [CoreFoundation+0x8821d]  __CFRunLoopDoSources0+0x22d
C  [CoreFoundation+0x87716]  __CFRunLoopRun+0x3a6
C  [CoreFoundation+0x87114]  CFRunLoopRunSpecific+0x1a4
C  [java+0x6465]  CreateExecutionEnvironment+0x367
C  [java+0x218c]  JLI_Launch+0x7a0
C  [java+0x84c2]  main+0x65
C  [java+0x19e4]  start+0x34
C  0x0000000000000006

Java frames: (J=compiled Java code, j=interpreted, Vv=VM code)
j  com.intel.bluetooth.BluetoothStackOSX.connectionRfOpenClientConnectionImpl(JIZZI)J+0
j  com.intel.bluetooth.BluetoothStackOSX.connectionRfOpenClientConnection(Lcom/intel/bluetooth/BluetoothConnectionParams;)J+54
j  com.intel.bluetooth.BluetoothRFCommClientConnection.<init>(Lcom/intel/bluetooth/BluetoothStack;Lcom/intel/bluetooth/BluetoothConnectionParams;)V+4
j  com.intel.bluetooth.MicroeditionConnector.openImpl(Ljava/lang/String;IZZ)Ljavax/microedition/io/Connection;+1457
j  com.intel.bluetooth.MicroeditionConnector.open(Ljava/lang/String;I)Ljavax/microedition/io/Connection;+4
j  javax.microedition.io.Connector.open(Ljava/lang/String;I)Ljavax/microedition/io/Connection;+2
j  controller.util.bluetooth.BluetoothConnection$2.run()V+18
j  com.sun.javafx.application.PlatformImpl.lambda$null$173(Ljava/lang/Runnable;)Ljava/lang/Void;+1
j  com.sun.javafx.application.PlatformImpl$$Lambda$49.run()Ljava/lang/Object;+4
v  ~StubRoutines::call_stub
J 2436  java.security.AccessController.doPrivileged(Ljava/security/PrivilegedAction;Ljava/security/AccessControlContext;)Ljava/lang/Object; (0 bytes) @ 0x0000000110225523 [0x00000001102254c0+0x63]
j  com.sun.javafx.application.PlatformImpl.lambda$runLater$174(Ljava/lang/Runnable;Ljava/security/AccessControlContext;)V+7
J 3808 C1 com.sun.javafx.application.PlatformImpl$$Lambda$48.run()V (12 bytes) @ 0x0000000110669f0c [0x0000000110669e80+0x8c]
J 3541 C1 com.sun.glass.ui.InvokeLaterDispatcher$Future.run()V (91 bytes) @ 0x000000011059aa94 [0x000000011059a980+0x114]
v  ~StubRoutines::call_stub

---------------  P R O C E S S  ---------------

Java Threads: ( => current thread )
  0x00007ff7179f1000 JavaThread "Thread-7" daemon [_thread_blocked, id=67351, stack(0x0000700008d5b000,0x0000700008e5b000)]
  0x00007ff7183dd000 JavaThread "BluecoveAsynchronousShutdownThread" daemon [_thread_blocked, id=67075, stack(0x0000700008e5e000,0x0000700008f5e000)]
  0x00007ff71754d800 JavaThread "Prism Font Disposer" daemon [_thread_blocked, id=55875, stack(0x0000700008bd5000,0x0000700008cd5000)]
  0x00007ff716982000 JavaThread "JavaFX-Launcher" [_thread_blocked, id=54019, stack(0x0000700008ad2000,0x0000700008bd2000)]
  0x00007ff717323000 JavaThread "Thread-3" daemon [_thread_in_native, id=37379, stack(0x0000700008949000,0x00007000089c9000)]
=>0x00007ff7172e0800 JavaThread "JavaFX Application Thread" [_thread_in_native, id=775, stack(0x00007fff5c195000,0x00007fff5c995000)]
  0x00007ff7172e1800 JavaThread "Thread-1" daemon [_thread_blocked, id=25095, stack(0x00007000087c3000,0x00007000088c3000)]
  0x00007ff7172b4000 JavaThread "QuantumRenderer-0" daemon [_thread_blocked, id=19715, stack(0x00007000086c0000,0x00007000087c0000)]
  0x00007ff7178f5800 JavaThread "Service Thread" daemon [_thread_blocked, id=18691, stack(0x00007000084ba000,0x00007000085ba000)]
  0x00007ff7170de000 JavaThread "C1 CompilerThread2" daemon [_thread_blocked, id=18179, stack(0x00007000083b7000,0x00007000084b7000)]
  0x00007ff71689a800 JavaThread "C2 CompilerThread1" daemon [_thread_in_native, id=17667, stack(0x00007000082b4000,0x00007000083b4000)]
  0x00007ff717891000 JavaThread "C2 CompilerThread0" daemon [_thread_in_native, id=17155, stack(0x00007000081b1000,0x00007000082b1000)]
  0x00007ff71689a000 JavaThread "Monitor Ctrl-Break" daemon [_thread_in_native, id=16643, stack(0x00007000080ae000,0x00007000081ae000)]
  0x00007ff718010000 JavaThread "Signal Dispatcher" daemon [_thread_blocked, id=16131, stack(0x0000700007fab000,0x00007000080ab000)]
  0x00007ff718003000 JavaThread "Finalizer" daemon [_thread_blocked, id=12291, stack(0x0000700007ea8000,0x0000700007fa8000)]
  0x00007ff716810800 JavaThread "Reference Handler" daemon [_thread_blocked, id=11779, stack(0x0000700007da5000,0x0000700007ea5000)]
  0x00007ff717009800 JavaThread "main" [_thread_blocked, id=6915, stack(0x0000700007793000,0x0000700007893000)]

Other Threads:
  0x00007ff71701b000 VMThread [stack: 0x0000700007ca2000,0x0000700007da2000] [id=11267]
  0x00007ff7178f8000 WatcherThread [stack: 0x00007000085bd000,0x00007000086bd000] [id=19203]

VM state:not at safepoint (normal execution)

VM Mutex/Monitor currently owned by a thread: None

Heap:
 PSYoungGen      total 71680K, used 13355K [0x0000000795580000, 0x00000007a2180000, 0x00000007c0000000)
  eden space 66560K, 12% used [0x0000000795580000,0x0000000795d8bf78,0x0000000799680000)
  from space 5120K, 99% used [0x0000000799680000,0x0000000799b7eeb8,0x0000000799b80000)
  to   space 45568K, 0% used [0x000000079f500000,0x000000079f500000,0x00000007a2180000)
 ParOldGen       total 165888K, used 103341K [0x0000000740000000, 0x000000074a200000, 0x0000000795580000)
  object space 165888K, 62% used [0x0000000740000000,0x00000007464eb600,0x000000074a200000)
 Metaspace       used 22680K, capacity 24160K, committed 24320K, reserved 1071104K
  class space    used 3221K, capacity 3479K, committed 3584K, reserved 1048576K

Card table byte_map: [0x0000000104f67000,0x0000000105368000] byte_map_base: 0x0000000101567000

Marking Bits: (ParMarkBitMap*) 0x00000001044f35d0
 Begin Bits: [0x0000000105613000, 0x0000000107613000)
 End Bits:   [0x0000000107613000, 0x0000000109613000)

Polling page: 0x000000010332b000

CodeCache: size=245760Kb used=12984Kb max_used=13133Kb free=232775Kb
 bounds [0x000000010fa2b000, 0x000000011070b000, 0x000000011ea2b000]
 total_blobs=4634 nmethods=3945 adapters=601
 compilation: enabled

Compilation events (10 events):
Event: 23.010 Thread 0x00007ff7170de000 3991       3       java.util.regex.Pattern$1::isSatisfiedBy (13 bytes)
Event: 23.011 Thread 0x00007ff7170de000 nmethod 3991 0x000000010fb349d0 code [0x000000010fb34b40, 0x000000010fb34df0]
Event: 23.011 Thread 0x00007ff7170de000 3992       3       java.util.regex.Pattern::access$200 (7 bytes)
Event: 23.011 Thread 0x00007ff7170de000 nmethod 3992 0x000000010fc5c410 code [0x000000010fc5c580, 0x000000010fc5c7b0]
Event: 23.011 Thread 0x00007ff71689a800 3994   !   4       java.util.concurrent.ConcurrentHashMap::putVal (362 bytes)
Event: 23.012 Thread 0x00007ff7170de000 3993       1       java.util.Formatter$FixedString::index (3 bytes)
Event: 23.012 Thread 0x00007ff7170de000 nmethod 3993 0x000000010fbb29d0 code [0x000000010fbb2b20, 0x000000010fbb2c30]
Event: 23.013 Thread 0x00007ff717891000 3995   !   4       sun.misc.URLClassPath$JarLoader::getResource (85 bytes)
Event: 23.013 Thread 0x00007ff7170de000 3996   !   3       java.util.zip.InflaterInputStream::read (138 bytes)
Event: 23.015 Thread 0x00007ff7170de000 nmethod 3996 0x00000001106fead0 code [0x00000001106fed60, 0x00000001106ffe88]

GC Heap History (10 events):
Event: 1.570 GC heap before
{Heap before GC invocations=2 (full 0):
 PSYoungGen      total 38400K, used 37189K [0x0000000795580000, 0x0000000798000000, 0x00000007c0000000)
  eden space 33280K, 98% used [0x0000000795580000,0x00000007975914e0,0x0000000797600000)
  from space 5120K, 85% used [0x0000000797600000,0x0000000797a40040,0x0000000797b00000)
  to   space 5120K, 0% used [0x0000000797b00000,0x0000000797b00000,0x0000000798000000)
 ParOldGen       total 87552K, used 80K [0x0000000740000000, 0x0000000745580000, 0x0000000795580000)
  object space 87552K, 0% used [0x0000000740000000,0x0000000740014010,0x0000000745580000)
 Metaspace       used 15094K, capacity 15882K, committed 16256K, reserved 1062912K
  class space    used 2144K, capacity 2306K, committed 2432K, reserved 1048576K
Event: 1.594 GC heap after
Heap after GC invocations=2 (full 0):
 PSYoungGen      total 38400K, used 5104K [0x0000000795580000, 0x000000079a080000, 0x00000007c0000000)
  eden space 33280K, 0% used [0x0000000795580000,0x0000000795580000,0x0000000797600000)
  from space 5120K, 99% used [0x0000000797b00000,0x0000000797ffc040,0x0000000798000000)
  to   space 5120K, 0% used [0x0000000797600000,0x0000000797600000,0x0000000797b00000)
 ParOldGen       total 87552K, used 16522K [0x0000000740000000, 0x0000000745580000, 0x0000000795580000)
  object space 87552K, 18% used [0x0000000740000000,0x0000000741022840,0x0000000745580000)
 Metaspace       used 15094K, capacity 15882K, committed 16256K, reserved 1062912K
  class space    used 2144K, capacity 2306K, committed 2432K, reserved 1048576K
}
Event: 1.696 GC heap before
{Heap before GC invocations=3 (full 0):
 PSYoungGen      total 38400K, used 38384K [0x0000000795580000, 0x000000079a080000, 0x00000007c0000000)
  eden space 33280K, 100% used [0x0000000795580000,0x0000000797600000,0x0000000797600000)
  from space 5120K, 99% used [0x0000000797b00000,0x0000000797ffc040,0x0000000798000000)
  to   space 5120K, 0% used [0x0000000797600000,0x0000000797600000,0x0000000797b00000)
 ParOldGen       total 87552K, used 16522K [0x0000000740000000, 0x0000000745580000, 0x0000000795580000)
  object space 87552K, 18% used [0x0000000740000000,0x0000000741022840,0x0000000745580000)
 Metaspace       used 15094K, capacity 15882K, committed 16256K, reserved 1062912K
  class space    used 2144K, capacity 2306K, committed 2432K, reserved 1048576K
Event: 1.722 GC heap after
Heap after GC invocations=3 (full 0):
 PSYoungGen      total 38400K, used 5105K [0x0000000795580000, 0x000000079a080000, 0x00000007c0000000)
  eden space 33280K, 0% used [0x0000000795580000,0x0000000795580000,0x0000000797600000)
  from space 5120K, 99% used [0x0000000797600000,0x0000000797afc468,0x0000000797b00000)
  to   space 5120K, 0% used [0x0000000799b80000,0x0000000799b80000,0x000000079a080000)
 ParOldGen       total 87552K, used 46338K [0x0000000740000000, 0x0000000745580000, 0x0000000795580000)
  object space 87552K, 52% used [0x0000000740000000,0x0000000742d40a50,0x0000000745580000)
 Metaspace       used 15094K, capacity 15882K, committed 16256K, reserved 1062912K
  class space    used 2144K, capacity 2306K, committed 2432K, reserved 1048576K
}
Event: 1.897 GC heap before
{Heap before GC invocations=4 (full 0):
 PSYoungGen      total 38400K, used 38371K [0x0000000795580000, 0x000000079a080000, 0x00000007c0000000)
  eden space 33280K, 99% used [0x0000000795580000,0x00000007975fc9f8,0x0000000797600000)
  from space 5120K, 99% used [0x0000000797600000,0x0000000797afc468,0x0000000797b00000)
  to   space 5120K, 0% used [0x0000000799b80000,0x0000000799b80000,0x000000079a080000)
 ParOldGen       total 87552K, used 46338K [0x0000000740000000, 0x0000000745580000, 0x0000000795580000)
  object space 87552K, 52% used [0x0000000740000000,0x0000000742d40a50,0x0000000745580000)
 Metaspace       used 15096K, capacity 15882K, committed 16256K, reserved 1062912K
  class space    used 2144K, capacity 2306K, committed 2432K, reserved 1048576K
Event: 1.926 GC heap after
Heap after GC invocations=4 (full 0):
 PSYoungGen      total 71680K, used 4112K [0x0000000795580000, 0x000000079a080000, 0x00000007c0000000)
  eden space 66560K, 0% used [0x0000000795580000,0x0000000795580000,0x0000000799680000)
  from space 5120K, 80% used [0x0000000799b80000,0x0000000799f84150,0x000000079a080000)
  to   space 5120K, 0% used [0x0000000799680000,0x0000000799680000,0x0000000799b80000)
 ParOldGen       total 87552K, used 77059K [0x0000000740000000, 0x0000000745580000, 0x0000000795580000)
  object space 87552K, 88% used [0x0000000740000000,0x0000000744b40c30,0x0000000745580000)
 Metaspace       used 15096K, capacity 15882K, committed 16256K, reserved 1062912K
  class space    used 2144K, capacity 2306K, committed 2432K, reserved 1048576K
}
Event: 1.926 GC heap before
{Heap before GC invocations=5 (full 1):
 PSYoungGen      total 71680K, used 4112K [0x0000000795580000, 0x000000079a080000, 0x00000007c0000000)
  eden space 66560K, 0% used [0x0000000795580000,0x0000000795580000,0x0000000799680000)
  from space 5120K, 80% used [0x0000000799b80000,0x0000000799f84150,0x000000079a080000)
  to   space 5120K, 0% used [0x0000000799680000,0x0000000799680000,0x0000000799b80000)
 ParOldGen       total 87552K, used 77059K [0x0000000740000000, 0x0000000745580000, 0x0000000795580000)
  object space 87552K, 88% used [0x0000000740000000,0x0000000744b40c30,0x0000000745580000)
 Metaspace       used 15096K, capacity 15882K, committed 16256K, reserved 1062912K
  class space    used 2144K, capacity 2306K, committed 2432K, reserved 1048576K
Event: 1.973 GC heap after
Heap after GC invocations=5 (full 1):
 PSYoungGen      total 71680K, used 0K [0x0000000795580000, 0x000000079a080000, 0x00000007c0000000)
  eden space 66560K, 0% used [0x0000000795580000,0x0000000795580000,0x0000000799680000)
  from space 5120K, 0% used [0x0000000799b80000,0x0000000799b80000,0x000000079a080000)
  to   space 5120K, 0% used [0x0000000799680000,0x0000000799680000,0x0000000799b80000)
 ParOldGen       total 165888K, used 80903K [0x0000000740000000, 0x000000074a200000, 0x0000000795580000)
  object space 165888K, 48% used [0x0000000740000000,0x0000000744f01f08,0x000000074a200000)
 Metaspace       used 15096K, capacity 15882K, committed 16256K, reserved 1062912K
  class space    used 2144K, capacity 2306K, committed 2432K, reserved 1048576K
}
Event: 5.332 GC heap before
{Heap before GC invocations=6 (full 1):
 PSYoungGen      total 71680K, used 66560K [0x0000000795580000, 0x000000079a080000, 0x00000007c0000000)
  eden space 66560K, 100% used [0x0000000795580000,0x0000000799680000,0x0000000799680000)
  from space 5120K, 0% used [0x0000000799b80000,0x0000000799b80000,0x000000079a080000)
  to   space 5120K, 0% used [0x0000000799680000,0x0000000799680000,0x0000000799b80000)
 ParOldGen       total 165888K, used 80903K [0x0000000740000000, 0x000000074a200000, 0x0000000795580000)
  object space 165888K, 48% used [0x0000000740000000,0x0000000744f01f08,0x000000074a200000)
 Metaspace       used 21673K, capacity 23080K, committed 23296K, reserved 1069056K
  class space    used 3195K, capacity 3469K, committed 3584K, reserved 1048576K
Event: 5.366 GC heap after
Heap after GC invocations=6 (full 1):
 PSYoungGen      total 71680K, used 5115K [0x0000000795580000, 0x00000007a2180000, 0x00000007c0000000)
  eden space 66560K, 0% used [0x0000000795580000,0x0000000795580000,0x0000000799680000)
  from space 5120K, 99% used [0x0000000799680000,0x0000000799b7eeb8,0x0000000799b80000)
  to   space 45568K, 0% used [0x000000079f500000,0x000000079f500000,0x00000007a2180000)
 ParOldGen       total 165888K, used 103341K [0x0000000740000000, 0x000000074a200000, 0x0000000795580000)
  object space 165888K, 62% used [0x0000000740000000,0x00000007464eb600,0x000000074a200000)
 Metaspace       used 21673K, capacity 23080K, committed 23296K, reserved 1069056K
  class space    used 3195K, capacity 3469K, committed 3584K, reserved 1048576K
}

Deoptimization events (10 events):
Event: 5.948 Thread 0x00007ff7172b4000 Uncommon trap: reason=bimorphic action=maybe_recompile pc=0x000000011045408c method=com.sun.javafx.sg.prism.NGNode.getOpaqueRegion()Lcom/sun/javafx/geom/RectBounds; @ 20
Event: 5.948 Thread 0x00007ff7172b4000 Uncommon trap: reason=bimorphic action=maybe_recompile pc=0x000000011045408c method=com.sun.javafx.sg.prism.NGNode.getOpaqueRegion()Lcom/sun/javafx/geom/RectBounds; @ 20
Event: 5.948 Thread 0x00007ff7172b4000 Uncommon trap: reason=bimorphic action=maybe_recompile pc=0x000000011045408c method=com.sun.javafx.sg.prism.NGNode.getOpaqueRegion()Lcom/sun/javafx/geom/RectBounds; @ 20
Event: 12.434 Thread 0x00007ff7172b4000 Uncommon trap: reason=unstable_if action=reinterpret pc=0x000000011060d7ec method=com.sun.prism.es2.ES2Context.updateShaderTransform(Lcom/sun/prism/ps/Shader;Lcom/sun/javafx/geom/transform/BaseTransform;)V @ 48
Event: 12.444 Thread 0x00007ff7172b4000 Uncommon trap: reason=unstable_if action=reinterpret pc=0x000000011044d594 method=com.sun.javafx.sg.prism.NGNode.doRender(Lcom/sun/prism/Graphics;)V @ 255
Event: 12.445 Thread 0x00007ff7172b4000 Uncommon trap: reason=unstable_if action=reinterpret pc=0x0000000110426638 method=com.sun.javafx.sg.prism.NGNode.render(Lcom/sun/prism/Graphics;)V @ 28
Event: 20.044 Thread 0x00007ff7172b4000 Uncommon trap: reason=unstable_if action=reinterpret pc=0x0000000110557324 method=com.sun.javafx.sg.prism.NGGroup.computeRenderRoot(Lcom/sun/javafx/sg/prism/NodePath;Lcom/sun/javafx/geom/RectBounds;ILcom/sun/javafx/geom/transform/BaseTransform;Lcom/sun/ja
Event: 20.044 Thread 0x00007ff7172b4000 Uncommon trap: reason=unstable_if action=reinterpret pc=0x0000000110564fd8 method=com.sun.javafx.geom.RectBounds.contains(Lcom/sun/javafx/geom/RectBounds;)Z @ 4
Event: 20.054 Thread 0x00007ff7172e0800 Uncommon trap: reason=unstable_if action=reinterpret pc=0x00000001104972d0 method=javafx.scene.Node.updateBounds()V @ 47
Event: 20.060 Thread 0x00007ff7172b4000 Uncommon trap: reason=null_check action=make_not_entrant pc=0x0000000110592244 method=com.sun.prism.impl.GlyphCache.getCachedGlyph(II)Lcom/sun/prism/impl/GlyphCache$GlyphData; @ 28

Internal exceptions (10 events):
Event: 2.530 Thread 0x00007ff7172e0800 Exception <a 'java/io/FileNotFoundException'> (0x000000079707a3f0) thrown at [/Users/java_re/workspace/8-2-build-macosx-x86_64/jdk8u144/9417/hotspot/src/share/vm/prims/jni.cpp, line 709]
Event: 2.548 Thread 0x00007ff7172e0800 Exception <a 'java/io/FileNotFoundException'> (0x0000000797117c08) thrown at [/Users/java_re/workspace/8-2-build-macosx-x86_64/jdk8u144/9417/hotspot/src/share/vm/prims/jni.cpp, line 709]
Event: 2.550 Thread 0x00007ff7172e0800 Exception <a 'java/io/FileNotFoundException'> (0x000000079712d868) thrown at [/Users/java_re/workspace/8-2-build-macosx-x86_64/jdk8u144/9417/hotspot/src/share/vm/prims/jni.cpp, line 709]
Event: 2.949 Thread 0x00007ff7172e0800 Exception <a 'java/io/FileNotFoundException'> (0x0000000797992e30) thrown at [/Users/java_re/workspace/8-2-build-macosx-x86_64/jdk8u144/9417/hotspot/src/share/vm/prims/jni.cpp, line 709]
Event: 2.951 Thread 0x00007ff7172e0800 Exception <a 'java/io/FileNotFoundException'> (0x00000007979a39b8) thrown at [/Users/java_re/workspace/8-2-build-macosx-x86_64/jdk8u144/9417/hotspot/src/share/vm/prims/jni.cpp, line 709]
Event: 2.953 Thread 0x00007ff7172e0800 Exception <a 'java/io/FileNotFoundException'> (0x00000007979b4d48) thrown at [/Users/java_re/workspace/8-2-build-macosx-x86_64/jdk8u144/9417/hotspot/src/share/vm/prims/jni.cpp, line 709]
Event: 2.956 Thread 0x00007ff7172e0800 Exception <a 'java/io/FileNotFoundException'> (0x00000007979c5c68) thrown at [/Users/java_re/workspace/8-2-build-macosx-x86_64/jdk8u144/9417/hotspot/src/share/vm/prims/jni.cpp, line 709]
Event: 3.102 Thread 0x00007ff7172e0800 Implicit null exception at 0x0000000110092391 to 0x0000000110092941
Event: 5.091 Thread 0x00007ff716b80800 Exception <a 'java/lang/NoClassDefFoundError': org/apache/log4j/Category> (0x0000000798cfc768) thrown at [/Users/java_re/workspace/8-2-build-macosx-x86_64/jdk8u144/9417/hotspot/src/share/vm/classfile/systemDictionary.cpp, line 199]
Event: 5.101 Thread 0x00007ff716b80800 Exception <a 'java/lang/UnsatisfiedLinkError': com.intel.bluetooth.BluetoothStackOSX.isNativeCodeLoaded()Z> (0x0000000798eaf640) thrown at [/Users/java_re/workspace/8-2-build-macosx-x86_64/jdk8u144/9417/hotspot/src/share/vm/prims/nativeLookup.cpp, line 37

Events (10 events):
Event: 23.014 loading class com/intel/bluetooth/BluetoothRFCommOutputStream
Event: 23.014 loading class com/intel/bluetooth/BluetoothRFCommOutputStream done
Event: 23.015 loading class com/intel/bluetooth/BluetoothRFCommInputStream
Event: 23.015 loading class com/intel/bluetooth/BluetoothRFCommInputStream done
Event: 23.015 Executing VM operation: RevokeBias
Event: 23.016 Executing VM operation: RevokeBias done
Event: 23.016 Executing VM operation: RevokeBias
Event: 23.016 Executing VM operation: RevokeBias done
Event: 23.016 Executing VM operation: RevokeBias
Event: 23.016 Executing VM operation: RevokeBias done


Dynamic libraries:
0x0000000028fdd000 	/System/Library/Frameworks/Cocoa.framework/Versions/A/Cocoa
0x0000000028fdd000 	/System/Library/Frameworks/Security.framework/Versions/A/Security
0x0000000028fdd000 	/System/Library/Frameworks/ApplicationServices.framework/Versions/A/ApplicationServices
0x0000000028fdd000 	/usr/lib/libz.1.dylib
0x0000000028fdd000 	/usr/lib/libSystem.B.dylib
0x0000000028fdd000 	/usr/lib/libobjc.A.dylib
0x0000000028fdd000 	/System/Library/Frameworks/CoreFoundation.framework/Versions/A/CoreFoundation
0x0000000028fdd000 	/System/Library/Frameworks/Foundation.framework/Versions/C/Foundation
0x0000000028fdd000 	/System/Library/Frameworks/AppKit.framework/Versions/C/AppKit
0x0000000028fdd000 	/System/Library/Frameworks/CoreData.framework/Versions/A/CoreData
0x0000000028fdd000 	/System/Library/PrivateFrameworks/RemoteViewServices.framework/Versions/A/RemoteViewServices
0x0000000028fdd000 	/System/Library/PrivateFrameworks/UIFoundation.framework/Versions/A/UIFoundation
0x0000000028fdd000 	/System/Library/PrivateFrameworks/DFRFoundation.framework/Versions/A/DFRFoundation
0x0000000028fdd000 	/usr/lib/libenergytrace.dylib
0x0000000028fdd000 	/System/Library/PrivateFrameworks/SkyLight.framework/Versions/A/SkyLight
0x0000000028fdd000 	/System/Library/Frameworks/CoreGraphics.framework/Versions/A/CoreGraphics
0x0000000028fdd000 	/usr/lib/libScreenReader.dylib
0x0000000028fdd000 	/System/Library/Frameworks/Accelerate.framework/Versions/A/Accelerate
0x0000000028fdd000 	/System/Library/Frameworks/IOSurface.framework/Versions/A/IOSurface
0x0000000028fdd000 	/System/Library/Frameworks/AudioToolbox.framework/Versions/A/AudioToolbox
0x0000000028fdd000 	/System/Library/Frameworks/AudioUnit.framework/Versions/A/AudioUnit
0x0000000028fdd000 	/System/Library/PrivateFrameworks/DataDetectorsCore.framework/Versions/A/DataDetectorsCore
0x0000000028fdd000 	/System/Library/PrivateFrameworks/DesktopServicesPriv.framework/Versions/A/DesktopServicesPriv
0x0000000028fdd000 	/System/Library/Frameworks/Carbon.framework/Versions/A/Frameworks/HIToolbox.framework/Versions/A/HIToolbox
0x0000000028fdd000 	/usr/lib/libicucore.A.dylib
0x0000000028fdd000 	/System/Library/Frameworks/QuartzCore.framework/Versions/A/QuartzCore
0x0000000028fdd000 	/System/Library/Frameworks/Carbon.framework/Versions/A/Frameworks/SpeechRecognition.framework/Versions/A/SpeechRecognition
0x0000000028fdd000 	/usr/lib/libauto.dylib
0x0000000028fdd000 	/usr/lib/libxml2.2.dylib
0x0000000028fdd000 	/System/Library/PrivateFrameworks/CoreUI.framework/Versions/A/CoreUI
0x0000000028fdd000 	/System/Library/Frameworks/CoreAudio.framework/Versions/A/CoreAudio
0x0000000028fdd000 	/System/Library/Frameworks/DiskArbitration.framework/Versions/A/DiskArbitration
0x0000000028fdd000 	/usr/lib/liblangid.dylib
0x0000000028fdd000 	/System/Library/PrivateFrameworks/MultitouchSupport.framework/Versions/A/MultitouchSupport
0x0000000028fdd000 	/System/Library/Frameworks/IOKit.framework/Versions/A/IOKit
0x0000000028fdd000 	/usr/lib/libDiagnosticMessagesClient.dylib
0x0000000028fdd000 	/System/Library/Frameworks/CoreServices.framework/Versions/A/CoreServices
0x0000000028fdd000 	/System/Library/PrivateFrameworks/PerformanceAnalysis.framework/Versions/A/PerformanceAnalysis
0x0000000028fdd000 	/System/Library/PrivateFrameworks/GenerationalStorage.framework/Versions/A/GenerationalStorage
0x0000000028fdd000 	/System/Library/Frameworks/OpenGL.framework/Versions/A/OpenGL
0x0000000028fdd000 	/System/Library/Frameworks/CoreImage.framework/Versions/A/CoreImage
0x0000000028fdd000 	/System/Library/Frameworks/CoreText.framework/Versions/A/CoreText
0x0000000028fdd000 	/System/Library/Frameworks/ImageIO.framework/Versions/A/ImageIO
0x0000000028fdd000 	/System/Library/PrivateFrameworks/Backup.framework/Versions/A/Backup
0x0000000028fdd000 	/usr/lib/libarchive.2.dylib
0x0000000028fdd000 	/System/Library/Frameworks/CFNetwork.framework/Versions/A/CFNetwork
0x0000000028fdd000 	/System/Library/Frameworks/SystemConfiguration.framework/Versions/A/SystemConfiguration
0x0000000028fdd000 	/usr/lib/libCRFSuite.dylib
0x0000000028fdd000 	/usr/lib/libc++.1.dylib
0x0000000028fdd000 	/usr/lib/libc++abi.dylib
0x0000000028fdd000 	/usr/lib/system/libcache.dylib
0x0000000028fdd000 	/usr/lib/system/libcommonCrypto.dylib
0x0000000028fdd000 	/usr/lib/system/libcompiler_rt.dylib
0x0000000028fdd000 	/usr/lib/system/libcopyfile.dylib
0x0000000028fdd000 	/usr/lib/system/libcorecrypto.dylib
0x0000000028fdd000 	/usr/lib/system/libdispatch.dylib
0x0000000028fdd000 	/usr/lib/system/libdyld.dylib
0x0000000028fdd000 	/usr/lib/system/libkeymgr.dylib
0x0000000028fdd000 	/usr/lib/system/liblaunch.dylib
0x0000000028fdd000 	/usr/lib/system/libmacho.dylib
0x0000000028fdd000 	/usr/lib/system/libquarantine.dylib
0x0000000028fdd000 	/usr/lib/system/libremovefile.dylib
0x0000000028fdd000 	/usr/lib/system/libsystem_asl.dylib
0x0000000028fdd000 	/usr/lib/system/libsystem_blocks.dylib
0x0000000028fdd000 	/usr/lib/system/libsystem_c.dylib
0x0000000028fdd000 	/usr/lib/system/libsystem_configuration.dylib
0x0000000028fdd000 	/usr/lib/system/libsystem_coreservices.dylib
0x0000000028fdd000 	/usr/lib/system/libsystem_coretls.dylib
0x0000000028fdd000 	/usr/lib/system/libsystem_dnssd.dylib
0x0000000028fdd000 	/usr/lib/system/libsystem_info.dylib
0x0000000028fdd000 	/usr/lib/system/libsystem_kernel.dylib
0x0000000028fdd000 	/usr/lib/system/libsystem_m.dylib
0x0000000028fdd000 	/usr/lib/system/libsystem_malloc.dylib
0x0000000028fdd000 	/usr/lib/system/libsystem_network.dylib
0x0000000028fdd000 	/usr/lib/system/libsystem_networkextension.dylib
0x0000000028fdd000 	/usr/lib/system/libsystem_notify.dylib
0x0000000028fdd000 	/usr/lib/system/libsystem_platform.dylib
0x0000000028fdd000 	/usr/lib/system/libsystem_pthread.dylib
0x0000000028fdd000 	/usr/lib/system/libsystem_sandbox.dylib
0x0000000028fdd000 	/usr/lib/system/libsystem_secinit.dylib
0x0000000028fdd000 	/usr/lib/system/libsystem_symptoms.dylib
0x0000000028fdd000 	/usr/lib/system/libsystem_trace.dylib
0x0000000028fdd000 	/usr/lib/system/libunwind.dylib
0x0000000028fdd000 	/usr/lib/system/libxpc.dylib
0x0000000028fdd000 	/usr/lib/libbsm.0.dylib
0x0000000028fdd000 	/usr/lib/system/libkxld.dylib
0x0000000028fdd000 	/usr/lib/libcoretls.dylib
0x0000000028fdd000 	/usr/lib/libcoretls_cfhelpers.dylib
0x0000000028fdd000 	/usr/lib/libOpenScriptingUtil.dylib
0x0000000028fdd000 	/usr/lib/libpam.2.dylib
0x0000000028fdd000 	/usr/lib/libsqlite3.dylib
0x0000000028fdd000 	/usr/lib/libxar.1.dylib
0x0000000028fdd000 	/usr/lib/libbz2.1.0.dylib
0x0000000028fdd000 	/usr/lib/liblzma.5.dylib
0x0000000028fdd000 	/usr/lib/libnetwork.dylib
0x0000000028fdd000 	/usr/lib/libpcap.A.dylib
0x0000000028fdd000 	/System/Library/Frameworks/CoreServices.framework/Versions/A/Frameworks/FSEvents.framework/Versions/A/FSEvents
0x0000000028fdd000 	/System/Library/Frameworks/CoreServices.framework/Versions/A/Frameworks/CarbonCore.framework/Versions/A/CarbonCore
0x0000000028fdd000 	/System/Library/Frameworks/CoreServices.framework/Versions/A/Frameworks/Metadata.framework/Versions/A/Metadata
0x0000000028fdd000 	/System/Library/Frameworks/CoreServices.framework/Versions/A/Frameworks/OSServices.framework/Versions/A/OSServices
0x0000000028fdd000 	/System/Library/Frameworks/CoreServices.framework/Versions/A/Frameworks/SearchKit.framework/Versions/A/SearchKit
0x0000000028fdd000 	/System/Library/Frameworks/CoreServices.framework/Versions/A/Frameworks/AE.framework/Versions/A/AE
0x0000000028fdd000 	/System/Library/Frameworks/CoreServices.framework/Versions/A/Frameworks/LaunchServices.framework/Versions/A/LaunchServices
0x0000000028fdd000 	/System/Library/Frameworks/CoreServices.framework/Versions/A/Frameworks/DictionaryServices.framework/Versions/A/DictionaryServices
0x0000000028fdd000 	/System/Library/Frameworks/CoreServices.framework/Versions/A/Frameworks/SharedFileList.framework/Versions/A/SharedFileList
0x0000000028fdd000 	/System/Library/Frameworks/NetFS.framework/Versions/A/NetFS
0x0000000028fdd000 	/System/Library/PrivateFrameworks/NetAuth.framework/Versions/A/NetAuth
0x0000000028fdd000 	/System/Library/PrivateFrameworks/login.framework/Versions/A/Frameworks/loginsupport.framework/Versions/A/loginsupport
0x0000000028fdd000 	/System/Library/PrivateFrameworks/TCC.framework/Versions/A/TCC
0x0000000028fdd000 	/usr/lib/libmecabra.dylib
0x0000000028fdd000 	/System/Library/Frameworks/ApplicationServices.framework/Versions/A/Frameworks/ATS.framework/Versions/A/ATS
0x0000000028fdd000 	/System/Library/Frameworks/ApplicationServices.framework/Versions/A/Frameworks/ColorSync.framework/Versions/A/ColorSync
0x0000000028fdd000 	/System/Library/Frameworks/ApplicationServices.framework/Versions/A/Frameworks/HIServices.framework/Versions/A/HIServices
0x0000000028fdd000 	/System/Library/Frameworks/ApplicationServices.framework/Versions/A/Frameworks/LangAnalysis.framework/Versions/A/LangAnalysis
0x0000000028fdd000 	/System/Library/Frameworks/ApplicationServices.framework/Versions/A/Frameworks/PrintCore.framework/Versions/A/PrintCore
0x0000000028fdd000 	/System/Library/Frameworks/ApplicationServices.framework/Versions/A/Frameworks/QD.framework/Versions/A/QD
0x0000000028fdd000 	/System/Library/Frameworks/ApplicationServices.framework/Versions/A/Frameworks/SpeechSynthesis.framework/Versions/A/SpeechSynthesis
0x0000000028fdd000 	/System/Library/Frameworks/Accelerate.framework/Versions/A/Frameworks/vImage.framework/Versions/A/vImage
0x0000000028fdd000 	/System/Library/Frameworks/Accelerate.framework/Versions/A/Frameworks/vecLib.framework/Versions/A/vecLib
0x0000000028fdd000 	/System/Library/Frameworks/Accelerate.framework/Versions/A/Frameworks/vecLib.framework/Versions/A/libvDSP.dylib
0x0000000028fdd000 	/System/Library/Frameworks/Accelerate.framework/Versions/A/Frameworks/vecLib.framework/Versions/A/libBNNS.dylib
0x0000000028fdd000 	/System/Library/Frameworks/Accelerate.framework/Versions/A/Frameworks/vecLib.framework/Versions/A/libQuadrature.dylib
0x0000000028fdd000 	/System/Library/Frameworks/Accelerate.framework/Versions/A/Frameworks/vecLib.framework/Versions/A/libvMisc.dylib
0x0000000028fdd000 	/System/Library/Frameworks/Accelerate.framework/Versions/A/Frameworks/vecLib.framework/Versions/A/libLAPACK.dylib
0x0000000028fdd000 	/System/Library/Frameworks/Accelerate.framework/Versions/A/Frameworks/vecLib.framework/Versions/A/libBLAS.dylib
0x0000000028fdd000 	/System/Library/Frameworks/Accelerate.framework/Versions/A/Frameworks/vecLib.framework/Versions/A/libLinearAlgebra.dylib
0x0000000028fdd000 	/System/Library/Frameworks/Accelerate.framework/Versions/A/Frameworks/vecLib.framework/Versions/A/libSparseBLAS.dylib
0x0000000028fdd000 	/System/Library/Frameworks/ApplicationServices.framework/Versions/A/Frameworks/ATS.framework/Versions/A/Resources/libFontParser.dylib
0x0000000028fdd000 	/System/Library/Frameworks/ApplicationServices.framework/Versions/A/Frameworks/ATS.framework/Versions/A/Resources/libFontRegistry.dylib
0x0000000028fdd000 	/System/Library/Frameworks/ImageIO.framework/Versions/A/Resources/libJPEG.dylib
0x0000000028fdd000 	/System/Library/Frameworks/ImageIO.framework/Versions/A/Resources/libTIFF.dylib
0x0000000028fdd000 	/System/Library/Frameworks/ImageIO.framework/Versions/A/Resources/libPng.dylib
0x0000000028fdd000 	/System/Library/Frameworks/ImageIO.framework/Versions/A/Resources/libGIF.dylib
0x0000000028fdd000 	/System/Library/Frameworks/ImageIO.framework/Versions/A/Resources/libJP2.dylib
0x0000000028fdd000 	/System/Library/Frameworks/ImageIO.framework/Versions/A/Resources/libRadiance.dylib
0x0000000028fdd000 	/usr/lib/libcompression.dylib
0x0000000028fdd000 	/System/Library/PrivateFrameworks/AppleJPEG.framework/Versions/A/AppleJPEG
0x0000000028fdd000 	/usr/lib/libcups.2.dylib
0x0000000028fdd000 	/System/Library/Frameworks/Kerberos.framework/Versions/A/Kerberos
0x0000000028fdd000 	/System/Library/Frameworks/GSS.framework/Versions/A/GSS
0x0000000028fdd000 	/usr/lib/libresolv.9.dylib
0x0000000028fdd000 	/usr/lib/libiconv.2.dylib
0x0000000028fdd000 	/System/Library/PrivateFrameworks/Heimdal.framework/Versions/A/Heimdal
0x0000000028fdd000 	/usr/lib/libheimdal-asn1.dylib
0x0000000028fdd000 	/System/Library/Frameworks/OpenDirectory.framework/Versions/A/OpenDirectory
0x0000000028fdd000 	/System/Library/PrivateFrameworks/CommonAuth.framework/Versions/A/CommonAuth
0x0000000028fdd000 	/System/Library/Frameworks/OpenDirectory.framework/Versions/A/Frameworks/CFOpenDirectory.framework/Versions/A/CFOpenDirectory
0x0000000028fdd000 	/System/Library/Frameworks/SecurityFoundation.framework/Versions/A/SecurityFoundation
0x0000000028fdd000 	/System/Library/PrivateFrameworks/LanguageModeling.framework/Versions/A/LanguageModeling
0x0000000028fdd000 	/usr/lib/libmarisa.dylib
0x0000000028fdd000 	/usr/lib/libChineseTokenizer.dylib
0x0000000028fdd000 	/usr/lib/libcmph.dylib
0x0000000028fdd000 	/System/Library/PrivateFrameworks/CoreEmoji.framework/Versions/A/CoreEmoji
0x0000000028fdd000 	/System/Library/Frameworks/ServiceManagement.framework/Versions/A/ServiceManagement
0x0000000028fdd000 	/usr/lib/libxslt.1.dylib
0x0000000028fdd000 	/System/Library/Frameworks/Carbon.framework/Versions/A/Frameworks/Ink.framework/Versions/A/Ink
0x0000000028fdd000 	/System/Library/PrivateFrameworks/TextureIO.framework/Versions/A/TextureIO
0x0000000028fdd000 	/System/Library/Frameworks/Metal.framework/Versions/A/Metal
0x0000000028fdd000 	/usr/lib/libate.dylib
0x0000000028fdd000 	/System/Library/PrivateFrameworks/GPUCompiler.framework/libmetal_timestamp.dylib
0x0000000028fdd000 	/System/Library/Frameworks/OpenGL.framework/Versions/A/Libraries/libCoreFSCache.dylib
0x0000000028fdd000 	/System/Library/PrivateFrameworks/IOAccelerator.framework/Versions/A/IOAccelerator
0x0000000028fdd000 	/System/Library/Frameworks/CoreVideo.framework/Versions/A/CoreVideo
0x0000000028fdd000 	/usr/lib/libFosl_dynamic.dylib
0x0000000028fdd000 	/System/Library/PrivateFrameworks/MetalPerformanceShaders.framework/Versions/A/MetalPerformanceShaders
0x0000000028fdd000 	/System/Library/PrivateFrameworks/FaceCore.framework/Versions/A/FaceCore
0x0000000028fdd000 	/System/Library/Frameworks/OpenCL.framework/Versions/A/OpenCL
0x0000000028fdd000 	/System/Library/Frameworks/OpenGL.framework/Versions/A/Libraries/libGLU.dylib
0x0000000028fdd000 	/System/Library/Frameworks/OpenGL.framework/Versions/A/Libraries/libGFXShared.dylib
0x0000000028fdd000 	/System/Library/Frameworks/OpenGL.framework/Versions/A/Libraries/libGL.dylib
0x0000000028fdd000 	/System/Library/Frameworks/OpenGL.framework/Versions/A/Libraries/libGLImage.dylib
0x0000000028fdd000 	/System/Library/Frameworks/OpenGL.framework/Versions/A/Libraries/libCVMSPluginSupport.dylib
0x0000000028fdd000 	/System/Library/Frameworks/OpenGL.framework/Versions/A/Libraries/libCoreVMClient.dylib
0x0000000028fdd000 	/System/Library/PrivateFrameworks/CrashReporterSupport.framework/Versions/A/CrashReporterSupport
0x0000000028fdd000 	/System/Library/PrivateFrameworks/Sharing.framework/Versions/A/Sharing
0x0000000028fdd000 	/System/Library/PrivateFrameworks/IconServices.framework/Versions/A/IconServices
0x0000000028fdd000 	/System/Library/PrivateFrameworks/ProtocolBuffer.framework/Versions/A/ProtocolBuffer
0x0000000028fdd000 	/System/Library/PrivateFrameworks/Apple80211.framework/Versions/A/Apple80211
0x0000000028fdd000 	/System/Library/Frameworks/CoreWLAN.framework/Versions/A/CoreWLAN
0x0000000028fdd000 	/System/Library/PrivateFrameworks/CoreUtils.framework/Versions/A/CoreUtils
0x0000000028fdd000 	/System/Library/Frameworks/IOBluetooth.framework/Versions/A/IOBluetooth
0x0000000028fdd000 	/System/Library/PrivateFrameworks/CoreWiFi.framework/Versions/A/CoreWiFi
0x0000000028fdd000 	/System/Library/Frameworks/CoreBluetooth.framework/Versions/A/CoreBluetooth
0x0000000028fdd000 	/System/Library/Frameworks/CoreDisplay.framework/Versions/A/CoreDisplay
0x0000000028fdd000 	/System/Library/PrivateFrameworks/IOPresentment.framework/Versions/A/IOPresentment
0x0000000028fdd000 	/System/Library/PrivateFrameworks/DSExternalDisplay.framework/Versions/A/DSExternalDisplay
0x0000000028fdd000 	/System/Library/PrivateFrameworks/DebugSymbols.framework/Versions/A/DebugSymbols
0x0000000028fdd000 	/System/Library/PrivateFrameworks/CoreSymbolication.framework/Versions/A/CoreSymbolication
0x0000000028fdd000 	/System/Library/PrivateFrameworks/Symbolication.framework/Versions/A/Symbolication
0x0000000028fdd000 	/System/Library/PrivateFrameworks/AppleFSCompression.framework/Versions/A/AppleFSCompression
0x0000000028fdd000 	/System/Library/PrivateFrameworks/SpeechRecognitionCore.framework/Versions/A/SpeechRecognitionCore
0x0000000028fdd000 	/System/Library/PrivateFrameworks/ChunkingLibrary.framework/Versions/A/ChunkingLibrary
0x0000000103c00000 	/Library/Java/JavaVirtualMachines/jdk1.8.0_144.jdk/Contents/Home/jre/lib/server/libjvm.dylib
0x0000000028fdd000 	/usr/lib/libstdc++.6.dylib
0x00000001032e8000 	/Library/Java/JavaVirtualMachines/jdk1.8.0_144.jdk/Contents/Home/jre/lib/libverify.dylib
0x00000001032f6000 	/Library/Java/JavaVirtualMachines/jdk1.8.0_144.jdk/Contents/Home/jre/lib/libjava.dylib
0x000000010332c000 	/Library/Java/JavaVirtualMachines/jdk1.8.0_144.jdk/Contents/Home/jre/lib/libinstrument.dylib
0x000000010338a000 	/Library/Java/JavaVirtualMachines/jdk1.8.0_144.jdk/Contents/Home/jre/lib/libzip.dylib
0x000000010b47b000 	/System/Library/Frameworks/JavaVM.framework/Frameworks/JavaRuntimeSupport.framework/JavaRuntimeSupport
0x000000010b495000 	/System/Library/Frameworks/JavaVM.framework/Versions/A/Frameworks/JavaNativeFoundation.framework/Versions/A/JavaNativeFoundation
0x000000010b4aa000 	/System/Library/Frameworks/JavaVM.framework/Versions/A/JavaVM
0x0000000028fdd000 	/System/Library/Frameworks/Carbon.framework/Versions/A/Carbon
0x000000010b4b7000 	/System/Library/PrivateFrameworks/JavaLaunching.framework/Versions/A/JavaLaunching
0x0000000028fdd000 	/System/Library/Frameworks/Carbon.framework/Versions/A/Frameworks/CommonPanels.framework/Versions/A/CommonPanels
0x0000000028fdd000 	/System/Library/Frameworks/Carbon.framework/Versions/A/Frameworks/Help.framework/Versions/A/Help
0x0000000028fdd000 	/System/Library/Frameworks/Carbon.framework/Versions/A/Frameworks/ImageCapture.framework/Versions/A/ImageCapture
0x0000000028fdd000 	/System/Library/Frameworks/Carbon.framework/Versions/A/Frameworks/OpenScripting.framework/Versions/A/OpenScripting
0x0000000028fdd000 	/System/Library/Frameworks/Carbon.framework/Versions/A/Frameworks/Print.framework/Versions/A/Print
0x0000000028fdd000 	/System/Library/Frameworks/Carbon.framework/Versions/A/Frameworks/SecurityHI.framework/Versions/A/SecurityHI
0x000000010cf36000 	/Library/Java/JavaVirtualMachines/jdk1.8.0_144.jdk/Contents/Home/jre/lib/libnet.dylib
0x000000010d02b000 	/Library/Java/JavaVirtualMachines/jdk1.8.0_144.jdk/Contents/Home/jre/lib/libprism_es2.dylib
0x000000010d091000 	/System/Library/Frameworks/OpenGL.framework/Resources/GLEngine.bundle/GLEngine
0x0000000028fdd000 	/System/Library/Frameworks/OpenGL.framework/Versions/A/Libraries/libGLProgrammability.dylib
0x000000010d276000 	/System/Library/Extensions/AppleIntelSKLGraphicsGLDriver.bundle/Contents/MacOS/AppleIntelSKLGraphicsGLDriver
0x0000000028fdd000 	/System/Library/PrivateFrameworks/GPUSupport.framework/Versions/A/Libraries/libGPUSupportMercury.dylib
0x000000010dffe000 	/System/Library/Frameworks/OpenGL.framework/Resources//GLRendererFloat.bundle/GLRendererFloat
0x0000000028fdd000 	/System/Library/Frameworks/OpenCL.framework/Versions/A/Libraries/libcldcpuengine.dylib
0x0000000028fdd000 	/usr/lib/libcrypto.0.9.8.dylib
0x0000000028fdd000 	/System/Library/PrivateFrameworks/TrustEvaluationAgent.framework/Versions/A/TrustEvaluationAgent
0x000000010e421000 	/Library/Java/JavaVirtualMachines/jdk1.8.0_144.jdk/Contents/Home/jre/lib/libglass.dylib
0x0000000028fdd000 	/System/Library/PrivateFrameworks/CoreServicesInternal.framework/Versions/A/CoreServicesInternal
0x0000000028fdd000 	/System/Library/CoreServices/RawCamera.bundle/Contents/MacOS/RawCamera
0x0000000028fdd000 	/System/Library/Frameworks/Accelerate.framework/Versions/A/Frameworks/vImage.framework/Versions/A/Libraries/libCGInterfaces.dylib
0x0000000028fdd000 	/System/Library/PrivateFrameworks/FamilyControls.framework/Versions/A/FamilyControls
0x0000000028fdd000 	/System/Library/PrivateFrameworks/CommerceKit.framework/Versions/A/Frameworks/CommerceCore.framework/Versions/A/CommerceCore
0x0000000028fdd000 	/System/Library/PrivateFrameworks/SystemAdministration.framework/Versions/A/SystemAdministration
0x0000000028fdd000 	/System/Library/PrivateFrameworks/AppContainer.framework/Versions/A/AppContainer
0x0000000028fdd000 	/System/Library/PrivateFrameworks/SecCodeWrapper.framework/Versions/A/SecCodeWrapper
0x0000000028fdd000 	/System/Library/Frameworks/DirectoryService.framework/Versions/A/DirectoryService
0x0000000028fdd000 	/System/Library/PrivateFrameworks/DiskImages.framework/Versions/A/DiskImages
0x0000000028fdd000 	/System/Library/PrivateFrameworks/LoginUIKit.framework/Versions/A/Frameworks/LoginUICore.framework/Versions/A/LoginUICore
0x0000000028fdd000 	/usr/lib/libCoreStorage.dylib
0x0000000028fdd000 	/usr/lib/libcsfde.dylib
0x0000000028fdd000 	/usr/lib/libodfde.dylib
0x0000000028fdd000 	/System/Library/Frameworks/DiscRecording.framework/Versions/A/DiscRecording
0x0000000028fdd000 	/usr/lib/libcurl.4.dylib
0x0000000028fdd000 	/System/Library/PrivateFrameworks/MediaKit.framework/Versions/A/MediaKit
0x0000000028fdd000 	/System/Library/PrivateFrameworks/ProtectedCloudStorage.framework/Versions/A/ProtectedCloudStorage
0x0000000028fdd000 	/System/Library/PrivateFrameworks/EFILogin.framework/Versions/A/EFILogin
0x0000000028fdd000 	/usr/lib/libutil.dylib
0x0000000028fdd000 	/System/Library/Frameworks/LDAP.framework/Versions/A/LDAP
0x0000000028fdd000 	/usr/lib/libsasl2.2.dylib
0x0000000028fdd000 	/System/Library/PrivateFrameworks/CoreDaemon.framework/Versions/B/CoreDaemon
0x0000000028fdd000 	/System/Library/PrivateFrameworks/AppleSRP.framework/Versions/A/AppleSRP
0x0000000028fdd000 	/System/Library/PrivateFrameworks/APFS.framework/Versions/A/APFS
0x0000000120bc3000 	/Library/Java/JavaVirtualMachines/jdk1.8.0_144.jdk/Contents/Home/jre/lib/libjavafx_font.dylib
0x0000000028fdd000 	/System/Library/Frameworks/ApplicationServices.framework/Versions/A/Frameworks/ATS.framework/Versions/A/Resources/libTrueTypeScaler.dylib
0x0000000124c47000 	/System/Library/Extensions/AppleIntelSKLGraphicsMTLDriver.bundle/Contents/MacOS/AppleIntelSKLGraphicsMTLDriver
0x0000000028fdd000 	/System/Library/PrivateFrameworks/ViewBridge.framework/Versions/A/ViewBridge
0x0000000028fdd000 	/System/Library/PrivateFrameworks/XPCService.framework/Versions/A/XPCService
0x0000000028fdd000 	/System/Library/PrivateFrameworks/AppSandbox.framework/Versions/A/AppSandbox
0x0000000028fdd000 	/usr/lib/libsandbox.1.dylib
0x0000000028fdd000 	/usr/lib/libMatch.1.dylib
0x0000000124c36000 	/Library/Java/JavaVirtualMachines/jdk1.8.0_144.jdk/Contents/Home/jre/lib/libprism_common.dylib
0x000000012be65000 	/private/var/folders/mc/drkjmxf92tn7vspsjqxjqyzh0000gq/T/bluecove_patrick.wigger_0/libbluecove.jnilib

VM Arguments:
jvm_args: -javaagent:/Applications/IntelliJ IDEA.app/Contents/lib/idea_rt.jar=52583:/Applications/IntelliJ IDEA.app/Contents/bin -Dfile.encoding=UTF-8 
java_command: FrvaApp
java_class_path (initial): /Library/Java/JavaVirtualMachines/jdk1.8.0_144.jdk/Contents/Home/jre/lib/charsets.jar:/Library/Java/JavaVirtualMachines/jdk1.8.0_144.jdk/Contents/Home/jre/lib/deploy.jar:/Library/Java/JavaVirtualMachines/jdk1.8.0_144.jdk/Contents/Home/jre/lib/ext/cldrdata.jar:/Library/Java/JavaVirtualMachines/jdk1.8.0_144.jdk/Contents/Home/jre/lib/ext/comm.jar:/Library/Java/JavaVirtualMachines/jdk1.8.0_144.jdk/Contents/Home/jre/lib/ext/dnsns.jar:/Library/Java/JavaVirtualMachines/jdk1.8.0_144.jdk/Contents/Home/jre/lib/ext/jaccess.jar:/Library/Java/JavaVirtualMachines/jdk1.8.0_144.jdk/Contents/Home/jre/lib/ext/jfxrt.jar:/Library/Java/JavaVirtualMachines/jdk1.8.0_144.jdk/Contents/Home/jre/lib/ext/localedata.jar:/Library/Java/JavaVirtualMachines/jdk1.8.0_144.jdk/Contents/Home/jre/lib/ext/nashorn.jar:/Library/Java/JavaVirtualMachines/jdk1.8.0_144.jdk/Contents/Home/jre/lib/ext/sunec.jar:/Library/Java/JavaVirtualMachines/jdk1.8.0_144.jdk/Contents/Home/jre/lib/ext/sunjce_provider.jar:/Library/Java/JavaVirtualMachines/jdk1.8.0_144.jdk/Contents/Home/jre/lib/ext/sunpkcs11.jar:/Library/Java/JavaVirtualMachines/jdk1.8.0_144.jdk/Contents/Home/jre/lib/ext/zipfs.jar:/Library/Java/JavaVirtualMachines/jdk1.8.0_144.jdk/Contents/Home/jre/lib/javaws.jar:/Library/Java/JavaVirtualMachines/jdk1.8.0_144.jdk/Contents/Home/jre/lib/jce.jar:/Library/Java/JavaVirtualMachines/jdk1.8.0_144.jdk/Contents/Home/jre/lib/jfr.jar:/Library/Java/JavaVirtualMachines/jdk1.8.0_144.jdk/Contents/Home/jre/lib/jfxswt.jar:/Library/Java/JavaVirtualMachines/jdk1.8.0_144.jdk/Contents/Home/jre/lib/jsse.jar:/Library/Java/JavaVirtualMachines/jdk1.8.0_144.jdk/Contents/Home/jre/lib/management-agent.jar:/Library/Java/JavaVirtualMachines/jdk1.8.0_144.jdk/Contents/Home/jre/lib/plugin.jar:/Library/Java/JavaVirtualMachines/jdk1.8.0_144.jdk/Contents/Home/jre/lib/resources.jar:/Library/Java/JavaVirtualMachines/jdk1.8.0_144.jdk/Contents/Home/jre/lib/rt.jar:/Library/Java/JavaVirtualMachines/jdk1.8.0_144.jdk/Contents/Ho
Launcher Type: SUN_STANDARD

Environment Variables:
PATH=/usr/local/bin:/usr/bin:/bin:/usr/sbin:/sbin:/opt/X11/bin:/usr/local/munki:/Applications/Wireshark.app/Contents/MacOS
SHELL=/bin/bash
DISPLAY=/private/tmp/com.apple.launchd.h7nLlcHQ3D/org.macosforge.xquartz:0

Signal Handlers:
SIGSEGV: [libjvm.dylib+0x5b26e5], sa_mask[0]=11111111011111110111111111111111, sa_flags=SA_ONSTACK|SA_RESTART|SA_SIGINFO
SIGBUS: [libjvm.dylib+0x5b26e5], sa_mask[0]=11111111011111110111111111111111, sa_flags=SA_RESTART|SA_SIGINFO
SIGFPE: [libjvm.dylib+0x489100], sa_mask[0]=11111111011111110111111111111111, sa_flags=SA_RESTART|SA_SIGINFO
SIGPIPE: [libjvm.dylib+0x489100], sa_mask[0]=11111111011111110111111111111111, sa_flags=SA_RESTART|SA_SIGINFO
SIGXFSZ: [libjvm.dylib+0x489100], sa_mask[0]=11111111011111110111111111111111, sa_flags=SA_RESTART|SA_SIGINFO
SIGILL: [libjvm.dylib+0x489100], sa_mask[0]=11111111011111110111111111111111, sa_flags=SA_RESTART|SA_SIGINFO
SIGUSR1: SIG_DFL, sa_mask[0]=00000000000000000000000000000000, sa_flags=none
SIGUSR2: [libjvm.dylib+0x488c1e], sa_mask[0]=00100000000000000000000000000000, sa_flags=SA_RESTART|SA_SIGINFO
SIGHUP: [libjvm.dylib+0x4871f5], sa_mask[0]=11111111011111110111111111111111, sa_flags=SA_RESTART|SA_SIGINFO
SIGINT: [libjvm.dylib+0x4871f5], sa_mask[0]=11111111011111110111111111111111, sa_flags=SA_RESTART|SA_SIGINFO
SIGTERM: [libjvm.dylib+0x4871f5], sa_mask[0]=11111111011111110111111111111111, sa_flags=SA_RESTART|SA_SIGINFO
SIGQUIT: [libjvm.dylib+0x4871f5], sa_mask[0]=11111111011111110111111111111111, sa_flags=SA_RESTART|SA_SIGINFO


---------------  S Y S T E M  ---------------

OS:Bsduname:Darwin 16.6.0 Darwin Kernel Version 16.6.0: Fri Apr 14 16:21:16 PDT 2017; root:xnu-3789.60.24~6/RELEASE_X86_64 x86_64
rlimit: STACK 8192k, CORE 0k, NPROC 709, NOFILE 10240, AS infinity
load average:2.90 3.25 3.00

CPU:total 4 (initial active 4) (2 cores per cpu, 2 threads per core) family 6 model 78 stepping 3, cmov, cx8, fxsr, mmx, sse, sse2, sse3, ssse3, sse4.1, sse4.2, popcnt, avx, avx2, aes, clmul, erms, 3dnowpref, lzcnt, ht, tsc, tscinvbit, bmi1, bmi2, adx

Memory: 4k page, physical 8388608k(109300k free)

/proc/meminfo:


vm_info: Java HotSpot(TM) 64-Bit Server VM (25.144-b01) for bsd-amd64 JRE (1.8.0_144-b01), built on Jul 21 2017 22:07:42 by "java_re" with gcc 4.2.1 (Based on Apple Inc. build 5658) (LLVM build 2336.11.00)

time: Tue Dec  5 20:03:11 2017
elapsed time: 23 seconds (0d 0h 0m 23s)

